5.968733796960492555e+00
4.679323742318041823e+00
3.333842771849067077e+00
4.152034302482149997e+00
3.275255861371995536e+00
3.499518972569038322e+00
4.923914748173951139e+00
4.815303931525456882e+00
4.453728015711869048e+00
4.043421689289417920e+00
2.484319643994286508e+00
1.647889873513850523e+00
1.264837459121432583e-01
2.428930018409109604e+00
1.691379964389831514e+00
2.384774456033120771e+00
1.971465917645541133e+00
2.437089951305514202e+00
1.684685730867179432e+00
2.305000532113506306e+00
