5.750446843162327681e+00
5.217824905153440440e+00
5.797540491650342354e+00
5.926282391648435066e+00
5.476926943174087015e+00
2.890555993941266166e+00
1.038763466599149643e+00
2.781808398080575451e+00
1.971709585205426496e+00
4.455881273823889543e+00
3.043357680570279999e+00
1.767575754355714901e+00
1.970901966194007038e+00
1.980196179314846150e+00
2.773606976955036885e+00
1.661180820081990195e+00
1.675665429009046914e+00
1.868857949663093321e-01
2.150177524766458750e-02
2.378576666813347201e-02
2.594056143578247348e-02
3.650941272609638938e-02
-1.544901716647999940e-19
3.369360234560012969e-03
2.966186571241870990e-02
4.628022349554162390e-02
1.639573452167013105e-03
1.250434332580714625e-02
1.472614359887972069e-01
3.234031408239896460e-02
3.244908449757748226e-02
-8.327995767706799715e-20
1.060902776601100293e-02
6.327269037956299511e-03
