4.459540248230144499e+00
9.484774553806220032e-01
1.500309297180670853e+00
2.295856351424113484e+00
3.850348293783308229e+00
5.932787381659728965e+00
4.891863060618811154e+00
5.656436189013002824e+00
4.793066064808066074e+00
4.830773614869409371e+00
1.773666483362067670e+00
1.671788927638645283e+00
1.675220090690246799e+00
1.589254253912036452e+00
1.500316801467251215e+00
1.551516057361729928e+00
1.540635368208080225e+00
1.549090140823718098e+00
1.550233784776652968e+00
1.534038224043045684e+00
