5.823442402267358098e+00
1.100173639397801439e+00
1.032983614598150579e+00
9.735622757255366633e-01
1.261477397614526375e+00
1.666769333959476462e+00
1.413158694112615521e+00
1.953814211916346189e+00
1.578719743480904825e+00
1.172319042594927252e+00
2.405558556907923418e+00
3.448710096404984160e+00
1.075700040600174878e+00
1.123276982532293022e+00
1.247175783200504373e+00
1.228656255613517878e+00
1.141753763154312429e+00
1.143029585753472244e+00
1.114398287817274902e+00
1.571938486534152801e+00
1.021230140516728557e+00
1.218254772877554570e+00
1.507783820953565224e+00
1.569245200409582042e+00
