5.933701608307831776e+00
6.229283339393867358e+00
5.701059619639774922e+00
5.382671488428927731e+00
5.272120694247687922e+00
5.160457975514365359e+00
5.154359484341509479e+00
5.050133914441161664e+00
4.922578085300886030e+00
4.892161459699422288e+00
4.831930885067507120e+00
4.785652150458019172e+00
4.471175701425251781e+00
4.287037900267685941e+00
4.468922001656094878e+00
4.456530379495429628e+00
4.451622314617262433e+00
4.453504284682845871e+00
2.600150845118520682e-01
1.696008999584265597e-01
1.123278773510957562e-01
8.892357184409650783e-02
7.044188860833752730e-02
6.063528844480595148e-02
5.003645445857784341e-02
5.299459089900857012e-02
4.937834214469686428e-02
4.722148150663967037e-02
3.618336141643037351e-02
2.498847059353476868e-02
7.169398513693050340e-03
4.304937686108625643e-03
6.205015229337582268e-03
5.846145582128977475e-03
2.944594156311689317e-03
5.737596670998303117e-03
