5.616785128055830079e+00
3.244918523482168471e+00
2.199410808841001597e+00
2.534359763194744986e+00
2.133271740055975307e+00
4.544733795290707867e+00
2.911204259099739122e+00
3.402510520534057559e+00
4.233742635675498356e+00
4.307979893770375490e+00
4.563680228331210564e+00
6.283171470478820630e+00
4.517258419939222946e+00
5.471247684958329138e+00
1.727818320852999023e-01
2.314190019075687468e-03
1.024368120452524289e-01
-1.367263099804801761e-09
-1.431759465415464389e-08
7.461723578159881048e-03
2.188980781092149039e-02
-8.423767309703768789e-07
5.181772472320072653e-08
6.646589894369973883e-02
3.723616062630019652e-02
1.929032005192819407e-02
3.278480082774865717e-02
9.345586162468525956e-03
