6.277193405984237806e+00
3.830350026701873745e+00
1.681155475480408557e+00
5.528264311469916592e+00
5.028122718593600382e+00
5.633865928475445983e+00
4.739396739145893989e+00
4.361760415947236957e+00
4.302765850405765313e+00
4.654083365299718444e+00
3.931091042079767561e+00
5.438926750127778043e+00
5.398497913452792396e+00
5.837931907366471052e+00
5.360543375371558561e+00
6.270526347983934379e+00
5.705051464864788535e+00
5.914075984799491259e+00
5.849916589763969554e+00
1.345085398084139294e-01
1.517606531588105579e-19
2.029087907816968725e-02
-1.109019446024750866e-19
-3.116014445882618174e-19
-4.938507870395166560e-19
1.533061726124520380e-03
2.311862442084616082e-02
-2.793018540869548549e-19
5.362625025943551331e-03
1.020065973458105998e-02
3.981018719899237501e-02
5.157948567289868946e-02
-4.830428459360786687e-19
-2.304487982159677042e-19
3.899293317889753613e-02
-5.848317367501868533e-19
3.670338192081009504e-03
1.854686579067729713e-02
