6.269343351948532650e+00
3.415716538251583945e+00
2.171780527810481143e+00
2.543261251178361881e+00
2.086898608855976445e+00
4.535659517701572163e+00
2.558323775398231081e+00
3.208997270766089205e+00
4.535035200052677240e+00
4.213919427459336120e+00
4.745192880620630049e+00
6.283185307179581791e+00
4.475150852401224455e+00
5.401406714380769358e+00
5.736991370053490691e+00
5.487601495554178754e+00
5.476482038049725887e+00
5.486227566575818670e+00
3.299892070057202087e-01
1.155180560264996732e-03
1.456269475802243474e-01
7.535791303515119745e-19
-7.499655217543400941e-19
2.662520155204016123e-03
5.834157819910813780e-02
-1.967442322481094067e-19
1.484321684081766296e-19
3.604802717474504814e-02
3.438730247443631122e-02
2.859542555784801501e-02
4.049104877758327031e-02
-2.821996339067871992e-18
9.472167755305148373e-03
1.062658158424510451e-03
9.542564984447734176e-04
3.865951104503244591e-18
