6.283123070543818578e+00
3.302981913405062642e+00
5.834156860978415793e+00
4.877111611794984647e+00
4.912154132084246783e+00
6.283185307179585344e+00
5.685362274375464153e+00
5.685082535745024757e+00
5.560329723462380080e+00
5.988031101973130710e+00
2.215748194946133193e-05
3.466805594054551124e-05
1.572903969268944763e-05
-6.368992491749198751e-20
3.671484965108111800e-06
-8.571914514817751063e-20
-4.548241262474795559e-20
5.193016332830373658e-20
-4.667892535706917801e-20
-6.088289913311093488e-20
