4.304187009538139819e+00
5.835596020722190858e+00
5.561295831448166638e+00
5.212374741050350480e+00
5.051683967904169847e+00
5.000373872893872473e+00
5.024883790515803916e+00
4.812461575861822993e+00
4.811141870210060567e+00
4.838576407428740289e+00
2.477014511692977039e-01
1.611001107876516014e-01
1.068438861039966298e-01
8.018947631661368924e-02
6.386419335648112205e-02
5.692122259831717407e-02
4.549927277069062970e-02
3.366684643518270265e-02
3.359327213287771619e-02
2.750323001631727396e-02
