6.228726377756081511e+00
2.005839002565971807e+00
6.244114748535263715e+00
5.778637738285670622e+00
4.025816679877611826e+00
6.034073958692981243e+00
6.224716838753590942e+00
5.961772092644039844e+00
5.819862571011476859e+00
6.238950445534363176e+00
5.965000130342870577e+00
6.133587846042360070e+00
6.209633138824242060e+00
5.899328247393460067e+00
6.272820176691533689e+00
6.261842602410530034e+00
6.235116591197232161e+00
6.280916652003698530e+00
6.282816276277086054e+00
7.167148907922102352e-02
-3.475217444092033787e-19
5.842921181150356053e-02
-3.437714506650548447e-19
2.069302414208397389e-01
-4.028838006977883413e-19
5.541367726823463806e-21
2.515120058870004560e-02
2.934778330772952817e-02
8.671136300697844523e-02
3.680122226978479322e-02
7.912872661464139812e-01
8.419234195429833312e-01
-3.980964848495155612e-19
-3.639292796429318326e-19
-3.763814874905971298e-19
-3.458980071373066588e-19
-3.761782624121299272e-19
-4.105486029060089161e-19
