6.264666136205635283e+00
5.339967452639488243e+00
6.158845331515342636e+00
2.850584327202620560e+00
2.137445525392001500e+00
3.777368988459736343e+00
6.023337727966082689e+00
5.219158278209728330e+00
4.415329358274843408e+00
4.902461928388756718e+00
3.608291057394362955e+00
4.290291050946305695e+00
4.336708332948083999e+00
5.302209929461941584e+00
3.659298700029228524e+00
5.473538419817742806e+00
6.029718931676996796e+00
4.851591157115419328e+00
4.887486261340617588e+00
2.596135775434727400e+00
8.443812103155856619e-01
2.052183649999165249e-01
2.320040103670431453e+00
3.695552657028704502e-01
1.449915276443844325e+00
6.439826547328197925e-01
2.708908656939796877e+00
4.074481649206202483e-01
1.144025963086936937e+00
3.021756051380441122e+00
2.919248290500271459e+00
1.763113125073012322e+00
1.539646448808884127e+00
1.599337125624164413e+00
2.800699684993396943e+00
2.525655367122868977e+00
2.868988838109397754e+00
2.873417990945880351e+00
