6.058022644107819765e+00
6.194325693269210120e+00
5.666655839881441281e+00
5.343861764916658430e+00
5.231003247577753257e+00
5.109333947101259099e+00
5.127271991129774165e+00
5.016412797622870734e+00
4.898721453741643472e+00
4.855379810370219928e+00
4.832020122346357915e+00
4.785899545611844275e+00
4.580284872883375158e+00
4.405431100765903274e+00
4.427439569621592241e+00
2.598842374321589932e-01
1.687407814220355518e-01
1.116235583397061498e-01
8.820444728553145097e-02
6.981399605632512828e-02
6.063108613730798513e-02
4.968651885930560480e-02
5.194640230561103911e-02
4.897175146738255019e-02
4.782863987352895668e-02
3.673475133417362926e-02
2.041969742627501236e-02
5.867778294552617249e-03
8.135930772040593766e-04
4.071227771621623547e-03
