5.993088178870763727e+00
1.584469547023632449e-02
6.861020525982531870e-01
2.375314403463781421e+00
3.911766568509372100e+00
4.853815499357359897e+00
3.268240717577780785e+00
5.334394504715320728e+00
3.081061567387195055e+00
3.587387741652733553e+00
5.565525305719307703e+00
3.235773426877400549e+00
3.195866168397686113e+00
3.145901457189864914e+00
2.993768367143720965e+00
2.500156689410536703e+00
1.815061129957326880e-01
9.487928264949825330e-01
3.242521083606111354e-01
2.526476655452147391e+00
1.348797646444001019e+00
1.069648714548533830e+00
9.213144787078056952e-01
1.488999740359892243e+00
1.435143314500284539e+00
1.485872447502881277e+00
1.501753878136737219e+00
2.418698929188625169e+00
1.340622401480765058e+00
1.414089388332724573e+00
