5.677350760107836791e+00
9.905453061125850667e-01
2.447899155187541087e+00
2.328391338466218485e+00
4.002416860129124565e+00
6.155161724055344230e+00
5.076967527410000791e+00
6.136445308802579213e+00
4.797490369219064910e+00
4.894738268578143092e+00
5.081998200660165388e+00
4.753160987995749487e+00
4.745872060840127915e+00
1.635942521375876479e+00
1.484021677913542447e+00
1.691816304220987721e+00
1.595345812334152402e+00
1.532281899255270696e+00
1.487756539936800015e+00
1.616671758894142830e+00
1.590595110016611802e+00
1.480725507693489762e+00
1.483741917758478079e+00
1.493335944649189395e+00
1.508216119054549997e+00
1.519796923010952927e+00
