5.841532093793375680e+00
1.403045800211808469e+00
8.313327652805937440e-01
1.990925041128991158e+00
3.908815373945087490e+00
4.869809413966007305e+00
3.130754888640697065e+00
5.648021549098924510e+00
3.427300557597774855e+00
3.601575161053201413e+00
5.572998080506618379e+00
3.357766749545788354e+00
3.194049808081209196e+00
3.151724777725910975e+00
4.013888153975171846e+00
3.995117747422059384e+00
2.523617858211971043e+00
2.103996415505940965e-01
9.604416582580267425e-01
2.902791227943039010e-01
2.499120849318682946e+00
1.338524887960436116e+00
1.055530822857255968e+00
9.150244171879895472e-01
1.518044752662649488e+00
1.406386992955234616e+00
1.489342181933683396e+00
1.493165779637112722e+00
2.417875264165001425e+00
1.368383636199437037e+00
1.391599744048959142e+00
1.447935748603627726e+00
