5.983998873361200843e+00
7.104967101918306938e-01
1.149324445211571843e+00
1.422808689612208299e+00
1.460207319888012556e+00
1.527984567343492195e+00
1.486189353506089939e+00
1.618719695797886660e+00
1.436685861987754054e+00
1.439289514510317725e+00
1.437111137529702098e+00
1.645834576949017025e+00
1.645758484909639829e+00
1.626916326027067816e+00
1.624303298163966680e+00
1.620779269361773078e+00
1.613695004433410851e+00
1.598368518044643638e+00
1.591445468019392573e+00
1.583117533427982337e+00
