6.060499348186852764e+00
3.066209238584708952e-01
9.487173217307199868e-01
1.137840205135647764e+00
1.310795464407587430e+00
1.644546729094178650e+00
1.710734176671654616e+00
1.858429489250838174e+00
1.412289659616670523e+00
1.401268461658811360e+00
2.439960556143628168e+00
1.084589659784729321e+00
1.135781915971151301e+00
1.229897705523581575e+00
1.232306380536447143e+00
1.150354844548646671e+00
1.160936824726077177e+00
1.109179314349649337e+00
1.564411191341947172e+00
1.038138825835052348e+00
1.208179723863837207e+00
1.503895507775699691e+00
