6.155051227014466164e+00
1.808618769991295228e+00
1.091928779346021061e+00
3.286717802386505571e+00
4.225189061957844494e+00
4.693109778300052604e+00
3.358855414995897792e+00
6.050542883341878841e+00
3.952633009186690582e+00
3.291150869675602220e+00
6.191441767554285214e+00
3.569898411375507674e+00
3.147591748437502002e+00
4.306555011301648861e+00
4.741964146359253895e+00
5.204397443936617407e+00
3.658362885440011869e+00
3.612004700143804037e+00
1.853843701365362806e+00
1.633018692956184808e-04
9.891272373938173601e-01
5.143879594062858440e-03
1.969614243328222436e+00
9.144632226148902143e-01
7.962640717781662714e-01
7.399176275380948686e-01
9.294735509927916084e-01
9.258146368619433186e-01
1.063799898411236233e+00
1.238803358623161488e+00
1.971348088228752182e+00
1.033189524244384039e+00
1.019727911007952237e+00
1.104302151370114560e+00
1.364423224796705636e+00
1.364791595592896423e+00
