6.272993331511528048e+00
1.583420957371632243e+00
3.090302446324222352e+00
1.793941833007740572e+00
1.642908727211588094e+00
1.959901981062020848e+00
2.521502305038941127e+00
2.859258389725470195e+00
2.946213968931820304e+00
2.099462222229007136e+00
3.438167931671407995e+00
5.362156932612723637e+00
4.393118400084661701e+00
2.267645315621110491e+00
3.229327055813621783e+00
2.048791731551304451e+00
1.571139480079544404e+00
4.652211476623620556e-01
3.109969650177453748e-01
8.717969015342732497e-01
7.220607406806166528e-01
1.119953712867206574e+00
4.704396926459715744e-01
6.015859014631252943e-01
4.518896207427094414e-01
5.085744994612095837e-01
2.206515478085584459e+00
1.204347850473262538e+00
5.524282608250842275e-01
1.084898138480953733e+00
1.054502206937112163e+00
1.036539951971406248e+00
