6.280631703000818078e+00
1.897873365154845393e+00
6.264467115206673320e+00
5.722616367800395842e+00
3.802692947082865871e+00
5.959670384213749728e+00
6.158794589611586545e+00
6.283155428311109070e+00
5.488379020609677639e+00
6.283077375499411588e+00
6.282048636498862138e+00
6.268514422448775214e+00
6.244874086970674476e+00
5.823005583798003926e+00
7.268674378158250515e-02
-1.517348491654629621e-19
4.402302442370446128e-02
9.333649863825456603e-19
1.958919423467885002e-01
-2.531912261247822393e-18
1.184905067073204789e-02
1.122901413905249765e-02
1.530954679780268009e-02
2.567603355915546587e-02
6.179669078368579815e-02
2.492718743633779224e-02
2.582283407921329849e-02
8.891974008193328366e-03
