6.242215150815795255e+00
2.106064239252672388e-01
7.310212119731592795e-01
2.390230382151917965e+00
3.011216264972183421e+00
5.202494390057950113e+00
3.262876126875322136e+00
5.157995257013729073e+00
3.329720672284868233e+00
3.634733917190804853e+00
4.536889219992437994e+00
2.226261290544569338e+00
3.174088098421886883e+00
3.145662070576749514e+00
2.477245425196302087e+00
2.267858261043023682e-01
9.483224408195590760e-01
2.565359093667874402e-01
2.587655741037777624e+00
1.340504236030057861e+00
1.071667104834768125e+00
9.254626452203298381e-01
1.484914904456738016e+00
1.340223391334648184e+00
1.549784157938234097e+00
1.461184587854008843e+00
2.323269756226542082e+00
1.371079220650519792e+00
