5.768837723374882209e+00
9.831475195401039313e-01
2.459182821288341980e+00
2.332534754510178665e+00
4.032650680148754496e+00
6.125798842534504907e+00
5.008165643165877867e+00
6.193557084086744879e+00
4.835670321637127067e+00
4.865866276548170610e+00
5.102151104765968448e+00
4.727773511803677664e+00
1.634362242777065433e+00
1.478684679191618390e+00
1.690553463537370460e+00
1.600506123797547309e+00
1.524821876248292574e+00
1.489385338073432097e+00
1.614387552155583050e+00
1.598606485488343276e+00
1.486806998401625446e+00
1.489716968708485467e+00
1.502534322653372501e+00
1.531761782486027901e+00
