4.321967268144346619e+00
4.230494062188831172e+00
2.153327690827746110e+00
5.468328773669410836e+00
5.168015209071110228e+00
6.159665632237295796e+00
4.950609631305739278e+00
4.727363695769444263e+00
4.705837001479628690e+00
4.665454664538729368e+00
4.516867346136676176e+00
5.541923756772786369e+00
2.324072813214511923e-01
2.838903373276024933e-03
1.489587675196709093e-01
8.292637631225746597e-02
3.180872589490182922e-02
3.307609744332291185e-02
5.218738540544368143e-02
4.803812075066087733e-02
3.515894931481081120e-02
1.686807607531434772e-02
7.274258931321568068e-03
3.928168777023532433e-03
