6.162522506648307363e+00
6.271129547251059755e+00
5.901150338696607989e+00
3.612669076078351527e+00
2.487498322334502188e+00
4.206751207349848087e+00
5.467876228201420830e+00
5.359948814296190633e+00
4.636971713737382039e+00
5.058061532614530620e+00
3.756122933712068956e+00
3.845806716722867780e+00
3.925327431941245671e+00
5.455332555264286398e+00
4.253181423145293572e+00
5.268065640730524635e+00
5.051182282014033298e+00
2.807924911623747466e+00
9.102372019222486621e-01
1.240359840677065228e-01
2.452080559645318569e+00
6.117827070000944056e-01
2.112599321366918304e+00
1.210159648111946984e+00
2.976090748324156099e+00
9.575726964276475295e-01
1.761982127559565958e+00
2.521946288188066987e+00
3.314021896631791364e+00
2.396421292291170513e+00
2.100798067934739333e+00
2.099296205247632496e+00
3.166413742824590649e+00
3.134223851590504761e+00
