6.277982246083707807e+00
4.062086798676875610e+00
1.787526450189118599e+00
5.332787815455268365e+00
5.075020384645917204e+00
5.651755333788127444e+00
4.558077409271809266e+00
4.669107821171301964e+00
4.336637093407618160e+00
4.457251697937818058e+00
4.036324688786088188e+00
5.324053192895174647e+00
5.402466310560845919e+00
5.473806482104428106e+00
5.402048291383633405e+00
6.180288803243390028e+00
1.350788364560202293e-01
-4.754237114260777622e-18
2.275682703136179541e-02
2.472082034162643212e-03
-2.986241125324637542e-18
-5.575859073097448951e-20
-1.687541093836782396e-18
1.967735370915164872e-02
8.046812998915853221e-20
4.743059442487188374e-03
5.933382086861367123e-03
4.433046666864354224e-02
4.380264625210393559e-02
1.954227959375083243e-02
1.523480450991652677e-03
2.650698132514530195e-02
