5.489151066200558482e+00
9.646043569520149630e-01
1.762215466160084176e+00
8.277979074189074638e-01
2.034912074524120040e+00
1.951281049991339556e+00
2.980274190089740483e+00
2.766324746024041659e+00
3.208653050215775071e+00
1.413566673104137417e+00
3.081276172638838684e+00
4.828688880630183533e+00
4.406934184675574073e+00
2.461991087876326034e+00
5.222241142117174384e-01
6.959960388944517184e-01
8.597648062405957026e-01
4.778237746412311027e-01
8.779712516171738201e-01
3.944259948499732049e-01
5.224165934873504780e-01
9.779132624577047128e-01
5.375355075038051877e-01
5.736244549949436333e-01
1.421868101924442351e+00
1.499449003034137640e+00
7.845528885155379495e-01
7.868838696440743075e-01
