6.247560748703222977e+00
6.254151217594459133e+00
5.693722741006610910e+00
3.410536242096749771e+00
2.687308369510447825e+00
4.047754385953056477e+00
4.576212380703931437e+00
5.893219446382790494e+00
4.838227689416407351e+00
4.845739070316591679e+00
3.581159718649842727e+00
3.968123163494443162e+00
3.832347347712444563e+00
5.434239294071951498e+00
4.167615747168055940e+00
2.777081525966943243e+00
9.032668036865248995e-01
1.606217541620393041e-01
2.492823829537702096e+00
5.889732326084270442e-01
2.138369395381307214e+00
1.205179995410668115e+00
2.979555229181475084e+00
9.425880106755173404e-01
1.746295351919090244e+00
2.510177784446361748e+00
3.309434686290642968e+00
2.389654278646654806e+00
2.077373714417607875e+00
2.080886479354886909e+00
