6.276209514228709097e+00
5.608647846283606242e+00
5.185921353113039700e+00
2.815348014610072003e+00
2.154821720768468563e+00
3.734484513648927528e+00
6.006706209590094936e+00
5.150964038279866486e+00
4.370263914881520328e+00
4.709537386549605742e+00
3.311781992393882490e+00
4.330090062584724286e+00
4.335485413616843253e+00
5.292167187948128237e+00
3.766109083885419206e+00
5.464673352435451825e+00
5.948967239939124241e+00
4.896551858855174189e+00
2.617956215739355219e+00
7.884021142791883818e-01
2.032523645141633972e-01
2.370136860023134506e+00
3.584009438505783018e-01
1.439519493498979008e+00
5.965186825231334478e-01
2.706084237355479871e+00
3.991370374245296615e-01
1.148901453127083361e+00
3.081370648693986691e+00
2.881464423602475566e+00
1.723232287834351117e+00
1.571547107060059068e+00
1.605408059347187111e+00
2.786116224857186463e+00
2.530802533663753628e+00
2.869231917433029633e+00
