6.283185307179585344e+00
2.675625710111169120e+00
5.446231495750022411e+00
4.494050843473183399e+00
4.286342152177697429e+00
6.283185307179586232e+00
5.993265980825850825e+00
6.283185307179586232e+00
5.554671755835320468e+00
5.974097261242316215e+00
5.973177442146203830e+00
5.975606354408093956e+00
-7.757570802874756856e-23
-7.757710610409848597e-23
-7.757530206261855049e-23
-7.757825530657148646e-23
-7.757506060395295031e-23
-7.757469259578350821e-23
-7.757603281481439899e-23
-7.756308400362690730e-23
-7.757668712663310022e-23
-7.757794791237664032e-23
-7.757328961879865927e-23
-7.757742961811838692e-23
