6.280870406765735048e+00
2.604420560806753215e+00
2.914578322528305065e+00
3.523747053764069825e+00
4.995440144258646242e+00
6.274667827354625693e+00
5.018103595577228404e+00
6.265219982961419021e+00
4.925913309196616297e+00
6.280712570069807654e+00
6.222497546756690312e+00
4.628202671894899645e+00
5.134379824025032235e+00
5.852860975614812666e+00
6.283185307179584456e+00
5.689030654466980863e+00
1.132327544046696000e+00
1.172843970521326717e+00
1.364636063808803534e+00
1.265149775320215220e+00
1.255642932882989227e+00
1.279757843956124130e+00
1.189134391598527740e+00
1.396909881033726819e+00
1.248936176705348844e+00
1.253501622516873804e+00
1.161636965171959135e+00
2.207819904734179328e+00
1.181672626887643185e+00
1.229199382307872401e+00
1.284615090529814596e+00
1.338299731154260819e+00
