5.481012170563272612e+00
1.758128634231755361e-01
6.390871471345712651e-01
1.311631746687832001e+00
2.950115220678186212e+00
4.125252639426351564e+00
3.674259386094500535e+00
3.619471966801301122e+00
3.437836629541885181e+00
3.725552365566594748e+00
2.215576212807816248e+00
2.207763421542533688e+00
2.907491053848724416e+00
4.867964148407529779e-01
6.200048430014974965e-01
3.963338505196848383e-01
2.409859450768592648e+00
1.561462416442445322e+00
1.530077932607240676e+00
1.538073691951500344e+00
1.544759773215562682e+00
1.559550738932454994e+00
1.561364665764293669e+00
1.561114852917106832e+00
