2.621627797544607841e+00
5.302100869832434782e+00
5.640260785670979438e+00
4.844660203930946984e+00
4.506210903505994736e+00
8.028913348666389949e-01
6.738726520727883473e-01
1.745015379201747985e+00
1.509325745114556527e+00
1.684903644745085805e+00
2.851257456885187228e-20
9.141417765259641327e-20
1.152754182278116560e-05
1.644093676084706592e-05
4.003477593135575807e-05
2.392324051593263201e-06
-6.245004513516504617e-21
8.728048191341406735e-21
8.527263466914175116e-05
5.303929696583760169e-06
