5.907811819758971517e+00
5.214740499833571796e+00
5.800005027912902733e+00
5.918463194981744557e+00
5.483844589855716656e+00
2.892069813050602622e+00
1.033864378553665198e+00
2.827876628377534285e+00
1.926587771682309214e+00
4.383222706334068519e+00
3.145995389146264198e+00
1.772859576916761659e+00
1.967021867295748461e+00
1.980379394503296142e+00
1.923860418544711459e+00
1.869256708379677945e-01
2.280742885344814314e-02
2.521770596889626528e-02
2.759412989058654050e-02
4.191078911425372838e-02
-8.472222591180115801e-20
3.980962194578909624e-03
2.272674782472027324e-02
4.744982516138807060e-02
6.180880373579626251e-05
1.315871819896844916e-02
1.455614670610708428e-01
3.836183496995184544e-02
3.413061797634978078e-02
-7.800390149054871476e-20
