5.085321119891380803e+00
5.240958882607143821e+00
5.691571217923298676e+00
6.011024528406615275e+00
5.318361117540016281e+00
2.810791858902098816e+00
1.325024085959644493e+00
2.857043008993624511e+00
1.793691441822756527e+00
4.244214895351483108e+00
3.333271738444228305e+00
1.773213477952443551e+00
1.956190591721289618e+00
1.862682498537901465e-01
2.312990728440355442e-02
2.473151626563094285e-02
2.742218243663797558e-02
4.468188001726988712e-02
2.430960118559860041e-06
7.680127833509728386e-03
2.057663781155465860e-02
4.203985330707857293e-02
9.486769009248169575e-19
1.636836044194796627e-02
1.251384289744051359e-01
2.185956793191956918e-02
