6.252560645822972774e+00
3.280936847160202063e+00
4.219968130614437207e+00
2.981785286046529482e+00
5.893513548387040224e+00
6.098277638766473885e+00
5.800188875150838363e+00
6.267533158822032213e+00
5.030740437447275504e+00
6.273954929458528618e+00
6.154220368977729727e+00
6.219856026965191020e+00
5.837663266769173909e+00
6.275690488785555132e+00
6.230445912862601077e+00
6.167101235084216704e+00
6.279599005035896297e+00
5.712374771588017985e+00
6.119639715864041207e+00
5.705526974948473828e+00
1.322106765104643866e+00
1.152703337808595574e+00
1.220919333579583599e+00
1.407074295771922445e+00
8.278508747029966752e-01
1.518846959367840199e+00
6.752428779645460732e-01
1.606392511064900885e+00
6.183858290447149519e-01
1.122024768915722559e+00
1.722672526241075142e+00
2.071327446348611989e+00
1.201030163328656419e+00
9.025614498666216790e-01
2.066833219637514318e+00
1.219923580053654089e+00
1.359325214559311101e+00
1.340319554771818300e+00
1.351489732569542301e+00
1.449186457659719540e+00
