6.247859943745318390e+00
2.505093438274079265e+00
2.345251359239080902e+00
2.921826109624960921e+00
4.471505445988388949e+00
6.157214559778281249e+00
5.005463629252102642e+00
5.704014110419418415e+00
4.852817222293271726e+00
5.807112416301472457e+00
5.152067608147401501e+00
4.834181386892377752e+00
4.922403220583063899e+00
5.763600884672533731e+00
5.722976998438147334e+00
1.294851255718018290e+00
1.331204549700709450e+00
1.476829300906382647e+00
1.333311330644402215e+00
1.236575621634641964e+00
1.301437688753343869e+00
1.300498460287512481e+00
1.396180950526533460e+00
1.298203399658468538e+00
1.269036490548870466e+00
1.202967169419307591e+00
2.305500236684970616e+00
1.271935907149430944e+00
1.267234006615108211e+00
1.344478844713038246e+00
