5.334219105390267224e+00
4.211654710886965525e+00
2.150252833882739800e+00
5.506310735370300691e+00
5.205111699651224555e+00
6.155614993458468298e+00
4.961598913374730024e+00
4.731793007421059905e+00
4.724352346165467509e+00
4.664168100525818872e+00
4.529189876509369661e+00
5.531055165727092771e+00
5.529193180690609388e+00
2.313325237133302126e-01
2.781634189965248669e-03
1.488634453770211197e-01
8.306101331936169285e-02
3.136385140091504237e-02
3.423852243670765655e-02
5.455370716812354276e-02
5.009924339826209855e-02
4.470134165482991806e-02
2.677801369685176708e-02
1.819382996006389114e-02
-5.405699606804558592e-20
1.449705111983140560e-02
