5.926399038262914587e+00
6.218279385921102076e+00
5.763278227145002930e+00
5.403870221593721546e+00
5.281850054273771633e+00
5.182958840446631577e+00
5.120666521115280645e+00
5.035701346846961357e+00
4.896363162623714516e+00
4.892472797219506120e+00
5.031325597757606793e+00
4.844680384373710069e+00
4.054507087880821814e+00
4.271687641027670956e+00
4.569141959093401262e+00
4.544494747473180496e+00
4.556083499600775966e+00
4.480958076706632376e+00
6.261223271924413858e+00
5.406874877911164390e+00
2.592101264724397947e-01
1.691902179857618371e-01
1.120575770268883026e-01
8.733237924007299091e-02
6.899547755104447344e-02
5.974850653621544688e-02
5.090566446009277962e-02
5.231523293961604093e-02
4.865377805348446161e-02
4.478359736247389256e-02
3.316334197811128537e-02
2.226915802438313857e-02
8.435829837433456288e-04
-2.001436826801103364e-09
4.797342461791804258e-06
1.142298502064480019e-02
5.140213279554861278e-03
1.476475232063589145e-03
3.392481005926031076e-03
6.823819860760092608e-03
