6.190630438172583183e+00
3.830475133932450760e+00
1.632621241814370849e+00
5.533933599475274079e+00
5.062833352973292733e+00
5.775463645483190689e+00
4.590228311473475209e+00
4.288186200279651139e+00
4.365311560833092130e+00
4.695507074480766541e+00
3.877226168422573060e+00
5.452429611469801429e+00
5.448434306652588432e+00
5.862621727515765713e+00
5.347713171948337951e+00
6.273597157135326619e+00
5.710239981091955741e+00
6.059892548217053587e+00
5.686740553125877895e+00
5.818356501726618113e+00
1.435326783615035184e-01
3.828277285288531236e-03
1.125789547735530326e-02
5.023449778234452719e-03
-1.522905326323028997e-19
4.187612688441445081e-05
1.321561601134368068e-02
5.159637495013299352e-02
4.165031926398919844e-03
5.689809692324158605e-03
5.698413204455501403e-03
4.390185065840404577e-02
5.938334506015569003e-02
-5.963111948670278239e-19
1.724122925427587017e-03
4.331954709203847398e-02
9.925961709408648651e-03
7.146077467942936814e-03
3.136881956753992222e-03
2.579853470928782436e-02
