4.342774146491427345e+00
4.284874242012861600e+00
2.150890317120652373e+00
5.404553842262981966e+00
5.143739157096228531e+00
6.163921296618999790e+00
4.909605035704395881e+00
4.725996790225711841e+00
4.690669227470283253e+00
4.646470714376347289e+00
4.540602267842785977e+00
2.355539881124042167e-01
3.340392905367614400e-03
1.491798083497065663e-01
8.321102543742008029e-02
3.170634120313434862e-02
3.308545434346017722e-02
5.129633784098458493e-02
4.679656666635053502e-02
3.239395949425832866e-02
1.425552683609914231e-02
7.619616043155014347e-03
