6.035660651323849990e+00
3.306138982923325642e+00
2.286266770298190032e+00
2.594170251987691245e+00
2.208819719701816453e+00
4.297525614982141029e+00
3.203179470688671149e+00
3.494619067202485496e+00
4.228414289506714496e+00
3.979019097621431023e+00
4.641299660627575818e+00
5.688128998277128368e+00
4.471389806244467024e+00
1.677079272557792933e-01
1.987553081214134352e-03
9.389574877581931267e-02
7.224059592793375064e-06
-2.125576096854611158e-08
5.646464038148151648e-03
1.899524066497818714e-02
9.664356010303909287e-05
1.398436626427210626e-08
6.697311131912114801e-02
3.931514051907084029e-02
2.063865933522671808e-02
2.439640497994629079e-02
