6.185536948363983711e+00
2.032091545102899577e+00
6.059804268252814374e+00
5.816268572239376766e+00
4.003442047998864162e+00
6.020663548940797583e+00
6.240203769957616053e+00
5.959675783983955810e+00
5.837234697012492646e+00
6.257958722113943217e+00
5.981739039766563515e+00
6.159034998908741620e+00
6.208219346021825125e+00
5.893431841147788397e+00
6.282164659069522372e+00
6.277516909940522361e+00
6.242120288787511129e+00
6.283153887550120054e+00
6.278168557350789492e+00
6.283185307179587120e+00
7.069260511147842929e-02
-7.063756632970457906e-19
5.398623386586720585e-02
-7.859582341596884909e-19
2.059076569893205644e-01
-3.332998163229653403e-19
-7.039953669521009554e-19
2.966370367205115738e-02
2.540394710596578787e-02
8.795500313173829077e-02
3.581285412909591265e-02
7.908091747056192888e-01
8.419866256403956140e-01
-1.092644606821491653e-18
-1.854284070682484204e-19
-2.329374936210029852e-19
-8.602450698937702512e-19
-9.514904330984420052e-19
-7.153023388494355510e-19
-2.505159626888142846e-19
