4.696296039835309521e+00
9.947364279078478866e-01
1.521707799969366226e+00
2.364469287244320039e+00
4.056249108120562497e+00
6.119239646759670137e+00
5.074790658237037455e+00
6.246652389015444840e+00
4.835187617031058593e+00
4.841359215809061922e+00
4.815133755512902347e+00
1.642801008983314492e+00
1.477742103452214462e+00
1.679037411734224383e+00
1.603940296359301465e+00
1.527070371280640160e+00
1.477353173328263880e+00
1.612250832694088309e+00
1.608158964050435902e+00
1.492863197559347377e+00
1.486011544156720987e+00
1.512764261386808862e+00
