6.275000702982890921e+00
3.271277398763594579e+00
4.163061852002736707e+00
2.739934506174198869e+00
5.926450161581691134e+00
6.267114154600092135e+00
5.826914199903775682e+00
6.278055245409460916e+00
4.921394525265673892e+00
6.252101074683142024e+00
6.105069710152438489e+00
6.283149435919858306e+00
6.040631701040550361e+00
6.250942640832956698e+00
6.200640558001187408e+00
6.193979715675544284e+00
6.243256057586540564e+00
5.585345486397178760e+00
5.640122979728986685e+00
1.326407728607212233e+00
1.171849691354185596e+00
1.254103375979252144e+00
1.128964210317315198e+00
1.225966391714461201e+00
1.224822472722590705e+00
1.044546762478773871e+00
1.354272881279036556e+00
1.072988524488528883e+00
1.259511980302535639e+00
1.757527111946261211e+00
2.106211959183723170e+00
1.163430940867996366e+00
8.668563265031649090e-01
2.061607598442146472e+00
1.272187417549831778e+00
1.344457355668686294e+00
1.289972431720715962e+00
1.369206574158077894e+00
