6.239180937958621165e+00
1.927879286101265244e+00
6.240568625755374299e+00
5.772293159895598436e+00
3.940146564466112888e+00
6.105882952356256332e+00
6.175070702046435045e+00
5.957129948084329385e+00
5.676754887363370194e+00
6.283185307179586232e+00
6.266728772632282229e+00
6.117749850249665222e+00
6.116640657219926780e+00
5.819952890632030140e+00
6.269502751065645363e+00
7.022557022074214783e-02
2.698705076260739415e-20
5.096519406265688501e-02
9.767197407306034749e-20
1.992872606110066835e-01
2.850928006679245237e-20
-3.692818009108529894e-20
2.901848290086212270e-02
8.816620178189373686e-03
1.494311484624949275e-02
9.107605536104149135e-02
2.280719083421806764e-02
1.496515244091153711e-02
2.710505431213764696e-20
2.830368201777600894e-20
