4.121405673687942084e+00
6.063501752295012537e+00
6.283185307179586232e+00
5.606126359052649555e+00
4.563337741416223281e+00
2.649255773739317421e-01
1.215652415568406308e+00
1.428941101505898148e+00
1.331707680940523941e+00
2.656203420120646364e+00
1.984140663147346606e+00
-5.326347314905661649e-20
-5.326347314905665260e-20
-5.326347314905665260e-20
-5.391646624559078883e-20
-5.178422329544271536e-20
9.999999999999999124e-05
-5.191645805386292666e-20
-5.425256042979696660e-20
-4.535997661683801232e-20
-4.979983489335615379e-20
-5.326347314905664658e-20
