6.216923302698014631e+00
1.994297090239536274e+00
6.255451794593380299e+00
5.771231197014802028e+00
4.015867813547262521e+00
6.037830199029477818e+00
6.233228485773055105e+00
5.960939739080927779e+00
5.810657728821076340e+00
6.250997544275392670e+00
5.970217316422287368e+00
6.125362308618415241e+00
6.198978403214892907e+00
5.898917642156325414e+00
6.270338347995633832e+00
6.252945168020485944e+00
6.268392582398212731e+00
6.271577453943503855e+00
7.171522351378670224e-02
-3.877247167649329651e-19
5.783462192828294629e-02
-2.778289702483330915e-19
2.070091883713379710e-01
-3.528951016498226862e-19
-2.814486487134357114e-19
2.388386939570015868e-02
3.001396267099527143e-02
8.381796417378759023e-02
4.018442508136615965e-02
7.907646369562167932e-01
8.421086336260111826e-01
-3.532421571537486975e-19
-4.192906829022817321e-19
-3.173361039378507515e-19
-3.342136142225851670e-19
-3.465522785651694853e-19
