6.263283901015648247e+00
3.877192214465973397e+00
3.686086778292915422e+00
9.681142307798408231e-01
2.720505808179754403e+00
2.564183608263918668e+00
2.052613087443463158e+00
5.157666819724264329e+00
4.224205809044221382e+00
3.094790969850623519e+00
4.569271235315153667e+00
5.328329337933690013e+00
3.789014546197422284e+00
2.439720992795133991e+00
4.625868457534204836e+00
3.503014145157909986e+00
1.898925435337644352e+00
1.907056467419093737e+00
2.442809001662418655e+00
1.094533171616574041e+00
4.620245270430913820e-01
2.200426385652449746e+00
1.566627128738608876e+00
2.155613569433201260e+00
4.883431447271958104e-01
4.026971278773363028e-01
3.557812381201375662e-01
4.849341541654115795e-01
1.986629976165288136e+00
3.723683653424896711e+00
3.943441026387286552e-01
1.083852740680877780e+00
2.337154883040774678e+00
8.284451240165602304e-01
1.966713802465382743e+00
2.126597102936807815e+00
