4.341318968531392208e+00
4.201838203064002464e+00
2.232325337779365260e+00
5.352674951578384466e+00
5.114669362556779397e+00
6.185501600874288464e+00
4.847745149891339089e+00
4.711768665104197673e+00
4.684069858647123219e+00
4.671015916936789303e+00
2.355316115181399217e-01
2.895779163183545470e-03
1.479820863511983886e-01
8.315795226875823121e-02
3.093336935890389841e-02
3.286345558396996935e-02
5.056940460116186170e-02
4.185666374228615150e-02
2.675842285752136687e-02
7.113956455087721252e-03
