5.933551927862346531e+00
6.229518620697181319e+00
5.710137009118056106e+00
5.389799020938838225e+00
5.282198421055089632e+00
5.168170940876199992e+00
5.160364506543600349e+00
5.051487785670312647e+00
4.929092414111809539e+00
4.901483995652345271e+00
4.835100945236038505e+00
4.769818923918712095e+00
4.475503274200017145e+00
4.257492721603840735e+00
4.504267304723248877e+00
4.488374218571854257e+00
4.458967110089173680e+00
4.455857851187873919e+00
5.402802305016529694e+00
2.592085038529541863e-01
1.694367831791489809e-01
1.125429063520201750e-01
8.888125958700618390e-02
7.070006044397786349e-02
6.121581471845308209e-02
5.059016740205692086e-02
5.376785729090516330e-02
4.974660349148751076e-02
4.749377283839293501e-02
4.074952943029081648e-02
2.989917635623688327e-02
1.166989136622256611e-02
1.010179283624539417e-02
1.093319585422954099e-02
1.044149080489112369e-02
9.871754233732543682e-03
5.999598547124835105e-03
2.594607610321483099e-04
