6.247091332445442013e+00
2.586903610044877788e-01
8.141206357535197835e-01
1.525933759251116184e+00
2.961007419207886127e+00
4.085520253645575472e+00
3.383409369694721835e+00
3.927674212446721214e+00
3.328205716407470316e+00
3.399756570997827687e+00
3.564562819338750632e+00
2.220053132516682126e+00
3.184183565957278805e+00
2.529416633194128572e+00
2.482513140213109537e-01
9.717238577577267389e-01
1.880396350387929238e-01
2.651351159402630664e+00
1.352376999671327074e+00
1.107594041217775827e+00
1.170570726540677731e+00
1.477362311124458039e+00
1.331725034663797880e+00
1.593419768602869047e+00
1.496892831206761088e+00
1.341258411704643105e+00
