6.221221924148184534e+00
3.404962581312754200e+00
2.145755183104011365e+00
2.556985178978387285e+00
2.085101027053929634e+00
4.533924750973160833e+00
2.562062954130369885e+00
3.418359802408449610e+00
4.391286256691159906e+00
4.118816640166238940e+00
4.836429056417967054e+00
6.283185307179585344e+00
4.528368544030951348e+00
5.394956592082722935e+00
5.671074465803529918e+00
5.529968759945938395e+00
5.451499056157394385e+00
5.525897679280253882e+00
5.492442856589677014e+00
3.297131487293951668e-01
2.108614657867564652e-03
1.467146413786144521e-01
-1.604165074057229915e-18
-1.153895478344140511e-18
2.583316800042823654e-03
6.315568718037660456e-02
-1.883943937492296734e-18
-1.291484739836657136e-18
3.683019011419783745e-02
3.493869483417879479e-02
2.915227753437335534e-02
4.774335913346747923e-02
-1.758532234065497720e-18
1.984327128838919707e-02
3.485523777561930995e-04
5.724113389793495515e-03
-1.318082843794579104e-18
-4.404115552775996022e-19
