6.280728483026012832e+00
3.427836200653932242e+00
2.177857385135522961e+00
2.557247955483844315e+00
2.074956900998801590e+00
4.539599381871721739e+00
2.556768079352817580e+00
3.219927430076955588e+00
4.323567457871204667e+00
4.378317420209282496e+00
4.566929302429311832e+00
6.283185307179590673e+00
4.349102582163478559e+00
5.462321487140018306e+00
5.694181910885458997e+00
5.475437130575197209e+00
3.285053568045488426e-01
-9.641747465919136989e-19
1.423188364183103349e-01
-3.663381799955997855e-19
-8.454399705299231074e-19
4.068124910050459689e-03
5.036269656587635812e-02
-1.586305579755941595e-18
-1.232714241051380650e-18
3.870897451572796050e-02
2.778790993385868088e-02
3.466141320737958775e-02
2.799892732192992353e-02
-1.516112959652457895e-18
-1.822738130163709775e-18
-1.371950044963073876e-18
