6.283185307179585344e+00
2.798961598185136790e+00
5.408787209656926720e+00
4.493637035252343814e+00
4.295381617554852482e+00
6.273845435183973862e+00
5.958214307132463361e+00
5.694656687858044464e+00
5.566761440700332741e+00
5.978910256484588182e+00
5.978034169830980460e+00
-7.290665546097503255e-23
5.809368265995055751e-23
8.948149381588480720e-23
1.408138406852126505e-22
-3.069302616023761763e-24
-8.348511207895403889e-24
-7.757606359659905265e-23
3.142203547731979426e-22
1.727597494145068858e-22
2.627592993473223194e-22
2.552256568313961111e-22
