6.267541041852934036e+00
3.416687163446044728e+00
2.170401034479284785e+00
2.548410993823668758e+00
2.085775088829056045e+00
4.537294869902763317e+00
2.568330436429473451e+00
3.214915302522229901e+00
4.352470711062176534e+00
4.385997256321997995e+00
4.656564531833035758e+00
6.283185307179587120e+00
4.410388922748373908e+00
5.434215263052089462e+00
5.709300084644904238e+00
5.490111925904098022e+00
5.485275182883465384e+00
3.292509426663148830e-01
6.889121401925175003e-04
1.433298838946488740e-01
6.013785401925510711e-19
-1.971893307411569991e-18
3.221280479062081648e-03
5.266514470892418726e-02
-5.721400011049658276e-20
2.756295023689446719e-19
3.776928480890293788e-02
3.546234257084780045e-02
2.693211053763319013e-02
3.474057781468535555e-02
-4.476488447435364317e-19
4.051829246293071722e-03
2.099266741935658116e-04
1.327470035915992912e-17
