6.260519074653966065e+00
1.578812146327273291e+00
8.574888113475667151e-01
2.993805993801091692e+00
3.939381989557838359e+00
4.774114455811559132e+00
3.499221715547959022e+00
5.839072520464264393e+00
3.785454671468206467e+00
3.463165583332419750e+00
5.977762600627606560e+00
3.344304130642564488e+00
3.136983323106740773e+00
2.997088938109897960e+00
3.739715042041921844e+00
5.222958082870383656e+00
3.622278435591969270e+00
1.908355484181446959e+00
1.103402991139934303e-03
9.939717078326452127e-01
5.441389203398904525e-04
1.992287038698374646e+00
9.280764772401103313e-01
8.332958193105034495e-01
7.265245482363477114e-01
9.145997386663208273e-01
8.872824537783120524e-01
1.105817617172587752e+00
1.259372189939273357e+00
1.975458879668997358e+00
1.060368311101221206e+00
1.031562817880578242e+00
1.106146803941756573e+00
1.382237090993572171e+00
