6.283019885627602719e+00
2.898464060596903202e+00
1.084453417533465913e+00
4.343779268670439286e+00
4.696416560119167194e+00
5.363579811209163495e+00
4.429361204613837089e+00
5.821778529771556521e+00
3.605288573884609882e+00
2.907038625712865532e+00
6.244413169913532791e+00
3.755632089378352578e+00
2.521205203256585481e+00
5.002449092327570845e+00
5.199286673907973721e+00
5.118556976441926309e+00
5.582575641287776058e+00
4.411201450818450276e+00
3.695694565037433321e+00
3.836474115529681761e+00
2.390040645829403232e+00
3.550699653222710861e-02
4.547304338828623282e-01
-5.315131744020734628e-20
2.315261012464246537e+00
4.614572696824508213e-01
2.191352445609136834e-01
1.877875326074562867e-01
4.374071631483282263e-01
3.061938268470393854e-01
4.512594336823241847e-01
1.065155807105257368e+00
1.447153796476490450e+00
9.727973761226802463e-01
5.126018812607863184e-01
9.243037411474033238e-01
7.625495610756889420e-01
8.520451496410400560e-01
1.029226440778890028e+00
9.994284204670960126e-01
