6.271996223801314052e+00
2.495269846727985019e+00
2.913767735943971093e+00
3.509453540417012185e+00
4.952688582028860864e+00
6.192579238820800747e+00
5.026172555547504750e+00
6.162534172217224437e+00
5.026427434782435810e+00
6.071852562292956001e+00
6.283061145067314612e+00
5.609964858312384450e+00
5.727953575103544637e+00
6.229186287742193961e+00
6.269596032693696586e+00
6.255876279340659707e+00
5.628117678568425042e+00
1.272721649166300706e+00
1.170756454331491669e+00
1.297943595813538575e+00
1.205737139902458788e+00
1.293005465913633856e+00
1.256447998713869030e+00
1.104186370424911301e+00
1.396911967380302322e+00
1.119656127295562742e+00
1.340999878951763868e+00
1.139540708893000520e+00
2.133329291779096692e+00
1.062174675664091739e+00
1.198427356853216219e+00
1.209309252101278709e+00
1.244552745308072472e+00
1.338218594474717582e+00
