6.235262028509614751e+00
6.270569852371458808e+00
4.559321207337807991e+00
3.258866035370982406e+00
2.884177718639413968e+00
4.229141711802903991e+00
4.629416899854911449e+00
6.108356643098224126e+00
3.852414890247637835e+00
4.874623984802347820e+00
3.626897322744663921e+00
4.313030478328656159e+00
4.394030699835163034e+00
4.415289358925475582e+00
3.008809398819114467e+00
1.247507563994678881e+00
1.451362330409107781e-01
2.730720758438841322e+00
1.013764865567060802e+00
2.615127857805403355e+00
1.745104192300817925e+00
3.281024732714514336e+00
1.429312657871955716e+00
2.183634974231381420e+00
2.251368977745516808e+00
3.592865496747521981e+00
2.566508810769321691e+00
2.498646867030125396e+00
