6.238635901291806007e+00
1.940995013887778953e+00
6.253405473082033872e+00
5.795536237406889057e+00
3.964474443093082723e+00
6.117137276699678772e+00
6.188581096603811282e+00
5.970798163807986114e+00
5.698554467791576705e+00
6.283185307179586232e+00
6.276702200847521951e+00
6.109809435418732448e+00
6.118485917295726217e+00
5.818154547352030193e+00
6.268624280626089451e+00
6.269259937175832853e+00
6.637659562933467816e-02
-1.636441818540083668e-20
5.259827419402925142e-02
5.484920860602427016e-20
1.988484209622359833e-01
7.049771695750231544e-21
-4.349769535671997074e-20
1.703427416941765901e-02
1.810110726511154206e-02
2.208395095325251661e-02
6.715860753657876270e-02
2.174527602684812877e-02
3.043063062819603357e-02
-1.000463125265795965e-20
-4.116385807676464594e-20
-5.098272180763038203e-20
