6.064379518182858142e+00
5.641624055167013374e+00
3.472200771416456000e+00
1.457402901248308069e+00
3.758799159542197899e+00
3.689567542359755148e+00
3.076810294615958785e+00
5.651065247097566413e+00
3.631715448394900125e+00
3.131589329368212216e+00
5.004083300714586180e+00
5.245939718288354037e+00
3.376350717231192622e+00
2.343712401140352952e+00
4.470594365208787835e+00
3.664006948634887184e+00
1.386583549000093507e+00
1.828728090022512465e+00
1.807991422659234626e+00
2.358556217066567928e+00
1.065246474991720316e+00
1.566747031258870271e+00
2.113733751685166862e+00
1.561265630779235192e+00
2.003996094455121835e+00
6.131558624083890408e-01
3.939444562534614724e-01
4.623260235547194674e-01
8.741640991663409688e-01
2.014103432294679141e+00
3.637718556773624101e+00
2.958545624499903659e-01
1.178588934450654602e+00
2.369056307220849256e+00
7.035432926758563577e-01
2.779510101588910764e+00
2.073761488856048718e+00
2.027018943388151584e+00
