6.056362205781590902e+00
6.180982514617816115e+00
5.644239159936049077e+00
5.325769348852765539e+00
5.209923779539533228e+00
5.090643854356247999e+00
5.111792108508866228e+00
5.009169189350252793e+00
4.882709645230707274e+00
4.841545883484118740e+00
4.825547354507318865e+00
4.786669150396547501e+00
4.558739047970347791e+00
4.553250562391865763e+00
2.601215409834241599e-01
1.685096491027389676e-01
1.114447980764660118e-01
8.820427136356411013e-02
6.953614106728676914e-02
6.035295841196248318e-02
4.929135808097760002e-02
5.114557939087293476e-02
4.832064397874011319e-02
4.834838999950972355e-02
3.876988922057680864e-02
1.934167153886636598e-02
5.832063174955263996e-03
1.321819045445701141e-03
