6.206754686983257052e+00
3.376358492455062255e+00
2.102425804115409580e+00
2.605076849029465347e+00
2.151478164431770868e+00
4.564166252368368148e+00
2.630660067012568160e+00
2.983727149688008229e+00
4.457052397064256155e+00
4.139923968687129197e+00
4.936897572433883497e+00
6.283185307179585344e+00
4.579346593591541392e+00
5.410598402569697818e+00
5.689029997867778299e+00
5.552872172527016481e+00
5.507185743051652871e+00
6.262486288968367454e+00
6.262265563992396089e+00
6.279265238803288796e+00
3.338058423303321698e-01
1.211799713547541749e-02
1.754078585664049783e-01
-2.469914902362598366e-19
-6.262594105940398766e-19
-9.369570618864969135e-20
1.171794337037807276e-01
-3.198463930559457358e-19
1.039661827405315370e-03
8.347269923607533726e-02
3.384966057033619857e-02
4.473517357990289961e-02
5.787101498350089024e-02
2.079060505278970336e-03
2.102959756345144926e-02
2.923922868928474986e-03
1.246102008441447428e-03
2.406921344714746565e-03
3.938426527484063669e-04
1.427417070191429110e-03
