5.970332484592510092e+00
5.926079317435567262e+00
3.364415386979895839e+00
3.958644511623244711e+00
3.238675822422831363e+00
3.596811809012161021e+00
5.149258018443934937e+00
5.924966708410321026e+00
4.439847142516619272e+00
4.043104492290316543e+00
4.128454247361590390e+00
3.457879421646845142e+00
1.593072912744536440e+00
1.122873341127922087e-01
2.467514260287151373e+00
1.659650005497925740e+00
2.370268177934738763e+00
2.034059773096881241e+00
2.377503978355929526e+00
1.715602876151224976e+00
2.557965900552070071e+00
2.752562820330509030e+00
