5.371540621680487959e+00
5.681723017762690731e+00
5.682719651841274811e+00
5.866968729537760829e+00
5.623326313717655012e+00
2.106405565019382031e+00
1.396796336944959638e+00
2.954082143778235636e+00
1.763701675760636745e+00
4.200058435188296357e+00
3.212396630004392684e+00
1.984981569046065042e+00
1.884044206149193823e-01
1.671492043163394503e-02
1.747670357335020727e-02
2.598586212783267346e-02
6.447455550726723106e-02
3.608373844191145596e-02
-2.511566511657067815e-20
6.707137962352258814e-03
-4.880164407287474181e-20
5.878199078384078059e-04
1.534797495099783464e-02
1.194925025978531147e-01
