6.116315033458394446e+00
6.280548079780199799e+00
6.276407178210980931e+00
6.279922759745263150e+00
4.746648418593927055e+00
2.182235310009279505e+00
2.066444182990435363e-01
2.918156264756202933e+00
1.337354837923826034e+00
3.755360502798512190e+00
2.154968948797522543e+00
1.090315526601106200e+00
1.610732062803208020e+00
1.736789842501982539e+00
2.502531374906138417e+00
1.476438112279743864e+00
2.666514557657495565e+00
1.820059817839633443e+00
1.698973290891726995e+00
-6.037384112651180040e-20
-3.595328042246300862e-19
-4.911805780140232992e-19
1.177589002046664120e-02
1.994951469110504971e-01
3.183297515558587004e-02
5.511366449079928981e-02
1.082867569185430243e-02
1.304344697840290335e-01
5.288780733349816160e-02
6.576994254233861463e-03
1.298395260560146480e-01
3.009189155680412273e-02
1.005535999124587527e-19
6.910940971016907297e-02
-2.213965917629340186e-22
1.118610099506767430e-01
1.861924117555055769e-01
3.265267525774960978e-03
