6.058736581311674030e+00
6.221307022818431065e+00
5.691150562829116133e+00
5.371161503135547299e+00
5.260730152127034209e+00
5.146931574028134726e+00
5.145537189089783858e+00
5.043356485176712312e+00
4.913384716351606230e+00
4.879522164004171714e+00
4.834919012055974186e+00
4.785251803514388058e+00
4.469631715487540902e+00
4.287305100034432215e+00
4.467532114690493827e+00
4.451572671962825467e+00
4.452815254315924065e+00
2.593380151449207749e-01
1.693180209301839989e-01
1.120814804074349441e-01
8.870563051191589221e-02
7.021001432269279030e-02
6.055043261405544663e-02
4.999256449543301728e-02
5.301879188109065444e-02
4.923999905305471297e-02
4.712425469563573388e-02
3.775492328642594125e-02
2.069585247954658369e-02
4.286153773857535355e-03
2.750132424033498169e-03
4.242554617227565009e-03
2.893949736335153268e-03
7.067492725576750097e-06
