6.278568957858778887e+00
4.036839868881862081e+00
1.714820494395877137e+00
5.393098543349603702e+00
5.055184187900410464e+00
5.659882739480241121e+00
4.778128495768427797e+00
4.413291881545720052e+00
4.274034440989019856e+00
4.397615827192533189e+00
4.084443520471364941e+00
5.416139032410312915e+00
5.429007633797882981e+00
5.717156716787403781e+00
5.166913225188722869e+00
6.194937426307531858e+00
5.918462962160318419e+00
1.340696626800197688e-01
-6.884448801338470500e-20
2.176434661379893568e-02
4.188061638605706377e-03
-8.061312884141842319e-20
-7.675741868298095521e-20
-8.650824150792224934e-20
1.619559641834480632e-02
-7.927850994101684652e-20
5.380091800404971508e-03
6.794628167859841951e-03
4.354584507225064960e-02
3.331328419243406030e-02
2.985597530608266603e-02
-6.882684431000002631e-20
1.476108539019003497e-02
1.880488219536002176e-02
