6.276573470096857399e+00
2.616439551639529348e+00
2.607863149609105147e+00
1.777432121931464604e+00
1.845785281410000200e+00
1.851186282600674859e+00
2.760159704076988074e+00
3.778988394327996492e+00
2.851283361112326720e+00
3.051674971478609777e+00
4.359564322672586201e+00
5.344771326355326480e+00
3.769947625667227520e+00
2.359840479619968789e+00
4.187469201941025787e+00
1.997336609448152611e+00
1.810074511009841070e+00
2.450611829295869626e+00
4.270500215683686318e-01
2.888732213463779952e-01
8.811780090798310150e-01
6.620286657625320537e-01
2.173493005204511164e+00
4.892203753996726134e-01
5.361650478548163345e-01
4.194387857351261628e-01
4.377235047247705069e-01
2.004562760996228210e+00
2.660221997177517839e+00
4.652934302612270479e-01
1.032628787567219319e+00
1.041888522561054353e+00
9.800732863701987485e-01
2.024414599350321087e+00
