5.987729140674801442e+00
6.264869035446659851e+00
4.497374683821900199e+00
3.522372958825542799e+00
2.911456066187060987e+00
3.439914797482689579e+00
4.467169251742247660e+00
6.130485805161757007e+00
3.782738791473077455e+00
4.900920918219539679e+00
3.572675403387834958e+00
4.209992273426918175e+00
4.218318368084610803e+00
3.028895794570575450e+00
1.170569546528202887e+00
3.629925937288031035e-02
2.830386045748352064e+00
1.121437266579560665e+00
2.652368792887275450e+00
1.693205356139094730e+00
3.316660051875312210e+00
1.249774645387690120e+00
2.185587913963677575e+00
2.267808732742010669e+00
2.459498475704099629e+00
2.757899904929454138e+00
