6.281966635124779152e+00
1.052077759547488167e+00
2.261980739830875109e+00
2.042467633610680178e+00
3.957091341908788973e+00
6.074399962202497782e+00
5.161000570745906124e+00
5.765556379612005955e+00
4.826842793882939908e+00
4.707730228250030180e+00
5.106045501418687849e+00
4.796007965560199260e+00
4.933326164972136496e+00
5.772487648854834674e+00
1.341580963807713411e+00
1.290359982111306758e+00
1.396300588126519582e+00
1.372173881557227082e+00
1.274576286804864900e+00
1.233932536144213277e+00
1.414311571480206364e+00
1.379537563329904737e+00
1.291365528333795476e+00
1.233665312203292119e+00
1.255586596960764689e+00
1.300237469954364844e+00
1.269913629922049036e+00
1.317503953857810606e+00
