6.214703474152827312e+00
5.720559265371761626e+00
5.328450160994221640e+00
5.228217775589035554e+00
6.257828048644769936e+00
5.802557773270935471e+00
5.661729189208211999e+00
5.995264942551798981e+00
6.044047763945983753e+00
5.616659668177814702e+00
5.366922355087233143e+00
5.269258477311451472e+00
5.844085426434248554e+00
5.643446211842400473e+00
5.654130482959925708e+00
5.517538548907349849e+00
2.642537952370890952e+00
2.747530547208412166e-01
5.247671999834518892e-05
2.659205158189957174e+00
6.428820970896113041e-01
8.628218870018137254e-01
2.703984835161222122e+00
1.147667104679389816e+00
8.490636124127678430e-01
4.587479846255160254e-01
1.761858589294911903e+00
1.987654361718558471e+00
9.961435128901453551e-01
1.081584235039952713e+00
