6.189506741028443670e+00
6.132657613405331887e+00
6.282607899761129211e+00
5.269084129946409512e+00
5.904046841849710070e+00
5.541503886420671599e+00
6.271517819299024410e+00
5.748540951320816106e+00
5.162198370513944923e+00
3.918538187886124735e+00
4.255765397997030242e+00
4.209002708393910552e+00
4.494496484537025438e+00
4.295389906640870059e+00
5.750815487950639238e+00
3.478779362333074054e+00
2.965736718738521738e+00
3.463159694059464222e+00
3.062146374662703785e+00
2.661087969621682703e+00
2.184102642114295278e+00
2.400874245346646951e+00
2.187294697743681127e+00
2.467966943000974744e+00
2.094260390037868902e+00
1.377439743667339123e+00
1.471413499576246897e+00
1.462396783052448690e+00
