6.021072191059727352e+00
4.745990219336038152e+00
3.418565666849886941e+00
3.428375706704197778e+00
3.273752503123886992e+00
3.939749761708612574e+00
4.173343697085095449e+00
3.524474316903560389e+00
3.266847955860196606e+00
2.632750601456305350e+00
2.632758077701832011e+00
5.177059601068977557e+00
3.344403082092640922e+00
4.412450934188863805e+00
3.893773314572492428e+00
3.903605033019240889e+00
5.056129450810602499e+00
5.414387392446185387e+00
4.083496296111690071e+00
5.376610573364871470e+00
3.409312645860085755e+00
3.409352906108365389e+00
