6.255171132568937864e+00
5.218921074622858924e+00
4.075522934429041122e+00
1.540415529907690040e+00
3.114462354134809985e+00
2.125114939396633318e+00
3.089639649373367991e+00
1.487072405652484441e+00
1.955733829838074644e+00
1.644577277739934784e+00
2.049603140647580535e+00
2.039632585659995279e+00
2.038175776520736893e+00
3.724138904872997369e+00
2.312305695358586988e+00
1.883953944260961633e+00
1.255502485416063463e+00
2.225394568993204647e+00
3.401353992392315284e+00
2.963214562966942189e+00
3.024779640732178976e+00
3.290342609266675655e+00
3.476029708532474505e+00
3.376399101739814945e+00
3.354470755300873464e+00
3.373710347494227602e+00
