5.854623557586056570e+00
4.413021900992691648e+00
3.865831998340955256e+00
3.716941564805837928e+00
2.526477050416771952e+00
3.490568292185761035e+00
2.261755465607196758e+00
3.058932317590996597e+00
2.837531799108722996e+00
3.629993997680670326e+00
3.174041068509972696e+00
3.189066741614207778e+00
3.177859110717388802e+00
3.174347248717845460e+00
7.432365256997099934e-01
7.982186424670834057e-01
1.142539728873944060e+00
1.992547227537495358e+00
1.619129330327254035e+00
6.976590398694375583e-01
7.780117737480509721e-01
8.410615526913152173e-01
7.652181733971384903e-01
9.765147046783324569e-01
1.044028099527954723e+00
8.948545018298228459e-01
8.782669020686290073e-01
8.712666062830953795e-01
