5.356633744368808792e+00
6.200584963709557584e+00
6.282442836342085002e+00
6.262357986672485666e+00
6.279605349703948569e+00
5.942247185445030944e+00
6.092350049826555036e+00
5.587290599709056949e+00
4.981738117635438279e+00
3.698010312283638523e+00
4.086963357703082167e+00
4.044517030343102171e+00
4.249084731889057664e+00
4.112274442859913393e+00
4.171800996918408444e+00
5.448793728894646193e+00
4.534475965871150649e+00
3.352788822286089765e+00
4.468205702483147412e+00
2.951501389455861268e+00
2.483345436260772310e+00
1.739837653404121776e+00
2.272867131011384156e+00
1.979516237840298620e+00
2.149978184943569737e+00
3.101263492395906152e+00
1.008124146414989708e+00
1.269718837486207175e+00
1.265777042907451744e+00
1.318731369853189950e+00
