6.176751758652291535e+00
4.839276442113600751e+00
5.646294590331718766e+00
6.044954728344197115e+00
5.926274956530814819e+00
6.061495070398860818e+00
6.212263593610873436e+00
6.283164514145513913e+00
6.250689001606357209e+00
5.745987797282629650e+00
5.640058473253088067e+00
4.311515704827814766e+00
2.978752895708659754e+00
9.229543928501927619e-01
9.488014133965315677e-01
3.248884482235151250e+00
1.406627356736099399e+00
1.545710245624256185e+00
2.772051988535786382e+00
1.663717412673208607e+00
1.599727064190822778e+00
1.559308892025109916e+00
