6.162480551039132060e+00
1.061895859269757159e+00
6.026318623112551620e+00
2.995527785127411580e+00
1.943760327137796340e+00
1.686336475121296807e+00
2.134046597204415363e+00
2.939739023626498415e+00
1.692580462811252628e+00
1.717248301299785007e+00
1.767848326373002266e+00
1.549238064507926449e+00
4.267705948926661108e+00
2.076020368789903259e+00
3.302039144017217431e+00
3.199545668814094856e+00
1.822087970473023510e+00
1.500649322409873587e+00
1.731344354798133089e+00
1.588067257935786403e+00
1.468104332849898386e+00
1.460556145049981547e+00
