6.276553952458499452e+00
6.132433060616088838e+00
5.945241528092081396e+00
6.279036251391463708e+00
5.356797713316326259e+00
5.973025363993195391e+00
5.579551765708379740e+00
5.291735513000632274e+00
5.273605498131535896e+00
4.090845161585069611e+00
4.106108502712734420e+00
5.258434466281271646e+00
4.983900025660246591e+00
5.425802574468898243e+00
5.365970812366247955e+00
4.480477932490698478e+00
3.165921522641009567e+00
3.185932928930094388e+00
8.606458667011780694e-02
1.167465853988636004e+00
8.920731655176605671e-05
1.255241662586602525e+00
6.902386474834856268e-03
7.031526759345073652e-01
1.470365752098952816e+00
5.935796153647654450e-01
1.605375889008398005e+00
3.806085327295433254e-05
1.480319919206885215e+00
1.405042075698889725e+00
