5.967752021410509755e+00
3.543035404236398733e+00
3.807503803341996562e+00
3.146775317564347141e+00
2.487488766783084504e+00
3.401325318193365366e+00
2.272580934259589736e+00
3.075938504371909410e+00
2.584720920986039339e+00
2.577964309902201379e+00
8.350147430283322292e-01
8.590639555973749175e-01
1.089957523286254837e+00
9.430850346685952790e-01
8.091987662415437432e-01
8.277514056458159519e-01
8.452032756137995984e-01
1.034846963585552393e+00
8.572050230822036987e-01
1.031321312305491178e+00
