6.283185307179585344e+00
8.596629086764345784e-01
5.827643100025660772e+00
4.001049895982321303e+00
3.212123831215727421e+00
1.499743568003156557e+00
3.194898073301694730e+00
2.843176316588590158e+00
1.436993981562920908e+00
1.535043828180711722e+00
1.414258154858158756e+00
1.787001722103067847e+00
1.250357866578366783e+00
4.471259011030345398e+00
1.973936803942005769e+00
3.091822528668933590e+00
2.917384620258598460e+00
1.417020264420747244e+00
1.227399661341868953e+00
1.330401611763988745e+00
1.352737401684481533e+00
1.243376776412781437e+00
1.076317946986442564e+00
1.132669900932287366e+00
