6.283163742622661196e+00
6.207127233991829307e+00
5.531671890459928242e+00
5.290439380860552987e+00
6.283179700050116168e+00
5.445144924923168261e+00
4.782102260337323330e+00
5.610606537819094797e+00
5.128833105472184961e+00
4.242924982957354096e+00
4.346275513416140157e+00
4.317156992956389772e+00
6.197227055192016998e+00
4.140676367137254843e+00
3.285134911361211163e+00
3.615556403657626650e+00
3.344476379258544352e+00
2.493491315396636043e+00
2.433732310584116210e+00
2.588639408841499456e+00
2.227006070137663940e+00
2.382329198399337766e+00
2.478761948305611806e+00
1.902142401670930960e+00
