5.815219364474797814e+00
6.283181367053701116e+00
5.492767126992425197e+00
6.283185307179585344e+00
6.283152410243546981e+00
5.915666034831551734e+00
6.088949463840203968e+00
5.626947408194101996e+00
4.957054342140647663e+00
5.504583820682525719e+00
5.315012974003499480e+00
5.656960549732537480e+00
5.676842621353420881e+00
5.291974713397170405e+00
4.208463067111373412e+00
8.408119180873226961e-01
2.956150585446782664e+00
2.656096758716095962e+00
3.575622208406399771e+00
1.229410778726681475e+00
1.140393867872651290e+00
1.901149713449992618e+00
1.395643311996298319e+00
1.563123325740202851e+00
2.451774719948714321e+00
1.895432077635036849e+00
2.476687740194224663e+00
2.634731698060094551e+00
