6.271055390274832497e+00
1.130585195594583370e+00
5.826113007310537384e+00
5.065092081544122493e+00
3.126536681174826526e+00
1.445468028112709247e+00
3.431549057429165384e+00
4.311352408349383047e+00
1.264891633640935265e+00
2.606073968841259081e+00
1.166337950648693722e+00
1.666814357691914328e+00
1.483106076690162034e+00
9.414255148871339962e-01
4.336165815282146951e+00
1.631882555750288288e+00
4.090004170915324089e+00
2.574343136175334390e+00
1.146248744997402147e+00
1.035998699907288545e+00
1.217290659910590378e+00
1.211661189697082364e+00
1.033880942697735561e+00
8.741363288248027441e-01
8.184967020078685040e-01
8.476035527638026146e-01
