6.279644562922184647e+00
5.668899319428638783e+00
5.529655343434652259e+00
5.288634571126223705e+00
5.911522732697560123e+00
5.475640759031117355e+00
4.784243485189939804e+00
5.805745818908667033e+00
5.030621610731984994e+00
3.944665928230088880e+00
4.286938247358622611e+00
4.230089661920877653e+00
4.515420154762235683e+00
5.767314854234526500e+00
3.474495998842694444e+00
2.992368209924736178e+00
3.483685000052088476e+00
3.081490349081545066e+00
2.690148518990626680e+00
2.208256528072754854e+00
2.522759104241647066e+00
2.216118215545411996e+00
2.152308258005175556e+00
1.819115142389011730e+00
1.411562953820570510e+00
1.490059040704859283e+00
