6.172490519079081750e+00
5.913415866387710551e+00
5.631449910561732608e+00
5.626601388461761388e+00
5.816008460601700847e+00
6.025694301202161540e+00
5.979745865856686216e+00
6.283184031047547080e+00
6.279833770175230256e+00
5.633118264966406663e+00
5.850066227481981684e+00
5.824633117339156563e+00
5.823445715939086220e+00
6.283185307179586232e+00
2.692829149999522276e+00
6.323803160743741714e-01
4.996895932774169657e-01
2.908011154651359842e+00
9.904759849070895461e-01
1.370310776830240718e+00
2.702635684800552607e+00
1.250833983946735728e+00
1.360609209806271203e+00
1.246705491584571890e+00
1.306528550269923761e+00
1.307530787720904586e+00
