6.281150093119224564e+00
6.279646963132622162e+00
5.635482501409041056e+00
5.352330163796950480e+00
6.273310033730647106e+00
5.398436997193289066e+00
4.664000333069188819e+00
5.517598252941214199e+00
5.152021759812589252e+00
4.308796312318725619e+00
4.429987083303399409e+00
6.259947572934461135e+00
4.062383857888257843e+00
3.296319660695295806e+00
3.156901745180686891e+00
3.604604623715709888e+00
2.555799954013348696e+00
2.481976432889609452e+00
2.425865060159108744e+00
2.112108501046861431e+00
2.379052466175744840e+00
2.378508931177107932e+00
