6.283185307179587120e+00
4.055842107883941061e+00
3.164848024647906488e+00
1.839236367242320869e+00
2.118210121485324393e+00
2.116883225318463513e+00
3.195928240125776920e+00
1.644169814767821869e+00
1.671343430475811687e+00
1.721764137786713667e+00
2.679419305607689150e+00
2.516432683409013826e+00
2.096886051772026693e+00
1.158703639816196063e+00
2.208264598413380853e+00
3.563015177373027864e+00
3.136944313625006586e+00
3.204937817986085680e+00
3.482022593622872808e+00
3.540996848244711614e+00
