6.283185307179585344e+00
6.283185307179585344e+00
6.073925581213389435e+00
6.202524310375398642e+00
4.745839399776710543e+00
6.112498296838844603e+00
5.079997328656256528e+00
4.791204379113445100e+00
4.789954676408894052e+00
4.798929263956481783e+00
4.589856722629821917e+00
3.070005965193970177e+00
1.995839274390371454e+00
8.907012339570005710e-02
2.946839998466984863e-06
4.027826745693236302e-03
9.778343315846743655e-01
1.934688696868002711e-01
1.166056561464556607e+00
1.207471012177716130e+00
