6.283185307179586232e+00
5.107774340528537849e+00
5.286441437986901803e+00
6.204234133888150815e+00
6.282769093916023451e+00
6.283176953478880833e+00
6.283082712427686012e+00
6.078250649568046171e+00
5.146089502577654073e+00
5.881803574908510690e+00
5.491563189568377190e+00
5.255051436208194815e+00
4.530060975702733472e+00
1.232816026172750545e+00
3.374622357013054685e+00
2.825034587746838799e+00
3.595570659552235426e+00
1.508662413585210027e+00
1.484837815415775975e+00
2.148736203867078753e+00
1.879520212280176628e+00
1.920551336170799095e+00
2.137615574099806626e+00
2.263544526939940127e+00
