6.166622049604185918e+00
6.257545948662198931e+00
6.283185307179588008e+00
5.499263526914185185e+00
6.249563839451377945e+00
5.710836765857440156e+00
4.815871904985962182e+00
5.480462642238234316e+00
4.710345858524999763e+00
4.303073996711476390e+00
5.540231157759267333e+00
4.320584334778309277e+00
2.293387554219248781e+00
3.261339316075526185e+00
2.576745267474786605e+00
2.692225966008316096e+00
2.578043301179814506e+00
2.808796925799569522e+00
2.571107044885109882e+00
2.778388298128346978e+00
