6.283185307179583567e+00
5.230272823102232849e+00
3.079116669420878694e+00
1.565003966440129624e+00
2.108688509280922663e+00
2.186060928804464343e+00
3.141081831323441875e+00
1.538335016989448079e+00
1.973434599814486656e+00
1.674955103868089434e+00
2.093742896873405535e+00
3.746657499007282066e+00
2.369342351186760176e+00
1.914975203115166558e+00
1.099191472795435276e+00
2.091134480667905304e+00
3.426562262965487271e+00
3.000037757013313655e+00
3.042648406072336442e+00
3.286942634187992152e+00
3.510213198829009507e+00
3.390877892315751652e+00
