6.282951261089674944e+00
2.259624673829774721e+00
5.797893772778046184e+00
6.107708066967786564e+00
2.597491929295557611e+00
2.381366851871099755e+00
4.450720434677672976e+00
4.308174379522510478e+00
1.226097807078739832e+00
2.518208215589581300e+00
1.655913276820396351e+00
1.758873341441427263e+00
1.483028105348248138e+00
2.571364992092506352e+00
1.582492798714253857e+00
8.511534057026770572e-01
4.245106059659087272e+00
1.551218887917118261e+00
4.015678005117236715e+00
3.500768439855083347e+00
1.063381685264287224e+00
9.300705884680188218e-01
2.213405115625190600e+00
1.290150450850729991e+00
9.615785883184366778e-01
8.144611058738374654e-01
7.334182871910474022e-01
1.758105841766283151e+00
7.143064630122293313e-01
6.886773519117700415e-01
