6.283167488542713564e+00
6.283185307179586232e+00
6.198529415209019788e+00
6.283185307179588008e+00
5.794795298238021530e+00
5.931053805957980707e+00
5.249980568664517122e+00
5.670829727764131967e+00
4.216057039724326216e+00
4.791469532231944051e+00
4.628878056688932929e+00
5.812143230830733032e+00
4.440247448762923099e+00
3.670238540371574487e+00
1.700643448679874048e+00
-1.737225505954057414e-17
1.044404304401277003e-05
-4.431310332938064845e-17
1.860763957142054670e+00
3.552926596221222394e-02
1.043894167796749706e+00
1.133593390916903587e+00
9.213757312558008561e-01
7.400623548464555501e-01
