6.270736632564933188e+00
5.098844544217269181e+00
5.279007806574787409e+00
6.205868154018505223e+00
6.236071027122410015e+00
6.282902106644158380e+00
6.274814717809781506e+00
6.047254256314457344e+00
5.246715799241139067e+00
5.381669018518344672e+00
5.505192972628692338e+00
5.230968243236560511e+00
5.732968827581225391e+00
4.522581469440591029e+00
1.228980669486299471e+00
3.339437889141663618e+00
2.801198433888580919e+00
3.567525062986473650e+00
1.467768781807261114e+00
1.439822332876276922e+00
2.128281824518091003e+00
1.789355418004082043e+00
1.977174854287357508e+00
2.120854259071252912e+00
2.277095642851516111e+00
2.229991267994197557e+00
