6.139266736015240866e+00
1.675072680479083864e+00
4.774297278981650905e+00
2.952033803173831128e+00
1.948551879988304147e+00
1.695562297904066318e+00
2.209265910172385716e+00
2.968056121167967909e+00
1.658891719474892890e+00
1.695061851902491590e+00
1.442717012041408786e+00
4.173844860424923198e+00
2.023199561708425076e+00
3.256885442742002201e+00
3.119775012304782713e+00
1.785659696475729863e+00
1.435809681726428533e+00
1.776036848797288625e+00
1.467648852192160680e+00
1.448187091613321487e+00
