6.271109635195646348e+00
2.130580984700383151e+00
5.826116700715997965e+00
5.065076214603774218e+00
3.126517582161357112e+00
1.445494783360041113e+00
3.431558157114032781e+00
4.311350669330725971e+00
1.264909903056179008e+00
2.606064984943329499e+00
1.166319277011307554e+00
1.666835059971279120e+00
1.483092063532804428e+00
1.483095836889980479e+00
9.414357395865055045e-01
4.336147888939535733e+00
1.631886203668321267e+00
4.090004101239307133e+00
3.574368029824396054e+00
1.146236757051745547e+00
1.035988180968534511e+00
2.217278454329114634e+00
1.211656175108348110e+00
1.033869791608726940e+00
8.741597684942298274e-01
8.185367319149807752e-01
1.847585267559019861e+00
8.476076790531246186e-01
