6.255982169067104692e+00
5.227797266122583331e+00
3.076116644984871584e+00
1.572773616861337986e+00
2.088343200388766530e+00
2.163180569230449102e+00
3.112043718811812631e+00
1.532531189826437990e+00
1.974640204059977089e+00
1.670553545558945530e+00
2.069755306097692760e+00
2.065567134212199729e+00
3.730807505857217432e+00
2.342176739704751487e+00
1.889111748634317411e+00
1.278403154839157896e+00
2.247713195259934071e+00
3.425604311244989653e+00
2.999366072445181608e+00
3.041327027740995614e+00
3.298794856826702482e+00
3.509881921753354561e+00
3.380760397164524811e+00
3.390197191838433710e+00
