6.264412296389082258e+00
6.207911004612139294e+00
6.032947527779833230e+00
6.205660200164073714e+00
4.675589791827111874e+00
6.094897284806708448e+00
5.032198522583970046e+00
5.767085365473292313e+00
4.831092744236432424e+00
4.966671625343560770e+00
4.810281752074521577e+00
4.585393320774034720e+00
4.006251130724170828e+00
1.972515504522655894e+00
9.433284063880655046e-02
1.670124162895254838e-03
1.981128308376163896e-02
2.002984310749513774e+00
1.927424900732581936e-01
1.099521068540795676e+00
1.289876620674956564e+00
1.112735045950909329e+00
