6.163264317638124545e+00
5.911847041411668613e+00
5.612937257586913198e+00
5.616652655480132594e+00
5.807806450858815417e+00
6.024873098337156563e+00
5.972584029970196440e+00
6.276193781558489171e+00
6.283185307179586232e+00
5.636239299437059813e+00
5.835995387721951033e+00
5.860549215607512963e+00
5.800453810981902159e+00
6.012335326195538343e+00
6.106144450714714011e+00
2.757457027425798568e+00
1.099984540700127189e+00
4.488314797797629541e-01
2.869400734629475647e+00
9.455717909013657829e-01
1.327481301518933066e+00
2.656529654412458807e+00
1.206740507465759116e+00
1.308189540203755552e+00
1.195270074899343449e+00
1.264207666958878207e+00
1.264793090091156147e+00
1.254183306254450292e+00
