6.283185307179586232e+00
5.285194951931884155e+00
5.599942100792405952e+00
6.283185307179586232e+00
6.034072423145640407e+00
6.207697301844492976e+00
5.570218262626531747e+00
6.106450902256873370e+00
5.683562162146748697e+00
5.387382014417231524e+00
5.377873294504192714e+00
4.322815419296002659e+00
1.337796187819532134e+00
3.227195490170308823e+00
2.696809982103758774e+00
3.639320106333653992e+00
1.635268892311581679e+00
1.459252683797865879e+00
1.826363175652916171e+00
1.783708955676729602e+00
2.033794474807448793e+00
2.063019237281118023e+00
