5.871018259230319281e+00
4.441946914502775456e+00
3.865648581014835550e+00
3.259086726313462634e+00
1.714634726710518420e+00
3.503810359531305707e+00
2.262618893217838600e+00
3.076907298008399128e+00
2.856358419793846526e+00
3.644516653771042947e+00
3.195389214193964822e+00
3.200214422039402873e+00
3.189576989222734582e+00
7.433355039373069628e-01
8.007638544530292224e-01
1.150273382650305098e+00
9.918413312488150169e-01
1.623133278234039301e+00
7.144233722360113781e-01
7.829722725071243117e-01
8.607432360480931077e-01
7.723839489905455213e-01
9.858189401884915881e-01
1.062365012428356792e+00
9.099363191588253352e-01
8.873636100551373085e-01
