5.844900506835541520e+00
4.480617278061268749e+00
3.869072516903113268e+00
3.313807053814022741e+00
1.706149890924277379e+00
3.457040785034866559e+00
2.352228607817379302e+00
2.998934146296452052e+00
2.644077044075653582e+00
3.750447644212798970e+00
3.198228492872448925e+00
3.206750197259256030e+00
6.787486721755717767e-01
7.402462532214394431e-01
1.147398410411700098e+00
1.003068237757570591e+00
1.644375550609198378e+00
7.175584108805551642e-01
7.684711457695324599e-01
8.813611480316244640e-01
7.672616393626617848e-01
9.951359699227715350e-01
1.074375461433945134e+00
9.245727596444845986e-01
