6.021102925284270491e+00
3.745912624560519433e+00
3.418528908515261033e+00
3.428350023388387680e+00
3.273732027391601296e+00
3.939777578141855141e+00
4.173384095972428653e+00
3.436115611368307121e+00
3.500700461489972160e+00
2.632762429359448930e+00
4.177070554951832548e+00
3.344385234710849364e+00
4.412474902183762815e+00
3.893792983074884972e+00
3.903616672675600530e+00
5.056134601536560247e+00
5.414353963855138119e+00
4.083500065086915320e+00
5.376598139583832037e+00
3.409307770445199282e+00
