6.278574600416458651e+00
5.608033321642440505e+00
5.405044913713679122e+00
5.546146613253677415e+00
6.282916242403255858e+00
6.126573228605505683e+00
5.579994926858956816e+00
6.092165162025232839e+00
5.741400822366083290e+00
5.406901692388553116e+00
4.370116822340438745e+00
1.275317860629535893e+00
3.287549549597842624e+00
2.707916598536329378e+00
3.670628429383794078e+00
1.660619357829269394e+00
1.490022775147537448e+00
1.865696317508516833e+00
2.052549895594753426e+00
2.090446771548938099e+00
