6.283161888602177392e+00
3.811081992585937162e+00
3.761653150066349927e+00
3.895378757344870047e-01
3.519568522646071340e+00
1.428395479713400418e+00
2.488184427470524263e+00
3.471983910116883898e+00
1.466561662461087323e+00
1.153225625125960274e+00
2.811294138537142384e+00
2.408195068832498453e+00
3.482578728535413504e+00
2.503630645934303622e+00
2.506645755007459009e+00
7.525210191597139220e-01
1.963298665631199036e+00
5.845138401625920022e-01
1.945489734599102460e+00
1.357305879986011321e-01
6.171811340095728193e-04
4.041453653318323836e-17
2.011559739201812652e-05
2.976956946301898283e-18
1.031101264591030908e+00
9.983240590033189976e-01
1.589126901811785050e-02
1.054852732650395085e-17
3.360953478964237838e-17
7.450896006607737182e-04
