6.283117824147611330e+00
6.206693409143010598e+00
4.803941422891417012e+00
4.927261623287163772e+00
5.932086045536030028e+00
4.373418937510013649e+00
3.466746339054597836e+00
4.246316882169205442e+00
5.308550606676768702e+00
3.870570987435618893e+00
4.486438143351081820e+00
4.269184263999636464e+00
3.182085029422647260e+00
1.834865381820612429e+00
3.898155235521024053e+00
1.811769286245501043e+00
1.477249165837331013e+00
1.193181085615247827e+00
1.444177113821554670e+00
1.635004711269203659e+00
1.381152461388434283e+00
1.325929910239292298e+00
