3.804949298171794503e+00
2.624878630136946445e+00
6.929155405819316105e-01
1.121540356280209760e+00
3.668165861874858602e-01
1.795349380583098342e-01
2.632624578353093790e-03
-6.776263578034402713e-20
2.573403011189330861e-02
2.888621362783461155e-02
1.026951788098120266e+00
2.547557085072811936e-02
3.717352399212980885e+00
2.405262977887636655e+00
4.725924047276198969e+00
1.772457709760280498e+00
2.486343201976296768e+00
3.430561412344242278e+00
2.424836246912171589e+00
4.382899295969273190e+00
2.386496601866769485e+00
2.405921820741036221e+00
2.418155814794861413e+00
2.436478676360744444e+00
