6.282879692976827357e+00
6.075966997521380364e+00
5.320360303486228126e+00
5.607000085996323158e+00
3.690237608236161204e+00
3.174837018321650106e+00
2.864320252581873838e+00
3.654456157086983126e+00
2.414703711700604050e+00
3.010626016479026390e+00
3.467930778311942408e+00
3.467091896901663528e+00
4.227472538966128290e+00
1.268623979842535165e+00
2.969792148288490363e+00
1.740963922094632021e+00
3.826437301786894452e+00
1.813885555183199161e+00
3.260857581048298925e+00
1.884307996069442659e+00
2.098278814408671256e+00
1.747731034789931970e+00
2.179388698391064860e+00
2.179602447143692334e+00
