6.166823682292134734e+00
6.057752773237505828e+00
4.084630870787094636e+00
5.461160464855624674e+00
6.282803865526672027e+00
4.206709568662556187e+00
3.202497342360822064e+00
5.289888522597411047e+00
4.915488988512938917e+00
3.688087402346265087e+00
4.204312517254353843e+00
5.409091589306808778e+00
4.650548329712792750e+00
3.999924722272152344e+00
2.685707697123187021e+00
1.566540837484738269e+00
3.379101056921650414e+00
2.658177243202251461e+00
1.421155708386902194e+00
8.543080197263824838e-01
1.383878309862647704e+00
2.344327692693058740e+00
1.076656466828751935e+00
2.208425716778526837e+00
1.857738824865353688e+00
1.871435961747037080e+00
