6.283185307179586232e+00
6.283185307179585344e+00
1.713655201282871410e+00
3.979220581857437544e+00
8.585742936905546019e-01
2.109412401111848023e+00
3.200965666866540271e+00
1.757716527582193766e+00
2.840576611633668147e+00
3.192927735093987973e+00
2.916670550088119818e+00
3.178735155316628536e+00
2.894655128321374615e+00
5.433130614472642783e+00
2.530238180146130222e+00
3.495196579387784386e+00
3.570239660712309249e+00
3.587869170927237228e+00
3.999892449148653384e+00
3.738707688858754263e+00
