3.514954516904390314e+00
5.122748899308843029e+00
5.064384165042350894e+00
3.568156249178916717e+00
1.528730086322720672e+00
3.310074796859719282e+00
3.182254579186166055e+00
3.230275409805562159e+00
3.166105452088400884e+00
3.241765456456807026e+00
4.188989672648975926e+00
1.429510962827160281e+00
2.223497386278648236e+00
3.078505089149830010e+00
5.281469249311959047e+00
2.309837655717967397e+00
2.442767326981400533e+00
2.350680454988481216e+00
2.330580262579846629e+00
2.354866971894259642e+00
