6.283185307179585344e+00
6.142223905002144768e+00
9.928734191681909405e-01
3.880109468094327774e+00
5.756016116549612649e-01
1.711654867335643981e+00
2.980544504233718417e+00
2.116754020948456105e+00
2.763855035551066930e+00
2.774613724167735551e+00
2.908025118696797140e+00
2.783499914275814557e+00
2.416514574154254191e+00
3.252690732904039983e+00
1.868204609632012403e+00
6.283185307179586232e+00
2.738822537694339587e+00
4.165794285671863939e+00
3.275400448657395547e+00
3.431943307251062336e+00
3.820256855671789076e+00
3.227702935788118399e+00
3.222681596581486119e+00
3.217981132420844936e+00
