6.166380600631571340e+00
3.250503161202295654e+00
5.098336207142573073e+00
4.048591121094107237e+00
4.952331767796031237e+00
2.948764273002538072e+00
1.005955557227972141e+00
2.422146183569053868e+00
2.313088932499213435e+00
1.143175997473792505e+00
1.326368284191755231e+00
1.302520812791616800e+00
4.439374390030413231e+00
5.019119547080135746e+00
4.684864566377369144e+00
3.165203504465655016e+00
3.454550233948614046e+00
4.469508287975932248e+00
3.205425303474280341e+00
3.511340615054365788e+00
3.585650636050767837e+00
3.411012032834411123e+00
3.568136301482172090e+00
3.313891608818151813e+00
