3.744764934439995141e+00
1.598800318500203543e+00
6.431422053018086560e-01
1.142163522248350160e+00
3.312483816234454426e-01
5.525163309087791584e-05
3.134645859161338811e-05
1.748059129432127785e-05
3.067536521750911484e-05
9.585281672410946456e-06
3.752795424686947268e+00
1.602544915765067080e+00
3.721464974391581304e+00
1.779187018518670893e+00
2.554205694694072992e+00
2.480914128547545783e+00
2.489828975206902051e+00
3.935602530826543433e+00
2.350208573374854559e+00
2.407472600433757215e+00
