3.703000320992334782e+00
1.689060017444006023e+00
1.002308525452277443e+00
4.966574245616330319e-01
1.410034492103858561e+00
7.559536372793461689e-01
1.774917065561731677e+00
2.766023192568539457e+00
1.765849784453877191e+00
1.765812719822084986e+00
4.924204582821755055e-06
1.045452733519182553e+00
8.907818256111242894e-01
1.062388914983361854e+00
6.229108663195566109e-01
6.575468363434672225e-02
8.085464363150070277e-02
8.089015834562876539e-02
8.087698874422641349e-02
8.086205501246347682e-02
