6.283185307179588008e+00
2.836828115929943994e+00
5.233464678271932513e+00
6.069076533131545048e+00
4.783860484760950271e+00
2.940096387020908697e+00
1.407997108026538546e+00
2.214152439957545404e+00
2.284263878649833934e+00
1.117942552092896502e+00
1.199473094795012296e+00
1.195643115515683919e+00
1.238967763092056584e+00
2.185494306137938381e+00
4.339844705470428998e+00
4.947255574207892970e+00
4.502227036975971153e+00
3.120206084088831933e+00
3.265876074096510262e+00
5.264222718142383073e+00
2.994525904005768346e+00
3.432337643289793849e+00
3.510838337411662735e+00
3.344564531959947296e+00
3.339585496043118606e+00
4.327202376855880495e+00
3.231860951240347557e+00
3.273323427052474699e+00
