5.966933955150248714e+00
3.836476983171555499e+00
1.658949705229279425e+00
1.329929010173537041e+00
1.644826276257354225e+00
1.132703168672390515e+00
2.404353617989828714e-03
1.623357761709260175e-02
1.013216488887554514e-02
1.291282530258088673e-02
1.188679168621476379e+00
1.428888691957274970e+00
2.132057953637959274e-02
6.924973939669982677e-21
1.057331349564114120e+00
6.594431965513713513e-05
1.594890876517367911e-02
2.410250199370567170e-02
-1.586447222794339367e-16
6.290769199414660874e-03
