5.341762673123978900e+00
6.283140909047980394e+00
5.816026206961322664e+00
3.858974532284346282e+00
2.340785468762092147e+00
4.163965764091398292e+00
3.147123558863173631e+00
3.079500652219401946e+00
3.862671143058522105e+00
3.194527302315842032e+00
4.253121354571603341e+00
4.240145679379478949e+00
3.064851154888194262e+00
3.111795307095032825e+00
3.973483188763013096e+00
2.146820250928472618e+00
2.011201416056189295e+00
2.833148839707397393e+00
4.982856364946728789e+00
3.187089204918210683e+00
2.261196656882652700e+00
2.137886610107986307e+00
2.166377414145740143e+00
2.259633528572283723e+00
2.144674151511537286e+00
2.100107256833520175e+00
2.112429386476760929e+00
1.991820345616353460e+00
