6.283040880896050062e+00
5.868204521060005341e+00
1.524134130065469606e+00
3.776271741366013401e+00
7.233739822189506619e-01
1.778181343369436895e+00
2.883233781710198951e+00
1.685158057645204321e+00
2.811553729489627340e+00
2.870167517889954389e+00
2.826992963323713859e+00
2.502963942849920631e+00
3.188995770071070712e+00
2.624354437784588878e+00
5.404393236823993085e+00
2.339463760389276725e+00
3.154948412951376291e+00
3.350226834103052553e+00
3.488176308351476518e+00
3.848322280460542810e+00
3.240781461614488990e+00
3.277737958533741836e+00
