6.209900924275969736e+00
4.343674070874544491e+00
2.730818001219761371e+00
1.941729999097098203e+00
3.498514193971515418e+00
2.199364029900876982e+00
1.204060028046801019e-02
6.440113228479081922e-03
4.276868872874283606e-02
6.413708205996060006e-04
1.207502515937028814e-01
8.619188847132472353e-02
7.866482552089244795e-02
3.839643110543802806e-02
3.646858336105934101e-02
8.644981139757506039e-01
3.529030176919847772e+00
1.001686664271834060e+00
1.655841998320699889e-03
1.113631888064483100e+00
6.160749387668912683e-03
9.248965287827586312e-01
1.661663771265071976e-02
8.938362038843349067e-02
6.590214338982927633e-02
7.773295118822200721e-03
1.284883233092045003e-02
1.334532663715880740e-04
9.463705519312786557e-03
1.419133230018259847e-02
