4.555937355303885106e+00
6.157879712664472649e+00
6.122868905319107213e+00
4.028746142540794217e+00
2.517141212145099782e+00
3.360098238510269120e+00
3.086388987616357049e+00
3.199958312310461572e+00
3.138499332833164068e+00
3.193843267546416342e+00
3.231281209689185641e+00
3.230247715736109360e+00
4.169850569280987074e+00
1.403909781991069972e+00
2.203853948973583776e+00
3.081244674787684268e+00
5.257150054461814825e+00
3.303881754571465379e+00
2.411521408679887735e+00
2.323113860787274554e+00
2.293538812339521726e+00
2.321290433052998647e+00
2.321686896863335292e+00
2.338344339346676293e+00
