6.283142053453555143e+00
3.391613913234454269e+00
2.765082494598437801e+00
9.425701119339920941e-01
2.514990312921060234e+00
2.130567456381579294e+00
-1.016439536705160407e-19
6.901963737544231255e-05
2.576265121135472205e-03
2.781024968497584535e-04
4.602170941684080585e-03
4.175487676102263013e-03
4.172946960586502128e-03
8.462756000741441520e-01
1.469304212847937219e+00
-2.063815628319804049e-20
9.066748835688052521e-04
7.583361529269067036e-01
1.080248408846284534e-03
1.000022109449088425e+00
1.373131047765198572e-03
7.191828894757540511e-05
-3.930232875259953573e-19
8.922285784767419736e-03
5.626568292128480454e-04
5.253480276341422877e-04
