4.965043709140292805e+00
2.967726848895123837e+00
5.402624738625784850e+00
3.811350121517555145e+00
3.820066713190325647e+00
3.284664441553426517e+00
1.249442551421655834e+00
2.462837512229413939e+00
2.462737904715895265e+00
1.462810461485206437e+00
1.462773487849117204e+00
4.499935913209005989e+00
5.071707956851561505e+00
4.870218624671985630e+00
3.378242595793909064e+00
3.702464805830530281e+00
4.598361730359993516e+00
3.479653266334083561e+00
3.728234430276176514e+00
3.728187246777314723e+00
3.728206839787639559e+00
3.728238916050861995e+00
