6.283184307983010086e+00
2.946170277189542830e+00
6.244736254533643560e+00
6.046005589293010019e+00
4.763036732966168252e+00
2.930080071382353601e+00
1.877351055700537730e+00
2.194033764914501194e+00
2.263087180302790102e+00
2.124237968832866752e+00
1.167372857529667129e+00
2.200930069766730224e+00
1.201082598058745399e+00
2.156056786944080983e+00
2.164344907993390965e+00
4.311969188211092430e+00
4.935405101190073474e+00
4.490741236065360020e+00
3.090172164073146099e+00
3.239219242949881394e+00
5.236013454651886612e+00
2.982054941483974542e+00
3.394342466694273863e+00
3.466562670011986036e+00
3.323101355584566541e+00
3.321700620206357257e+00
4.297109775878413807e+00
3.195259120574441170e+00
3.234118435961754745e+00
3.255476920801262608e+00
