4.802429252813325000e+00
3.630579662143234021e+00
1.713111468830501138e+00
1.117232528690512705e+00
2.352764637682194793e-01
1.842804948731421311e-01
2.857490942576842823e-03
5.447680084734751217e-04
3.501734899305217891e-02
3.121392133814948969e-02
1.025155549172834357e+00
4.380254559950889220e-02
3.000858645004821426e-02
2.964352947894012200e-02
3.687463624703794185e+00
2.386932641465697280e+00
4.720510285230463232e+00
1.766310123017623024e+00
2.482914492189157496e+00
3.449608942025563785e+00
2.445559188447908650e+00
4.375092612066304731e+00
2.389748995599015213e+00
2.458648065259998017e+00
2.453631096331058803e+00
2.433309255301383978e+00
2.439703591206411115e+00
2.440020327083622931e+00
