6.283185307179586232e+00
6.093898368681927025e+00
4.602064253443219677e+00
5.842996758274785485e+00
3.657790831764849759e+00
2.491176240307442669e+00
3.597704570702708882e+00
4.619106471129664548e+00
3.049384954098261602e+00
2.348685014236705726e+00
3.093011287061019132e+00
4.237980801489752203e+00
2.836008326807304414e+00
2.774964507384102941e+00
3.134109409997260620e+00
5.071561910003616447e+00
7.838153461777649378e-01
2.408084948565321515e+00
1.119477688218206479e+00
3.748452159297835706e+00
2.643142580099764771e+00
2.763945896929298929e+00
2.616055574020815122e+00
1.757747933049099931e+00
1.189240553268626543e+00
1.768723613986800558e+00
1.524311929075460759e+00
1.272112097345304838e+00
1.887107605032106949e+00
1.892611650239620635e+00
