6.207953406144827824e+00
5.954716756531986732e+00
6.560070372753249446e-01
3.497825152421365935e+00
1.766247290872639653e+00
2.073964021178967165e+00
3.042411672145018287e+00
1.653152088743716774e+00
2.012817319186368525e+00
2.243899915081608132e+00
2.806932161214965138e+00
4.212544012539553684e+00
1.544127921523404945e+00
1.596343216078988103e+00
1.523232346030868989e+00
2.915113613711953544e+00
1.648820894669120518e+00
5.455158060448848545e+00
3.131522667065411270e+00
3.745178697404593304e+00
2.985607517626114760e+00
2.328180633644115982e+00
4.520439104332401037e+00
2.071155691648089547e+00
2.534771123690497507e+00
2.707565039564964415e+00
2.839194711937088389e+00
2.725694043255432852e+00
