6.161587519136548785e+00
5.951685039716909209e+00
6.209509264692195663e-01
3.483753580102447511e+00
1.754501528050127490e+00
2.063156509210007705e+00
2.992454925285710221e+00
1.639232504345781827e+00
2.000794465100232955e+00
2.108614120488151222e+00
2.777930031776932651e+00
4.269552744608260397e+00
1.769157892257249509e+00
1.589213052321816422e+00
1.594054636431806671e+00
1.520015557501070758e+00
2.912939300152679767e+00
1.660112163341111557e+00
5.467365094604191178e+00
3.128335746611158097e+00
3.741150460735258143e+00
2.984082540239850090e+00
2.305443345509711861e+00
4.520084252551087367e+00
2.056592831452026537e+00
2.531528843124247086e+00
2.704581473556181948e+00
2.838121918443637259e+00
2.721696628847614097e+00
2.720874265011425042e+00
