6.266356493810994799e+00
3.239105148218985875e+00
5.065190680610368368e+00
5.128194105466062247e+00
4.800647141794314621e+00
2.872484237876767654e+00
9.046414084406576572e-01
2.264900648235066871e+00
2.251866502126592895e+00
1.063696674151636490e+00
1.227212595607451107e+00
1.238754465501263891e+00
1.221792098672369598e+00
4.324220443391289415e+00
5.022154689192798394e+00
4.531768845627685671e+00
3.099196565871166875e+00
3.326186330048586104e+00
4.350914889133379759e+00
3.094582852217139912e+00
3.483330601424830864e+00
3.501345642208816944e+00
3.336733597069636570e+00
3.441162542548561465e+00
4.344546016530962618e+00
3.300948083510250708e+00
