6.283185307179588008e+00
6.276249601448512294e+00
5.255196978005240993e+00
5.610873275760461354e+00
3.848249931536150914e+00
3.481307653586722672e+00
3.141484030358725921e+00
3.894625193036605371e+00
2.742528762060301162e+00
3.502756282744653227e+00
3.603883735087842766e+00
4.574152398259172081e+00
1.698917298602808934e+00
3.081865389705666924e+00
1.695483248255811981e+00
4.131352815925685817e+00
2.074490553206901566e+00
3.482855083785394879e+00
2.045143034566399454e+00
2.294650249140436582e+00
2.178849790644122209e+00
2.473941486042857463e+00
