6.283171398159175247e+00
6.280240220746266644e+00
3.751814211457228154e+00
5.751529893023364259e+00
6.266248966221180439e+00
4.174661593233579104e+00
3.067175907189292783e+00
5.416166043035105737e+00
5.912730265237221339e+00
3.027888160172674592e+00
4.057113388121971198e+00
5.139354043051643117e+00
4.515242423676771644e+00
4.335963543563813083e+00
3.513503884604597172e+00
2.580207327035601850e+00
1.341730887563166830e+00
3.102077135490270532e+00
2.504235809480085173e+00
1.071331601233239006e+00
5.757841363360356457e-01
1.083598186729346047e+00
1.900509568520163617e+00
1.071078284925614632e+00
2.092114647351321466e+00
1.530722351658537539e+00
1.631826363901611732e+00
1.531175965898541547e+00
