4.567165377858533937e+00
6.167793117671383385e+00
6.127863410114917642e+00
4.025122002471793081e+00
2.527620579891744157e+00
4.359440316430843509e+00
3.134047578684976632e+00
3.273496839778909706e+00
4.100569571385271672e+00
3.275602465589602552e+00
3.230713107171727216e+00
4.230092813780104599e+00
3.228634850820852886e+00
4.170670261847913451e+00
2.408181695632949815e+00
2.205853944686591017e+00
3.069184357500461147e+00
5.259245864991972219e+00
3.297244191109971467e+00
2.415284054951007953e+00
2.317644248042680211e+00
2.297422846328052604e+00
2.306884723059307696e+00
2.314264458005753866e+00
2.334907031181844506e+00
2.333971386701943818e+00
