6.283180005262093637e+00
3.815016078282782885e+00
3.757149918230796803e+00
3.914072797205363496e-01
3.513699580953061119e+00
1.428990478746008375e+00
1.492391220281438446e+00
3.471410137314084654e+00
1.465292976215999854e+00
1.151855042656426242e+00
2.809436167326993861e+00
2.410660440376298563e+00
2.479136383006419919e+00
2.507834481066991472e+00
7.454776592648844069e-01
1.964051354232638991e+00
5.767780877084476288e-01
1.943933666937990523e+00
1.375617404042293324e-01
1.034104832486848436e-04
8.331249724123902621e-06
-6.106226635438304766e-20
2.503587394475283319e-04
3.147504388150958871e-02
4.907044750884457938e-05
8.009881006743556613e-05
2.793338680850814557e-04
5.415003088031322513e-04
