5.982533993224070201e+00
6.032854192939687721e+00
5.585434477159988198e+00
5.861761706237484049e+00
4.158000822542588182e+00
3.711608863027380245e+00
3.497143934543677446e+00
4.187177895930332738e+00
3.751210756689105086e+00
3.719448623590560388e+00
4.856459970161034256e+00
1.951233145909646804e+00
3.143706910753141237e+00
1.890368519188104557e+00
4.023505570533261633e+00
2.363157560275297442e+00
3.817216496979884077e+00
2.369276918566237455e+00
2.481053887618220877e+00
2.475535474319987550e+00
