6.055484741097592938e+00
6.129547699953741713e+00
8.224343842164365537e-01
3.586041579186216133e+00
1.943167189131765671e+00
2.173530957220732418e+00
3.183806826331702311e+00
1.764866628062396359e+00
1.729025605535446264e+00
2.382469186967548058e+00
2.888637897546022071e+00
4.358383968948434273e+00
1.709739083968535800e+00
1.609345041767876516e+00
2.922712631111716863e+00
1.650415440835469649e+00
5.609289756443067709e+00
3.246149385241906771e+00
3.896746994565867706e+00
3.128389291916517490e+00
2.472188438213723138e+00
4.791076713327737657e+00
2.169914514415614892e+00
2.644264235244780714e+00
2.844105881937801783e+00
2.906505770179530490e+00
