5.799670987724051763e+00
3.642013096386464532e+00
1.720482820915735678e+00
1.124320128781294725e+00
2.472532112589735376e-01
1.847575785744488830e-01
1.381997394107603756e-02
1.024566682361113812e-02
3.050712198496648153e-02
3.159176264796152971e-03
1.025539371076594097e+00
3.460434363179878958e-02
1.008740353353859032e+00
8.640403121464407601e-03
2.652827048616606884e-02
3.667329744026241567e+00
2.388839033780818077e+00
4.700025956702816643e+00
1.758731484299035586e+00
2.468324224108608078e+00
3.438711538512422283e+00
2.682356627542654692e+00
4.434659837665411608e+00
2.388290966665663095e+00
2.455182301013711932e+00
2.452359398577105054e+00
2.431862021233745175e+00
2.438355285872833456e+00
2.437880443709290468e+00
2.439058580136886700e+00
