6.283185307179586232e+00
6.275081488852248590e+00
5.820457886346974696e+00
4.868308406933542720e+00
2.323227144249198073e+00
4.162507241086212062e+00
3.115816481921926506e+00
3.078941373410084559e+00
3.859661818536059386e+00
3.201559215650132462e+00
4.235497867918074810e+00
4.218282962637221800e+00
3.059286471871525137e+00
3.109068292901282948e+00
3.139257077687170661e+00
3.978955430857237463e+00
2.115654067078059697e+00
2.003590674990029186e+00
2.801789749244101291e+00
4.990055790079025222e+00
3.345266277718070391e+00
2.387349009487638618e+00
2.134386570900914215e+00
2.162688625656432162e+00
2.249313524236833839e+00
2.151948220027477987e+00
2.088469851981518577e+00
2.116276058900795842e+00
1.989487743003363063e+00
1.990354776386681346e+00
