3.942424805292039924e-02
1.936613557919349181e-03
3.764280215221496198e-10
7.627864610109403865e-01
9.039532561342406014e-01
7.451909496620483520e-01
2.891011748036435680e+00
2.781196302951145949e+00
3.768534345158433663e+00
2.767580982647665611e+00
2.314586657696595218e+00
2.445745112990188874e-01
2.782247637479636215e-01
9.994970099107151949e-05
3.246884564366326886e-01
1.659318753197993029e-03
1.747046087669515239e-03
2.493508558283815679e-01
4.890456481776730979e-03
1.017802577379653545e-01
