4.608634774713617210e-02
-9.615793462718553020e-20
8.780611096806668625e-01
7.356398178019438738e-01
6.815310106144744084e-01
2.757320495085171519e+00
2.974461502772371535e+00
3.902337545813729047e+00
2.639899906597165558e+00
3.285122398396101318e+00
3.450344619801719137e+00
4.375118830992227537e+00
3.132041889047188388e+00
3.113575184581095279e+00
2.844207313107355972e+00
2.825964246269662361e+00
2.995475945258845307e+00
3.006658577337906646e+00
3.961293849038148185e+00
2.713736954781782451e+00
1.712311501675109759e-01
3.382400564634405454e-04
3.157699301781620727e-01
-1.094738703712579071e-19
3.041095930324153387e-03
3.320833242286351239e-01
2.093634276753933085e-02
1.471773092817718065e-01
-6.558961071995425845e-20
8.084148590996459438e-02
2.178298702443578691e-02
-1.684498608630725434e-19
1.882313378668086165e-02
-8.390066974290945217e-20
1.907781708426984864e-19
4.003687962622545782e-02
1.684724915673326689e-02
5.570257128167123949e-03
