4.037184809052043327e-02
2.103552789425110203e-03
-1.935598921298795127e-19
7.594775973468683716e-01
8.891733061968462026e-01
7.415862449587297123e-01
2.954489333506451043e+00
2.701434383188716204e+00
3.737730082678268229e+00
2.750023539447498333e+00
3.383449836152843115e+00
3.403783834252229745e+00
3.225516686417405854e+00
5.203635118184195996e+00
5.445237189957661705e+00
5.432633408351752458e+00
2.299053752416934326e+00
2.643009719161181770e-01
2.881680468660223760e-01
8.369255543377503452e-05
3.349218977747881465e-01
1.247832678373887163e-03
4.542453533036020440e-05
2.813991186918242127e-01
-2.710505431213761085e-19
1.277098725010479829e-01
3.057031495487627648e-02
6.704998905783764174e-02
-1.761496793733223236e-19
3.620301126048846088e-03
1.459837243532778953e-02
4.673511722790032324e-02
