2.010622981670755482e+00
5.442030720785636655e-01
4.992708124841775952e-01
7.256474050177023072e-01
2.020677244092264679e+00
1.043413513997088815e+00
2.515055020612228187e+00
3.228967807511724519e+00
3.207659353423378157e+00
3.455359502357427282e+00
5.970691812809606480e-01
7.317253992242194194e-01
2.212080297477078336e-02
4.515299925154422356e-01
-3.252606517456514265e-19
1.229517648698755350e+00
3.055045884389361976e+00
1.428596187519194372e+00
1.676834646402915574e+00
1.467568836064727211e+00
