2.940941822448476378e-03
4.360737352383303289e+00
1.918968030001453995e+00
1.466350746442801389e+00
1.308726435349898409e-01
9.982872158329727519e-01
2.061121985925781441e+00
3.771691026491601928e+00
3.416019798388023165e+00
3.413884960797300305e+00
3.515594642704695794e+00
3.141968577735443802e+00
6.270472493922825130e+00
5.374305576134764451e+00
6.246723562188539525e+00
3.284596409370639236e+00
4.832298885757142948e+00
4.596454253980255977e+00
4.394240110438754066e+00
3.180118914763994997e+00
6.259081418899004490e+00
1.571280349542722332e+00
2.386468792827956431e+00
1.406021191979593965e+00
1.550850993552132628e+00
1.569406564020550121e+00
1.263422640160967392e+00
1.592810459963880376e+00
1.549408169687695791e+00
1.609642088609345656e+00
1.497700544098481856e+00
3.148940375686058779e+00
1.695976909908524899e+00
3.032324961642024252e+00
1.600792529785205254e+00
1.445509362176466528e+00
2.819061234508486891e+00
3.011410680700494780e+00
3.001353366072018414e+00
1.683436669312751155e+00
