1.111697583132370548e+00
1.994184302158371613e+00
8.093122137313887299e-01
1.518541392116991240e+00
7.917172526432628699e-01
3.056643446601302383e+00
3.038085767678578186e+00
3.056719856148599312e+00
3.560309694205054498e+00
2.494709059392622663e+00
2.420054762868896425e+00
3.507285450503473623e+00
3.348501686114151887e+00
4.480997758736924297e+00
4.234152886204543442e+00
6.281348981681520449e+00
5.510595054734721998e+00
2.596689910302631139e-19
3.791874384717454083e-01
1.835443005122707946e-19
1.897353801849631556e-19
2.501727328031471131e-01
2.769507252292365829e-01
8.424847733369478231e-02
1.574648834313414625e-01
4.846804423943566580e-03
1.502408881976347033e-01
9.499457760907024234e-03
1.385394976095031816e-01
2.992126099152505551e-03
3.143036983146947627e-02
7.526411534489983735e-02
4.860484054422732798e-03
4.425701397829152894e-02
