1.352741388992195093e+00
1.744288424375389779e+00
2.053140715274772266e+00
1.067930517558076664e+00
6.842971874666310406e-01
9.264156411901715016e-01
4.694684426392321808e-03
1.335838623499993938e+00
-6.760796644167675238e-21
-4.138776037595601343e-20
4.235014414199885975e-20
-8.943016669074371297e-20
1.226403069113678097e-20
9.853033452500412051e-20
-7.665649571484880722e-20
5.023387600583675742e-19
2.463877916964753601e-19
2.080980166177114917e-05
6.105749272078604163e-05
-1.353542000498619862e-19
4.065348133102046901e-01
1.105765873591551401e-03
4.125017489875983379e-01
1.597369608025297511e-19
8.995221659206584230e-02
2.256411425744839390e-03
8.541074602995372966e-02
1.887155470792965459e-02
4.751725459535541610e-03
1.507415814398985025e-02
6.895468976202118573e-04
8.477515566224636326e-03
5.426645691157786291e-03
7.589176286900820370e-03
1.528494670242908533e-19
2.897446930743693421e-05
1.668990324931451507e-03
9.466459589058042346e-04
