8.227994539292325660e-02
4.004766890448734351e+00
1.781209835393873508e-01
3.860407608847144179e+00
6.936804777647537223e-01
3.246566448240788549e+00
2.471872221425191807e+00
1.415744451572616303e+00
3.525996357659613167e+00
4.598707873919063438e+00
4.423573972783742647e+00
4.637027807273613078e+00
1.338160889675374499e+00
1.525763536337897852e+00
1.603854563436000635e+00
1.625493058328806750e+00
1.545976975550901633e+00
1.576441377501526908e+00
1.593403848662942046e+00
1.526548045389981567e+00
1.455026436970384252e+00
1.543479321810260707e+00
1.622311457148789771e+00
1.601523065015600489e+00
