1.352160499010575778e+00
1.745005705339353952e+00
2.055928291590246815e+00
1.065736585871218445e+00
6.815898955812915716e-01
9.279321871292796065e-01
1.804021069133041749e-02
1.318471967753935159e+00
-4.042531193152433943e-20
-7.102544063576288149e-20
-7.059458347924447896e-20
-6.439020862030431069e-20
-7.767449908476127510e-20
4.037155852229584174e-01
1.096963863873545025e-03
4.200660884456557942e-01
-2.474366592507142002e-20
1.067170903190045594e-01
-6.356025467497641382e-20
7.011176739714172768e-02
2.451903476147690789e-02
6.073759405348828910e-03
1.929569921011266634e-02
2.465064465161003263e-02
