8.797899022807299796e-02
1.703355728489306387e+00
1.949477935951143270e-01
4.369614603596609914e-01
1.270193060611951585e+00
2.055593084635179313e+00
3.564407855053402407e+00
6.004733204366493382e+00
5.618201135911975008e+00
5.556275868809994911e+00
6.282938640630525207e+00
5.570383060884585014e+00
6.126569031796137210e+00
5.890358311678184577e+00
5.916356508227085698e+00
5.814126898696076573e+00
6.088458833285446126e+00
6.097455890937435008e+00
2.534483993661944101e+00
7.366588516868063374e-01
3.600666377577176336e-01
1.232431399009043388e-01
-1.545185883493601166e-20
3.108619741582348348e-19
1.375918154193970788e-01
8.427639584688823016e-02
4.037350330451145547e-20
1.101207899192790524e-01
8.085082635845468324e-02
4.739569794124129376e-02
1.300654808200653045e-01
1.462376132304927800e-01
2.620735384795844225e-01
2.213357699054269156e-01
-4.481423531090770866e-18
8.742336249420044891e-02
