1.072753999519645784e+00
2.023111012484736460e+00
8.205997883363137513e-01
1.032486947467343930e+00
1.243143734628850083e+00
3.052012172366094234e+00
2.921263458430833904e+00
3.096314849265476621e+00
3.339093448017003141e+00
2.423339956254399574e+00
-6.776279087670889286e-20
4.660175240876980873e-01
6.269669406466533024e-04
3.406415632932757108e-20
2.314189503860347441e-01
2.277038368363798471e-01
3.901809747095283387e-02
9.928084715480224587e-02
1.683726149832125629e-03
7.717653857679684926e-02
