1.121992121215346083e+00
2.042200656151074600e+00
9.918834683628532378e-01
1.502381491298599103e+00
5.852970850351394416e-01
3.155486873774742129e+00
3.079311767593135407e+00
3.046000317044982530e+00
3.384914511911439217e+00
2.701170354418578778e+00
2.494772627566178791e+00
3.527354815193513904e+00
3.004711132098156323e+00
4.806598193856304491e+00
5.734220816297911583e+00
6.002550819616652156e+00
5.969000191217971540e+00
5.602397965581061179e+00
6.020916633018639885e+00
5.969733971067060274e+00
2.189539070783282234e-04
1.546195160050524708e-01
1.019043326910525418e-04
1.685420371440672952e-04
1.498566513849405035e-01
4.657463332740303108e-01
2.556352139306716786e-01
2.760152685512148873e-01
2.879912020664621153e-19
1.506015597376943460e-01
-1.572093150103981429e-18
1.622706379520671149e-01
3.566057265157551032e-02
4.388360814986423664e-02
1.478719071520773719e-02
3.403535891903155565e-03
1.932094787937636143e-02
8.924282953383372297e-02
6.633127786428359707e-02
6.233336733208208469e-02
