1.353246679054567192e+00
1.743900459137038172e+00
2.052549920123485805e+00
1.068369452708443967e+00
6.853174386322097300e-01
9.253332592907009824e-01
6.183328289319532829e-03
1.335298060208576665e+00
3.740799101020217685e-21
1.822098530506250992e-20
-6.429866630906992612e-20
1.804033242888238802e-21
-2.998235061961347353e-20
-4.080248426244353547e-20
1.920891425395684831e-20
-7.968474171920683133e-20
4.067391290890947086e-01
1.168940661233919872e-03
4.128863615870460579e-01
2.407105719312588292e-21
8.835819229784146189e-02
1.622296661090294988e-03
8.689978637215309276e-02
2.051120834800455525e-02
5.526374214805846417e-03
1.238585750149604273e-02
1.957762591853781740e-04
9.977242606445908130e-03
9.523619774141961133e-03
4.761554687493443558e-03
