3.856060904249312971e-02
-1.467823673094889921e-05
8.845563604986032002e-01
7.691738021669729530e-01
6.886729348232828452e-01
2.764881221084003027e+00
2.961786457913448523e+00
3.851531025259998575e+00
2.695889365086916900e+00
3.323743713490927565e+00
3.471994930129512102e+00
4.473386611290277592e+00
3.264308493753557361e+00
3.262001370099090636e+00
2.687112027660154112e+00
1.451496714717680492e-01
9.115668637599918828e-05
3.429418345506606847e-01
1.258373819859798671e-03
7.694813195960802273e-03
3.073858456077070422e-01
1.098835702885354176e-02
1.283252321935845763e-01
-8.385716756356522344e-06
9.966570170669326878e-02
1.882143344959241044e-02
5.832141954918403787e-03
6.554902295586380497e-03
