4.347323624105611906e+00
1.605548224375543231e+00
1.788276173969584937e+00
2.628607029761603098e+00
2.123103989717680662e+00
1.464182975992339042e+00
1.595382834016333407e+00
2.111881367917823660e+00
2.069247189796108888e+00
7.966212966016689156e-01
9.555290207131730273e-01
3.136007598987267997e+00
1.531184192660165921e+00
2.065666010466467029e+00
1.560472745630893332e+00
1.592447383866876898e+00
1.259334855959921340e+00
1.799890072896580318e+00
1.576244168395213752e+00
1.523204858703783193e+00
1.636250582552319255e+00
1.704120149562101227e+00
