4.165949867116167799e-02
1.065565850317749515e-04
8.949176954040051202e-01
7.678083129266396467e-01
6.790421993916782029e-01
2.854455553849652549e+00
2.887250829651555328e+00
3.834011232240932099e+00
2.712087516085609273e+00
2.518716267635101147e+00
2.519678951844873893e+00
2.674999825658566532e+00
1.452360081099791922e-01
3.155132128494549256e-04
3.383265169390217708e-01
1.975812503699347824e-03
4.371280963435863164e-03
2.793985151972150360e-01
6.977119387656703989e-03
1.044651604037008658e-01
5.551115123125782216e-21
-5.325167070590068967e-21
