1.068565655841501982e+00
2.031860904491223696e+00
8.037264857383940031e-01
1.394030247849154192e+00
9.036379907100342557e-01
3.054892637141111589e+00
3.021914215372273560e+00
3.065626973474695482e+00
3.533867772931793994e+00
2.438285763062258305e+00
2.362472615761340489e+00
3.429861017486566244e+00
3.470587261273628599e+00
-6.776263578034402713e-21
4.636131452785566265e-01
1.846974915492968414e-04
-2.308164781267968424e-20
2.461785601156717962e-01
2.583192642241515791e-01
7.629645837335337355e-02
1.362654081908142578e-01
1.123256470400171153e-02
9.235480282903556215e-02
2.316769638646138871e-02
5.306084094390101785e-02
1.161683590607682018e-02
