1.352664196011462705e+00
1.744418758044414153e+00
2.052947846503224483e+00
1.067997726354160459e+00
6.842571490242133070e-01
9.262764427796861266e-01
4.964018042758138773e-03
1.335775299555579609e+00
1.500321636061891078e-19
2.841018096386086272e-20
-1.365365593050846325e-19
7.204496140241842125e-21
8.716774618148782852e-21
-1.381581485398773746e-19
2.079434559957428949e-19
-3.388378486973308098e-21
6.546306888719568846e-20
-9.172692102427749102e-20
-8.257760830095351437e-20
4.061936446118770694e-01
1.139061996368534359e-03
4.126014043374325313e-01
-5.478994376645931495e-21
8.936610806012554309e-02
2.331917166147976644e-03
8.539675493560008879e-02
1.847276709847656823e-02
5.146424674194526733e-03
1.241728281897181221e-02
4.794226523816488296e-04
9.371115029792029261e-03
8.232589864870652752e-03
7.666970495947948022e-03
1.495013151903840098e-19
4.411606552782788339e-06
1.680611710568092904e-03
