1.181577881138246196e-02
4.221781659214811633e+00
2.076699215050980651e+00
1.504184357317669418e+00
9.991944851644227188e-02
8.608088524704280431e-01
2.088703400784209574e+00
4.662408454345088771e+00
3.329762981510741238e+00
2.938378321970744889e+00
3.830015745842221708e+00
3.893297485763312693e+00
4.988970865301663338e+00
3.848728116499482432e+00
2.447880572642421981e+00
1.567380862033438182e+00
2.730397412021753123e+00
1.641172214560616016e+00
1.722383104043386792e+00
1.568076778288311823e+00
9.170575748357088219e-01
1.590438575132880894e+00
1.518466873725131006e+00
1.857425782437885253e+00
1.577701117947279075e+00
1.782747041739867644e+00
1.641479886038057945e+00
1.494620979762518287e+00
