4.635123301972622123e+00
1.654107822525347160e+00
1.602378606069243538e+00
2.604752910588235881e+00
2.128184857407129815e+00
1.502896171217604993e+00
2.287064217424297663e+00
3.681655687856798753e+00
2.057327882773506644e+00
5.219426798647195387e-01
3.151482667495976386e+00
1.549415315765837464e+00
9.975838753918739865e-01
6.887870784637996069e-01
1.769973013233504533e+00
1.795522622608238805e+00
1.792243040469291726e+00
2.663836548121371273e+00
2.341125512568041689e+00
3.758288959544329622e+00
2.958603333758835330e+00
2.941211181050364942e+00
2.179026226460944127e+00
1.564413705943580979e+00
1.835769388772625188e+00
1.183483767041179302e+00
1.772163949525688897e+00
1.649038520309921374e+00
1.673206067640732764e+00
1.396811116979499667e+00
1.864152875246694485e+00
3.041314257042325497e+00
1.698811278517409651e+00
3.043096996112999442e+00
3.021758950168939251e+00
3.093226573755013309e+00
3.125440903738692100e+00
3.103898150747733453e+00
3.100120515563876022e+00
3.107149553459192415e+00
