1.318338325663783450e-01
1.740566843464861346e+00
1.919553610111291234e-02
4.317174672746841302e-01
1.165272858237214493e+00
2.019243241153943380e+00
3.468511269864871682e+00
4.669132983022503680e+00
5.634831848945633936e+00
5.530163484422578435e+00
6.228543751568227371e+00
6.066225917320372751e+00
2.877184969740832265e+00
1.133700020688133581e+00
4.567916891104480404e-01
1.063134872338421522e-01
1.297471702395859745e-02
2.037237096438532843e-03
3.926256242025202153e-02
8.137889630684369546e-02
1.067394962031197395e-02
8.051929741626229209e-02
1.665040903072994086e-02
1.384047143909470680e-02
