1.284746034791862390e-01
1.746100005636917807e+00
1.955280106519917405e-02
4.064859129632550361e-01
1.203740281912420773e+00
2.039708504854348181e+00
3.526193044450022018e+00
4.627854839245331142e+00
5.596512451094669771e+00
5.509707103553778573e+00
6.244606655901680625e+00
6.090823120073055819e+00
6.089327867112038106e+00
2.873140491296245713e+00
1.125037757762771928e+00
4.705068528617205592e-01
1.130789941129705517e-01
9.890196337648723621e-03
-1.028287402377654378e-04
5.898859255388159972e-02
9.395419244168752571e-02
1.710061988405388311e-02
7.142705406911833976e-02
2.278600669510063431e-02
1.591457486371555471e-02
1.986125359235642226e-05
