-1.883175842897502824e-18
4.264197808774985887e+00
2.015283956577193170e+00
1.479990729409455863e+00
9.686965234089682519e-02
8.743868206487084294e-01
2.153386639276265502e+00
4.706238179485882966e+00
3.406806454813184892e+00
2.682972956446595614e+00
3.889043883851132311e+00
1.558339515497298766e+00
1.569919148580020574e+00
2.372753454591367550e+00
1.503282104288496734e+00
1.544876096178286806e+00
1.573860494846352154e+00
1.265973212698060291e+00
1.532652689088242814e+00
1.565097722771650268e+00
1.699001947414841229e+00
1.669619627948220275e+00
