1.266364543030020773e-01
1.724049189880048516e+00
1.049760773497063898e-01
4.652239329721286065e-01
1.248447939365477266e+00
1.891338188308925750e+00
3.750415165403501394e+00
5.921951476642750123e+00
5.571374980523899900e+00
5.695386936043802528e+00
6.251190490075239303e+00
5.890388784214056095e+00
6.089809577128335150e+00
5.801834413604341378e+00
5.694018067141586315e+00
2.796996481876279361e+00
1.089863105078561212e+00
3.977065258846403384e-01
9.074037072222951306e-02
2.559098291892054899e-19
-2.168735217216030079e-19
1.246823104407761146e-01
4.930180876151140507e-02
9.969795514721647989e-02
1.184293621709025246e-01
7.344145893699800809e-02
4.386005165741371260e-03
5.983882550660946792e-02
8.354818756979939809e-02
4.951722563954077949e-02
