3.872754661858615610e-02
3.851405923305147201e-03
-4.353690280207369386e-20
7.654334698229775524e-01
8.964382052922934552e-01
7.397137613533120160e-01
2.874978435982717961e+00
2.785663709768463114e+00
3.748246115162352066e+00
2.771373014205279706e+00
3.754530753380610708e+00
2.303639216574061344e+00
2.622778576134952022e-01
2.867910876338621851e-01
7.741447884372904310e-06
3.465441099493053456e-01
-1.502443074954501077e-20
5.039676906642256212e-05
2.625665616900057509e-01
7.490148489973619912e-04
1.120088972134391236e-01
4.271046692268524320e-02
