4.374285108286644214e-02
4.325760974231089406e+00
1.997113791337856936e+00
1.479917070239157972e+00
9.091812956055683737e-02
9.641745995115218459e-01
2.102248051302017640e+00
4.268398185639727060e+00
3.420458879214166359e+00
2.999666877086170746e+00
3.950057194790499882e+00
3.759650090031418923e+00
5.415210120096371149e+00
4.527575167237388953e+00
4.762444546190539363e+00
3.685511266660227658e+00
2.479811778312148274e+00
1.575399309312227603e+00
2.559722090525182292e+00
1.482049912899597199e+00
1.540858786287545135e+00
1.572790726419988960e+00
1.207640260115627306e+00
1.479411625589269752e+00
1.638293594668226660e+00
1.684567002593954532e+00
1.654130668097297141e+00
1.704548899123362604e+00
1.676664268502691790e+00
2.925216417065985119e+00
1.486718821948350922e+00
1.517501995761009415e+00
