1.353335212174109348e+00
1.743783225902858058e+00
2.053152722182719270e+00
1.067731248047989467e+00
6.843598072707890445e-01
9.264467955374611208e-01
4.632515112946789318e-03
1.335835905079671093e+00
-8.871823620276024068e-20
-9.516763367784529225e-20
-1.044553076994955308e-19
-8.896328609051818281e-20
-1.004566829178893445e-19
-9.700006242747455776e-20
-9.305952664807849793e-20
-1.018217240912059368e-19
-9.836464966272155075e-20
-6.606856988583542645e-20
1.838061495541831736e-19
2.990575450597042428e-19
5.498903653232598098e-20
4.065376585835455692e-01
1.137770869515940340e-03
4.125947769903948736e-01
-8.096191299515492178e-20
8.998350528294185580e-02
1.926240815866076157e-03
8.542899060464562155e-02
1.885901432664819147e-02
4.692840398420656048e-03
1.498729208086359461e-02
5.970903625910163387e-04
8.440740916055664012e-03
5.367556255702315114e-03
7.572672601467236170e-03
-4.743384504624081899e-20
1.047627481999691140e-05
1.592301575113383091e-03
4.906766043324281784e-04
9.528467942888149819e-04
