1.327741901325921736e-01
1.748076785816743639e+00
2.836973192536872135e-02
3.886130900694358403e-01
1.444425820419863449e+00
2.182549714149670805e+00
3.357225027140849249e+00
4.596382281364993716e+00
5.645608007855098975e+00
5.646084169631634175e+00
2.857680488578467681e+00
1.133972761400344087e+00
4.309370140318787845e-01
1.194952330329425438e-01
2.350988701644575016e-38
1.005285002770273800e-01
7.787291388568624850e-02
8.929738246351377751e-02
1.830770905386848099e-02
1.056719916498892117e-02
