7.101932854389679528e-02
4.025400984494724277e+00
1.356311506790948418e-19
3.990415783914152303e+00
4.889984691979199494e-01
3.440658083056875594e+00
2.339837085166363462e+00
1.460703243268960394e+00
3.400722838673320592e+00
6.233060794187267106e+00
5.789309819952306313e+00
4.278783492569774083e+00
5.638977515490961601e+00
5.644019552573210419e+00
5.618260879085573478e+00
1.256531870307011856e+00
1.574972464994883525e+00
1.570848678121105513e+00
1.748932223898605365e+00
1.608914484866736716e+00
1.583865161308326774e+00
1.620017498256719035e+00
1.527341280907761112e+00
1.368108782504186882e+00
1.693144972782659297e+00
1.537540177812515285e+00
1.627196059779629334e+00
1.561567408494552556e+00
1.546482260086681215e+00
1.585131284120018913e+00
