4.172200979630579454e+00
1.579631485124594059e+00
5.911653282583020363e-01
1.516435374154882831e+00
2.301354772472477439e+00
6.366119026396577230e-01
4.475115235914274514e+00
4.032222258051716857e+00
3.676846640718925308e+00
4.049567056747907401e+00
5.289112992802500912e+00
5.436221383404225449e+00
6.058239771809962093e+00
5.464301002785290073e+00
5.928157717226364198e+00
5.700467513582778700e+00
5.907112007943553067e+00
5.922646567866282297e+00
6.004068065809518906e+00
4.471287954253383989e-01
4.237471364580794875e-01
4.025964695505729329e-01
1.410996063221037433e+00
2.650072279299217737e+00
5.641537560553132602e-01
2.792161713069801099e+00
1.169030487355096959e+00
1.811532187814596240e+00
2.019453064847897217e+00
2.577052084517621466e+00
2.185142984865092064e+00
1.944326424158787869e+00
3.149553994128446277e+00
1.977698270980791539e+00
2.128415623325642159e+00
2.476203713883564639e+00
2.272869910986075936e+00
2.319522165814758008e+00
