1.136410880356909736e+00
1.976874552884870129e+00
8.587448471577074915e-01
1.469140079960163936e+00
7.928520520927440085e-01
3.060938081703114655e+00
3.040974811142894030e+00
3.024565446295450322e+00
3.554368058454214108e+00
2.503569229186717315e+00
2.493534235565558532e+00
3.560354162368736919e+00
3.352639465913100913e+00
4.463255379540005841e+00
4.491803214078372797e+00
6.261649347733524884e+00
5.904406259710702543e+00
5.541984105233504820e+00
5.661409353197902588e-19
3.721952142891933879e-01
3.162579922705114081e-06
1.870248747537495149e-18
2.769447981499968958e-01
2.754745358652645471e-01
9.773789683695385810e-02
1.729509693875410925e-01
1.534187774676842059e-19
1.533563546958691959e-01
1.177301851740617661e-02
1.774893251028385466e-01
1.141990436201956519e-02
4.989162249891147816e-02
1.040333403646553911e-01
4.287876772078234172e-02
9.329089733664323869e-02
6.529283615469914925e-02
