8.362880724581514547e-02
4.098374907325823990e+00
6.855520591467801315e-03
3.986228562290639488e+00
4.090633232390503693e-01
4.682676346436611681e+00
2.321162108538604496e+00
1.586870852378960750e+00
3.411876888330659607e+00
6.281072737115419358e+00
5.605853878345033792e+00
4.335232332644038067e+00
5.627707655444348589e+00
5.459257361689934918e+00
5.694608735839516100e+00
5.656949675727213744e+00
1.307572877496314900e+00
1.543862950404484957e+00
1.577496747843499802e+00
1.696902952368325224e+00
1.534880764473222747e+00
1.487992215226223269e+00
1.607472595883459698e+00
1.570458424104183681e+00
1.382278444832639730e+00
1.697128427701880327e+00
1.516922513614425760e+00
1.666330813553597467e+00
1.579690929664032462e+00
1.516182128619630198e+00
1.563908587645303161e+00
1.544775659372541243e+00
