3.790810948158393479e-02
1.665406952412600061e+00
1.955956091887050829e-01
4.511355671908905962e-01
1.266109265294091735e+00
2.110440541736625431e+00
3.464819385859116085e+00
6.018279090247515839e+00
5.618513008495804151e+00
5.561303866517900651e+00
6.282262562008653184e+00
5.593487957962356205e+00
6.078498994396662525e+00
5.911655480025395093e+00
5.940453378224111347e+00
5.842508253845010380e+00
6.110831303127930880e+00
6.138292274147964633e+00
5.920892456278255445e+00
2.475286975920776289e+00
6.788841985951966640e-01
3.882679396207289746e-01
1.399649343544143443e-01
-2.456395547037470983e-20
-1.338312056661794536e-19
1.504736177422915933e-01
6.601521284374621545e-02
3.349750608594740872e-20
1.151626307843608699e-01
7.732466229549696257e-02
5.863197721348714642e-02
1.478186794241276025e-01
1.546312238289128393e-01
2.839443677593926352e-01
2.182991370834806433e-01
4.901655251924267459e-04
6.128037068299498069e-02
5.436934647915792063e-02
