4.107686494013493977e-02
-5.107231864839882975e-21
8.789272953984893499e-01
7.760974785380889696e-01
6.850604747434972941e-01
2.766561822584849395e+00
2.955090257486544747e+00
3.828236674362929470e+00
2.697798280805615345e+00
3.443932944027744192e+00
3.477172246937354494e+00
4.637144264732514287e+00
3.385646617080804610e+00
2.681958706047243624e+00
1.420135565889114604e-01
1.894123110768720203e-04
3.337439502068110797e-01
1.514812869917072551e-03
1.022639022872067274e-02
2.981336451102283847e-01
2.994445283983044421e-04
1.239728897128807295e-01
1.924791543658904702e-02
8.295934116012791681e-02
8.527742541451280994e-03
-4.328894653068714728e-20
