4.638613536572039564e+00
1.654835210689626024e+00
1.611859984437283622e+00
2.639599325022463638e+00
2.120727480277454280e+00
1.494170988804068845e+00
2.362203600146774551e+00
3.668257274030100934e+00
1.975435130178070597e+00
5.300675923898204855e-01
3.153972357474648991e+00
1.592650872750583035e+00
1.011573054787733295e+00
6.895703700792271684e-01
1.734226118508930936e+00
2.958417210562046762e+00
2.921387594714000890e+00
2.119007536825526561e+00
1.565845374153653546e+00
1.818666060405390805e+00
1.199606489997753656e+00
1.694184482751893039e+00
1.688664533564990355e+00
1.693691909965334697e+00
1.438288737974071196e+00
1.839621141035427732e+00
3.091107576892421882e+00
1.712710511214310172e+00
3.003522645423117865e+00
3.024653500664295169e+00
