1.342349140955719333e+00
1.754681742177023551e+00
2.044734970418736530e+00
1.076753328559796552e+00
6.699095723479544517e-01
9.396134246362726206e-01
1.599407598621583812e-02
1.319957771862005469e+00
-9.539488633891499321e-08
-4.917596831621998403e-09
-6.917934221464112347e-08
-8.565352651352173759e-10
4.021032653759939457e-01
1.263504198331295110e-03
4.207177027987241691e-01
-9.732775430100607579e-09
1.077213791515598679e-01
4.674156784747394722e-08
7.750509820292716956e-02
2.379318580927216112e-02
1.011075688689715146e-02
3.234443175592758429e-02
