9.166142106282584856e-02
3.974254312101843212e+00
6.372542229025345006e-02
3.929406628817729619e+00
6.144999399477526492e-01
3.214928645156069464e+00
2.429408386069833448e+00
1.430155707301214774e+00
3.450223064029092512e+00
5.475562010510214073e+00
5.700920240749582035e+00
4.221897920005928562e+00
5.605591751532208455e+00
5.644370373603160296e+00
1.163108542182799132e+00
1.578993811491457899e+00
1.559269898146566691e+00
1.748477288327475954e+00
1.566093456641166837e+00
1.570700891001079569e+00
1.654094790800304748e+00
1.587346555871455456e+00
1.405115580584071378e+00
1.528923689711803702e+00
1.548180429737671115e+00
1.591077534136109861e+00
1.589306879266153105e+00
1.581717933180403657e+00
