-5.759824041329242306e-20
1.622164721911991014e+00
1.955599411680567778e-01
4.604108528202596751e-01
1.258758722814609765e+00
2.094784202952246766e+00
3.454248102422845523e+00
6.038042511180275795e+00
5.612815126931073095e+00
5.554922828170194116e+00
6.283059991758379148e+00
5.622887401017194087e+00
6.060219562704403096e+00
5.918010467162599930e+00
5.932532136689961710e+00
5.873294762004416469e+00
6.067627188578992303e+00
6.105214164105115415e+00
5.903058204455012614e+00
5.748537562591537586e+00
2.456634790921556011e+00
6.847590333743382995e-01
3.807742169483766537e-01
1.411459337327066466e-01
5.689414427588728590e-19
8.540385044784529331e-04
1.467597736042199341e-01
6.006987573175188305e-02
3.386014206649065605e-19
1.193339273598495315e-01
8.410396215759095850e-02
6.914933574748521883e-02
1.480038766597767952e-01
1.545335084326391606e-01
2.766666610230719692e-01
2.512260880680110553e-01
3.367384409237625387e-02
9.705259992365311561e-02
6.576907937878442856e-02
9.278630143584055967e-02
