3.806586502204699352e-02
3.949504532607288516e-03
-1.423015351387224570e-19
7.651500330259398686e-01
8.886161322308164801e-01
7.384646366505129844e-01
2.954221196116880499e+00
2.701711613754993913e+00
3.738377607262592939e+00
2.756628679682657346e+00
3.455124794690808798e+00
3.435930945729914754e+00
3.468134423281170164e+00
2.307862027486469625e+00
2.672393426939605465e-01
2.915767511053696803e-01
1.484500261912978590e-04
3.471472362878890161e-01
1.448402256791007621e-04
1.098716955080970842e-04
2.741865819930545678e-01
7.994817574842236728e-07
1.226873017613975686e-01
2.805949287485771590e-02
6.367199550152713439e-02
1.878542205068373452e-02
