4.636700225200459435e+00
1.653365972303165288e+00
1.606112985737395915e+00
2.609283321514228593e+00
2.131309935359007923e+00
1.502015315244752180e+00
2.292369361226681779e+00
3.687769460965355961e+00
2.030012211413636081e+00
5.217271178089363248e-01
3.159584767007777462e+00
1.551084289631263102e+00
1.015850541269037954e+00
6.937464315911039403e-01
1.717616125032344065e+00
1.771867710971605003e+00
1.739685598005119793e+00
2.935589704085069140e+00
2.905666728542765309e+00
2.125039231945406559e+00
1.561449710433364668e+00
1.818734125866924733e+00
1.201013901460588951e+00
1.753873499853984885e+00
1.661054459870213718e+00
1.688686484688160183e+00
1.381390096460604733e+00
1.865169254175974567e+00
3.045589984391407601e+00
1.736260870973567627e+00
3.053257957748481299e+00
3.015836098658820852e+00
3.131135535209133014e+00
3.110344434275724712e+00
