3.764640212538184622e-02
4.326198418890720987e+00
1.987559465619016308e+00
1.474358110407121947e+00
1.273271944623370622e-01
9.569613279533755179e-01
2.095014243826178291e+00
4.570310216029102257e+00
3.345785731773865734e+00
2.876637642964340991e+00
3.938851663203507769e+00
3.820398044683466221e+00
5.057308809957262952e+00
3.777471712637256562e+00
3.820939935229129780e+00
2.390579805163108862e+00
1.568559346689753387e+00
2.588432094693737362e+00
1.516978664075082639e+00
1.528705355431198232e+00
1.571465806977267343e+00
1.111366331862529977e+00
1.557501907506008587e+00
1.555038737305733720e+00
1.728198918906353576e+00
1.615926755364682776e+00
1.676230913502364972e+00
1.666951712345323022e+00
1.651016530745301303e+00
1.458078864475354841e+00
