3.251065567734532369e+00
5.961996848368837920e-01
6.378226337324165440e-01
1.544075296582475110e+00
1.982960101329165559e+00
5.807099593691680273e-01
4.983204042487718866e+00
3.220937994903372292e+00
3.705535012385272164e+00
4.081138390448162845e+00
4.448537567011463523e+00
5.488578677080131918e+00
5.864553780006609429e+00
5.425873707902825416e+00
5.813443205192776908e+00
5.731058230331260717e+00
5.810015439680555005e+00
5.320104222723659460e-01
5.293545394519361125e-01
2.880180033021846331e-01
4.529620295860998236e-01
2.561303999470657899e+00
6.860038767030347540e-01
2.901440967276492700e+00
1.132691343244354831e+00
1.809975816074743449e+00
1.991387955747295768e+00
2.705204889053070438e+00
2.142831685967653943e+00
2.045360885280837593e+00
2.007235464053299445e+00
1.819808836002031915e+00
2.140408806683709919e+00
2.282729595771432862e+00
