3.985838893730283411e-02
-5.813688331922747194e-20
8.733232191060835703e-01
7.629577779149455674e-01
6.868878762627331769e-01
2.762139469599991237e+00
2.965413765156881265e+00
3.872429558699057139e+00
2.682784393170384085e+00
3.320672917074878772e+00
3.467985279642398666e+00
4.334486195915806306e+00
3.097415500301693658e+00
3.100161105397107875e+00
3.112614159887669540e+00
2.702563760678295512e+00
1.592409823882442177e-01
9.912880921149485355e-05
3.441334755781816357e-01
2.879710685612742638e-04
5.614122699076168517e-03
3.221597115876052575e-01
1.828822062248035979e-02
1.347146378479223416e-01
-2.044451577204550756e-20
9.632020543348956965e-02
1.468337683181783135e-02
-2.234049398383217144e-19
2.302533797502602855e-02
6.674375133103581728e-03
