1.249353942846022220e-01
1.776263092472310401e+00
1.479046510079075893e-01
4.580227664727054004e-01
1.344150958321309375e+00
1.787031383601651813e+00
3.738459090081049929e+00
5.977687089749200489e+00
5.627618980666164283e+00
5.606291610998813901e+00
6.227902284479278627e+00
5.831247124971456586e+00
6.055610942509070505e+00
5.898937431675503440e+00
5.693758323469826799e+00
5.524208657788252097e+00
2.725088525703266651e+00
9.191930420397639301e-01
4.511717011930838073e-01
1.019582705187273425e-01
6.045903472517018636e-05
5.485112138113580578e-18
1.427894829389059761e-01
8.202754358696234815e-02
7.952428520748310026e-02
1.609814247466879733e-01
9.481062875274817725e-02
2.710505431213764167e-18
9.637951593482792234e-02
1.576541059318640192e-01
1.090375013336143256e-01
1.365242294010375335e-01
