1.333014211892029843e+00
1.763957860892600982e+00
2.034233205549161205e+00
1.086377708101827766e+00
6.719531725949292600e-01
9.415318812724646769e-01
-1.115772766177864863e-19
1.334497230415384372e+00
-9.670947454960682375e-20
-9.561428733125977549e-20
-1.076340424156080971e-19
4.094356318460394273e-01
1.154248212512408575e-03
4.128959588152971150e-01
-7.985517756128435709e-20
6.814153105114283127e-02
2.677287941692264861e-02
1.009875936894940596e-01
2.991613920869059737e-02
1.535923663468909302e-02
