1.073296933569225731e+00
2.024112846862561543e+00
7.964962900599402706e-01
1.136258347917130429e+00
1.158879291528760902e+00
3.055513448852065217e+00
2.999572723808223706e+00
3.070261658143933481e+00
3.391785344553526205e+00
2.506863246490995678e+00
2.500915574266571628e+00
3.130039154141604470e-04
4.956183966520769646e-01
7.041787923396322386e-04
-1.014454303235033140e-20
2.551632372612697708e-01
2.464318489067188755e-01
7.169590580522947065e-02
1.122234904679070833e-01
-4.319868030996931729e-20
7.864654544133886649e-02
5.275558935672611249e-02
