5.803802289648924556e-02
3.998324514750368319e+00
1.319114425468974686e-02
3.892841384825735052e+00
2.856633094549957952e-01
4.616100933737159906e+00
4.675871048084890624e+00
1.941091066191509507e+00
4.374530209151321181e+00
6.281845619671903691e+00
6.262595109566722940e+00
4.103392852589918149e+00
5.747859050350865751e+00
5.276383105434778287e+00
6.264319726267431498e+00
5.698499521693577208e+00
6.283138359994853595e+00
6.190799220238832667e+00
1.297591270095586946e+00
1.555363538707783766e+00
1.587317993423015716e+00
1.633122033918176674e+00
1.526917132315373404e+00
1.381506131973842422e+00
1.533970073378887022e+00
1.544547204937396057e+00
1.387080218019447031e+00
1.684585870029891241e+00
1.527759852348770986e+00
1.573313335497441789e+00
1.574572342537841951e+00
1.752633401734071450e+00
1.375906962638198339e+00
1.493809337851626173e+00
1.442148159025973264e+00
1.690346863827325574e+00
