6.885415379433154626e-02
4.097310859574425201e+00
1.298896359634260961e-20
3.973906886928782356e+00
3.166838379674346560e-01
4.682102700315710742e+00
3.540487272250521844e+00
1.659608074478285511e+00
4.426755258745960653e+00
6.186147565871135789e+00
5.557357518420416476e+00
4.073260536179632574e+00
5.672995530728406344e+00
5.176479118370527210e+00
6.283185307179585344e+00
5.617620974058642247e+00
6.278024810452959237e+00
1.291045171691538762e+00
1.530476851218216972e+00
1.603658088052189790e+00
1.720302464141080012e+00
1.585051892141300600e+00
1.499197326638585182e+00
1.618473299381966823e+00
1.561781997707623715e+00
1.324081224772963417e+00
1.732855783445141018e+00
1.539192298641231638e+00
1.614380903499053943e+00
1.580222184627679161e+00
1.712126534108376674e+00
1.373558391964279535e+00
1.517794508814080512e+00
1.568902874307566364e+00
