2.102145011372284156e+00
6.950783477998180304e-01
6.730028032190579212e-01
5.888773525869180903e-01
2.183385394639900223e+00
7.647292469963207218e-01
2.791000701643682191e+00
2.882317049686031751e+00
4.044541051265175824e+00
4.043861446095866619e+00
4.597029863813542505e+00
5.593127088896841848e+00
5.738347580891721478e+00
4.686982461850893067e+00
7.221180044674941900e-01
2.629651465151762735e-01
1.004281748294199722e-01
2.891428435732276703e-01
1.102362754010997703e+00
9.085224865476299039e-01
3.180474671012720300e+00
1.122137035941202177e+00
1.612824944351090695e+00
1.936512706841325482e+00
2.858549894494879950e+00
2.115803201263203537e+00
2.071013211352122685e+00
2.085997371785260235e+00
