1.258457786297458303e-01
1.733139628583481029e+00
1.970001055602502854e-02
4.375574282235657475e-01
1.173733605234360544e+00
1.997572189289386291e+00
3.428131687570593389e+00
4.678609337838151028e+00
5.681570165852830812e+00
5.557434170863368550e+00
6.213519435725734397e+00
2.875883700361543838e+00
1.139463866502203659e+00
4.408906397006626121e-01
7.613133297422909618e-02
1.482522191838759728e-03
2.453547865226319083e-02
3.789755951607381990e-02
5.369309541471761760e-02
-4.851398039511743050e-19
4.876179630425699074e-02
4.156481929874631526e-02
