1.352528106983657441e+00
1.744563209644094171e+00
2.052887746612360953e+00
1.067875279512587428e+00
6.845941462597696647e-01
9.264937977255407464e-01
3.678508537982290265e-03
1.336117801989799236e+00
-6.598683831263536035e-20
-7.451787606741124066e-20
-8.573739572268827305e-20
-7.543654440142040110e-20
-8.246868251022368069e-20
-7.808385558896778301e-20
-9.285521104883097724e-20
4.064855990955240639e-01
1.082698204060793213e-03
4.135203016137093956e-01
-7.082783955615913468e-20
8.627522044706394111e-02
4.546705731677169217e-03
8.836730080653720787e-02
2.196228621097456174e-02
6.292658833883319619e-03
1.199689865469510432e-02
8.218887636761493384e-04
1.004748132888599356e-02
9.484530010644108555e-03
