1.070051678942625983e+00
2.031642035301875815e+00
8.045498214710489204e-01
1.393273492373870770e+00
9.051678181381714872e-01
3.056491738082909304e+00
3.028203747268384038e+00
3.058668704524000859e+00
3.535388949245391821e+00
2.432299886585015170e+00
2.364108445610377363e+00
3.427253223769927359e+00
3.461933879763769539e+00
4.474108885345191133e+00
5.558653716356345975e-21
4.631553929319844332e-01
3.533802195146878750e-04
8.733372907334866191e-21
2.492761374978101907e-01
2.604424748919186294e-01
7.455651123149167891e-02
1.376407989569526091e-01
8.500430448110486009e-03
9.244615521530684388e-02
2.345710405669107143e-02
6.837199459958777370e-02
1.781002989571769599e-02
2.348463563803778950e-02
