4.437573368099468674e+00
1.694395483451395901e+00
1.718575888062561452e+00
2.623165360722117700e+00
2.154154030150587040e+00
1.400944341930138171e+00
2.462548218597210514e+00
2.164075132937941071e+00
2.030275070242317348e+00
7.452285919885488497e-01
1.964045518460743489e+00
7.749445104438088539e-01
3.142061448889946096e+00
1.551581362252346885e+00
2.131305147234799247e+00
1.567476956560118984e+00
1.694206228975752238e+00
1.203295270361846692e+00
1.717463027634471784e+00
1.570959495213496204e+00
1.572678325932740151e+00
1.626365303237438331e+00
1.567144480260018957e+00
1.809456298829023035e+00
