5.830704612258751085e-02
3.974542153172138992e+00
9.115920004552642564e-03
3.947964152256305148e+00
2.777420189102735026e-01
4.617529394911379370e+00
4.820642108079131738e+00
1.829208765066480336e+00
5.400287150318021645e+00
6.274030654399223472e+00
6.219483765741575354e+00
4.106607514920393776e+00
6.052434178393399478e+00
5.138905896002553320e+00
6.283185307179588008e+00
5.622926897713850458e+00
6.237724183782295206e+00
6.105900647638381251e+00
6.166658718449550491e+00
6.161669955276329880e+00
1.308792601967048164e+00
1.756583939854593712e+00
1.382630191844243184e+00
1.567459718720247475e+00
1.524276012892204601e+00
1.431542256525460743e+00
1.516549571935149388e+00
1.486824947706709921e+00
1.406032876504025086e+00
1.768947236600038275e+00
1.556652408794427789e+00
1.548316761877653214e+00
1.551650619312210155e+00
1.808739249143512362e+00
1.390644167958907440e+00
1.541140095148944233e+00
1.637322079644952577e+00
1.414625363691357052e+00
1.763304379259993837e+00
1.491321703087187034e+00
