0.000000000000000000e+00
4.441335375063475865e+00
1.855996817665124032e+00
1.502866483043127976e+00
1.540459637468460374e-01
9.499762857677657157e-01
2.049167684327600991e+00
3.986219505146534114e+00
3.106615170444670948e+00
2.902530756607241802e+00
3.619005074082653817e+00
3.209463219415127799e+00
6.268660838794004597e+00
5.662102092767410610e+00
6.266836464093325176e+00
3.471027405463753990e+00
4.746066617815949407e+00
3.489631226834603250e+00
3.787270564868590039e+00
1.565371909387821114e+00
2.442145340100009054e+00
1.387750740360040425e+00
1.548853695079201342e+00
1.567142163384825038e+00
1.193217763041514390e+00
1.594279239719879504e+00
1.485017124442510106e+00
1.637807994071191819e+00
1.630930943344585327e+00
2.948464898224600006e+00
1.740495263898002021e+00
2.987210282821401997e+00
1.646500412763812538e+00
1.340977994982454513e+00
2.806587357738840272e+00
1.590506093646414598e+00
