2.114831466325098677e-02
4.093908436914909466e+00
2.193094408965509334e+00
1.507645472477656012e+00
1.253545955000642254e-01
9.106686970555883942e-01
2.117465472429860274e+00
4.773152421868856798e+00
3.301009261324193478e+00
2.861539199666227606e+00
3.748452818778180262e+00
3.949840753819926054e+00
2.482593944390972140e+00
1.573295329314573721e+00
2.055822251021190983e+00
1.469218140984276832e+00
1.462480081375509000e+00
1.571971160217437546e+00
1.100603360978919198e+00
1.569730581370720079e+00
1.629893374313859056e+00
1.700641702784850384e+00
1.593614753914554205e+00
1.720686236528405688e+00
