4.641400004204982110e+00
1.646417692808025857e+00
1.617920554891067342e+00
2.630505058723048961e+00
2.126267922583872316e+00
1.501466866135481526e+00
2.320290586537184119e+00
3.683368415930210471e+00
2.004576821156316857e+00
5.244293638757064890e-01
3.155746585599030318e+00
1.569131583994041179e+00
1.026882522998645797e+00
6.808981873798618523e-01
1.752326714854395284e+00
1.738560445663062337e+00
2.927247170315067315e+00
2.913276147885630163e+00
2.108449182548986833e+00
1.563876012081776734e+00
1.802885455460317754e+00
1.205511656809430621e+00
1.711958212002097524e+00
1.674149996227828785e+00
1.699118804856599940e+00
1.399675297082336733e+00
1.848827023567928940e+00
3.073519562007976269e+00
1.718221406013116015e+00
3.030695901328585684e+00
3.012831779874853844e+00
3.111144569732634757e+00
