1.078171468311549974e+00
2.026220453579191449e+00
8.041135804927248554e-01
1.398600736598856198e+00
9.077974327894078321e-01
3.060503727425009313e+00
3.035394043300692957e+00
3.061389062578510067e+00
3.559739916857764808e+00
2.489275754657713779e+00
2.409415765862589431e+00
3.476860929167312264e+00
3.311395859223897009e+00
4.438399407641320238e+00
4.285732780239172257e+00
3.214012390649635936e-04
4.286670966509427139e-01
-5.569241628197024729e-20
1.064730563235513682e-04
2.530343189425851014e-01
2.689922765439048402e-01
8.627539923603487482e-02
1.527647338189594139e-01
7.489984894740079648e-03
1.337715563948390640e-01
5.487391720099147295e-03
1.086082583739484270e-01
4.836558128822054936e-19
2.875504059252071906e-02
7.285924076124311588e-02
