4.110938666030414940e-02
-5.459845514043131925e-20
8.709886418841794598e-01
7.605635021161250009e-01
6.866466686941660180e-01
2.761656199932216005e+00
2.966313669433592981e+00
3.881182440862860794e+00
2.673649050690741102e+00
3.319107460609048932e+00
3.466537705794852986e+00
4.332763312566299874e+00
3.097400897525618202e+00
3.101198974525095409e+00
2.987102235228530578e+00
2.970577298547754541e+00
2.707458381524901814e+00
1.643556380258857641e-01
1.420102832108760874e-04
3.403090117016508431e-01
-6.674859400302015778e-19
5.149645127469082602e-03
3.252406887174448813e-01
1.926093579102394759e-02
1.369219364040100695e-01
-7.240827504894418326e-20
9.645483649683654626e-02
1.366809439233992486e-02
7.229511152793607074e-04
2.358986132793852719e-02
5.790926714820130231e-03
4.866080971757622345e-03
