4.353390529629622141e-02
2.139808897744645538e-03
2.236166980751352895e-19
7.499658442014496273e-01
9.046021563602851812e-01
7.429751484396601713e-01
2.887343110687118131e+00
2.756588295880014083e+00
3.730764548212397891e+00
2.722946389624339325e+00
3.313159235028615424e+00
4.356003139182071493e+00
6.242161340071898934e+00
4.902006514400029324e+00
5.239744060946075699e+00
5.517141627300904183e+00
5.505998901094936393e+00
5.466401917206315630e+00
5.419175566177303338e+00
5.016436925301655414e+00
2.273387529496970760e+00
2.678298620545874198e-01
2.977609708177111347e-01
3.116703815453308142e-04
3.198439443640183066e-01
-1.993433962044119212e-19
-1.165517335421917267e-18
2.780892004115870231e-01
-1.853872356423877998e-19
1.467523346073590085e-01
5.015750801675971510e-02
4.297014773068087712e-02
7.758363676266361269e-05
1.841725420032522024e-20
7.825550526597545200e-20
1.355252715606880543e-20
2.009826551672049683e-02
-2.566653561499229242e-20
1.784503294793804429e-02
6.841897860184208147e-02
