1.092357827633357203e+00
2.011833104268478944e+00
8.042475793771907133e-01
1.382448550127523212e+00
9.298227288458639217e-01
3.058187277358801914e+00
3.038969314772318242e+00
3.060510740308542754e+00
3.558556508340641855e+00
2.495271817346730536e+00
2.411872827804049990e+00
3.488675488144989068e+00
3.301897820573135078e+00
4.458544273173004946e+00
4.271568844456283820e+00
5.330021027998657956e+00
1.034586623522762005e-04
3.942025275877441004e-01
2.780112156367137302e-19
-9.767100476572787051e-19
2.526581765718263206e-01
2.828856127126180842e-01
8.687295712697648553e-02
1.598726032822020415e-01
7.480093414472003752e-03
1.463573472817556453e-01
7.855437685467790004e-03
1.198508498983059944e-01
4.562322883767154145e-20
2.383281630994820224e-02
7.736569359594852591e-02
2.285251191361165057e-02
