1.863839712527454173e+00
5.196496984417727782e-01
6.459576197531970987e-01
8.960443628747284395e-01
2.272001919467470987e+00
7.960006332254034866e-01
2.460967619480459501e+00
3.168680924195481641e+00
3.091758479503442736e+00
3.160519821523738671e+00
4.354208800487811004e+00
4.515194786330622989e+00
6.253769508306440406e-01
4.205390276988817955e-01
4.050893013109630597e-02
2.184420802118672844e-01
3.017272012226045186e-02
1.019113013659675548e+00
3.291193250982729079e+00
1.032222826246481207e+00
1.578216124044633739e+00
1.938341404960252978e+00
1.912068018522686152e+00
1.938101902962615419e+00
