1.068380783689706792e+00
2.030786575649125680e+00
8.043708185320963544e-01
1.318075783497667963e+00
9.750956793010226997e-01
3.053057089493659948e+00
3.016102366084214559e+00
3.068134029747482394e+00
3.438712256324556016e+00
2.516817891501825777e+00
2.434089849561576369e+00
3.444801741014052343e+00
-1.694065894508600678e-19
4.816013358384916843e-01
2.621454323730747129e-04
4.489274620447791797e-20
2.488656565999878834e-01
2.530629054086881435e-01
7.114438192942745820e-02
1.216616136087815825e-01
4.752635670480286588e-03
8.606439038778496142e-02
3.041864657125603957e-02
4.538438351432095424e-02
