4.511957734203181358e-02
7.258013566785286030e-20
8.782401284143511733e-01
7.380763172619928536e-01
6.822807166327760076e-01
2.757719394057850160e+00
2.972905435219541204e+00
3.898249597487012608e+00
2.644435586210021061e+00
3.291083498803942131e+00
3.452795725126926119e+00
4.365928057369445447e+00
3.122484507624843975e+00
3.112631122957933094e+00
2.848492931816596130e+00
2.826984252364108663e+00
2.996162983433034999e+00
2.985286384386427017e+00
2.711632272364863372e+00
1.694561859699098005e-01
2.936809423312119159e-04
3.170551761419771464e-01
5.357483391383449645e-20
3.346464726461728396e-03
3.312023851057115387e-01
2.087844760623328022e-02
1.477084284420197846e-01
1.360334913290406345e-18
7.770338374842564177e-02
1.894420726428108770e-02
-6.257455897841143755e-20
2.235017329342578116e-02
-2.228755442462877767e-20
3.143356874281569378e-03
3.786570558949419602e-02
1.506041442354019017e-02
