2.293157140895877522e+00
9.340407841279806389e-01
6.909548782474219664e-01
4.823279118322854053e-01
2.058650403536266715e+00
6.301111439735898045e-01
3.659221748596046542e+00
2.709333881623213092e+00
3.965991774711444151e+00
4.084784081997552718e+00
4.500183214651588770e+00
5.486354905637060853e+00
5.694665928572070435e+00
4.462591014411774637e+00
5.814102643889420996e+00
6.986404686349136917e-01
2.432120194855482143e-01
1.952425503095668036e-01
3.912854395840980604e-01
2.249617585391615826e+00
9.016307018654075023e-01
3.223145301157567921e+00
1.216344888052810935e+00
1.642007879375349866e+00
2.005851187744368769e+00
2.661030661288387833e+00
2.193833829849666461e+00
2.076237331869573932e+00
2.136481721618177065e+00
2.139613452776395253e+00
