6.452323622836966810e-02
4.167360798934773847e+00
2.128520978884488990e+00
1.534540319286785692e+00
1.080892651599942300e-01
9.137483406331587954e-01
2.131441564547865930e+00
4.766144379814502230e+00
3.288039078485873290e+00
2.832498064645389224e+00
3.808283015053330889e+00
3.974361860295785753e+00
3.791283639666461092e+00
2.438190740721603689e+00
1.572210559777212691e+00
2.777762193707077554e+00
1.510390321290024040e+00
1.444673012584751337e+00
1.573066504113986852e+00
1.036274304041281180e+00
1.565536984979704949e+00
1.635627956134271477e+00
1.678596576956620234e+00
1.569524960699350880e+00
1.751218086540965446e+00
1.644860409422610470e+00
