3.962081658607452539e-02
3.598538429831155995e-03
6.903318520122547763e-20
7.618637093014221096e-01
8.876421702554911919e-01
7.404137948523419333e-01
2.953377032227506138e+00
2.700606410947724800e+00
3.738382391557970141e+00
2.752660981859904599e+00
3.411757883023212035e+00
3.413850514482167586e+00
3.467354419607942884e+00
4.196233796625262080e+00
5.440025264958390672e+00
2.305761173122252039e+00
2.688387850027605941e-01
2.940573615043723943e-01
1.788681311156081397e-04
3.428847613258366733e-01
7.727714512366271700e-04
3.049318610115481221e-19
2.830832905784171349e-01
1.564741594747639294e-03
1.261607993547970152e-01
3.068691610828078176e-02
6.862010560372597268e-02
1.296135674230738076e-02
1.865706597357513416e-02
3.046745079294842229e-02
