7.249140277945943789e-02
4.052044808901304584e+00
2.076209503791803246e-01
3.863622004728641812e+00
5.733574740284385074e-01
3.391209352306968849e+00
2.395326444343219841e+00
1.415956033182052876e+00
3.459402982655325420e+00
3.533451567019149753e+00
4.593847655525198803e+00
1.325848048927275036e+00
1.527407283920854342e+00
1.582675932231177640e+00
1.689278121709533842e+00
1.543931666134557679e+00
1.547551509911220702e+00
1.618111747489354046e+00
1.524884779407569946e+00
1.464805385432792262e+00
1.470297252325116766e+00
1.651342576802071527e+00
