4.619517089422345291e-02
3.811648262644351526e-21
8.772084867617445658e-01
7.357812248220038098e-01
6.807273161476015133e-01
2.745763512503803572e+00
2.986553394390078164e+00
3.905668332994971514e+00
2.636486241722745483e+00
3.273385005705093942e+00
3.458136204449067108e+00
4.376013262920443125e+00
3.133064509594516878e+00
3.113583604863434662e+00
2.842776325479766442e+00
2.823479468133635706e+00
2.991075349601884703e+00
3.009087618129897557e+00
3.959716082279566063e+00
3.960395107396375902e+00
2.713673194073785488e+00
1.705303837447062210e-01
3.117026925037868633e-04
3.139048772387320607e-01
5.757177063369072617e-21
3.332682963297227581e-03
3.307576526836109032e-01
2.068237675653098601e-02
1.472531585229454321e-01
4.658681209898651865e-21
8.477254857822162648e-02
2.357277291315424891e-02
-2.922263668027336170e-20
1.707637690099210112e-02
4.108109794183356644e-20
1.305048108730132595e-03
4.359830690369856376e-02
1.974800396686597279e-02
9.829537183091560312e-03
9.407989003854084001e-03
