2.974928724499110277e+00
4.644847710584368294e-01
2.954764701122015058e+00
1.737098080260856658e+00
1.873927180847378748e+00
1.773739729303263069e+00
7.987872410397447442e-01
1.793535962793965766e+00
2.022518244193950210e+00
7.866139422827018723e-01
7.927687398523883822e-01
4.651221359707619740e+00
2.815275731198305209e+00
9.605197440849053692e-01
9.363721590759113145e-01
3.416408625670157295e-03
4.596134412844370826e-02
3.266616838858856040e-03
4.042884624759969514e-03
8.768809668572477567e-03
4.477795308475202539e-03
5.548110049748570041e-03
