6.283152830665805766e+00
4.872218428998241535e+00
5.144888515965257092e+00
3.718211647666482378e+00
3.097324181487771444e+00
2.939665699371280638e+00
3.818013058561739115e+00
3.643501557812967917e+00
3.877130770058021980e+00
3.648281158490530363e+00
2.859517767272827804e+00
3.259076589455913275e+00
3.054428974228888816e+00
2.809017032092634203e+00
2.638721804061210818e+00
1.564977720476218304e+00
8.612979675137396596e-01
3.278727195738648792e-01
-1.386304098593150605e-16
1.038393783189547115e+00
9.104136612516613436e-01
3.426494445513624670e-03
3.102969667851627209e-05
5.779992178021746722e-04
8.487506762041320530e-05
6.159537396296804919e-03
9.943684493850028468e-05
1.004610056964088522e-04
3.293254172757369082e-20
5.907694445119071087e-05
