6.283026243862264160e+00
6.229432820740917087e+00
5.479391771877505590e+00
3.418463316653326700e+00
9.761232712438794312e-01
3.080456222727514515e+00
3.109866352728873906e+00
2.044562157989672002e+00
3.498246072160260400e-19
9.018030113210807608e-01
4.851740425561014381e-05
7.056610868055845920e-01
6.088497143415996793e-02
1.118040567346494651e-01
4.892788653373618124e-01
9.930881379212351812e-01
4.689490723837165705e-03
7.597193181188197086e-02
4.150030847876078066e-02
5.664054139012574263e-01
8.359214712025101468e-01
-9.486769009248163798e-20
1.967836229951870977e-02
1.881997617726235417e-01
2.595827584832107182e-01
1.097713806414047255e+00
1.979540416320315147e-03
7.809289516441568768e-01
2.965832988117987883e-03
8.752643930118972349e-03
1.446448851970208782e+00
1.256032012369144753e-02
1.556817087426762281e-03
1.008856749003364944e-01
4.785423961883368549e-03
4.220196347504188705e-01
1.413406239260098360e-03
3.670143680768752194e-04
2.003876192692174597e-05
1.042307469734917108e-04
