6.283185307179586232e+00
3.758954346658385681e+00
2.059290654435091739e+00
2.226155880574226753e+00
4.225226997792518979e+00
7.004132459601316585e-01
3.313460547494382347e+00
2.052615952095677265e+00
1.097198214970421581e+00
1.093412195119232155e+00
1.409984069565721754e+00
1.935932974331333600e-02
2.762996508286305261e-02
3.788006847107826952e-02
4.933191344816845875e-02
9.182910990662856987e-01
4.296297604928766417e-02
9.428284483993516485e-01
9.240146188942827132e-01
8.568618391540550050e-02
1.014205168270949864e+00
1.006513702171968783e+00
5.372299736644298856e-02
7.823787104087213951e-02
6.569627392382303421e-01
1.241211255924851153e-02
5.530804418251710451e-03
3.763263151951667593e-03
7.372602380888583495e-02
7.391988758373267687e-02
