6.283166511177585178e+00
3.758980887862606757e+00
3.059245328178533452e+00
2.226147893076139805e+00
5.225256843994202427e+00
7.004306605657407703e-01
3.313482107550530298e+00
2.052601386545997997e+00
1.097202656946988597e+00
1.093437961251945367e+00
1.409973807664808509e+00
1.935528794137387001e-02
2.763860640940486030e-02
3.792771587446022719e-02
4.933713735768627956e-02
4.930531480329813920e-02
9.182807027686472612e-01
4.295785465134670938e-02
9.428393042409317637e-01
9.239791215060411123e-01
8.568281837726590688e-02
1.014211968372783712e+00
1.006527799768918818e+00
5.374072298493882960e-02
7.827650515010074750e-02
6.569937890933247315e-01
1.238343166698078861e-02
5.529105687135035807e-03
3.719495867243887560e-03
7.372646712436857486e-02
7.391724698232920998e-02
7.391584487200533737e-02
