6.282359764815622860e+00
5.908818830935141264e+00
6.271858297082842704e+00
5.507968449783950504e+00
4.266174260994244349e+00
2.687233720821149419e+00
3.559236150997223902e+00
3.344433373277235777e+00
3.426484987273385574e+00
3.195181314169254883e+00
3.048031720835204350e+00
4.062734954476845850e+00
2.982248995625532917e+00
3.220293995817594457e+00
1.959511338108635314e+00
2.394755204815937066e+00
1.686982351545556202e+00
1.851678316690336779e+00
1.915410368459739221e+00
1.455856840539593744e+00
6.270773605851693855e-01
1.488897391044989305e-01
2.819522964248891705e-01
1.964047118015465054e+00
2.377188772692455099e-01
1.475258680770815930e-04
1.120922398299372324e-03
1.667784833847551671e-18
7.883347347329826976e-03
1.187929548147647393e-03
1.410887141197353367e-02
7.430340915513269917e-03
7.477409982374618735e-01
1.739446536617697070e-03
4.125949852026045833e-02
6.951870935262653532e-03
4.931571311036893552e-04
-6.851166932274138213e-20
