6.280735721707883634e+00
6.283171505355891640e+00
3.522768146686906743e+00
2.629054759421897813e+00
4.653618362096467287e+00
2.863119123081506734e-01
2.762487151038363287e+00
1.804157927296420771e+00
3.275654026641173111e+00
3.278033882179367531e+00
1.515805572302300952e+00
1.355252715606880543e-20
9.105604182983728645e-21
1.694065894508600678e-21
5.042536906353849435e-01
4.045876505941402995e-02
2.089043693734549497e-05
7.244425328283117249e-01
7.850311718433878871e-01
1.581784129043199982e+00
7.401817355534442422e-01
8.627116554911433699e-01
3.063791406737728651e-01
6.303012040140704153e-02
2.093641418766754914e+00
1.380820144984537534e-01
1.981336845525812629e-01
5.476152698388337958e-01
2.129439137623313771e-01
-8.470329472543003391e-22
6.957674490416572155e-01
3.104489009461614546e-01
6.255591247871407079e-01
0.000000000000000000e+00
-6.776263578034402713e-21
1.714907817578500978e-05
1.355252715606880543e-20
-1.164670302474662966e-21
