6.283185307179584456e+00
3.317444291063595507e+00
4.964598281244436251e+00
5.916041481513782507e+00
4.437737412985586438e+00
3.045139500498052598e+00
4.649562758155185271e+00
3.289967366813027372e+00
4.751281437027814469e+00
4.315441384395789726e+00
4.120441256990940104e+00
6.254086739780166049e+00
6.264599835765283231e+00
6.283185307179587120e+00
5.445307496581341056e+00
5.394509820134017808e+00
5.403021674150562781e+00
4.054295644864033932e+00
1.270443889207000909e+00
2.995465168398847577e+00
5.183010106228946867e+00
3.218297272511699614e+00
2.895297405934842416e+00
1.472234894035274078e+00
2.300183850210073544e+00
2.858026119950725086e+00
1.597775079898315020e+00
3.199364082432555101e+00
1.836468469865636832e+00
1.997769409175451205e+00
2.879891112202361825e+00
3.906002138343689811e+00
3.016461276840458172e+00
3.131851963799946681e+00
