6.122574748204767658e+00
1.144652382075462160e+00
4.885451969570227426e+00
4.739591230814737877e+00
3.935693400643286655e+00
3.120169896561739709e+00
4.505865565613464518e+00
3.124310409552004675e+00
4.116809288320247617e+00
4.147888605769314729e+00
4.035418860481538417e+00
6.281135695429704846e+00
6.283068658595905021e+00
5.400766801518948057e+00
3.915109294758882363e+00
1.215982261602176484e+00
2.883233082187446783e+00
5.205816519315184188e+00
1.994715827310661771e+00
3.054555108362370763e+00
1.873265587171374813e+00
2.501376626808151649e+00
2.956141681602692195e+00
1.725642918155399608e+00
2.165117598025964263e+00
2.081040604415374418e+00
2.339919812092568385e+00
3.224352365786909758e+00
