5.983259422807193140e+00
6.202827607344501004e+00
2.576451278560791813e+00
2.794811898933458494e+00
3.337513431025447286e+00
1.364257030116176717e+00
1.068402953686371726e+00
1.098406781331458859e+00
2.876614843521290155e+00
8.918590739482897822e-01
1.081562633384817174e+00
1.081380380402621633e+00
2.082078698286474516e+00
1.081872889657106374e+00
2.680874386075693394e+00
4.277116808094296729e+00
5.627690120315159526e-05
1.011839988416483260e+00
1.835304571332087992e-02
3.980612041410785951e-03
1.008144848348908711e-02
1.984844928041195304e-20
4.404571325722361763e-20
2.369660520083856359e-02
8.024512665068306609e-05
1.916913855601610301e-03
2.837728418950107029e-05
-1.045858447232472548e-19
