6.203783492848561565e+00
6.283043152735572789e+00
2.536422717257136750e+00
4.580446392558732427e+00
2.065424603296693307e-01
2.094217755419241822e+00
2.921189699668514383e-01
7.830904674027727719e-01
7.505989643820423218e-01
1.334293286322059957e-01
5.169271887830725332e-01
3.246692796341535403e-01
3.262387235482507308e-01
2.135576911941691192e-01
3.439843230213748271e+00
1.951973868794778522e-01
8.080986444653993628e-01
3.728460521998578541e-04
1.577737295664962403e-01
1.182832322617638349e-01
3.247992294389001056e-01
5.590203320704931439e-05
3.432994007508590080e-03
4.378617086666115594e-05
-2.727446090158847092e-19
8.906970317369987443e-05
2.848817177148973458e-04
2.842713564448035718e-02
