5.362011290319389722e+00
6.283176089758601535e+00
4.921593793789041271e+00
4.322066455937106255e+00
4.349281596025242003e+00
4.323263543869260594e+00
2.180504468212245861e+00
1.328637940075249491e+00
2.235681134729006647e+00
1.296228290211905554e+00
2.303646894810643442e+00
2.656102077095414682e+00
2.656076441295641910e+00
2.878606239077744267e+00
1.420695462952826782e+00
1.802429811082967959e+00
1.365012248256513905e+00
1.493238890788709305e+00
2.518034772256825704e+00
1.791901624352670863e-01
4.441931202188450500e-01
3.448373763600779407e-01
3.619446445307572535e-01
3.651352107188685081e-01
3.616479270229239762e-01
3.616564531496027080e-01
