6.283185307179585344e+00
6.283164781669452026e+00
6.283185307179587120e+00
3.346730527381208908e+00
5.583944573882641649e+00
5.341811179251972241e+00
3.223308400427132181e+00
1.432928594116372079e+00
1.609543788143883658e+00
8.415273257351578717e-01
1.304356355469129536e+00
2.811067244853515668e+00
2.385070958018560727e+00
3.512517249902022076e+00
2.324260098683388343e+00
2.800144736952878244e+00
3.990920998763352046e+00
1.362518725735976322e+00
2.063719174467120165e+00
1.389105573160463791e+00
1.164311870870854193e+00
2.302557359541489213e+00
-2.001152510650100189e-17
3.603188296067318941e-01
3.079396570363861433e-20
1.793546393776513370e-01
-1.139815162900455904e-20
1.026075357925065938e-16
1.279256893256797589e+00
3.008244794199150847e-20
-1.938961126695693642e-20
1.942890292921862942e-20
