6.283185307179586232e+00
5.452123957137136046e+00
2.741669352004762583e+00
4.936797320718163462e+00
5.184927166186168446e-01
2.463313151512009025e+00
2.966062560125861669e-01
1.275626832061346860e+00
8.665813362147704035e-01
2.524351766022370214e-02
6.777142819008721286e-01
5.149107232760758990e-01
5.893374026585940229e-01
2.421020945424401383e+00
5.844597917714593471e-01
8.790430344240636766e-04
5.553086411087323516e-03
1.292186520386653699e-18
1.447523037226782243e-03
5.661381902383295639e-01
8.016594562056903340e-04
-2.349973797943655456e-20
7.303091877250146927e-03
1.691205925294504003e-02
6.971521874580346941e-18
2.655351465281919109e-18
