6.283150658372193220e+00
2.751063882703678853e+00
1.456798422411341054e+00
1.655149301471878974e-05
1.234083800701705647e+00
3.398857368258560996e+00
9.974586865569172733e-01
1.074127205595633239e+00
3.935843814646814755e-05
1.768132591079619296e-05
5.092514238315319977e-04
1.411522541394092875e-03
3.002489216743580575e-02
6.292407692215273851e-01
-7.830206019635034219e-19
2.076496578702686610e-05
5.683623849978959239e-03
1.982396228536287372e-04
5.699613024230790193e-03
-2.459765085273896886e-17
4.405792173845962320e-03
2.537743601791201797e-03
2.624713746234524220e-02
1.572238139998441531e+00
3.695181289483139627e-05
-6.715061181486224213e-19
