6.262328976802478131e+00
6.283185029874156058e+00
6.283115386853832973e+00
3.841696933315548623e+00
5.569539892210926268e+00
5.474798892779248582e+00
3.748420289246939596e+00
2.574535342232583623e+00
1.496892049503634858e+00
8.157952827854955125e-01
1.212583644414506612e+00
2.608184721067893896e+00
2.365618081626136959e+00
3.503432956378913055e+00
2.113224168197042729e+00
2.622438468314736593e+00
3.072933123373762232e+00
3.887659828098300796e+00
1.288864350733777364e+00
1.875221445219116045e+00
1.387112486262994882e+00
1.021775078692625405e+00
2.756419092226641609e+00
5.423232982272839509e-02
2.406887587643589121e-01
1.048499673420874405e-02
6.081633496637895223e-03
7.239880895832731533e-02
8.722685852662455386e-02
1.465271081087135885e+00
-8.871852466735654463e-21
1.212195264419882140e-05
7.310943107446720496e-17
1.553957698891992332e-06
