2.955471578740653804e+00
4.686617661848286320e-01
2.960492906153684434e+00
1.826147591661638980e+00
1.818530643149926185e+00
1.800806523337343590e+00
7.910948764790250998e-01
7.924019836904144798e-01
7.995209431839093162e-01
7.866556882367840009e-01
3.674306431519728910e+00
2.826992758872747036e+00
3.899906003309180317e-05
9.771345420294746953e-01
3.067889029521029057e-02
7.367804307954585810e-04
1.298685215723554523e-04
1.105417501998662560e-04
3.119513466589601049e-05
3.041860105866526663e-04
