6.235571026347828116e+00
5.021491668017003640e+00
6.244315996064156771e+00
4.706226692672919043e+00
4.347237717077055308e+00
2.805288824385776536e+00
3.764437376549085723e+00
3.828229978564700264e+00
3.620260457632710871e+00
3.331649038107724614e+00
3.021380051071854478e+00
3.915790819535732048e+00
2.804824944232786166e+00
2.377289081670872495e+00
2.306068572390530313e+00
2.348169551169328795e+00
2.346512349142251264e+00
1.866844866287228344e+00
6.852138652794542706e-01
4.688255264995757066e-01
9.990684481532655647e-01
8.797264084655757044e-01
5.926048111370655347e-01
9.313296295842659603e-04
9.403995470204780339e-04
9.449300466098499527e-04
9.883833292226955596e-04
9.448132780943366976e-04
9.351359745041622857e-04
9.349952028535815770e-04
9.322384931295954816e-04
9.818310653291503591e-04
9.671592372578090898e-04
9.382898028414333362e-04
