6.270767322129883858e+00
6.096477750744721646e+00
6.282194870488322813e+00
5.992023835758137906e+00
5.349612660605194137e+00
5.571436011322018267e+00
4.840049770113878047e+00
3.746029953081855268e+00
3.979070475298310594e+00
4.928896898145063155e+00
3.995207792758223242e+00
4.901325008741708622e+00
3.764453892081345288e+00
4.267654730917244343e+00
4.267100788343513251e+00
4.360647436079806698e-05
2.426567596618068645e+00
1.807326296090508766e+00
5.659177963867063621e-01
8.857964164212759339e-01
5.596450628658062865e-01
2.753390898703549361e-01
1.359549027105700636e-01
1.440259649533468245e-01
1.174839789601169193e-01
3.192301093420815694e-02
-1.812518158226194241e-18
1.150493622452191398e-03
4.298808411421253112e-02
4.200877271482267306e-02
