3.110579244148138578e+00
3.392862610330913853e+00
1.795086344175939486e+00
2.928162190788219377e+00
2.317513531546100403e+00
1.478428930179725764e+00
1.147560856660990503e+00
1.085353794495675706e+00
1.196133086158172931e+00
1.198991512517451064e+00
1.668642040803201443e+00
2.460263244897669566e+00
2.739772179614651665e-02
5.049812794167670088e-04
2.421506901085491135e-04
1.871369860754669261e-03
1.291510025217657530e-02
3.442808128316632386e-03
4.606644889181765470e-21
3.537433524656124735e-04
