6.283185307179586232e+00
2.751885123250122689e+00
1.457819112286908858e+00
9.790810614078517826e-01
1.199343168190982745e+00
3.366492494800696456e+00
9.884228984331860923e-01
1.042052501926141073e+00
3.164223234369542559e-02
2.394452501494375232e-02
3.783252703671301231e-02
8.239104269309437947e-04
8.247792469071132948e-03
2.652484613092913057e-01
6.284061789790486019e-01
1.322778644914724636e-03
6.678244761357093320e-04
2.451164396313000246e-03
1.025400257175799416e-03
5.008522329763842595e-03
1.380571386427082315e-03
2.732351507754518603e-03
9.637140059490560901e-04
2.169884135139181491e-02
1.569525395147261415e+00
-6.095926884698881344e-21
6.608265813102690098e-04
7.115306411051473085e-04
