6.263735415304346077e+00
4.705539506306492648e+00
2.752388250199858000e+00
3.202747535434919079e+00
4.812556724143452591e+00
4.380008213087047686e-01
3.033548528393843480e+00
1.820838595623746947e+00
7.739979183158042231e-01
2.201044456369298352e+00
1.988335738621315629e+00
1.002994262911470182e-04
3.854972658360716192e-21
1.287965135016188082e-04
5.695586204567652626e-03
1.931417103163371018e-03
1.504188033175446818e-02
1.431362686061832035e+00
1.012221446580576349e-05
1.170549003253810616e+00
6.748622694702970382e-01
2.029186296281440451e-03
8.871800688984310401e-01
7.354425006233118456e-01
5.203768859444712902e-01
1.089748799216126329e+00
4.879348475128895135e-01
2.115020829761513847e-03
1.165174337272407712e+00
1.085498149980888005e+00
-6.100332483453188732e-17
-5.797074734726980795e-17
1.627648299196117547e-05
3.558632485562682884e-02
