5.591370159375143700e+00
1.197918156421683422e+00
4.999520255195998963e+00
3.933543970336608186e+00
3.834362024472637742e+00
3.239039085773167681e+00
3.357004899472007420e+00
3.528016826086825652e+00
4.361020539917355165e+00
4.356922175284955401e+00
4.356006268390300029e+00
3.250412478905061242e+00
1.494918212089247911e+00
3.465562238504815262e+00
5.381712448166911855e+00
2.443474622018999565e+00
3.440820714152470483e+00
2.445889723992077158e+00
2.446357747341270095e+00
2.444406152026191048e+00
2.444323862717995066e+00
2.445116666126214255e+00
