3.974589652113728278e+00
1.464882101637577261e+00
2.954627111765843139e+00
1.737251332383431102e+00
2.873178556310908238e+00
1.773717512267619645e+00
7.977331557353714020e-01
1.793251734745449744e+00
2.022313460692104048e+00
7.862078346103054116e-01
7.927174240171295239e-01
7.925480024486245556e-01
4.650871326436915254e+00
2.814936478911447271e+00
9.617054507295788035e-01
9.373334917261338939e-01
3.462850200220537588e-03
4.604418035941162946e-02
3.233217846927106173e-03
1.988840326456665919e-03
8.740225368380065071e-03
1.924324156732648821e-03
5.464455752913135490e-03
5.573969582380795297e-03
