6.276667058836819635e+00
5.776754488307961566e+00
3.171208809276827356e+00
3.511338126803679405e+00
4.061085946098916821e+00
2.820944945378548230e+00
7.545974429830558661e-01
6.214459774793026359e-01
2.349925642055634256e+00
1.870370069345076658e+00
7.110191574213036159e-01
2.058191616984875960e+00
1.468398935209480394e+00
1.587721226409547493e+00
5.056177105965170560e-01
5.270410465818806678e-01
2.471901608228322722e+00
4.582286629251015042e-01
4.582249650093673798e-01
4.581878828098434608e-01
4.602827036242232772e+00
3.986512647415870081e+00
1.000961933863508735e+00
4.425893036018502813e-01
1.991590084120786752e+00
2.663972902225566643e-05
1.025481371804257469e+00
3.208505821059712466e-04
5.389039053210932387e-05
9.425781461349062515e-03
7.062901756109123564e-04
1.116682962175169101e-03
1.601618809702206117e-02
4.064603081641457449e-03
5.492419791856445986e-03
1.588186776101813136e-20
1.138371326999571085e-03
2.298404904625685544e-03
2.306546343951166190e-03
2.309350669169566925e-03
