6.263744066710878577e+00
5.705531649434873565e+00
3.752380674929027826e+00
3.202737393897301388e+00
4.812536333170425173e+00
4.379980339080038476e-01
3.033555176530350117e+00
1.820844189227512233e+00
1.774001670996852909e+00
2.201050311382382940e+00
1.988332724973241650e+00
1.117394526543170598e-04
-3.628485530529675695e-21
1.425717493026616668e-04
5.672543000320494008e-03
1.940855802340106691e-03
1.503604831622269884e-02
1.015022151044977283e+00
2.431351668957369760e+00
1.000008733629870417e+00
1.170509574840325806e+00
6.748491188308205491e-01
2.027822737555556431e-03
8.872198536075008857e-01
7.354555875550168320e-01
5.203942674276562652e-01
1.089739811812217685e+00
4.879242506159511272e-01
2.120719704030259514e-03
1.165204164117908947e+00
1.085532214012117302e+00
9.999999288837149169e-01
7.740323745679847068e-20
-8.809142651444723526e-20
3.557733433889538610e-02
3.562171574395685963e-02
