3.994682696934578114e+00
2.500346079932100007e+00
2.904646292489131643e+00
1.755359375054998505e+00
2.835518421484283902e+00
2.697089841303014879e+00
8.012418432901200482e-01
1.776150596620038380e+00
2.014133958974417382e+00
7.574240010853170446e-01
7.971920886756804769e-01
7.858312593906596755e-01
7.573699165457248306e-01
4.593295225041221563e+00
2.810105563911756921e+00
1.005411203193679048e+00
1.013142106702428658e+00
1.019360718506577612e+00
2.181521363958430215e-02
4.784076712813239984e-02
5.055319314454560092e-02
4.378414853948150998e-02
5.683368402285056409e-02
1.709468987951346395e-03
6.263258530889245779e-02
1.067914205790977331e-02
