6.280692273026168060e+00
4.778409974012954642e+00
2.939446535985132503e+00
2.314195627869786609e+00
9.179915015837359915e-01
2.890811190287899013e+00
1.928790533522810158e+00
9.165718187547960971e-01
2.046674646573284906e-02
2.428595112212561915e-04
1.494526852231548714e-03
8.133595439277249532e-04
4.994000133538848358e-17
1.934672562683721619e-01
3.136314524899121992e-01
4.993846747074539303e-04
5.396060911063139676e-01
5.749141207109340242e-03
1.460094749223719629e-03
1.954967250121980235e-02
2.392570219697699446e-17
1.624469037031484901e-05
7.047535284284399313e-06
3.425774335515161580e-03
1.114990043204333722e-03
6.888214876794197292e-06
1.512509453129264658e+00
6.135815110538889099e-20
1.616230841196622254e-04
1.993394657308418527e-03
1.947290166142479073e-03
1.413710193270220801e-02
