6.282486141670583280e+00
5.873203244037625836e+00
2.233316663923753609e+00
2.615949706071130532e+00
3.174825910742930635e+00
7.999243243106802792e-01
7.919239594278332239e-01
8.098460002602158037e-01
2.372717302626826896e+00
1.976442504755964835e+00
8.762770352518732819e-01
2.125726920994994718e+00
1.659193040831032029e+00
7.354735415729909409e-01
6.496444988575833523e-01
6.940933904877466532e-01
2.585869597128659603e+00
4.203041496574710933e+00
3.934949817900173889e-03
5.780937220049893188e-01
1.150772006887348153e+00
2.430382545099059885e-04
6.245552537150004515e-04
1.248155120413781648e-02
2.555081000918931009e-04
1.640020269823916528e-03
4.934134264652313478e-04
2.478145420552077833e-05
1.367776783587003895e-03
3.933846373858258978e-03
8.296118725034814199e-04
2.689266517893048811e-03
