6.150182100690275711e+00
6.268985657452587290e+00
5.105380686598460116e+00
4.305229285701556385e+00
1.896411488876336593e+00
2.908869897883659572e+00
1.094497064781462026e+00
2.260982157442942841e-01
6.715774325165826397e-01
1.054903025444160238e-02
2.102051559455313812e-05
5.849608446348997931e-02
4.464831945936338642e-02
2.990593734314204652e-02
2.062494927548083959e-02
5.368514942866495915e-02
2.775557561812802486e-20
3.045512689453680477e-01
2.489165804620602884e+00
4.655538810185032017e-01
4.193442990060265441e-01
1.416050383011136393e+00
2.271834764972066947e-02
7.946798698154450280e-01
1.728095141742221896e-01
1.856087959826819289e-01
2.664912897098886901e+00
1.453711193332920815e-01
6.044987774442843464e-02
3.688673279851148457e-01
3.013470057561276061e-01
1.809818412188228587e+00
1.817948027492750918e-03
2.346395600543208282e+00
1.549522990104003739e+00
1.546027086205641776e+00
