6.158069115968121565e+00
6.115094043615109776e+00
6.275111554525017787e+00
3.772266618528559601e+00
5.521580426271949449e+00
5.478688590263638858e+00
4.919447452729193593e+00
3.034940373251425960e+00
1.436008759219747688e+00
7.626953418055933964e-01
1.368439467407334797e+00
2.516219911041502666e+00
2.285224741276216331e+00
4.517247193081220580e+00
2.192952761662514405e+00
2.420823470720526505e+00
3.081639731006109884e+00
2.952930956046425415e+00
2.909669239048537914e+00
3.659046404271840025e+00
9.829111175167474235e-01
1.702225806959444920e+00
1.327587297693386459e+00
8.295138885862654021e-01
2.578470000530773465e+00
1.539354464946450785e-01
1.591071776641522852e-06
7.024821916390422416e-06
3.453161604956018604e-05
1.465540720040189315e-01
-2.336286793824494323e-17
1.159254440578214806e+00
3.408109858276504677e-05
1.508955845110527272e-01
3.555009062956442393e-06
1.688081752343251751e-01
9.887962117378076149e-03
2.000920239565246450e-01
