5.701796637786016753e+00
6.275740292541559739e+00
6.148157292079518221e+00
6.256111068236352324e+00
5.987870833147481697e+00
4.977435125768089108e+00
4.666037520051587784e+00
5.859084548220171662e+00
4.390390692558030494e+00
3.845961956433539441e+00
4.636741531804177363e+00
3.881741244202844499e+00
3.507169291513610787e+00
3.098264710851504233e+00
2.141981080969072693e+00
4.713115148460528481e+00
4.475126940491682248e+00
4.175124766097749074e+00
4.075616172758221190e+00
4.100010994093260308e+00
3.660420384647790626e-01
2.298565120046250243e+00
1.073560249249158494e+00
1.102745351607974600e+00
1.557449196862233043e+00
5.680370544141934985e-01
3.816321180259189122e-02
3.128337835247263846e-03
7.980782641404110533e-01
1.226663125669304188e-03
1.826325239411178900e-02
2.017204950119632301e+00
1.220401842997090452e-01
8.856673192132365202e-02
5.087001042960580689e-04
4.359394514919883584e-02
2.010418651717554503e-02
2.751241556584547304e-03
4.886477882081971015e-03
1.001636456893161952e-03
