6.283140161646644017e+00
3.720926241900701203e+00
1.772313636861573283e+00
2.170470293601750589e-02
1.893785091160459455e+00
3.158484001738939284e+00
7.541450521881767344e-01
1.412347432238749700e+00
8.134973565535585927e-01
5.692700244549845356e-01
1.472955644450123502e+00
5.846027599422915877e-05
-2.710505431213761085e-20
6.594037474295505994e-05
2.011703249728963305e-20
2.365218174007113934e-03
4.371926716021136416e-03
8.279327844371601186e-01
1.433352804885430765e-01
2.721872191666774429e-05
