5.733068128774697847e+00
6.283185307179586232e+00
5.606729700690816109e+00
5.250505283804805856e+00
5.976173736689276872e+00
4.963988777913998618e+00
4.655711990065388051e+00
5.860308853656094996e+00
3.388441099496239506e+00
3.791314986166718359e+00
4.575072479810094350e+00
3.822594716244392732e+00
3.442550221186150505e+00
3.039565876155589486e+00
2.063531374637332938e+00
4.652205195900352308e+00
4.417634487057902959e+00
4.118164797458184978e+00
4.022049211580870143e+00
3.193189361017713668e-01
2.239179263067708980e+00
1.052527692507867263e+00
6.800399536442110725e-03
5.270377649401666309e-01
5.707501901914041609e-01
8.338092208549441678e-03
1.260636263951696529e-03
7.872379105207624184e-01
-5.073910490130164989e-17
1.512101420229646290e-02
1.015862765050645322e+00
1.516014597950061660e-01
1.642332060615585843e-01
1.451210096303727666e-02
1.728058221447757031e-02
8.433931687762543511e-03
3.720689921374297379e-07
-3.977736504604951734e-17
