4.013086162789170963e+00
5.156274289985332437e+00
1.940532874665384711e+00
1.996936565561948165e-02
1.879285306228786201e+00
8.220980232657404407e-01
1.534614125032240484e+00
5.317393307100787281e-01
8.320521951220041235e-01
1.764601883845098307e+00
2.799299121169108950e+00
2.802434340534371682e+00
3.783613030418514267e+00
4.591424405136193543e-01
4.749863135875943311e-03
5.153949795267528389e-01
3.008494683466557351e+00
1.411467154173697613e+00
1.613241574101342835e+00
1.789401308610075736e+00
9.371799241996430219e-01
6.983588697609468543e-01
7.332546631468349618e-01
7.313563304152043143e-01
