6.283183202843120263e+00
1.374689896012550427e+00
5.042867334741644392e+00
4.851350099169654762e+00
4.106204907450957897e+00
3.252829634139442483e+00
4.686793304459799359e+00
3.411841601137903357e+00
4.427462602209141451e+00
4.372642241979490585e+00
4.239597243542609029e+00
6.283185307179586232e+00
6.283185307179585344e+00
5.593115778429849527e+00
5.491959853836664074e+00
4.054780170614226797e+00
1.386929491512232993e+00
3.127805885487733750e+00
5.289237339579281993e+00
3.313403470382069838e+00
2.872260203649599219e+00
1.561185009226902842e+00
2.303726991236723531e+00
2.936094050704427971e+00
1.654882740263418306e+00
3.218170133403928102e+00
1.954203960984927324e+00
2.137975889520661532e+00
2.950507691708103675e+00
3.071208793366127843e+00
