6.280677450490675717e+00
4.778403371011287426e+00
3.939466257918576630e+00
3.314172651368106681e+00
9.179627556356786400e-01
2.890825937099692933e+00
1.928775989860680884e+00
9.165631867133225974e-01
2.045125564782951724e-02
2.496897870400795259e-04
1.472573498575209354e-03
8.034097022533153321e-04
1.387778780779443941e-20
1.934734001091110156e-01
3.136492542758537172e-01
5.227214748492872492e-04
4.999654302277981585e-04
5.395957910612658726e-01
5.785457879717356179e-03
1.460729007403840582e-03
1.959000535633842119e-02
1.933496646158657344e-05
9.999977156717432258e-01
2.269640695946943711e-05
3.411506126113850613e-03
1.124330127482403531e-03
1.906007450377365469e-05
1.512532290569942095e+00
-6.655900267041126704e-20
1.795728484885797112e-04
2.003463135889543140e-03
1.956046028760880309e-03
1.412261543986193142e-02
1.413093510996338634e-02
