5.740184181807903130e+00
5.883545036746928858e+00
2.277232728307252430e+00
2.606302011518891959e+00
3.226579079849089648e+00
8.360965988927094861e-01
8.159367154823793378e-01
8.510330838856099422e-01
2.420719110626657233e+00
2.014220562644404300e+00
1.017265823269111635e+00
2.135967977979658983e+00
1.684791892604822428e+00
7.775374414705227277e-01
7.098318760952605500e-01
2.632082416169586381e+00
4.232471550450998876e+00
4.172542118296699345e-05
6.627869349471824378e-01
1.189216388532399638e+00
2.450366484047130698e-05
6.844107659690991711e-05
5.421010862427522170e-20
-3.726944967918921492e-20
-2.710505431213761085e-20
2.329022537723358824e-05
5.270958300717726829e-03
8.216219588366713289e-20
2.759349877240669779e-03
-4.743384504624081899e-20
