6.283185307179586232e+00
5.002325393546596111e+00
6.244392964937143020e+00
4.691299539429722110e+00
4.334805454039364569e+00
2.805685380539777452e+00
3.753380677851459790e+00
3.804445863602766487e+00
3.605856708112864517e+00
3.330980296636552929e+00
3.008556247629876168e+00
2.912884223253355387e+00
2.788177940804727140e+00
2.365440279960923320e+00
2.291144653604062498e+00
2.335394384560066872e+00
1.851603725179959303e+00
6.765733752588226624e-01
2.026536839778826371e-01
-3.975505903375640470e-21
8.180136023072646090e-01
5.916406307810929688e-01
-1.722114197600634518e-21
-4.751955683857574002e-20
-6.574200823061633924e-22
2.417720686400230972e-05
7.646374743897434092e-07
-1.425229250310354274e-20
6.575216144485588028e-21
-2.772465783107736307e-20
2.562799444799615560e-05
1.926205401668358845e-05
