6.139814073229110214e+00
6.277931204738004034e+00
4.741405671131468935e+00
4.153179710194727647e+00
7.354842081188528446e-01
1.742283005734401646e+00
1.676558171133613051e+00
3.290378163178516169e-01
5.925060771188241926e-01
3.300933788615692180e-05
2.907162720621045415e-01
1.770559181299620477e-02
3.359901336213731021e-02
3.515021378756081477e-02
1.725727706012069099e-04
2.965193047990413611e+00
4.365015051300156698e-04
6.961218380041672704e-01
5.955145545160920456e-02
1.504228279796656353e-01
8.205811663073588891e-01
2.444470427757937381e-01
8.589853500141118037e-01
1.580683191026221346e+00
4.255755173919531509e-02
1.491547033368825215e-01
4.346794445109581351e-01
6.031006555912560296e-01
9.583854972472383160e-01
2.085778850949891001e-04
