6.281571994879576515e+00
5.936372071511078374e+00
5.151025865976964546e+00
3.242668657739770310e+00
1.256716722368175221e+00
3.074826451261522209e+00
2.156956852660479651e+00
2.095662597933880988e+00
5.679920346218236566e-04
9.737163298848753312e-01
2.221686590094063274e-01
6.784077101484558003e-01
4.544561831479555780e-02
2.236420993742322949e-01
4.694321221167213620e-01
1.086894694607244860e+00
4.466392336540362409e-06
9.765995333666895040e-02
1.072617419696877683e-01
9.206780640364973234e-01
6.833556117153988946e-04
1.227710207995910165e-02
1.818301318544316425e-01
8.864676646630207432e-04
9.608829397785373372e-01
2.750777315299214186e-05
8.639975872415768254e-01
2.169837027837700211e-05
6.468974292257451261e-04
1.518777368303248609e+00
1.228288362544683286e-02
7.636948066993212714e-02
8.594023203845951864e-02
1.636799819378034640e-04
4.441576936739104892e-02
7.387589813680575136e-04
4.030189710565458788e-04
7.692389911713600899e-19
