6.283185307179587120e+00
5.315490360063381381e+00
5.969010810035860537e+00
5.914646695244512031e+00
5.434918765317115152e+00
3.045505779373963495e+00
4.403029325323440268e+00
3.293619527148408554e+00
4.764030623222392791e+00
4.319138503700687970e+00
3.880793069331583744e+00
6.260008122179766765e+00
6.266344904096728285e+00
6.122183993229009857e+00
5.494157509281948570e+00
5.383948129703118646e+00
5.680079044170974534e+00
5.476704938478444973e+00
5.230217791779801395e+00
5.343181290383758331e+00
3.806807317685171110e+00
1.446301292571246622e+00
3.228047798304280569e+00
5.238109209782683351e+00
3.218708517484061726e+00
2.898881443946351055e+00
1.478448214331449684e+00
2.402385326703841972e+00
2.858917849255504517e+00
1.600818426635279845e+00
3.203845313316258103e+00
1.841282945526127923e+00
2.002473353547000290e+00
2.882323431063585240e+00
3.911872700474234410e+00
3.001071556271299734e+00
3.118661678828306805e+00
3.117427097091255650e+00
3.119390813321043510e+00
3.117708207211217886e+00
