6.149464509216475250e+00
3.801740009869766901e+00
4.127661718919723555e+00
1.699036289396042898e+00
3.514245868626481695e+00
2.227661751876818474e+00
2.855989757380034355e+00
3.826858464249616620e+00
4.187865384274354064e+00
2.943395461661355128e+00
3.212967274579880517e+00
3.176422930377704290e+00
3.219069200534590891e+00
2.240890571510813611e+00
1.924545306887311957e+00
6.826428381428892855e-01
2.010332964856586385e-02
3.335621753515495558e-02
1.587707002229580278e+00
5.329878099018229946e-03
2.497509880666960377e-02
3.375221839784337680e-02
3.294807601434536493e-02
1.721216726796392232e-02
2.844533645248968276e-02
2.071941546472906917e-02
