6.269819477859846835e+00
2.923496524094455040e+00
1.009743518307408161e+00
2.379145772816916971e+00
3.401753331817968018e+00
1.640818945653141070e-01
1.299927769987856419e+00
1.114688166957067406e+00
-3.705116968648533207e-17
5.618484617476919400e-03
1.040252885384551768e-01
1.129774953612355526e-01
1.427590138709319945e+00
5.254439941818047632e-01
3.009843781001868973e-02
7.698428844614646493e-01
-9.332797660428276915e-17
9.237299357370413674e-03
1.209712777853391374e+00
-9.085895155598523185e-17
3.451267651886930077e-01
7.836852830138780757e-01
4.597980043417015514e-22
5.715679311352785119e-03
