6.283054421590829719e+00
5.319213583080344421e+00
5.966703971373389592e+00
5.915762911585520811e+00
5.436959081249306713e+00
3.045304104013876412e+00
4.649317311129148145e+00
3.290346638755059949e+00
4.751701958865015563e+00
4.314762593571838778e+00
4.122933000016629101e+00
6.255319052376677291e+00
6.265084978684481776e+00
6.214884226286470081e+00
5.446332581549616414e+00
5.397199852781709772e+00
5.405181851188778808e+00
5.357492046311112865e+00
5.357811623603673468e+00
3.821580680442127065e+00
1.339701992962555543e+00
2.795963228086772112e+00
5.251682486195474731e+00
3.233498403998875226e+00
2.914373628743187172e+00
1.493636414556930747e+00
2.403295798844090836e+00
2.874493719331811636e+00
1.616953193411207357e+00
3.219350354279737036e+00
1.856224916668758551e+00
2.016474720778617780e+00
2.896364244389547427e+00
3.925831975191922396e+00
3.016389914757631185e+00
3.132799084521626476e+00
3.133029586654477505e+00
3.133339615973756320e+00
