4.361991222878699226e+00
6.283143785893478217e+00
5.416309329872723843e+00
3.322057258450128447e+00
4.349264946275638088e+00
3.323273159952379707e+00
1.180494124160259783e+00
1.256530477708277971e+00
1.235648655750311686e+00
1.296212714649775277e+00
2.303649052403202280e+00
2.656091441959092414e+00
2.878617404843641481e+00
1.420682722763461525e+00
1.802423768265071891e+00
1.365027790205761926e+00
1.493226853785754704e+00
2.518025699499731651e+00
1.791931092575080320e-01
4.441969389129504231e-01
3.448318351076266053e-01
3.619500188254619610e-01
3.651188419683559783e-01
3.616270014452901971e-01
