6.283185307179587120e+00
6.283185307179584456e+00
6.283185307179585344e+00
3.582796384648692101e+00
5.292437632330663000e+00
5.527667346733717402e+00
4.746926998519633401e+00
3.127257355550041584e+00
1.468752055692231995e+00
9.088189981367197356e-01
1.179392899899129654e+00
2.801909859316692675e+00
2.326478385669771942e+00
4.639456874377295037e+00
2.074728454195348792e+00
2.446158130600848413e+00
2.899405881928250661e+00
2.905424339745585005e+00
3.716645066176327727e+00
1.120171813158892027e+00
1.698777982355350158e+00
1.373050457485537112e+00
8.822598789999005486e-01
2.665222415214184792e+00
2.066466826109196942e-17
1.267902539816004315e-01
5.920724295845703443e-03
2.347171772087163627e-03
3.991302402356082931e-21
1.915926104061734360e-03
1.296407985103656735e+00
8.555078924014003147e-03
2.778652528106987110e-18
1.365335283853014517e-03
4.720286207908357817e-03
6.803495900942786202e-03
