5.215287221485738200e+00
4.208434389900501671e+00
3.801890672976310448e+00
1.399191522997819570e+00
2.813564251791088822e+00
3.308659763541796917e+00
8.110941122874995024e-01
2.726753729321831798e+00
2.832201236816606738e+00
5.981371277963872801e-01
1.788419691899437503e+00
8.420960789378030276e-01
5.964355875687658015e-01
5.866842927214755976e-01
6.130153930280085595e-01
6.184584677030480204e-01
5.945203586250242811e-01
4.564511379787591139e+00
2.780324659319183933e+00
9.269588367609902235e-01
8.730806228879144371e-01
1.889419360357033506e+00
1.736967498574326987e-02
2.757258971796873182e-01
3.591978616245540268e-01
4.239814092036059282e-04
2.284511462043029711e-02
8.629194360827523863e-03
8.229980325909342503e-03
8.605095208031132248e-05
1.262792889217378457e-02
8.703260822092037663e-03
-3.884356101629010334e-20
8.546522137118671411e-06
