6.283165295802232819e+00
4.903674598499520698e+00
4.058596001473826931e+00
3.377621007794954000e+00
1.050301680017965866e+00
3.116998470800907306e+00
2.128791404395165898e+00
1.025301360167153009e+00
2.096301243312046272e-02
1.923303016512856178e-02
1.589208322711303800e-02
2.346639544367177393e-02
1.953460392142651256e-02
3.001154370960637530e-01
4.896425974422414229e-01
1.001469910787022410e+00
-1.439292193623571815e-17
6.875699288508240988e-05
7.696033121499541441e-01
2.886903220388229059e-03
-2.629277184155441892e-17
1.966543052529461794e-02
2.923167156828588525e-18
1.052000225365034236e+00
-8.653943197271560948e-18
8.218632567976481840e-04
3.480664107630149345e-17
4.844919446302987671e-04
1.506369299060772438e+00
5.373538758532507249e-06
1.866974582718716004e-05
5.165983533299076797e-06
1.144218145638089886e-20
3.096005056031495353e-02
1.119243517421100731e-02
9.814942932494680541e-03
