6.102446995724196910e+00
5.671022932105149295e+00
6.263070143201933782e+00
5.383647086535662041e+00
6.282002813008407571e+00
5.602811468327717925e+00
4.400515820497090225e+00
4.192416791649234753e+00
3.775415669440932209e+00
4.345666377100757316e+00
3.782448277027520955e+00
4.312931344750724705e+00
3.005586336046409457e+00
3.586995703068780461e+00
3.495200256726172405e+00
4.562730778718023572e+00
4.736151132892418403e+00
1.147303748472184922e-05
2.056235843701368804e+00
1.389336308291757804e+00
-6.491804462919636020e-21
6.190951203487899956e-01
2.208890128311169210e-01
3.572554056802016570e-02
2.132990023832501830e-02
1.731790506764318768e-02
3.116006773897275761e-02
3.741157323251668405e-19
3.964597152438797772e-17
7.123811282413931023e-01
2.335136542963533318e-02
3.213259307147311311e-02
3.125607754397585758e-02
2.508874522559216211e-02
