4.236503590765811289e+00
3.247096896718880465e+00
3.903598008296987221e+00
1.456397684958245176e+00
2.752339383377528925e+00
2.412962786821950090e+00
7.653187194538492166e-01
1.729178126980246644e+00
1.825503946589038806e+00
6.136118614979495511e-01
7.868566344311495042e-01
8.697054971916755584e-01
6.032496964237256121e-01
6.158983805229323316e-01
4.589593437830464140e+00
2.792835185031452561e+00
9.296404816904509927e-01
9.016178281502725822e-01
9.146713116623194084e-01
1.123606572635068137e-03
3.111382927742363802e-01
3.850531802023370864e-01
3.715175238565625315e-02
2.307680567433865668e-02
3.149370476144356529e-02
1.665535266615777998e-02
2.201811344373328597e-03
4.646568890270212811e-03
