4.001457284682187421e+00
5.175340968144529263e+00
2.962617826114065878e+00
1.533642899427940416e-06
1.865016245073527257e+00
8.355396193449272646e-01
1.538320190702662904e+00
5.140597461762592690e-01
8.539648299714512891e-01
1.792135160779432690e+00
2.824296909192416383e+00
2.808205301956730793e+00
2.796235961205063791e+00
3.782274768726550107e+00
4.788818812725078033e-01
1.475467769616485830e-04
5.031950830405651498e-01
4.081180759691694249e+00
1.416539520601231450e+00
1.621978817834663245e+00
1.767109954940847549e+00
9.469509636379431772e-01
6.812025259347695982e-01
7.293711436325329700e-01
8.038795308796765626e-01
8.238480050320645676e-01
