6.175423310849577518e+00
4.826220098830647842e+00
5.004923867884378375e+00
6.282855368241527572e+00
5.533250671339928317e+00
6.060473204605675512e+00
5.166763426553028893e+00
4.021783208050482727e+00
4.021876341941086785e+00
4.021830074066796712e+00
1.068325582837051889e-02
2.046428919515618006e+00
1.000064473816081989e+00
1.001564015856474921e+00
1.015519020154117324e+00
1.124928368285047497e+00
4.998122602811683814e-05
1.161634771502403417e-05
3.329959972022495870e-05
5.410597283156831107e-05
