6.283185307179586232e+00
3.746666644086050546e+00
1.001882983670455696e+00
2.369319980565132600e+00
4.405025837286431489e+00
1.138253918350317972e+00
2.300267581867532662e+00
2.117496336186615480e+00
-9.290869036011134660e-17
-9.367514038183276362e-17
1.119829371407617957e+00
8.139077622884061114e-02
7.062335004426342766e-02
1.405405912201954877e+00
4.965964204381528857e-01
1.054510783959669906e+00
7.117059782923360611e-01
-9.333781023814652323e-17
2.899919202318413191e-05
1.130708002816083635e+00
4.197059440395744226e-06
2.962636070085352125e-01
7.369932433715437048e-01
-1.018620297928658555e-16
-9.804518308402104525e-17
1.422673594091217658e-05
