6.215319778817833374e+00
3.981671539290605910e+00
4.757980109884220710e+00
1.433069808666283640e+00
2.847413119144997840e+00
3.342502434961666324e+00
8.111211109378627659e-01
3.760581502107574803e+00
2.866028035903689819e+00
6.319696286538977192e-01
1.822272427824147334e+00
1.875929674185154550e+00
5.964471960560451258e-01
5.867145095565585722e-01
6.130199075756844751e-01
6.184251806813084729e-01
5.945485668068737350e-01
5.945424358656969943e-01
5.945001227219917084e-01
4.564553210413716755e+00
2.780329739874022987e+00
9.269880892598686417e-01
8.730924434722893146e-01
1.889404247882912058e+00
1.735875470173561808e-02
2.757581700097175292e-01
3.591661624225617744e-01
4.010323471253480023e-04
2.287564892188835922e-02
8.647360110013187565e-03
8.174712177122173476e-03
1.022736787475143579e-04
1.264341166340792778e-02
8.750851997523711664e-03
2.524936430996099112e-05
-1.024909866177703410e-19
-1.355252715606880543e-20
2.258562985792470206e-05
