6.215319341414840437e+00
4.208430355938186374e+00
4.801867793349340552e+00
1.399224385435206663e+00
2.813575818060447542e+00
3.308661410064348996e+00
8.111202660912223417e-01
3.726775377152732105e+00
2.832194090695358213e+00
5.981388306473141014e-01
1.788432297116951064e+00
8.420943883257022700e-01
5.964455781031318127e-01
5.867069560806765782e-01
6.130239704721358596e-01
6.184458928880762763e-01
5.945309570138741506e-01
5.945276785773201400e-01
4.564517157194617702e+00
2.780328406505588212e+00
9.269805410377314203e-01
8.730940288245260250e-01
1.889434382407937152e+00
1.738978089589541740e-02
2.757335819924189857e-01
3.591842975825586537e-01
4.075549311433863757e-04
2.286141742635963009e-02
8.643228674528444580e-03
8.210349737113266724e-03
8.856034350649547092e-05
1.265551478231752812e-02
8.740228402757671891e-03
-3.411582264432487317e-22
6.080381578059969227e-06
1.045981562196661538e-05
