6.280101247310804879e+00
3.748971479372770865e+00
2.048193298414251906e+00
2.293493418766217928e+00
4.232806483774976591e+00
7.502432603383784038e-01
3.299818409816107856e+00
1.991293020842188843e+00
1.079275322439680496e+00
7.127748532855694708e-02
1.389074590288727151e+00
4.709464527629003694e-02
4.347621142814621364e-02
5.306622894874121754e-02
9.284927695252573887e-01
5.901692166178521687e-02
9.473971229631018565e-01
9.093533317491679924e-01
7.177888048673557175e-02
2.845072384575969998e-21
9.903793284001533026e-01
3.541656300994225348e-02
8.267020169737261670e-02
6.479006382056886615e-01
1.331684665832485364e-03
6.228774873930355781e-05
6.205818072699697055e-03
7.154769715023945320e-02
