6.283185307179586232e+00
2.741039238656159949e+00
1.450501494384791368e+00
-4.103503993861370472e-19
1.216522854534080933e+00
3.393664987804854150e+00
9.924971819381244176e-01
1.066310583891645347e+00
2.637455140155068850e-19
1.702080430926332132e-20
1.398807012413458972e-05
1.311463064943266439e-04
6.374607015303757063e-01
1.646573347718207172e-04
3.450381809445407489e-04
2.103612902047195224e-04
1.131130534143240862e-03
2.004292974922061233e-04
9.101538413469725851e-06
3.083970454532557106e-05
3.358110215569813932e-04
3.139343469361900035e-02
5.681582037747514580e-01
2.400746716340491701e-05
