5.586672089872293689e+00
1.198762784786241875e+00
4.999176624749895659e+00
3.993174365304161366e+00
3.832301413972238890e+00
3.239722245502423714e+00
3.357435175965268304e+00
3.544098227366620613e+00
3.357698385843786326e+00
4.357730763037960031e+00
3.254125578199134949e+00
1.495428329924112010e+00
2.464404664897413610e+00
5.385854598641596880e+00
2.442750760426938061e+00
2.440990474549066036e+00
2.444033483707976462e+00
2.443249522363440729e+00
2.443229179793299455e+00
2.443249840614697188e+00
