6.276662224552255864e+00
5.776752503774170044e+00
2.171221538002101603e+00
2.511326566121343085e+00
3.061093804804224217e+00
2.820952058414991193e+00
7.546082395424941192e-01
6.214435730331147045e-01
2.349929438354803946e+00
1.870371118922221632e+00
7.110040225225391364e-01
2.058185009200569571e+00
1.468394836804599590e+00
5.877138093107810990e-01
5.056226890239158278e-01
5.270378048600092846e-01
1.471907761544123394e+00
4.582290900257232624e-01
4.582168676158737686e-01
3.602834931076927205e+00
3.986506702914370592e+00
9.657415910399818173e-04
4.425972157724611389e-01
1.991589590368019858e+00
9.188770560182556721e-06
1.025479519818637275e+00
3.713200600416807903e-04
9.424788096631990736e-05
9.409343901974585866e-03
7.113583234397562486e-04
1.152290008715575395e-03
1.603221362956402246e-02
4.103022024883652870e-03
5.496959617075819308e-03
9.576388055368363502e-07
1.147378703621796140e-03
2.291987735534889610e-03
2.308058886109810078e-03
