2.983605307464259671e+00
4.202782593418468160e+00
1.576901004228824954e+00
2.794841103442467389e+00
3.337589437176458951e+00
1.364410482953264836e+00
1.068788883090213693e+00
1.098832484896802297e+00
8.768252801384458506e-01
8.920796950633045341e-01
1.081286563293933467e+00
2.680680516146980885e+00
2.277313866785381169e+00
2.621514116896151052e-18
1.152204817293504303e-02
1.851307221463681374e-02
9.427803817015861874e-04
1.059729271498754781e-02
1.001535008636498762e-05
4.721019500314387702e-04
2.303461626070158266e-02
1.977959569850273685e-04
