6.108953720052416436e+00
5.915731508002224359e+00
6.278042837430239054e+00
5.122080349303081981e+00
4.128367772537549385e+00
2.638671767768455911e+00
3.301503684508474201e+00
2.979994652015264034e+00
2.991566146571856155e+00
3.006686940339220016e+00
2.931276463206783589e+00
3.864233160154708635e+00
2.740648661861875279e+00
3.405835284156811138e+00
1.346366598418039295e+00
2.868703830393169785e+00
1.171204194795821163e+00
1.362533659363996952e+00
1.431598202872859105e+00
1.577083962904436198e+00
1.039296204622581321e+00
2.372207525446684007e-01
1.573685368508479171e-04
-2.117582368135750848e-20
2.066622582180182466e+00
7.858640896604947024e-01
7.421423566277386870e-03
2.264540451781581979e-03
6.520627345200977372e-03
4.072282169326375822e-02
9.873256844397588702e-03
2.075214233117212981e-01
6.041141131279528570e-04
1.047402417952981946e+00
3.367962484194743367e-02
2.993899789693931640e-02
9.160704841051618306e-04
2.038430674086619265e-02
2.054831874703864913e-02
3.093293311218565022e-04
