6.065225458321124918e+00
3.046748137031615844e+00
1.269204740099089790e+00
2.564221013621609480e+00
3.678113373161170596e+00
4.829723996269836284e-01
1.473986408627341316e+00
1.414927798091573929e-01
2.734663058888434639e-01
2.101520857706754564e-01
4.315972788233483626e-01
1.933341865527435921e+00
7.261444160632881673e-01
1.376103905800319382e-01
1.602060498151481420e-18
4.907349744965810306e-02
1.391132950352150510e-01
1.537864452785318026e-01
2.417246661451495480e-20
5.491839032665628562e-01
4.133180837880977010e-01
3.192606034373333679e-01
