4.983355214228474495e+00
5.202753323987881373e+00
2.576608051981918113e+00
2.794687006971381837e+00
3.337577351695489636e+00
1.364172771995413980e+00
1.068383520643912510e+00
1.098495845504616097e+00
1.876618022294501698e+00
8.917733725156560265e-01
1.081517551531951504e+00
1.081347236297240721e+00
1.081775642705969487e+00
2.680720387691925666e+00
4.277088884672060942e+00
1.397971591553558188e-05
1.170144797908742422e-02
1.839103104851514889e-02
4.087449738271502035e-03
1.002939959657933762e-02
6.185814699297700092e-06
-2.253992811836694174e-18
2.360097484869050008e-02
-7.692614181716028803e-20
1.981186251872971062e-03
-2.650744207466360692e-18
