6.115206917305518353e+00
6.270663356379733600e+00
5.093185883809708159e+00
4.313195748876908375e+00
9.093084567194104073e-01
2.907089340221241436e+00
1.084263260797287520e+00
2.158074568813008465e-01
6.433661910510656279e-01
4.061769539290412904e-04
4.601640466051113522e-05
3.895838024769687075e-02
8.348514802392997119e-03
3.865762703906518855e-02
4.388359494690682178e-02
3.252689773868697870e-02
1.831548878412030679e-01
2.689877341977006786e+00
3.009611736474225238e-02
3.964482540316485171e-01
1.398497882209341459e+00
8.488765337918539617e-04
7.743781186331893940e-01
1.529198850897963147e-01
1.673361425769500921e-01
2.645115560548944700e+00
1.287417122098891697e-01
4.599304397954393636e-02
3.503512264476326687e-01
2.874405570048091940e-01
7.854011466794711405e-01
6.218864093389983409e-03
2.357369544011605811e+00
1.550215252451023984e+00
