5.983020914622686703e+00
6.283185307179585344e+00
5.167246649251672430e+00
4.724132049528728672e+00
1.293927781343161554e+00
3.374888102092597819e+00
1.598325306668995971e+00
2.667715279641060810e-01
5.845784791423268567e-01
3.388131789017201356e-21
2.009315060597680058e-01
-1.863472483959460746e-20
-2.032879073410320814e-20
5.612282332545524876e-04
8.993607189120645448e-20
-1.694065894508600678e-21
2.883760479915810748e+00
1.647713705262608770e-06
6.574046088978661162e-01
1.073707726293586351e+00
1.215563872994085415e-01
7.168213905429714483e-01
1.950702874497099726e-01
7.212646548311874017e-01
1.574603838841384329e+00
1.023478388764101398e-03
8.472499474288369692e-02
3.355620434570110722e-01
5.274014579832090321e-01
8.110060639313785291e-01
4.659818744273287565e-03
9.995920250638262727e-01
