3.983626579404845991e+00
4.202788815304343117e+00
2.576884395927912852e+00
2.794832123415696756e+00
3.337574530712573928e+00
1.364391308629258948e+00
1.068774576367883311e+00
1.098839549517536041e+00
8.768545619072485309e-01
8.920896763062647894e-01
1.081287427427608749e+00
1.081291960152422682e+00
2.680677030569283303e+00
3.277362601093848138e+00
1.621314609754748378e-20
1.154685629923498866e-02
1.847615277962487423e-02
9.071858490546545143e-04
1.056971844063445479e-02
-1.524659305057740610e-20
4.736217711550929320e-04
2.305932874766339000e-02
2.099532798210462445e-04
2.059716373409366968e-04
