6.276678808491032768e+00
5.776748768128991074e+00
2.171197438785458012e+00
2.511335500885155447e+00
3.061139093412654333e+00
1.820967290713759734e+00
7.546458562044602303e-01
6.214219661598513467e-01
2.349931829955594242e+00
1.870390845812520020e+00
7.109972048016052204e-01
2.058209927198779265e+00
1.468416978939651507e+00
5.877470367641850491e-01
5.055938660265726359e-01
5.270331373438192912e-01
4.719054520003780340e-01
4.582336375349494451e-01
3.602837724338193048e+00
3.986523030932259903e+00
9.615074964984009947e-04
4.425971584499397427e-01
9.916055807147905465e-01
1.315399349250546127e-05
1.025479369868070645e+00
3.742872800233189344e-04
9.547340398617187949e-05
9.408224025551010714e-03
7.051867979497687677e-04
1.160799322473495291e-03
1.603776584101556865e-02
4.113894320667135091e-03
5.489628208321088547e-03
1.141058064248119978e-07
1.154471372270371660e-03
2.300411538348286992e-03
