6.270602336999068882e+00
6.096827642209413867e+00
6.282690565235681035e+00
5.989777709434740416e+00
5.349805630364177667e+00
5.572044726319477448e+00
4.840666361035578014e+00
3.746185139869252279e+00
3.979660055454243839e+00
4.929897509428461611e+00
3.995595191169427185e+00
3.901673017870892046e+00
3.764639860562415397e+00
4.267327527730023995e+00
2.736544263773860950e-05
2.426853550477264587e+00
1.807431787026357872e+00
5.655141070475288023e-01
7.684177842222915666e-01
6.058990931123335866e-01
2.761413519895137281e-01
1.354461408403758449e-01
1.433803317065129868e-01
1.182721413787097969e-01
3.277967989883436711e-02
2.152652018897524674e-04
1.200503291507597258e-03
4.353234837182768519e-02
