3.330167521135771302e+00
6.269509240120946458e+00
5.182238590831066638e+00
2.763688356298877657e+00
3.344751673510167667e+00
2.991734167979604564e+00
1.230104764080177437e+00
1.265562655919355572e+00
1.256703758344523081e+00
1.306579060712560914e+00
2.306593734849629485e+00
2.910502970306790171e+00
1.488582856874074212e+00
1.862223616198223075e+00
1.422026494388274331e+00
1.514775165189754302e+00
1.512116113866223799e+00
1.920238288754850808e-01
4.579429036399047526e-01
3.599912897191924754e-01
3.830655176280010621e-01
3.830943770261838188e-01
