6.282196989168697954e+00
6.223804367547407956e+00
6.030680140343579687e+00
5.208580029087091390e+00
6.281750557850015682e+00
5.299828435745268962e+00
4.728315722255040932e+00
5.243846231874026209e+00
3.465153243218311196e+00
4.011102732871129284e+00
3.518763269817775541e+00
4.024146733797828723e+00
3.723296850435735994e+00
3.413998674329095095e+00
2.890860248896157447e+00
4.279848287360126236e+00
4.541670867893672359e+00
4.468043760528054520e+00
1.192984741438118002e-04
1.783201760911103273e+00
1.308114659612526598e+00
3.739166492737467756e-05
7.403942321947009075e-01
1.253021273625387177e+00
-3.684593320556206475e-20
3.358400956746338071e-04
1.140422712758404789e+00
4.573977915173221831e-20
1.214122821912267834e-03
1.937838182710116671e-03
2.547821256940602797e-01
4.881415115184288833e-01
1.754408270173051301e-03
4.574693560074779533e-04
1.303705724865360759e-02
1.255859451946623536e-05
