6.283185307179585344e+00
3.152376662291790144e+00
1.717306204696537497e+00
1.537755809053374667e-01
1.519203623500785749e+00
2.854659107620369785e+00
9.838379603769541459e-01
1.123819844734020856e+00
9.195959556662838263e-01
1.290468197841987963e-01
1.218692096542657284e-03
8.622966399506027946e-01
4.245795198412576771e-02
5.292918947573503792e-03
4.334288169458544145e-04
1.100504266380820592e-02
9.949110786322481678e-03
9.141380579019179123e-03
2.893752712370200042e-01
3.292017363639460504e-04
2.614010474094138198e-02
1.501769885544940076e-20
