6.283185307179586232e+00
4.988858865489254057e+00
6.013373985083286577e+00
6.162984621676104169e+00
5.685357576095180221e+00
5.736716773154304505e+00
4.875269887103135247e+00
3.908717812007906467e+00
3.891024883984271376e+00
3.873715982673573865e+00
3.964664708350420508e+00
4.003685051055260402e+00
3.915223254790451968e+00
1.509325632731868365e-02
2.475127452698766106e+00
2.027847849277865322e+00
7.067729957628904325e-01
8.438477242555957325e-01
7.638242181984878920e-01
3.771402769797955190e-01
2.581919984199588236e-01
3.333259801011779211e-01
2.010988826831335841e-01
1.622695154397241490e-01
2.679246987756006906e-02
1.747226676022463898e-01
