5.880957725562553584e+00
6.161948518616591208e+00
6.283072863044937506e+00
5.754582811750114324e+00
5.954643757994706021e+00
6.170604616799411524e+00
6.224745672889184789e+00
5.902001405505303389e+00
5.457490523889360290e+00
5.630238852533146598e+00
5.363586206850359694e+00
1.573801435130682602e+00
1.830822354127125545e-02
4.780563545603663117e-02
8.261881616938696049e-02
8.342565768726410702e-02
8.678251383973850652e-02
7.699498291282666496e-02
5.582512037334518701e-02
4.621056123710512442e-02
3.364300300747145173e-02
3.229674579065116430e-02
