4.106132486469284970e+00
3.155148487827927006e+00
4.543299147607135602e+00
5.128870970383336392e+00
5.123901106181237175e+00
4.999792138243304152e+00
4.830569015321466431e+00
5.764802976173510451e+00
5.580714248773848141e+00
5.691157591541232463e+00
1.444978483335402838e-02
-4.065758146820641628e-20
5.567291238791850783e-02
7.105587742341237800e-02
8.076936785697125254e-02
7.489406110921457971e-02
5.564135083315099872e-02
1.705948503336916430e-02
1.445681718154135341e-02
2.781799895766006586e-02
