6.529330335176668394e-03
-5.551275474227254569e-21
6.805627772841223999e-01
7.778835631455656152e-01
7.241152283433390791e-01
5.399521909387861029e-01
6.627119052858845283e-01
7.110833912380101207e-01
6.949244474210760636e-01
1.144187817153069275e+00
1.506142947246767338e+00
1.349094821460584903e+00
9.520673655928609813e-01
1.042803506121216639e+00
1.055318265591077109e+00
1.107821921910811636e+00
1.182319596843888432e+00
1.266916940550621984e+00
1.364730395754335301e+00
1.476045988840992917e+00
1.501074715192639797e+00
1.534502943362015870e+00
