6.091930656126166355e+00
4.961935647414870587e+00
4.541018038248385125e+00
4.711084576817703429e+00
5.114706017550791906e+00
5.218957169126037243e+00
5.389336193306092149e+00
6.021989305681688442e+00
5.828960828214614587e+00
5.767943496062929221e+00
5.719703362008443648e+00
5.686806498479275718e-02
2.566673625744545287e-02
1.524659305057740610e-20
1.276619124668074319e-02
5.949638531052000440e-02
6.496619235182421459e-02
6.393489007023743509e-02
4.065758146820641628e-20
6.021423592502218869e-02
6.358880869061959984e-02
2.464373612679460201e-02
