2.927657138809494034e-21
-2.514629062161210150e-21
7.431416397619273750e-01
7.463462559674712837e-01
7.363509258454776774e-01
4.358750656529020162e-01
6.226326119187564068e-01
6.096055338081338704e-01
7.005902000686982101e-01
1.287834834791227845e+00
1.347767044082236021e+00
9.517908048483704198e-01
1.041608837598211323e+00
1.052248849450786228e+00
1.116828313049955446e+00
1.196319745814041102e+00
1.275088684878041834e+00
1.369219929084460663e+00
1.492548142559669833e+00
1.530553165820834893e+00
