-3.763505100916308649e-22
-1.721915552962335217e-41
7.081835204388560179e-01
8.039007605858491390e-01
6.934380769887676932e-01
4.669492875736334092e-01
6.017232897147063442e-01
5.815280946522273231e-01
5.462698674204943261e-01
9.308069143948185520e-01
1.064545124297662460e+00
1.355071051663456316e+00
1.353130481809612817e+00
9.561901697658576893e-01
1.038097908006937686e+00
1.055212078091122274e+00
1.113293932090013705e+00
1.197506613324946567e+00
1.290769378673844558e+00
1.343945925761308668e+00
1.437210226703908411e+00
1.450979121673737104e+00
1.495900928192810619e+00
1.523289539165633588e+00
