6.072747500069215931e+00
4.961322533708901084e+00
4.724530823787485012e+00
4.356346589036392380e+00
3.128618211244029279e+00
2.906723596352598360e+00
3.947867703109436022e+00
1.638330104777970253e-01
2.164404402273129691e+00
1.046523356126854098e+00
1.335770581765182818e+00
7.330404251011144456e-01
1.258471855887315582e+00
1.096652300314545858e+00
1.078850836480628406e+00
2.391586119317853587e+00
1.741438815656003447e-01
2.755249811263114079e+00
1.811437908128496144e+00
3.523802142840902762e-01
1.882766545327081209e+00
3.962803149608336295e-02
5.907311700637402074e-01
3.902015217958800242e-01
6.381006878860178144e-01
5.259526849769616819e-01
1.470505568991046230e+00
1.548968989575871813e+00
