1.886634901389029562e+00
7.311326172163314929e-01
1.715321469518949815e+00
2.545661876139807767e+00
1.512057367518123918e+00
5.553679564158760407e+00
1.386385764087282091e+00
1.396604591673846762e+00
2.538366713504696115e+00
2.352487555190600599e+00
1.759980821815524451e-03
1.311276924694514623e+00
8.598713126069932322e-01
1.057426608966985704e+00
9.788308437632806669e-01
8.100259585384674832e-01
8.198229826570709866e-01
8.108440039749306161e-01
8.140108037291678977e-01
8.100446976301405311e-01
