6.079478431638526637e+00
5.043632505465779126e+00
4.456448668022558124e+00
4.796355632711501116e+00
5.051061129968054786e+00
5.217608922732413390e+00
5.405545301927023871e+00
6.012473210617587327e+00
5.820028009802666880e+00
5.774601416120448860e+00
5.703095433762324973e+00
5.704099795350416002e+00
5.609724239271249996e-02
2.589193883173281086e-02
5.466009487750406876e-21
1.205908826047391233e-02
5.953849919511199074e-02
6.618249175826242114e-02
6.383498762466752185e-02
1.961767541894500988e-06
6.117460881880016493e-02
6.500873149390372363e-02
2.216477679832739786e-02
4.168058249241828224e-03
