6.152228317960682702e+00
6.064981527972502562e+00
3.758034529456546480e+00
5.901977053852098365e+00
5.398228152568965932e+00
5.830001945454793777e+00
6.001781701680170222e+00
5.924267061327507022e+00
6.163419566319285003e+00
6.274075316815929781e+00
6.283185307179587120e+00
6.129951989585861405e+00
6.225786381928799962e+00
6.075313616694864471e+00
1.871914068379520124e+00
1.751546514416240763e+00
6.948127585773620218e-01
6.582243729386273445e-01
5.584742583253161641e-01
5.534243444177171511e-01
6.920792717491662804e-01
7.786230036480078498e-01
8.638964995047276885e-01
7.182535171669983676e-01
7.210135180257887244e-01
7.557272573998492504e-01
6.491068997871248802e-01
7.324552035858410415e-01
