6.115664164106912715e+00
6.088650525608646724e+00
3.962074082217313276e+00
5.878547843194922073e+00
5.300281157540295496e+00
5.844635896918305207e+00
6.004061193206907454e+00
5.886018080901153304e+00
6.155513845127303263e+00
6.018685166892667304e+00
6.148688877080310533e+00
1.848245331402935676e+00
1.744241382690118414e+00
6.946006000229182353e-01
6.637811036641074747e-01
5.763192853762487688e-01
5.376556102645333457e-01
6.693946429605295290e-01
7.981973245625855196e-01
8.414672235521599708e-01
6.779650792456054509e-01
6.769669756193544830e-01
