4.100742727985386082e+00
2.995808276612679233e+00
4.801373011892438036e+00
5.145185584607953722e+00
5.069339370078351337e+00
4.803960818519743547e+00
4.523432012990491025e+00
5.944415398781077720e+00
5.274179347613464408e+00
5.650859269610621460e+00
5.873946660653619922e+00
6.222141841076825663e+00
6.092550354231772047e+00
1.176596389113502943e-02
2.570877343814810014e-21
5.397063958609882306e-02
7.358225954888211739e-02
7.058259073007432105e-02
6.751449387802595237e-02
4.472926550919842370e-02
9.234560119157953525e-05
3.887436308005507574e-03
1.822934291168507603e-06
1.486426703047388082e-02
1.680182927281352948e-02
2.399763843084380677e-02
