1.913719244906073147e+00
5.324610240541862716e-01
1.751027885463021017e+00
2.773052037069009934e+00
1.759074760220615596e+00
6.275644223519625697e+00
1.078425731437350876e+00
1.444650484619288022e+00
2.454595343281224196e+00
3.341858129094790630e+00
2.219805198897487397e+00
2.204532659545860529e+00
2.033581528066044530e+00
1.960855697660816507e-02
1.249717067273204973e+00
7.965405828154487056e-01
1.012807055416321766e+00
9.578482584159743185e-01
7.684003408444961547e-01
7.849690480640361123e-01
8.293929052611370700e-01
7.680286137065394092e-01
7.785127017561697116e-01
7.759652157383972737e-01
7.741162553526361734e-01
7.767361956929642597e-01
