6.130323427934509795e+00
6.089682384537661974e+00
4.584802254104414665e+00
5.725995768539331898e+00
5.265991367921023070e+00
5.881827698717849273e+00
6.023133393573099958e+00
6.011513876352728936e+00
6.110576525118974978e+00
6.283123353400451805e+00
6.070707905647139135e+00
6.070499070380645179e+00
6.171356154974978026e+00
6.109647849486122162e+00
6.195879980232448681e+00
1.847503089788543607e+00
1.750716025083127958e+00
6.896646549549205751e-01
6.840934051757093792e-01
5.569058103875390575e-01
5.204061166544893258e-01
6.951859328302329999e-01
7.873555587417570001e-01
8.285273218667823514e-01
7.161658560233382653e-01
8.170392744416298259e-01
7.980079508508907127e-01
7.953538278422546126e-01
6.033531622807838390e-01
6.482131079091139059e-01
