4.042638955580375892e+00
3.006824916884784038e+00
4.789498820632299037e+00
5.154263135675054563e+00
5.168538382702235090e+00
4.771296281157981767e+00
4.521886898621109374e+00
6.015578521516744104e+00
5.311231048924330622e+00
5.830710397885981777e+00
5.756049491989635669e+00
6.280298344123510290e+00
5.904556023474476056e+00
5.965088890595850124e+00
5.965681857143498412e+00
1.356282641453963010e-02
-5.908696484252895036e-20
5.150224007872106213e-02
6.889639433128917634e-02
6.794447725038632591e-02
6.993566321569250066e-02
4.677314884802548367e-02
-5.778085256477733127e-20
7.241045544076648958e-03
-6.760595796756827898e-20
1.741661551487950002e-02
6.372316074513534497e-03
2.089338334686881987e-02
6.572648283561798553e-03
1.446037818412501154e-02
