4.031664745514391690e+00
3.025099476684895983e+00
4.793525938161780964e+00
5.135728703701269993e+00
5.160630919263987870e+00
4.774524291443982271e+00
4.526980446609828235e+00
5.934908526528774431e+00
5.400933835504706515e+00
5.745836527635960422e+00
5.848962723442570066e+00
6.200995586408796001e+00
6.008440911260731099e+00
5.965289656092894077e+00
1.345079575620935185e-02
-5.467902606387518082e-20
5.240642424809929811e-02
7.043698604455879420e-02
6.776850069629303253e-02
6.876557022022161680e-02
4.531233167287423286e-02
1.937690802985369247e-05
3.778242954462988912e-03
5.034374778609921643e-03
1.018574671391156428e-02
7.343974826332505534e-03
1.818206536363509498e-02
2.132859852246327126e-02
