4.225827668276443738e+00
2.928507316370565050e+00
4.533234937690679089e+00
5.121321152553274025e+00
5.001882745643474237e+00
4.828308472178340693e+00
4.632679030417492960e+00
5.774269531662477029e+00
5.465959294896358678e+00
5.567113929795755034e+00
6.215640974443394029e+00
8.343961424734003610e-03
-1.350723298317134709e-20
6.202016892303185286e-02
7.376780258301189608e-02
6.712033646898546424e-02
5.522204268884534778e-02
3.393793292814245577e-02
-1.926841295706844696e-20
-1.617254357370062902e-20
2.213269229768027174e-02
3.166780525510779626e-02
