6.088399242282309665e+00
6.274043285434204087e+00
6.279027929621045168e+00
5.886050320148453530e+00
5.924647418244420649e+00
6.267054370454063772e+00
6.149304589610061100e+00
5.792327114368209351e+00
5.494591042335640552e+00
5.454057680268172170e+00
5.355851962958793067e+00
5.328790956094525910e+00
5.617913193936510119e+00
5.188126072711527037e+00
5.071257155790513949e+00
1.571031066059618064e+00
2.485327204057925093e-02
4.876089463062408674e-02
6.813850965516927982e-02
7.272612723630783593e-02
7.357642734946551188e-02
6.384706101887348273e-02
5.264623591709481631e-02
3.858819725798710160e-02
3.460864902657002223e-02
3.311572739536616100e-02
2.314211325606235770e-02
2.286888679087259110e-02
3.093406206686504997e-02
1.863219424273240832e-02
