6.283185307179583567e+00
6.232344458192624614e+00
3.752033727394935791e+00
5.399354804453181167e+00
5.935769611155742531e+00
5.514848344999313312e+00
2.457860480778242707e+00
4.023093156038450857e+00
2.337172335840818072e+00
3.844208349711399020e+00
4.912988758565170144e+00
5.716046581615402467e+00
6.233435852878976391e+00
1.719652507962500465e+00
2.265025262018787622e+00
1.934091282190470773e+00
3.130712070608920872e-01
1.360206440979008446e+00
2.157202259123435439e+00
3.233107713449770326e+00
3.344285439321888820e+00
1.598208388695002702e+00
7.934728578861545145e-01
1.921657887283508392e+00
1.978973039379007703e+00
1.990720567435482868e+00
