6.001765089720901614e+00
5.051526466396464521e+00
4.551473985657730204e+00
4.639787602276440381e+00
5.103293173511438852e+00
5.134256547812887206e+00
5.512338403476093163e+00
6.064974808326935474e+00
5.922504867493946890e+00
5.831317830059077778e+00
5.593962234130482436e+00
5.725337800284505896e+00
6.154787728677461267e+00
6.169277696043759640e+00
4.638932722968527878e-02
8.020797049351465272e-03
8.115192344084613471e-03
2.348110218753102912e-03
-3.330669073875471135e-20
5.342292765858428633e-02
4.764960091062191844e-02
1.589861452070242057e-02
3.566895776788276545e-02
3.460203859612082100e-02
2.463112684476515338e-02
8.281397173614530108e-03
1.261182434816735150e-02
2.038104286155818096e-02
