6.283184563417233193e+00
4.255700340913692870e+00
4.969888763178260227e+00
4.361273634806273947e+00
3.253669217957646076e+00
3.193786448549674084e+00
3.436940658548132355e+00
3.617349896889385241e-01
1.983169721130140450e+00
9.652422074165692978e-01
1.120028211129450391e+00
1.020215277238451401e+00
1.030155941014119003e+00
2.401617760361251630e+00
2.213505833082025642e-01
2.762314864928192559e+00
1.788943951517769859e+00
3.244796039349159278e-01
1.823397627218356964e+00
6.414947222869071819e-02
5.844496577734217269e-01
3.582605922807689525e-01
6.263106159269706819e-01
5.161240390558889946e-01
