1.923213855956728002e+00
5.478629465843709578e-01
1.733330375914832633e+00
2.763688849495140154e+00
1.763972480354817352e+00
6.238323815373022718e+00
1.363525283957840672e+00
1.395129217161722002e+00
2.406090815620164580e+00
2.353254695043049072e+00
2.199453525283027844e+00
1.707507978216998151e-02
1.250328835713016229e+00
7.976705092151730181e-01
1.012387184542823837e+00
9.573383274346780603e-01
7.695274251179545777e-01
7.854485576765226629e-01
8.299659074101133349e-01
7.698072016157749831e-01
7.782767069995117915e-01
7.758718360859599983e-01
