6.207815809722429634e+00
6.178062493232719277e+00
4.945048387414693991e+00
5.575675090846407223e+00
5.760241165989056888e+00
5.380978852723601769e+00
2.783523010617949822e+00
4.169842006136745383e+00
1.920955121118875786e+00
4.804965675762504773e+00
4.500744221489372698e+00
5.862302032717932931e+00
6.091956193572171330e+00
5.848716209205291783e+00
6.047850816387058792e+00
1.523380951103028735e+00
2.108388240006384251e+00
1.864857481836318831e+00
8.666705790162541889e-02
1.218899297271498261e+00
1.882931860937008928e+00
3.205303686945266239e+00
3.167178833991028508e+00
1.367485577379464079e+00
3.386860603213303067e-01
1.946491527870648053e+00
1.777817578129633480e+00
1.750983809041474215e+00
1.781544831528037998e+00
1.949955515827317631e+00
