-1.331821671267010766e-20
1.559271188864918312e-20
7.111136979794056012e-01
8.048970764134226741e-01
6.865345473603522430e-01
4.819468587095370182e-01
6.199922287646683072e-01
5.749559378705273449e-01
5.670072052944704621e-01
9.626177063382803656e-01
1.114305041736739943e+00
1.259015072551844527e+00
2.437810022963994516e+00
3.377894089726265481e+00
1.359653043055238042e+00
9.495078930792447691e-01
1.034205820329038961e+00
1.059591890115730406e+00
1.112920478532330115e+00
1.187221100331688151e+00
1.296382812933511763e+00
1.349928691024430139e+00
1.438809891927087747e+00
1.450687663767769031e+00
1.496489759546917986e+00
1.519064011645586243e+00
1.552766806875983896e+00
1.564323723061433302e+00
