6.166577454094001709e+00
6.149275589915332851e+00
3.965396326686520645e+00
5.802234954895634012e+00
5.324163980600999935e+00
5.873088155851400316e+00
6.054160410155892791e+00
5.887314694586775587e+00
6.213492578940969402e+00
6.155460671318428112e+00
6.269674565617403772e+00
6.175514308961276733e+00
1.853416221948935183e+00
1.758081843702959057e+00
6.878636231254725564e-01
6.736022174209251867e-01
5.912191364822539930e-01
5.355471751199128994e-01
6.689938111796228659e-01
7.925742897941567833e-01
8.674643905055767767e-01
7.455174264045972832e-01
7.086250047101155802e-01
7.389672523274695148e-01
