5.955784396642942014e+00
5.082423349867752016e+00
4.672243087989596866e+00
4.515548179544787821e+00
5.083127761554056434e+00
5.152287804590896414e+00
5.516517223685476701e+00
6.180589214320016289e+00
5.765502634970615325e+00
5.896020002219063194e+00
5.506685385923010045e+00
5.770319594023962217e+00
6.036840662608710772e+00
6.173968696197591477e+00
6.023812222208233536e+00
4.681273490786996144e-02
7.126543285775660021e-03
-6.188619043834788539e-20
2.835568392502325896e-03
-4.867731243126083334e-20
4.676472787583123292e-02
3.726228314474277353e-02
2.630032680998736425e-02
4.172532628127484378e-02
4.108813887561671430e-02
3.006303527487938845e-02
-6.098637220230962441e-20
2.398664723331583003e-03
5.659587227310757668e-03
4.106258407556922368e-02
