1.913817366754262395e+00
5.134698924596750036e-01
1.744349586715232103e+00
2.772994807817788399e+00
1.769101479226270035e+00
6.271189421304775635e+00
8.331875201722951374e-01
1.475930767647900765e+00
2.497331992210880536e+00
3.380123675213182910e+00
2.261010105833855199e+00
3.204408802663759825e+00
2.032847095535252890e+00
2.034433529052668721e+00
2.043906775329577472e-02
1.249160713166581838e+00
7.983876756650039042e-01
1.013577341330583526e+00
9.562683261381607069e-01
7.675337126508974261e-01
7.850852453148713384e-01
8.286539139255313380e-01
7.678877443230791577e-01
7.794776524217816860e-01
7.772456000543694898e-01
7.735460680464186778e-01
7.765083984572080933e-01
7.775892585525656653e-01
