6.283185307179586232e+00
3.587697061969203904e+00
4.217496358381451316e+00
4.564868909691354837e+00
4.973888046199085089e+00
4.380255389250939047e+00
2.665880088856001251e+00
3.011687891864349265e+00
2.867953895467437953e+00
4.453658897571362019e+00
5.122636675292961961e+00
1.046782492774873230e+00
2.876542526711956427e+00
2.549089098112764962e+00
1.171969505481190499e+00
2.040686843841886144e+00
2.433297276159190226e+00
3.423668478890813383e+00
3.967257473476081930e+00
1.801499052952581836e+00
1.576296509805366730e+00
2.341332378118130997e+00
