6.116028682105407732e+00
4.761984395517838031e+00
4.491492674196344126e+00
4.754870737523952506e+00
5.132543181897777806e+00
5.220907676259804120e+00
5.369279485749011371e+00
6.120366325220600423e+00
5.709791302455131223e+00
5.797974858264914211e+00
5.660344848171754151e-02
2.264933247466698052e-02
9.716063475047863069e-21
2.315850203767454846e-02
6.261297108907527831e-02
6.482829965487757473e-02
6.974621983298771866e-02
3.276145496672096518e-03
6.487989204773114693e-02
5.734935273193527555e-02
