6.196921980477413605e+00
2.950995558523561879e+00
3.506943169115822823e+00
4.659179209348996764e+00
2.486076082219193406e+00
2.612370658542328083e+00
2.022187000039592064e+00
1.036680381262427897e+00
8.090320461324160828e-01
1.100584071060522584e+00
1.741404291439184737e+00
3.094499011290189561e+00
5.426729017709159830e-01
2.861662068631723788e+00
1.269840914837357726e+00
6.632869781299117751e-01
1.493148045853152528e+00
9.018193003786373341e-01
1.228646755684094094e+00
5.211001505154019275e-01
