6.163860568927422179e+00
4.951483217814848459e+00
4.698227062042965585e+00
4.458468528167579770e+00
3.182291776632665936e+00
2.880345232126851673e+00
4.084874091963285103e+00
3.884379156903702574e-03
2.255143666538133029e+00
1.024111174407805303e+00
1.297966380489397498e+00
7.196501910155350679e-01
1.495776101290316573e+00
8.868501036382794300e-01
1.920935000077763410e+00
1.099631529207748759e+00
2.383387866095389551e+00
1.615005396322909681e-01
2.760872618632170816e+00
1.818500680967567673e+00
3.504658099304303054e-01
1.883720026355451438e+00
3.680258656997054123e-02
5.859929508717213187e-01
3.991328141954007536e-01
6.413805155249857615e-01
5.237514993534657659e-01
1.462236044776414001e+00
1.594443155275685253e+00
1.615751455924034019e+00
