6.283042374954545650e+00
6.217915022877444464e+00
5.008664007767562154e+00
5.823993077658498940e+00
5.919172151924168901e+00
5.380802857119419969e+00
5.471814075462266835e+00
5.819744514776548527e+00
5.268219611116238710e+00
5.868882044666475117e+00
6.043953190056380542e+00
5.259874180305793345e+00
5.474696109606076000e+00
5.841543931636590692e+00
6.185220190789498140e+00
6.185249597493990947e+00
6.185231589095656624e+00
6.283176110014114357e+00
6.283171767559145415e+00
6.185252892145649994e+00
-5.409143556354625782e-17
-9.316058902828260269e-17
-1.138559862126008175e-16
4.618800085959764317e-05
-1.770983077006202630e-16
3.543243533760422455e-05
-7.699981017243830440e-17
1.039523189399991405e-19
-1.453438560052557877e-16
-9.912554296420191793e-17
1.884153324318353122e-05
-1.330761769862325264e-16
-7.887178719029837202e-17
-1.327461615431330343e-16
-1.312413255394009217e-16
-1.031408391832100486e-16
-8.245069896669619428e-17
-1.340653853584773970e-16
-1.578405773244734557e-16
-1.772562855967567810e-16
