5.795992552980376189e+00
5.721609526943511881e+00
4.522580957776257904e+00
4.663620133730470130e+00
4.697552640646431854e+00
5.970517064577052224e+00
6.283157196176060388e+00
5.640339101776086217e+00
5.827128628456120119e+00
6.053201725673067024e+00
5.558232547536525736e+00
6.283185307179585344e+00
5.632698958047666515e+00
-4.979020325317671266e-21
8.505062031926537788e-21
-6.812254440923574580e-17
2.648067859190665088e-06
-2.729605446309120023e-20
6.802724318325505703e-21
3.092820239597260059e-05
-8.227485974265301683e-17
5.425922209041774899e-05
-1.296887397121363709e-16
1.685422040985968165e-20
-9.151119140781594012e-17
4.899392015869879195e-05
