3.147552513187225287e+00
5.261650080142818986e+00
1.952544851924643998e+00
5.828944883334009397e+00
6.191707886155021434e+00
2.479011797675526374e+00
6.237998997407986579e+00
1.207219773891445191e+00
4.192878991262110944e+00
4.109266903075486255e+00
4.966928547039533903e+00
5.095277999419987935e+00
6.150209653035060064e+00
3.024687565136087386e+00
6.140644989882776628e+00
4.470904185379557028e+00
2.195882616539087007e+00
2.326454305387550381e+00
2.232952886687534999e+00
2.316748728853751160e+00
2.319969115014514749e+00
2.331404279174738026e+00
2.257066936241828525e+00
2.300770779251952725e+00
