6.091009784588522713e+00
3.195113183679769708e+00
4.262135757936467151e+00
7.712120158915895807e-02
4.155024389834150789e+00
2.993277194557506515e+00
3.086822486091202133e+00
3.297519575195190455e+00
3.134636886636752440e+00
3.097760899104347487e+00
3.026543947901002340e+00
3.319555220565624687e+00
2.953799459265786354e+00
3.243398104667715831e+00
3.218697057122539285e+00
3.069060450733951839e+00
3.111571502210058959e+00
3.171935915130050354e+00
3.144538595495703248e+00
3.155618116544766760e+00
1.257899370009989692e-01
8.939340186209521200e-02
2.596946215182897172e-02
2.727468424901601310e-02
6.529183389413771577e-02
4.272166468892839297e-02
4.787708802482295439e-02
4.014486314041123410e-02
3.998180255503414743e-02
4.038005145263110635e-02
3.510216205558498725e-02
3.816820312518789948e-02
3.432790946892220335e-02
4.010055518347314940e-02
3.783415863765416526e-02
4.252487376422414700e-02
4.448999693021685187e-02
4.819341253445836443e-02
6.851513405055201233e-02
4.420034093180665730e-02
