6.069951841636122225e+00
5.403593200643957317e+00
3.961623465216159712e+00
5.461992347096691347e+00
5.534442286375811371e+00
6.112913952739196688e+00
5.986760996602675355e+00
4.194289771570259617e+00
5.998877865117192343e+00
6.239148454065493787e+00
6.173074181369642588e+00
6.037626910353019127e+00
6.282990353105171621e+00
6.281505660330966023e+00
6.163899679480171478e+00
6.116599958145078730e+00
6.241949287287276604e+00
6.012484621025608433e+00
6.282312102145288790e+00
5.555479747654541001e+00
2.740387393788610737e+00
6.245422168154340703e+00
4.489658945987299532e+00
3.977946718135230597e+00
4.033385571918205237e+00
2.003555123703723684e+00
2.542983559262873339e+00
5.292409735488069700e+00
3.856357070431225775e+00
2.646170529769156676e+00
2.169600574200218901e+00
2.111190688380366609e+00
2.925724032065012636e+00
3.750321801041586856e+00
3.931417367370263705e+00
2.234069774899266392e+00
2.445437313650079769e+00
1.897905647424994457e+00
