5.525600213811950212e+00
6.280368185666185710e+00
5.457864112944289303e+00
1.673597949202585908e-02
1.471263558741408017e+00
2.739129049057760668e+00
5.038779132075998923e-01
3.479018519078630245e+00
4.858189982333549484e-02
1.536588017198566414e+00
1.074130285462272960e+00
3.344696323604259725e+00
1.922835852253531819e+00
1.441348357855467333e+00
3.854799813771009553e+00
2.493489232834582570e+00
2.540705206590426535e+00
2.447739130491284776e+00
2.780240487546154604e+00
2.932483623747146773e+00
2.356227729622410560e+00
3.089023279518026549e-20
7.917438037892790201e-03
2.284526195401360722e-03
4.362219678359646746e-20
2.415745343861311345e-03
7.436982720592694477e-05
4.206393378556726333e-04
3.166904804649476723e-03
1.261849276807697207e-03
7.207743245782037914e-03
2.840721113005978318e-03
1.214758290959414575e-03
2.202226936265022704e-04
4.886880780938854946e-03
1.822781835794078141e-03
3.478963477136181974e-03
2.339727965805128034e-04
1.552196152669236238e-03
3.001243845736768605e-03
