4.903625588964715121e+00
4.919118379000341434e+00
6.212191911475287931e+00
4.629437272294093297e+00
4.388580298970770066e+00
4.092236372570001279e+00
2.909289159630435329e+00
1.538528672767512262e+00
3.415843472303519590e+00
1.699780284493910720e+00
1.684885116383503245e+00
3.075205659024426552e+00
1.972424466694876921e+00
3.198909969484938998e+00
8.726950366179958567e-21
-2.584738688983739299e-20
3.028309227958350856e-05
3.935578910685232178e-20
-2.804169479458734139e-20
-9.467584992258551607e-23
-1.385437065176673515e-20
-6.939985079168018541e-21
2.654702140315445808e-05
-5.746377317288583974e-19
-1.038393724185349048e-19
-7.216449660063861441e-20
2.422303614399710890e-05
-9.087457294021925656e-20
