3.352208255807318960e+00
5.748099468866340267e+00
1.420607135668537024e+00
5.317279099999133507e+00
6.281622570012375562e+00
3.614097120830126908e+00
5.751608980072571597e+00
1.403058426997513486e+00
5.005989038277496306e+00
5.258018699279095820e+00
5.181407097121488725e+00
4.837055194617883913e+00
4.825786752746002328e+00
6.210278430403726624e+00
3.035303479385949910e+00
6.283185307179585344e+00
5.575004496508109142e+00
3.228453482985871315e+00
3.366563410119512323e+00
2.466871551718003985e+00
2.650526549679971922e+00
2.181118335230280980e+00
2.429939039704389625e+00
2.192376906278155513e+00
2.204980338334980416e+00
2.255679737235163795e+00
