2.820895077041019938e+00
3.206932678483875421e+00
3.152818654731469383e+00
3.179888218433397196e+00
3.089286021534891624e+00
3.117335709518356701e+00
6.283115070621366982e+00
5.192931654943745201e+00
6.164032689123366993e+00
6.164657907804720338e+00
3.153886424632837304e+00
5.233568951154540905e+00
4.709695555900448305e+00
4.763073523689719480e+00
4.740438054920963040e+00
4.741948581556210129e+00
4.726547293220850321e+00
4.714605436008961092e+00
4.711500276766941830e+00
4.712498146979558378e+00
