5.771631887996189647e+00
5.811238416475099200e+00
3.930436654651095818e+00
5.821694132018054191e+00
4.377487714416351317e+00
4.293138807384008437e+00
5.258358890092925897e+00
3.309897516990521371e+00
5.968475151223159969e+00
4.362369137885737658e+00
5.301994906572005561e+00
5.262131474296477762e+00
4.946088949911599641e+00
5.970799494135458296e+00
4.704675212743604895e+00
4.798406303236514958e+00
4.803484637753532738e+00
3.835380981957352109e+00
2.087368225345787920e+00
3.729385881176090933e+00
7.785958329287954172e-01
5.437457605106650257e-03
9.720967003854305011e-01
5.122375897707668324e-01
1.453560627481519152e+00
1.530332823408190324e+00
1.549719337771471084e+00
1.552318629321403742e+00
1.526204477192841136e+00
1.535010284813055792e+00
1.551082936857410388e+00
1.543357038298611261e+00
1.546654529514023935e+00
1.555081148589695150e+00
