3.908940311658077427e+00
3.643959823077612015e+00
4.166597863836748239e+00
5.716230451540535995e+00
3.904058753069300725e+00
4.612125046549956586e+00
4.907123983399002576e+00
3.497482443674689190e+00
6.279571118906631888e+00
4.142310231429636502e+00
5.343125036657991878e+00
5.284409871078699084e+00
5.217007767540037477e+00
3.821205496645579291e+00
2.092933416187858775e+00
3.737158435610939300e+00
7.738958126241930469e-01
3.794707603699265519e-19
9.757132472371619070e-01
5.073526587910068830e-01
1.431891296256894153e+00
1.526811293990644414e+00
1.522377846764515930e+00
1.537461598441959731e+00
1.539215046043140855e+00
1.535598785441655956e+00
