5.340131783364943097e+00
5.225693115851300696e+00
2.169540818278545835e+00
3.394829786374498948e+00
5.245698869256968599e+00
5.698407223307664360e+00
3.538425312069490403e+00
3.489540728825841764e+00
2.268387448076495172e+00
2.710382632413516735e+00
7.853982729285594599e-01
3.359220565864579316e-05
2.651223376220249693e-04
1.891604735243514689e-04
9.506108778999971989e-05
3.591378128322249768e-05
5.388851056227017891e-05
3.049318610115481221e-20
-9.317362419797303730e-21
6.699603723659764212e-05
