5.989648964004643972e+00
2.247126171195153788e+00
4.211429235858046738e+00
2.128624989586965291e-02
4.117582970291067568e+00
3.177620189184252375e+00
3.222128298644315603e+00
3.132115176782540367e+00
3.151441779134849241e+00
3.195532553592743241e+00
2.942157821779537219e+00
3.332966094579550287e+00
2.938029259616874000e+00
3.257376859470451969e+00
3.197051955305865611e+00
3.100407114674926135e+00
3.113542916508647007e+00
3.167334210738805389e+00
3.122654859486670542e+00
1.235990138447980446e-01
8.342945297733730947e-02
2.811526639448821974e-02
2.604042080996060715e-02
7.220504003354610845e-02
4.966033989456888204e-02
4.871361520920074878e-02
4.365282206854181890e-02
4.250096983116641303e-02
3.909267462672259830e-02
3.929568467220267286e-02
3.810105127478768255e-02
3.923101433069310640e-02
4.083929701486599395e-02
4.642794762093245542e-02
4.583222612618696040e-02
5.259699938924496110e-02
6.993801236260108189e-02
4.850486280915562720e-02
