5.010967631363663521e+00
5.579592582163090952e+00
5.309254070779760859e+00
4.661452788089296639e+00
4.159093737379034650e+00
6.283185307179586232e+00
4.252825472822206798e+00
2.742944987409472457e+00
2.644588021454302496e+00
2.162116658736489505e+00
1.426528389918982676e+00
2.039422087907946324e+00
2.871291190916497982e+00
4.050930821959634720e+00
4.185393945787542869e+00
5.169057617127331028e+00
5.220503087129107378e+00
5.132624054572563210e+00
-8.852912505123900323e-20
-8.642108546015994966e-20
-8.920990065314392130e-20
-8.587635990730058766e-20
-8.529521790981361747e-20
-8.559372760278911564e-20
-8.947471666358756360e-20
-8.071078088996761083e-20
-8.669516371230781210e-20
-8.832403022460244431e-20
-8.642214611975697799e-20
-8.542533743105938173e-20
-8.008514217854616034e-20
-8.852867352835232374e-20
-8.650106086091129032e-20
-8.514446925164853949e-20
-8.702449687003755520e-20
-8.561876128845626009e-20
