4.534616666780469707e+00
2.475377954711297512e+00
3.019072807881594489e+00
5.494641256488560078e-05
3.574648719145063769e+00
2.941063869078879289e+00
2.979963824094038927e+00
3.208775506255827192e+00
3.177587709476499267e+00
3.164834403392035700e+00
3.136381926539114406e+00
3.035290986050985129e+00
1.865023133802217459e-01
1.324203532064415212e-01
6.053872175946946321e-02
5.168901889890155366e-02
6.763061357794827866e-02
5.535452779008935564e-02
6.947168468772112193e-02
6.182740986486294499e-02
6.544152752372404958e-02
7.161392589928008978e-02
9.317643577160204804e-02
6.101618954953336171e-02
