5.961921761962845956e+00
6.274994819949983871e+00
2.164882139334336930e+00
3.382569218183790749e+00
5.233799338797719969e+00
5.700923374470336924e+00
3.582643902642599798e+00
3.523665450463776772e+00
2.236538684375534825e+00
2.742226990747099524e+00
2.674886073984186208e+00
7.853772805479697361e-01
1.511132363922836411e-03
3.251590062140941213e-04
2.265990153410787594e-05
1.533350202848928601e-06
4.652927188037451122e-05
1.441510879588911364e-05
-9.890033127808285752e-20
3.552437662445172587e-04
1.813759536983064642e-03
1.268440896677562190e-04
