5.953251405499737636e+00
3.753732742350304186e+00
4.289104734570787336e+00
5.042778724315160055e+00
5.092998180707713374e+00
3.550615696665254895e+00
6.283087170179434189e+00
6.194501781454604838e+00
6.210759659075086425e+00
6.282987949473424649e+00
6.279286312615446342e+00
6.282592837673578678e+00
6.230851473168904420e+00
6.232995784681224727e+00
6.282867017743245519e+00
6.250191318908705718e+00
6.282916231669863016e+00
6.246206845784029404e+00
6.269171746675965551e+00
2.334162878068022362e+00
5.457282380247155729e+00
4.012306841246485511e+00
3.819033303435276583e+00
4.768988570663513116e+00
3.784309676454975069e+00
5.264498887187559539e+00
4.100853981089083611e+00
3.597881222660837874e+00
4.986314297973800436e+00
4.384129631651283887e+00
4.444850916411414055e+00
4.207410298162215234e+00
4.382578779706960859e+00
4.398842758728056523e+00
4.277381846235856599e+00
4.239024081695987434e+00
4.414654106305217596e+00
4.441741903560775917e+00
