6.149139164172450656e+00
5.801967822156180787e+00
2.339925495626852481e+00
5.752147033683532307e+00
6.271404424074581208e+00
5.923835933769890261e+00
5.668064227831159485e+00
1.599548268861114675e+00
6.132778770428032544e+00
6.258863897463549542e+00
5.964703383493994870e+00
6.252655180472198815e+00
6.211217781721233067e+00
5.943012176992158224e+00
6.162285941890422336e+00
5.931415107351799776e+00
6.140198076525660298e+00
3.308539404870233014e+00
6.268642855235654565e+00
4.775217771491401919e+00
3.862987507592664294e+00
3.335292969590178291e+00
2.391990045994994762e+00
2.491173816613237779e+00
2.801676631204591317e+00
2.436854846474773684e+00
2.562867110525037795e+00
1.314292423776737495e+00
2.318304939101363260e+00
2.710657027214495862e+00
3.322607293026011099e+00
2.535303609287785420e+00
