6.162569967274876603e+00
3.178614721102647867e+00
3.412945090096484169e+00
3.944670917903376761e+00
3.420202863149394812e+00
3.117429277833671186e+00
6.021469600719195903e+00
5.067505751321900398e+00
6.162775370578322587e+00
6.283173416867178673e+00
6.283139620980633389e+00
6.283187028762974968e+00
6.129985297177010573e+00
5.621285627155765852e+00
6.220489132212953187e+00
6.230370341959328151e+00
6.283209186258353895e+00
2.343445965090681149e+00
5.369189859025246925e+00
4.004814159251921524e+00
3.860585031455419536e+00
4.679586812868815393e+00
3.827438431437792943e+00
5.340854600842321886e+00
4.044831127517898750e+00
3.648435830897831522e+00
4.815832163583615433e+00
4.416492150720197074e+00
4.451252102186153969e+00
4.228267000666151354e+00
4.245264946975168208e+00
4.291322854877461346e+00
4.193419434294026971e+00
4.270833215189591137e+00
