6.283174371309121042e+00
5.991338977954545619e+00
2.581133163666677000e+00
3.640328855983814726e+00
3.464311430754711374e+00
4.326150216478549027e+00
5.770367537682768777e+00
5.813842907479289224e+00
6.029844816341864089e+00
6.226407279430349995e+00
5.753934317845402546e+00
5.672378867264923130e+00
1.111827797020269694e-05
1.712016606430577523e-05
3.489294126788560188e-17
6.067369373092729076e-05
4.517263274979438924e-06
-1.086537679303021397e-19
3.091297923083985362e-17
4.061684027377216490e-17
3.598519821850595773e-18
8.162495479325483493e-18
3.425910805991659049e-05
8.193837774285192845e-06
