5.652471777637742889e+00
4.085343884725655350e+00
4.612116634181675501e+00
3.891399578775872392e+00
4.835894524193314226e+00
3.298893235615876662e+00
5.973369858077055561e+00
5.934100508740505653e+00
6.086151776495704269e+00
6.283185307179584456e+00
6.155122688689905530e+00
6.282219748638641299e+00
6.283185307179584456e+00
5.820020100584339495e+00
6.283185307179588008e+00
6.283185307179584456e+00
6.185232190283877607e+00
6.281755765285473636e+00
2.335405570706182932e+00
5.496918571540609477e+00
4.029274964876773168e+00
3.817922624369924023e+00
4.728757079374499739e+00
3.806611520489263878e+00
5.296655707107696287e+00
4.104518569879767043e+00
3.565044712008281991e+00
4.892979176224408810e+00
4.343544314152094188e+00
4.313664576209095713e+00
4.270413814267185693e+00
4.345368749143021070e+00
4.326184976060291731e+00
4.193489614420568223e+00
4.308308341473637171e+00
4.401937592014652623e+00
