5.925159244222155230e+00
3.662410066607733050e+00
3.291833871131920386e+00
3.190894208887776529e+00
3.536928301207534098e+00
3.432845211936155660e+00
6.096035662055717452e+00
4.872424710489505095e+00
5.824169672113891139e+00
6.126154484542441381e+00
5.987106877107382097e+00
6.071124872445609277e+00
6.045749148715706234e+00
5.576971050070637759e+00
6.121902231151244322e+00
5.833051703802220267e+00
3.124814097456670492e+00
5.072141282875251456e+00
4.518349472688887758e+00
4.732168732511482290e+00
4.825358171755981473e+00
4.473322397093458136e+00
4.972468881124628481e+00
4.696443241657536127e+00
4.489943650140896914e+00
4.968239419298823734e+00
4.781147649806841038e+00
4.627128468956860807e+00
4.674085275282506835e+00
4.714703389037127046e+00
4.684002730975947770e+00
4.636315688651857947e+00
