6.280028634706736668e+00
1.826912914915723940e+00
2.754221468709785015e+00
3.149237058818470381e+00
4.110733289213234443e+00
4.590873851939705652e+00
4.304114340028475816e+00
4.923919333135749810e+00
5.231206158836751108e+00
5.591369918185531418e+00
5.036574411461282708e+00
3.960569632607485069e+00
4.416174400801851974e+00
3.812153865893626037e+00
5.374396656032331521e+00
5.991252664522918714e+00
6.103255014043797999e+00
6.096831388279741581e+00
1.116723549810263227e+00
8.164504940899561247e-02
1.403887981377422989e-01
1.696590802093031203e-01
1.484521925880521176e-01
3.453899633556336418e-02
2.629811674540890720e-03
3.142366553744576491e-02
8.354132700543482489e-21
-2.090462183266553915e-19
5.304338016498323649e-02
1.104667113552945764e-18
-9.404466533271778211e-20
4.047538313545705202e-02
5.399610013797774555e-03
1.269216207003876461e-02
1.385168789423922922e-02
2.127399670193753575e-02
