4.953128166135305932e+00
5.640795584905667681e+00
3.933481470976637251e+00
5.832196861009347089e+00
4.619628182152944795e+00
4.417229651245209610e+00
5.194934343767820373e+00
3.292453354833621226e+00
6.205988940172699309e+00
4.292768153285270394e+00
5.273673073390543919e+00
5.275830317667714375e+00
5.271688020984743872e+00
5.727795837265967194e+00
4.711224389915510180e+00
4.794413901987776505e+00
3.832997980238636693e+00
2.085041245465790727e+00
3.731117442184036737e+00
7.715636544226973648e-01
1.517625836518985555e-02
9.760798620204437226e-01
5.021819496982088404e-01
1.432369775870458994e+00
1.528875342304719886e+00
1.542659788164277845e+00
1.547535452315439208e+00
1.515571174802756049e+00
1.545048593116039148e+00
1.547859758086507442e+00
1.546989450547916478e+00
1.546573325750138173e+00
