6.249493266403383096e+00
5.947502946367238863e+00
2.677163492081373164e+00
3.971609066610680916e+00
4.789823592946025776e+00
4.824317229759211401e+00
2.879476762625614583e+00
3.209611178738528192e+00
1.322990048329556023e+00
2.154970476304229443e+00
1.996964754522236651e+00
1.800236187990239323e+00
4.687332045939657021e+00
3.544752839891022411e+00
4.838487371767477008e+00
6.227470399210846885e+00
5.564284311339571687e+00
5.392223227129107066e+00
4.148310858895563946e+00
7.851404097098931834e-01
5.655972611023913320e-03
2.066220013049992179e-06
4.678296742289795684e-04
2.080555097826341420e-04
1.435322561429414404e-03
7.286282732835523863e-03
7.432674320931119578e-03
5.345071544772334515e-04
4.728841931641531403e-03
8.883706755663993079e-03
9.772945045329452327e-05
8.862335619738718586e-07
6.433838614964774300e-04
3.537790953359990637e-03
2.848071936205282331e-04
1.967940785357085408e-03
1.741797736322093365e-03
7.186328312344966805e-04
