6.283173559719582357e+00
5.930238523911801174e+00
3.022810697013661230e+00
4.069647019040737668e+00
3.913836941714477824e+00
4.887218560755025365e+00
6.069473419081193200e+00
5.850352670084899565e+00
6.077998441443267730e+00
5.987105409615355534e+00
8.614556945102327148e-06
1.424439817612400615e-05
1.073409684834537133e-22
-1.781071942950181365e-20
-1.024720478085913795e-20
-3.557016477017039433e-20
6.674273433172219871e-05
7.053665809692461494e-05
4.421933599423697910e-21
1.743841439301473014e-20
