5.915669007922693012e+00
3.883122582008731172e+00
3.138417665405432100e+00
3.197241236456723978e+00
3.509790355955670904e+00
2.981160167643200243e+00
6.087531017259626864e+00
5.183513026236934884e+00
6.074430112380039049e+00
6.240509459819212346e+00
6.003111511183718996e+00
6.097864535678903408e+00
5.977391009068010241e+00
6.009678060718256276e+00
6.142163110372393042e+00
3.133838291471688020e+00
5.138165464087615319e+00
4.582326036756423804e+00
4.749056771729333271e+00
4.763786528138592935e+00
4.589236353592379025e+00
4.801535775715917609e+00
4.689561812083141490e+00
4.540830111059881879e+00
4.967085497785988402e+00
4.771067944451162113e+00
4.635972676327183351e+00
4.681031560276860404e+00
4.675571036567060190e+00
4.671342877135341354e+00
