6.273889412720738079e+00
1.777449460854137353e+00
2.770197498063219577e+00
3.195787402000724420e+00
4.172115866040868148e+00
4.411580932853101267e+00
4.548816925659322941e+00
4.889436545239617793e+00
5.172422410855615382e+00
5.612489273817581115e+00
5.084701157808791727e+00
3.961235795277480154e+00
4.333227851147368526e+00
3.920640642142062315e+00
5.430499829928428390e+00
4.970760305726328987e+00
1.116858312418828714e+00
8.630318185228959271e-02
1.407816474723525002e-01
1.667815418565413710e-01
1.557671873685140540e-01
3.337399436641472900e-02
-2.657610053853714332e-19
8.897655729349038603e-03
-1.049140115044486880e-19
2.089418318245100154e-20
4.751357720086978043e-02
2.161623397223498902e-02
-2.313586601508077712e-19
3.714883043396691870e-02
3.144068572999478284e-02
1.998008071095746727e-02
