5.378788611996835556e+00
1.821954701046423652e+00
2.815136597673195240e+00
3.013958759627674233e+00
4.210646809244349420e+00
4.479667203135251796e+00
4.568080445801141032e+00
4.408350544938553384e+00
4.517305731807508273e+00
4.339680189582295178e+00
1.124033856435867174e+00
8.810987564670773320e-02
1.443139317778082686e-01
1.857992158367504365e-01
1.782505027134315134e-01
1.889706116536203351e-01
1.585710915760615847e-01
1.168557979876175545e-01
6.224966186764897824e-02
-2.168404344971008868e-19
