5.737422714320890016e+00
6.059817327858431746e+00
1.715199575416622713e+00
4.294642985725417361e+00
4.888677041731535944e+00
5.139778712436595676e+00
3.110030432882902929e+00
3.396662276353547227e+00
1.817899905157898788e+00
2.810391239050498591e+00
2.455225755758672967e+00
2.308623290099421244e+00
4.710770448327567195e+00
3.965754465502840720e+00
5.306484724096200090e+00
6.215183195731843746e+00
4.251295027400518123e+00
4.251358750705158229e+00
7.854034578631173824e-01
4.988317406837712749e-03
1.548444158981562022e-04
3.760150925041222657e-05
4.284278052568529479e-04
1.481865027854909313e-03
2.736975210815457971e-20
6.328777486265236250e-03
3.031432867250002635e-04
3.654852374182789021e-03
1.459940118208352027e-04
2.983200542549717914e-03
2.452756247309350896e-03
8.216050290108714690e-05
5.727078204697742293e-03
2.270769116874345010e-03
5.931875290689851178e-03
6.056797189544381975e-03
