3.734742145076534570e+00
5.262529677520990212e+00
1.689835223460323999e+00
6.278634742015740677e+00
5.917861270241783878e+00
2.924098869870425776e+00
5.716757838152731530e+00
2.096017190908727290e+00
2.849690206049231733e+00
3.946790110169911436e+00
3.981343438215880770e+00
5.485218653258750798e+00
3.174253046399889477e+00
6.250587730961352229e+00
3.922884798365443348e+00
2.345322798835079325e+00
2.344356632595907097e+00
2.351243571589377357e+00
2.349241231952524878e+00
2.351462779150012228e+00
2.357705930582810083e+00
2.355374528207299090e+00
