4.221569554279602343e+00
3.569451609625702737e+00
4.365458266636748519e+00
5.638502606826457431e+00
4.135303449335895110e+00
4.797359184189084580e+00
4.112299335778669906e+00
3.500440887643466947e+00
5.142006730619606891e+00
4.020204529013843064e+00
5.269217790117018296e+00
3.833714111685831760e+00
2.091826100257399457e+00
3.726293778117269806e+00
7.736036242834191112e-01
1.079656558460345521e-02
9.773051288220003796e-01
5.070748956003919838e-01
1.416732935474877442e+00
1.525987807027280319e+00
1.529309720842765508e+00
1.529298552381913590e+00
