6.282597348781115087e+00
6.282729355556008422e+00
1.776190025158993047e+00
4.123035800599305745e+00
4.854453289240808544e+00
5.321097626262623059e+00
3.139094810868998220e+00
3.292442389274559567e+00
1.846010559138123952e+00
2.689426309083989164e+00
2.887981542470001717e+00
2.598431757833645772e+00
3.597338856344701519e+00
4.571658966679224889e+00
7.853592468202705845e-01
2.226141641552645701e-04
9.405049899597457902e-04
5.751027211716384089e-05
1.834561680965037032e-04
9.317362419797303730e-20
4.160268075662752491e-04
5.496267953467603475e-04
2.589271333206542901e-05
-8.108469050364061537e-20
1.362247094540197246e-20
1.652139810576793409e-04
7.230166353004584441e-04
-8.027335689484264285e-20
