6.279846664752103180e+00
1.833438479536927401e+00
2.830437882078311151e+00
2.979129137081850232e+00
4.239524929363115646e+00
4.473117197811133039e+00
4.599022509559977046e+00
4.389081689362203775e+00
4.697021993171561327e+00
4.338463197086464440e+00
4.307925331664422153e+00
1.126485244626056703e+00
9.449292074204407310e-02
1.501095450436384093e-01
1.920691476278224286e-01
1.837741475581889383e-01
2.010503467074078454e-01
1.614955163671803196e-01
1.172562094648997438e-01
8.476607637632393999e-02
1.606248458283773828e-02
3.291083661633692481e-02
