3.565972910696932008e+00
2.574475951195134726e+00
3.018502046986159648e+00
2.597862542532856575e-06
3.431438725017415425e+00
3.049772884102371684e+00
2.980799756254729704e+00
3.197175837181237767e+00
3.215821315543767600e+00
3.087294137333948640e+00
3.168015370260060415e+00
2.002686854584936893e-01
1.248908138205990920e-01
6.973115951739453089e-02
5.846603779909382431e-02
8.263559518075462573e-02
5.393897801049857277e-02
7.856726865552228489e-02
6.448587425051249822e-02
7.719153135056643078e-02
9.911247524776467532e-02
6.564856836064637824e-02
