2.438637630739627582e+00
5.629165401762669774e+00
5.356949930959038042e+00
4.143759137492813771e+00
4.499035909973965630e+00
2.178370144276435827e+00
2.181499765326952112e+00
2.490463360219947742e+00
3.435069286052031323e+00
2.435069286052031323e+00
-8.037170142160718472e-20
2.856227168014535580e-05
-9.830614292267213648e-20
-1.076997143486944877e-19
8.334961467668134413e-05
1.561119211306596164e-06
2.376172114614902683e-22
3.596746064232264259e-05
1.476203276196501449e-05
2.688913238102018757e-05
