5.959968991933534355e+00
6.276273697826941778e+00
2.165030591988755138e+00
3.412303862287614287e+00
5.230424029538307096e+00
5.698034262585678356e+00
3.579728175168629623e+00
3.520361050609051468e+00
2.229710860213017121e+00
2.736012445612145072e+00
2.546288542140954458e+00
2.549757841056624841e+00
7.853707602995442238e-01
1.709025025787013451e-03
3.537327241726743489e-04
1.154718540168579841e-04
-1.016439536705160407e-20
1.632705153135609473e-04
4.071744837026036344e-05
1.731465235717445859e-05
4.851115531502336637e-04
1.944845419692275024e-03
1.009185342955415513e-04
1.813944290797235527e-04
