4.936410346900911073e+00
4.011761897831877199e+00
3.276922534668888609e+00
3.161934373766762896e+00
3.463372332003101572e+00
2.912035415697142415e+00
6.132906076463744860e+00
5.179084513559042868e+00
6.128937100982144059e+00
6.242534067748392701e+00
6.060220137323441669e+00
6.082758284149492489e+00
6.012573281995583052e+00
6.032791176494717966e+00
3.136835738912026716e+00
5.156107764861086018e+00
4.588718551370010168e+00
4.763084614781579518e+00
4.752956824630775401e+00
4.661271197958181567e+00
4.717146213331929516e+00
4.672220264297387793e+00
4.560699440715486830e+00
4.983206555525323544e+00
4.769972411462102713e+00
4.659128347588761265e+00
4.664942239786566525e+00
4.664128670652068820e+00
