6.187925052371230805e+00
2.505292662652825797e+00
3.577137560886843204e+00
-3.055243977095214005e-04
4.061962592634103864e+00
2.665282843157747106e+00
2.892936318870808154e+00
3.434903925717036621e+00
3.103520125896690462e+00
3.205100463366294061e+00
2.919829250130240972e+00
3.274773685577645033e+00
3.184040828997098949e+00
3.088039137793689992e+00
3.216109760693823816e+00
3.064410281160740102e+00
3.082778287491866553e+00
1.407579402758753206e-01
8.111056353067061520e-02
3.536592330167995235e-02
2.852294681826579581e-02
6.617529749077243062e-02
5.350459108871229857e-02
4.793378460803453950e-02
4.584452872350699287e-02
5.221540353931872908e-02
4.310091346365897691e-02
4.783401075435521344e-02
4.456750120320631531e-02
5.137791038462273530e-02
5.124536427668402450e-02
5.844980835429259419e-02
7.661939454517970038e-02
5.398827241405864535e-02
