6.283122856781413468e+00
5.721614734924902024e+00
4.272584699278889175e+00
4.663607479927269317e+00
5.701797495098946733e+00
5.964060703252693330e+00
6.276723688913733668e+00
5.282462755760655604e+00
5.664221298046091313e+00
5.652344740406364032e+00
5.157406039885095161e+00
5.882386805048320788e+00
5.231904678736861491e+00
5.586122595891935383e+00
3.610926832182660442e-21
2.545233280018650223e-21
-6.812876857069662181e-17
1.905825709533572944e-20
-3.382458009859844261e-20
1.712490409301716742e-20
-3.277498624201468955e-27
-8.227516064917947319e-17
5.681616535863909869e-27
2.691322237677922557e-27
2.002574411078292974e-20
-9.152268080793899278e-17
-1.962348133913142030e-26
-8.470329472543003797e-26
