5.994612096002207124e+00
3.528885384857614937e+00
3.926565681699810906e+00
5.082024726229326106e+00
5.490166020294587668e+00
3.557524697125165503e+00
6.244679237683537387e+00
6.109580318997577031e+00
6.209532578486261833e+00
6.282051963900144642e+00
6.198873395544614695e+00
6.282847579986246878e+00
6.206738789538679413e+00
6.187312757664792606e+00
6.279236499170039565e+00
6.270025860321347899e+00
6.256660591859378506e+00
6.275385092605202608e+00
6.258694417217197881e+00
6.282968255412638037e+00
2.358657312165566289e+00
5.461192432490104665e+00
4.016689916526043014e+00
3.805545594518346952e+00
4.770255597656785085e+00
3.701506101171455398e+00
5.253277923168155894e+00
4.077427316013682912e+00
3.548539943356034509e+00
4.945867528440069272e+00
4.374892997248010396e+00
4.427825580510167391e+00
4.160553878516644488e+00
4.349318196723835683e+00
4.367463572300457564e+00
4.143652059812275468e+00
4.754543721529271849e+00
4.357301586896444867e+00
4.432096414924458827e+00
4.490212108601981278e+00
