6.253783002173541661e+00
1.830274221367138798e+00
2.733368675405261072e+00
3.170564272453558541e+00
4.135868282637634508e+00
4.565134969043661783e+00
4.313441116438987422e+00
4.899057701916291307e+00
5.225753122810238516e+00
5.591464656978591741e+00
5.037829253968356902e+00
3.962995725952934034e+00
4.406618094236700145e+00
3.809999147807078490e+00
5.408724778900585228e+00
5.977185112831352676e+00
5.098015743697343005e+00
1.115594594893853486e+00
8.234911260562752244e-02
1.415273760459152541e-01
1.657810365693127008e-01
1.350126495635287083e-01
1.633520917287244190e-02
3.768404597183349773e-05
1.065989806595948712e-02
1.465151994219144119e-02
-6.166399856011306468e-19
7.099453061646231189e-02
3.450976900955039089e-02
5.461554223486709880e-05
3.829606498044287044e-02
8.828969272181073566e-03
1.707542896491066886e-02
-1.166665917786148820e-18
