6.163204509001514175e+00
6.273366507427152072e+00
5.836393891119836752e+00
1.723389411745773092e+00
6.550699950250225001e-01
1.897549887851708750e+00
1.093667385356499766e+00
2.995186124221089319e+00
2.147252662459143424e-01
1.049330897303125232e+00
1.134055178657245699e+00
2.131899569455243171e+00
1.819277156342991919e+00
2.069447466398026236e+00
3.184850805723120182e+00
2.294927873187570189e+00
2.303273682840428549e+00
2.306379397385843522e+00
7.855204513411296885e-01
8.550280435797854781e-03
1.582114832829017992e-02
3.034781290701516095e-03
6.540795014901269744e-03
3.705787542725133554e-02
5.033965092084028391e-03
3.872384434311606951e-05
4.998589735109545962e-02
2.120572810383873380e-04
5.367236571294065929e-03
3.394552732123025385e-02
2.454992036437266857e-03
1.870353939338369881e-02
3.262801607408254216e-05
4.110204372694448334e-05
9.351866704949789860e-03
2.528671643234725163e-03
