5.978702068179662987e+00
6.013180978351411632e+00
6.066393740370301657e+00
6.279791482733564578e+00
5.377263228032829190e+00
5.216925443905455317e+00
6.250841285989256590e+00
4.732207743125798949e+00
4.948314006813388843e+00
4.233609268988202778e+00
5.717499325007349142e+00
5.538749592049712511e+00
5.494051273193639950e+00
6.270707986983424576e+00
4.339563435366676103e+00
6.170392260872755941e+00
5.957523250717578378e+00
4.696057584628640313e+00
4.942611534370917603e+00
5.894471518432879975e+00
3.140319872027576675e+00
1.561509390338733594e+00
3.225153640067930816e+00
3.248738630891161994e-01
1.124834854730748096e-01
3.165220107263854721e-01
6.749613705850149303e-02
7.597080605620445404e-01
8.080345519652256669e-01
1.143419006614495581e+00
1.165435072441175723e+00
1.015254604681109729e+00
1.366152158082726276e+00
1.035770118486396107e+00
7.500309398240875280e-01
9.634260972742715312e-01
1.173962895930392492e+00
1.073664097061040712e+00
1.107939209521656032e+00
1.186940070923309776e+00
