5.857951385796162924e+00
4.394649973451814517e+00
3.976523444669944229e+00
2.039167823320358952e+00
8.319320286081578475e-01
1.761272469079416814e+00
8.640750970616267734e-01
2.502916435868317802e+00
1.078071403109054804e+00
1.477406856114263034e+00
7.854573238634180443e-01
2.912832736042702663e-03
4.609362647878227290e-03
4.096010290060549743e-05
3.999297245225608014e-04
-4.162538737564875071e-20
-7.935275700421405695e-20
1.759236830023246058e-03
-7.896363043935195563e-20
4.593591598118821132e-03
