5.866814492702329353e+00
6.146271499788773518e+00
1.741589711591152945e+00
4.249840159066139655e+00
4.655189631978385201e+00
5.358947513305170496e+00
3.167978337380562781e+00
3.351362790072617059e+00
1.819970858292213611e+00
2.741713857370477125e+00
2.828363712811884589e+00
2.626220674503508601e+00
3.382320394411601150e+00
4.558965017284948296e+00
5.221710926578562173e+00
4.219915807052504242e+00
7.854626744255724935e-01
4.556878873628686204e-03
2.495539085879025856e-02
1.679964828392453095e-03
1.016928101290568305e-04
3.251862609476593221e-03
-7.702705864093793708e-20
3.292013775269356517e-04
1.771299569773105570e-02
4.359576767018623518e-03
4.139639148288458415e-03
5.468989695438380440e-05
3.678208024305129609e-02
1.183451972222458910e-02
2.718873254671391390e-02
1.392202280276638553e-02
