6.283095605482361456e+00
6.260311639768847414e+00
6.030892979576881530e+00
5.964976702372955408e+00
5.876794363174091984e+00
5.338415891803536262e+00
5.429428685896963813e+00
5.777352457005606290e+00
5.225852885620676958e+00
5.826497998645817411e+00
6.001531389826720186e+00
5.217487578083360056e+00
5.432316759007822959e+00
5.799158542072769151e+00
6.157095253286542835e+00
6.205777615436270267e+00
6.232987557547522428e+00
6.281092521494091585e+00
6.244439070062742125e+00
-8.465223840460690009e-17
-8.781663033480150989e-17
-9.282858822082179229e-17
-8.881011804396122976e-17
-8.939482788987468486e-17
-8.842140123711416341e-17
-6.262594982333122839e-22
-8.857495599680631402e-17
-8.951984355920160418e-17
-9.511800031583351228e-17
-8.936496878709869051e-17
-8.975442425844562490e-17
-8.952281493115235847e-17
-8.848825701698390900e-17
-8.952153445378317428e-17
-8.927694064989756130e-17
-8.958256664523967561e-17
-9.004818408010233209e-17
-8.964029270588601289e-17
