5.288564227161121067e+00
2.359291495993562471e+00
2.871956860612339568e+00
1.816428957289481463e-20
3.573879510710454621e+00
3.033034761223321052e+00
2.962957848809287142e+00
3.134943896627783388e+00
3.182396473423732886e+00
3.244104195508044963e+00
3.100742300764959491e+00
3.127729716714819030e+00
3.154786120231024338e+00
2.998981900721965133e+00
1.796448680018207789e-01
1.112157224405853073e-01
5.663965371984832492e-02
4.648287844866127311e-02
6.125801535655535368e-02
4.890982154205504584e-02
5.997466191296076804e-02
4.917597972224272557e-02
5.319090535134340936e-02
5.474407515343897301e-02
5.538055198522046085e-02
6.287286857669242834e-02
8.365093187782864093e-02
5.250196620764222694e-02
