6.118706026507900297e+00
5.776422593709926723e+00
3.488557949123155755e+00
5.895995212480857006e+00
4.442235988998776364e+00
4.258621917694323855e+00
5.509441942091377165e+00
3.139321497112988357e+00
5.823463320836111734e+00
4.338218568873933201e+00
5.385770163192330706e+00
5.187848420295101626e+00
4.689033983125844074e+00
6.161910501650335270e+00
4.633837363335528536e+00
5.757624946609007033e+00
4.840372643329842184e+00
4.751384644266335222e+00
3.324993879518627793e+00
1.672967843427789258e+00
3.393992829790365207e+00
4.490737274238176813e-01
2.673350812953635626e-04
5.919469397854469905e-01
3.565341468222820165e-01
1.180516385932328882e+00
1.024651371721053250e+00
1.270503695481271844e+00
1.249660070942792967e+00
1.241947366743974879e+00
1.297559454604162221e+00
1.188018294650335260e+00
1.160707272119354316e+00
1.156180718348071457e+00
1.326932199146216407e+00
1.233578877143841845e+00
