3.850140776743470106e+00
4.328432447894821955e+00
3.212588461113255800e+00
3.152312215562275366e+00
3.194233119578550717e+00
2.981255289478830228e+00
6.071034490024676877e+00
5.262770151349994485e+00
6.283415727660131012e+00
6.256128266604319421e+00
6.197655054257267260e+00
6.046806333176132142e+00
3.136436406117430131e+00
5.194943836539760440e+00
4.626068703664069304e+00
4.751127657181143604e+00
4.741959240169270728e+00
4.709038330704403919e+00
4.714731136240523313e+00
4.669255907597171351e+00
4.572115414845551840e+00
4.983923539977092254e+00
4.720222327024917064e+00
4.625573581881369911e+00
