4.295376115925819249e+00
2.536942910787203243e+00
3.013469710026603465e+00
-8.156927282058912265e-19
3.401804836894513073e+00
3.141250869090451481e+00
2.947192621090850562e+00
3.185989403663733732e+00
3.172095717944356963e+00
3.236584474653583232e+00
3.097701169365309593e+00
3.072321773907588316e+00
3.093229615318477510e+00
1.762583608624601339e-01
1.179067855567222795e-01
6.800428058713441082e-02
5.410916218603640387e-02
7.226952735652625304e-02
4.689960243885003821e-02
6.277878246014403918e-02
5.256273446969601110e-02
5.874982056992093110e-02
5.554767718019632677e-02
6.676928429288843392e-02
8.738367633865340434e-02
5.473351124653264010e-02
