6.283185307179588897e+00
5.458129172560920672e+00
3.572136302009199404e+00
6.004485553592592062e+00
6.181672675089101787e+00
6.262755911823940203e+00
6.189526565427367011e+00
2.912627315077569445e+00
6.283185307179586232e+00
6.283185307179586232e+00
6.233831743839798989e+00
6.078801071612318196e+00
6.163314551283356479e+00
5.788796689968017439e+00
6.283185307179586232e+00
5.428537258690210088e+00
5.347366193876353258e+00
6.283185307179587120e+00
3.440013269582153921e+00
5.995375003113807999e+00
4.994891891904846837e+00
4.016860180086681886e+00
3.919388657811783361e+00
1.969569690704649378e+00
2.260821310999157507e+00
3.254425677559308561e+00
3.396711193728589429e+00
2.671577150215882046e+00
1.210103207646613388e+00
2.368551304199733032e+00
2.825960379271104994e+00
4.290843332006435418e+00
3.727437690071896625e+00
2.359495189008316451e+00
