6.255370324436312579e+00
1.844253644305958284e+00
2.796042868382414337e+00
2.985335129907789042e+00
4.218770626391830980e+00
4.399593868007259267e+00
4.582969172916260270e+00
4.386415750451085671e+00
4.606730472798946430e+00
5.520525963116700296e+00
4.312397330883613655e+00
4.400540206558383183e+00
1.129696820935684354e+00
9.435923762660512748e-02
1.572575373604408189e-01
1.857631492617778657e-01
1.744175986767887432e-01
1.784771864432678212e-01
1.493051042493349356e-01
1.319205175891666748e-01
9.336536750287673103e-02
6.050488610360583996e-02
9.068783343534490837e-02
7.426489921297040053e-02
