3.138253377097782959e+00
3.609447809996781942e+00
4.342698338423895521e+00
5.594746472190122333e+00
4.236390596928261587e+00
4.819935046838233816e+00
4.149602383140701178e+00
3.386603873906464113e+00
4.158679863375958519e+00
4.236993021219588762e+00
3.844689147810237184e+00
2.089649920815596307e+00
3.721290262051785369e+00
7.796870758828016168e-01
9.970373100366761165e-03
9.766183876357579230e-01
5.068141559485914716e-01
1.410050914418442769e+00
1.546305387045851631e+00
1.525365426307685901e+00
