5.448336271620301652e+00
6.073816377711374059e+00
5.308611472660178521e+00
4.723904639902229974e+00
4.159002331220178483e+00
5.343542821277287302e+00
2.695434449106991703e+00
1.303186014287599503e+00
3.067270043797350798e+00
1.117053167580872808e+00
1.718788267353732913e+00
2.445496192524085455e+00
1.782289936149693332e+00
3.034218831488546098e+00
4.221184391040544881e+00
5.197856376848238646e+00
5.197854161555388153e+00
3.819871983179938102e-21
-1.610054398384417074e-20
2.445825108867771815e-20
4.040926653554334543e-20
3.574715367592872791e-05
-1.748969140066089836e-20
-1.810756739101535319e-20
2.886163687705255393e-05
4.501867501645582549e-05
2.965698237742901277e-05
-2.416425924294185014e-20
4.862354053561156940e-05
3.833118143759997416e-20
-3.465960740974162525e-21
1.908636903791659398e-06
1.749135749940223565e-05
-7.761689720518887008e-21
