4.868456607379168410e+00
4.962749899077749660e+00
2.562050714232240178e+00
6.091699001410430192e+00
6.222361828720314847e+00
3.630757021645944160e+00
5.539261961464312378e+00
1.382253195872248153e+00
5.800831805863975177e+00
6.144688275144146061e+00
5.382088063806699019e+00
6.029537165348268779e+00
6.220924904386484044e+00
5.931601202066531187e+00
6.283182393106347519e+00
3.301168497894956477e+00
6.197642251136500136e+00
5.515289760485212689e+00
3.253059659206378296e+00
3.252648315026660519e+00
2.485365552831102498e+00
2.487004388470219762e+00
3.164531163826608040e+00
2.696978058237618381e+00
2.275138962160635270e+00
2.225005635579524466e+00
2.130837904779590453e+00
2.284741039143935115e+00
