3.935007657481888188e+00
4.574945822028802844e+00
3.930811170275261723e+00
5.748401527983803661e+00
3.892174329096419250e+00
4.637823327910890470e+00
5.251620553170750938e+00
3.422931985026420154e+00
6.227232254396582789e+00
4.126154006564893173e+00
5.399869156148561444e+00
5.302683987702612178e+00
5.204385672503323512e+00
4.905623686702912600e+00
3.834427032116358269e+00
2.084653656255804233e+00
3.735321424236995647e+00
7.769759955472415047e-01
4.084656973358111870e-03
9.735599725338133226e-01
5.079468891673226683e-01
1.435294086670765745e+00
1.530273540891428974e+00
1.528631356151760157e+00
1.546470570069055528e+00
1.527077700658139969e+00
1.543638951185776431e+00
1.545481055639249979e+00
