4.925154086079443161e+00
4.936855604664726727e+00
6.179319761863422578e+00
4.632391417380694598e+00
4.386619431454904294e+00
4.094955767480367825e+00
2.875839509997915933e+00
1.535423233159988188e+00
3.400797179759728284e+00
1.669404076589463326e+00
1.950324199086409083e+00
2.079192762029697494e+00
2.192137447060897415e+00
-3.469699350788719889e-33
-3.469699350788721258e-33
-3.469699350788721942e-33
-3.469699350788721942e-33
-3.469699350788721942e-33
-3.469699350788721258e-33
-3.469699350788721258e-33
-3.469699350788721258e-33
-3.469699350788721258e-33
-3.469699350788721258e-33
-3.469699350788721258e-33
-3.469699350788721258e-33
-3.469699350788721942e-33
