6.203334650796198169e+00
5.864405207514833407e+00
4.415641715491601893e+00
4.512849672142863255e+00
5.585872030908275221e+00
5.206978548915042637e+00
6.160863082616693909e+00
5.156787142038443683e+00
5.808287908700930480e+00
6.064697098680041698e+00
5.337022575262732715e+00
6.128119371631887802e+00
4.765500469611103185e+00
5.525524315039644030e+00
5.312744963014776722e+00
2.453937511992610038e-22
-2.253891474106189590e-22
7.411546366410797430e-23
-1.262900423596035842e-22
1.779607598177164294e-22
1.742709607522973940e-22
1.486733962545107932e-22
6.848193152306353956e-22
-3.977458393576453205e-22
1.634822718205541329e-22
3.068779488054211700e-22
-1.926432156905326706e-22
-4.488719020032446121e-22
-7.312106978319705919e-23
8.904550826519326141e-23
