5.327201109669259083e+00
5.921151252986228464e+00
6.283185307179586232e+00
5.668465978314676690e+00
3.613487843705784908e+00
5.926241539866552444e+00
4.274463377481405146e+00
2.688498804406451281e+00
3.640698725793388046e+00
1.764618709103881633e+00
1.200544520809383675e+00
1.710128658184983053e+00
2.919493224678901377e+00
3.506920372335871949e+00
4.123188692167637726e+00
4.913219568579035190e+00
4.215516923763690471e+00
4.724733363078045478e+00
5.053385035614613052e+00
1.729154399771388259e-16
-1.300403213595279431e-16
-3.875175733688424051e-20
1.088143339218357986e-04
7.707999820014133086e-20
2.386359932426921877e-19
2.786825691933211848e-17
6.115936248916506522e-17
1.222109724210345208e-19
1.308594077891092669e-19
-6.979530907283537377e-17
9.558761064326593107e-06
-4.544184621209991017e-17
3.602035103148408692e-20
1.283272377227652667e-04
8.781073316819546751e-05
-6.842564932175160164e-18
2.994921293749525353e-05
1.141679356651664375e-19
