6.022114967389235574e+00
6.149064478645403398e+00
5.054734923825226822e+00
1.959338130860158289e+00
6.219990634677177166e-01
1.932277020261824685e+00
8.156905988165559229e-01
2.658604431617454633e+00
6.048420652718744517e-01
1.351261721944489125e+00
1.358090546046089475e+00
2.295985227565390918e+00
2.562534896532898454e+00
7.859195215998966422e-01
5.553173251799789142e-03
2.768197749176550676e-02
2.887929721693914255e-05
2.171460079133246087e-05
2.533809633284037771e-02
3.737474843141342051e-05
-9.786188680131329090e-07
2.717993305769988294e-02
1.142098162125499252e-03
1.159225871660649748e-03
6.479514860336684293e-03
1.003770641820745692e-02
