6.279791873545100600e+00
1.814933150672657813e+00
2.776243942117329500e+00
3.131376071594766053e+00
4.091088965415968559e+00
4.599297974883229223e+00
4.318636558921351565e+00
4.928814950956372343e+00
5.239008052828304507e+00
5.587912040586579643e+00
5.048467896168896907e+00
4.173938421388290188e+00
4.458056346968961137e+00
3.814304960816852663e+00
5.820014605744965763e+00
5.992075885165871085e+00
6.008794038169218865e+00
6.111142067661815780e+00
5.944483100628385586e+00
5.799372108372745416e+00
1.116803044601824224e+00
8.094016648484084198e-02
1.392347625617011697e-01
1.689331877063372234e-01
1.493395029393095874e-01
2.055059506802130870e-02
-1.355219628382377940e-19
3.187645774866333659e-02
-1.149207519314370607e-19
-7.525873197068614155e-20
4.043722898094855717e-02
-8.014090223473142978e-20
-1.798367012842098248e-19
4.327790401113493224e-02
1.916661901894856426e-02
8.068318049018337670e-03
4.491022977050724944e-03
5.481288970126801767e-03
1.878844641164751500e-02
2.638900939204957136e-02
