6.272861194938119667e+00
5.618675901200843370e+00
2.548210690005991097e+00
3.800548017476736096e+00
4.720753731366841066e+00
4.758837757191312967e+00
2.921871044928690875e+00
2.798562309437451656e+00
1.362071803972619177e+00
2.211142878561046743e+00
2.035392094098232185e+00
1.740141480154973497e+00
4.728416442502655137e+00
3.545985786280879015e+00
4.827964260184145040e+00
6.152908847647603707e+00
5.670713383948186248e+00
5.024582529927196006e+00
5.473699053249864832e+00
4.079896312069517528e+00
7.850977297471548599e-01
6.448383107697270612e-03
2.910882572516032031e-03
9.258940013937643041e-05
2.014739228952761897e-03
8.240735440981776169e-03
3.031189161999569767e-02
-2.768090279219940325e-19
-1.928562701349804716e-18
2.416816220990367732e-04
4.336877744836396126e-02
6.957529036561391504e-05
2.893928021432415153e-05
1.161014793392942460e-02
1.953751203433273798e-02
5.685632526130241643e-02
1.015083068256280468e-04
4.609416318871594761e-05
5.461805121150842962e-02
2.294437879864377403e-02
