6.209923267619157805e+00
6.051440361900619180e+00
5.974439753095064809e+00
4.550072775444913731e+00
5.326543118651859920e+00
5.852177051968308064e+00
5.943230267731336447e+00
5.838525256596835078e+00
4.918219737686007953e+00
5.687721136645929043e+00
5.145812023663165924e+00
5.310536368679159125e+00
5.387632142313040440e+00
5.919511028183069179e+00
6.079182607481562250e+00
6.236925156916090174e+00
6.283185307179584456e+00
1.143448833871923707e-05
-2.148907544894052326e-16
-2.148244509299729065e-16
-2.151795775595248358e-16
-2.148457742931968517e-16
-2.148228980393080651e-16
9.718289969022286408e-06
1.747044243746386843e-06
8.341528691356232928e-06
-8.558118002786442771e-20
4.772977860262597944e-05
-2.149818097148974491e-16
3.176822981058796000e-06
4.839459513045813457e-06
-2.149028572085628372e-16
6.062126755422899023e-05
1.990523971604332752e-05
