6.116100371923971935e+00
1.837763196518676700e+00
2.803911163940373097e+00
3.074920706559563843e+00
4.254202555617370152e+00
4.488819352110181349e+00
4.719053840268601085e+00
4.587110665142109411e+00
4.932943329757099704e+00
5.450494237531100516e+00
5.446826247424701783e+00
4.402534345488842149e+00
4.454160450735172638e+00
4.388399120187314040e+00
1.126667532330994481e+00
9.655339411204258426e-02
1.511319892537593135e-01
1.917374483425990928e-01
1.758818905240801533e-01
1.723841303308596695e-01
1.315704078745425498e-01
1.134826578601684788e-01
9.453945106946223809e-02
3.160352330872387427e-02
9.622977382987329964e-02
1.340237532176013213e-01
1.102436671222485343e-01
3.719004529954147986e-02
