6.282964240718756699e+00
6.279313762196590432e+00
5.843625197045504649e+00
1.722438896874700420e+00
6.661862936895258658e-01
1.896918326078273598e+00
1.064458980756547657e+00
3.008149540742528938e+00
2.350567990083050618e-01
1.057730784897567666e+00
1.133732855284887320e+00
2.138830913236347442e+00
2.074080163986796510e+00
2.062673611712381394e+00
3.176365127279590528e+00
2.294014704534617533e+00
2.313808571334551534e+00
7.856474220113889295e-01
7.601112180346205130e-03
1.781918426199523287e-02
3.872271192533578103e-03
2.116335874476927507e-03
3.644293278798101804e-02
3.372396356016254832e-03
1.613796059026175464e-03
5.304974206996208169e-02
3.241137865885321614e-03
6.378703611231500634e-03
3.388083781919411230e-02
2.597901227727823694e-03
1.849447265168124160e-02
7.111350194198721306e-06
1.058042637732176392e-06
6.551081619898830449e-03
