3.824269920024713443e+00
3.206893921056367169e+00
3.118280187518769786e+00
3.198479030825327918e+00
3.118446026058752096e+00
3.047499678681863777e+00
6.140586116518176318e+00
5.094199580186293375e+00
6.234988167636406509e+00
6.168604928649748409e+00
6.283185307179586232e+00
3.127133297714583815e+00
5.209336662825724495e+00
4.654858619656602414e+00
4.760378410547337680e+00
4.728905440756332013e+00
4.723105386071214440e+00
4.725840859704395491e+00
4.687574049068061299e+00
4.675629764392910559e+00
4.937608668662438305e+00
4.545847000627666112e+00
