5.942050962764767519e+00
6.250908607797758698e+00
1.767017499204671216e+00
4.243213045754258950e+00
4.649601071515971462e+00
5.366443975784689790e+00
3.161714495397772051e+00
3.345266647957285677e+00
1.817819094388566592e+00
2.736200249734340506e+00
2.822872357348892525e+00
2.620991908405043258e+00
3.387162736328847679e+00
4.305464749878012753e+00
5.281537571005338272e+00
5.256513573398353678e+00
4.221545463732793380e+00
7.853625565511040962e-01
4.763049646452517487e-03
2.127208087762262511e-05
6.878154409284422398e-06
1.387299873444511312e-04
1.409954028455583531e-03
1.225487860579042257e-04
6.178706327097701310e-03
8.283576478212594971e-05
3.813541143492924293e-03
2.873169578247217974e-04
2.835610354917392478e-03
2.950872624523355556e-03
1.277243784557930838e-04
5.723828637206307066e-03
2.697322558121524518e-03
6.123540686213482971e-03
