6.178736991648083432e+00
2.489263711664416512e+00
3.581032077626628674e+00
-1.181497257804793232e-19
4.216173955862350553e+00
2.802467716063245184e+00
3.027624904120921556e+00
3.226034137224227383e+00
3.129193626657022609e+00
3.219438741922542313e+00
2.906186031608529508e+00
3.283641220398770599e+00
3.186232914707396890e+00
3.042250896486503819e+00
3.209179350811101283e+00
3.180033705076165340e+00
1.302182127750760032e-01
9.101923536741983456e-02
3.018179959913662447e-02
2.603848470649743063e-02
7.068214086685864483e-02
6.203233874214523352e-02
6.035472327731094405e-02
5.275269735253473868e-02
5.316529644580723218e-02
4.991383262902864687e-02
4.725831951045678103e-02
5.317017951820003641e-02
5.629068050246224808e-02
5.946684201525601760e-02
8.519346835649654892e-02
5.224780559977878353e-02
