6.191368869904986916e+00
5.476830501531101625e+00
4.416143591502872390e+00
6.122520308432010339e+00
5.961192823985142830e+00
6.193587273058019704e+00
6.246621644204960688e+00
4.064245563227286695e+00
6.205412815294727658e+00
6.030371631733004278e+00
6.162843411536707450e+00
6.081696262112243012e+00
6.160156280379085914e+00
5.927145977667921173e+00
6.117713676060700934e+00
5.990589752932455880e+00
6.086413212067120604e+00
6.210409704162226596e+00
6.125003178411152049e+00
6.282469970689637861e+00
5.449873524276975800e+00
2.756613104028454053e+00
6.165046020340056998e+00
4.476404853799023975e+00
3.850037844143427535e+00
4.096725337076853712e+00
2.894748292648263721e+00
2.858268061643824076e+00
5.464692120711617918e+00
3.753774627951067089e+00
2.463296640083464162e+00
2.150643141202571940e+00
2.134026746203585123e+00
2.693546133219599348e+00
3.779363791523903782e+00
4.014493992769977204e+00
3.188040839694334938e+00
2.328830014723154207e+00
1.827719785730332447e+00
1.996757857358715027e+00
