6.115904480997705228e+00
5.942702316930533080e+00
5.865714324281275260e+00
4.441334732204533786e+00
5.217819956305334017e+00
5.743453889621782160e+00
5.834480359888937429e+00
6.283185307179585344e+00
5.296784564947203400e+00
5.975930263315841984e+00
4.986525523480096034e+00
5.372220212878119128e+00
5.510567029604430900e+00
5.689373235290168473e+00
6.157098224645655371e+00
6.205751856364437380e+00
5.889780619743019585e+00
6.283185307179586232e+00
9.026667126642803861e-06
-4.287728467570373333e-20
9.111876754804956705e-06
3.366490362086623791e-05
-8.966177271060561051e-17
-7.394481901888905209e-20
1.522789473733348047e-05
-3.861371250263062669e-20
3.529966464756573960e-05
4.655033883683071776e-05
1.728321406372186658e-20
1.991489158089369122e-20
6.602220702849372785e-20
1.306070431878555524e-05
5.437027482792072572e-20
-3.603272376495248219e-20
-2.069136624010107507e-19
1.182679164075813037e-19
