6.160475756692926907e+00
6.283185307179586232e+00
6.268015837488453812e+00
4.781817312354042393e+00
5.712863965527107624e+00
6.223040467283132315e+00
6.283178943658335847e+00
6.070274906485567890e+00
5.211795621179395432e+00
6.104957348959087149e+00
5.331183654559289664e+00
5.449566585561214538e+00
5.650292313615189244e+00
6.213086736342833483e+00
6.264511363019761525e+00
6.279883164302145104e+00
-4.658007646298724474e-17
-1.211574956817658024e-16
-3.568658955442726767e-17
-6.940627250938020537e-17
-6.315033125553382489e-17
-8.672378719510491797e-17
-4.832410058662975927e-17
-8.567631142090471083e-17
-6.349302503782797081e-17
-9.786689820488958779e-17
7.061604633042501365e-05
-2.149256135614287907e-16
-1.122065746243812703e-16
-1.129480612050537085e-16
-1.212349734683320779e-16
-1.285717617077986779e-16
