5.948340313586887973e+00
5.815223484412474164e+00
5.899005376317473015e+00
4.853554907110124716e+00
4.288651765546498851e+00
4.073886364762999257e+00
2.649606744250412316e+00
1.610887468520253663e+00
3.180877967400852491e+00
1.778324918703234170e+00
1.623613612492740277e+00
2.753233694587633007e+00
2.090021290878050220e+00
2.971717653616130939e+00
4.221189629045736247e+00
4.197853585143242583e+00
7.730459609717013657e-06
1.258579428150855963e-20
1.725272483113973719e-20
2.974970209085298916e-20
1.158128510281290931e-05
2.554573268306565027e-05
-3.434867654167135907e-20
-2.676206242164549387e-20
-5.210850502316288282e-21
3.281609213929562053e-21
-3.595974812774793455e-20
-7.300727594368601473e-20
4.915962842632576953e-05
-4.446813637758328880e-20
-9.986375807773676566e-20
-1.313102879216979708e-20
