4.105300539543557115e+00
4.441933684486137679e+00
9.903142185839677314e-01
4.242525797100819673e+00
1.010518379141944090e+00
8.656008218512859509e-01
1.268945507818497687e+00
2.428204836438971448e+00
9.550087198853655091e-01
1.941859901278568445e+00
9.470990149464055818e-01
9.387448200980973434e-01
9.911905880261985546e-02
4.755321325366492174e-04
1.210508114503261095e-20
9.867674321295110199e-03
1.061631062231450581e-02
1.009371068827766393e+00
7.738500615493532075e-02
2.981385405998771905e-19
8.378971505999137370e-03
-1.132938399441499969e-18
6.776263578034402713e-21
4.405734348914939168e-03
