4.091760642275970028e+00
4.433841503605440160e+00
3.239049010022886144e+00
9.902320505617427937e-01
2.961893908870278508e-02
3.702940731820092130e-18
2.851916364983680605e-02
9.484291126466382060e-01
3.011442764923981039e-02
1.541470103441307596e-02
8.776790113198894945e-04
1.586738587950293567e-03
4.119427086171231983e-04
1.025555215169637879e+00
5.743223577692358611e-02
1.046597729523576437e+00
1.860652544783326719e-20
2.297038002483399177e-01
1.950858366339683694e-02
6.361867524537339127e-03
1.020218551781213900e+00
4.683891518230474255e-02
6.878190795314649553e-02
3.034150359599352073e-02
1.313354319186457453e-01
1.329093546285351202e-01
