6.240275748749464668e+00
6.279772560941575321e+00
1.914301738032833100e+00
2.878450353384692573e+00
4.256348346652699455e+00
4.801800109958350049e+00
3.362870157348474276e+00
1.598905956727030064e+00
3.189169203096855920e+00
5.229181504177076611e+00
2.042296113977128513e+00
2.809836708329503274e+00
1.648418087546455357e+00
1.883852673221671159e+00
2.101999393681647010e+00
2.000294245281239114e+00
1.882948708927185688e+00
2.568185641662103613e+00
2.225062583270531302e+00
4.069152761780117977e+00
3.881437765555296182e-01
3.392133157244524355e+00
2.547014903366541905e+00
1.800674469000734357e+00
8.954447095548245805e-01
3.044381149413310172e+00
1.978832763261406669e+00
1.442761871603367441e+00
1.478546929574851232e+00
1.228039813279739878e+00
8.470494487663046135e-01
8.733704634464063421e-01
9.838993447467764275e-01
1.037905673143523222e+00
5.920059067802033725e-01
9.069555308859679199e-01
8.581604022039642787e-01
8.707962410996934466e-01
