6.282804997710790929e+00
4.395497194260618024e+00
1.788070312048151811e+00
2.916203660841016898e+00
3.509773773756929671e+00
4.962131588846968810e+00
2.354522418694134256e+00
1.771654017703297335e+00
2.991477841225072876e+00
3.212656190520394084e+00
2.041832635086594738e+00
1.702508964617640119e+00
1.715732487149667973e+00
1.831830941598186158e+00
1.994318988750042099e+00
1.994317044693447061e+00
4.336337801124216185e+00
4.442959901271457124e-01
3.375366064200339800e+00
1.550587228938401507e+00
1.719560815018505773e+00
7.036262328940806610e-01
1.814610290091425382e+00
2.187038688984877410e+00
1.261713789799991492e+00
9.068429466783116677e-01
1.039569670414351776e+00
1.089984564556024882e+00
1.101195936645746221e+00
1.089974766387648675e+00
1.142726428485234313e+00
1.142481178172635392e+00
