6.283185307179586232e+00
3.559294365081871359e+00
1.759349777767578615e+00
2.127602751697839523e+00
4.409217294504879092e+00
5.780873407460487279e+00
1.984094371912191734e+00
2.156504552363969651e+00
1.313543723812630182e+00
3.566202058039123379e+00
2.300790781919310302e+00
3.278018142151676972e+00
2.941281871533669712e+00
2.469164599813416849e+00
2.362900424014045431e+00
2.468360911160583537e+00
2.395318363759131763e+00
2.303803585578525048e+00
2.800057256949011197e+00
1.148033871454098298e+00
2.154453978961660798e+00
-2.046455011804352909e-16
-1.437696374519085330e-16
-3.050042565051571820e-17
-5.145957480897573396e-17
1.480465292610360639e-01
7.070479694946735227e-01
1.078543569761472920e+00
1.319229336698875432e+00
3.266913896102833781e-01
-1.086597012450097439e-16
1.944192127997053030e-05
1.517467589486898441e-05
-1.081843793299525073e-16
1.060449427409004982e-05
1.014423694658753571e-06
1.961098233086949749e-02
5.829649820093961625e-20
