6.282675114698931473e+00
5.325905706821952634e+00
5.331234022474110823e+00
4.455590222819938440e+00
2.379137498050722943e+00
2.054631235604376549e+00
4.027479701057105288e+00
2.135840183235364620e+00
3.345155477494179852e+00
1.134057490602775609e+00
2.567988416441705724e+00
1.168791580558437682e+00
3.445868275270271397e+00
8.023727359515827606e-01
2.402589193004104118e+00
2.428871781933456209e+00
1.624721034646697149e+00
3.256960614638066520e+00
4.491956944398967089e+00
1.885664503404620884e+00
7.760293183864762747e-04
2.093899245696283273e+00
1.253130620331005529e+00
6.157291139470081600e-04
9.729375556053752039e-01
1.970806067353668103e-17
2.273302983625397089e-20
2.978602919926063176e-03
6.020670244723063114e-01
4.172336549210751299e-05
1.557784545670265475e-03
1.410236532089964231e-02
1.794195701591589424e-17
1.197512056550021362e-03
6.173768742377912381e-18
2.911798812086126364e-17
7.120434534482437420e-08
1.918794984012706969e-17
