6.283185307179586232e+00
5.948796035016903794e+00
5.079925074586571832e+00
2.794058605408059393e+00
1.994261921494798306e+00
1.802416352480129103e+00
4.501140832734330743e+00
4.359827586228549379e+00
5.220020932237939171e+00
1.620742496948065714e+00
1.725942990636321062e+00
1.863553229672052725e+00
1.352733118057253936e+00
1.312723478912702468e+00
1.600858191362939609e+00
1.673449663961626976e+00
1.674107973725112330e+00
3.689379296073351799e+00
2.206212133578639989e+00
2.519267281311812212e-01
1.623433023577965928e+00
3.294624698320862133e-01
2.086447239300246170e-01
3.355063340921331072e+00
1.380781932844560522e+00
1.479114860534599396e+00
1.489752727523391496e+00
1.883014650845046267e+00
1.430891509017196972e+00
1.433259831318351107e+00
1.444357882155207218e+00
1.313802085460218150e+00
1.306489776754512055e+00
1.306586276600978591e+00
