6.276332588685596292e+00
6.283185307179586232e+00
1.105366499775454203e+00
6.261652315285278769e-01
1.067185900678744304e+00
8.688772855094551578e-03
7.241524248249401330e-01
2.297424057715927517e-02
7.361067972787189995e-03
2.562934503047829306e-04
4.152777443575932786e-02
1.299557170138962103e+00
2.144076986369882268e-02
4.876152726911969879e-05
1.020439333074790733e+00
1.250263567752372129e+00
2.186713182161636668e-02
3.753020047074978049e-01
1.055731926570185018e-02
2.134752789626706700e-04
1.538340234966221738e-04
1.017452219183835549e+00
4.754303483240041386e-03
2.340887788897216533e-04
8.345715597347641427e-05
1.060572210814013865e-04
1.070564625526028413e-04
3.247245115224446036e-04
