4.675495913294161809e+00
4.007183452198419538e+00
2.949513864528334750e+00
3.132156502670838893e+00
3.604796794529048221e+00
1.435529538253891069e+00
8.350392050748497996e-02
1.041637859133126343e+00
1.989919391987899910e+00
1.961941063703607607e-05
1.434857835259137904e-01
6.452829135647543124e-01
1.174148863426143219e+00
1.172937371817187824e+00
3.357566735873856345e+00
2.232984136013820731e+00
1.391133010254609115e+00
2.267578286737819138e+00
1.347254491487565486e+00
1.242680033332691059e+00
1.476016343118122132e+00
2.373142531233664254e+00
1.421790542684389091e+00
1.355892019386194747e+00
1.388630128147077647e+00
1.399372995350937954e+00
1.400285939459365858e+00
1.399753173289869368e+00
