5.952215596344307968e+00
6.282858674931490306e+00
3.641058029192234535e+00
9.476054874845265541e-01
9.896053289055301017e-02
9.198680141696128354e-01
1.567108820156324842e-02
1.925782051997088073e+00
7.012288629447450147e-06
3.139730273900303344e-03
9.156639204629767178e-05
2.984555808918302848e-03
2.642206080712418328e-03
1.347656687439510205e-02
2.693743465706783849e-05
9.464065623592717849e-04
1.188323519952393159e+00
2.102172498083640026e-02
9.793334673496904008e-01
2.006811128302091012e-03
1.871050965092041218e-01
9.885587811388283352e-01
1.749821661081690403e-03
1.009446016899908649e+00
2.041965316932049801e-02
3.962087017459919869e-02
1.431004925440889383e-04
1.116657724533365592e-01
1.011579919840190495e-01
9.155597481754242095e-02
6.807440919199936324e-02
1.167858682770007928e+00
