3.532800885496125698e+00
6.187479560070642037e+00
4.844714124011051837e+00
5.234842755870516839e+00
2.875698618283125008e+00
3.488985256913201827e+00
2.289194025382218278e+00
2.503458225113238012e+00
3.656205714865844669e+00
4.574751018227465771e+00
2.390122240447686508e+00
2.760005085397977176e+00
2.488109969935377919e+00
2.698703947686238447e+00
2.430329629112699674e+00
3.977594337996209539e+00
3.808496338442404650e+00
3.865985613286806455e+00
3.696009605525342412e+00
3.044867608156505590e+00
4.164409544710170191e-02
5.472754899667030271e-02
6.232834460795777520e-02
1.152129314398700144e+00
1.143507187726614943e-01
2.662796792847590410e-01
2.361163455483587637e+00
1.201577464933513417e-02
9.991148482788143274e-04
1.249698439833809606e-02
1.331966586113867979e-01
3.349530335132573367e-01
1.929759230978968787e-01
2.755081207111634845e-01
1.788130918268651670e-02
3.283130842006317957e-03
3.838292505826751888e-04
9.171769587372122917e-03
