5.124865094227294193e+00
4.431768278655547455e+00
9.897717612240750640e-01
4.234851524422191815e+00
1.013224333209156613e+00
8.655552000942454693e-01
1.264830027528991652e+00
2.424530663772144212e+00
9.524930612733283342e-01
1.946558222618705702e+00
1.946264225434629624e+00
9.407399700305639767e-01
9.348306976889114717e-01
1.133423683299294576e-01
1.536646534037189597e-04
4.644600339553180851e-04
1.424000289118135948e-02
7.147439098192590566e-03
1.006593689830841409e+00
8.059644231259889546e-02
2.677611923508792322e-03
8.958294362739220931e-03
9.045565827574308980e-04
6.561275127675258697e-04
3.170710294628354461e-03
1.742774437824143254e-04
