3.492402339276567957e+00
6.209370281307696082e+00
4.899554988682059964e+00
5.168816778671136980e+00
2.970837988148101516e+00
3.474976086228648953e+00
2.284744349855146517e+00
2.528610115820261850e+00
3.642734684834621373e+00
4.469934218989136454e+00
2.474898727520703723e+00
2.799070343882076539e+00
2.500535245159121622e+00
2.707594372620868661e+00
2.478807076581514668e+00
3.840691540338591725e+00
3.043031300273535855e+00
5.575384402576560178e-02
6.596760738919003886e-02
3.871143822414183783e-02
1.106051472388108747e+00
3.646716177657206154e-02
3.039630134873611556e-01
2.343150378261638522e+00
1.959354553802369892e-02
2.926703872331358480e-02
4.459132623884138236e-05
1.557767273889779369e-01
3.193422683390882422e-01
1.900563094678283382e-01
2.887121501454434358e-01
2.364634947936252504e-03
