2.622473470490367387e+00
2.929999191211120291e+00
9.550990519408555368e-01
2.148177758618233124e+00
3.611402761972175579e+00
1.611751311738271186e-01
-5.978198693198496273e-18
1.075591005150755418e-16
2.012470863380327213e+00
3.968070023199310404e-21
1.664923140850347871e-01
3.360182598326703740e+00
2.253642019840050192e+00
1.408317719388844313e+00
2.286573661933320345e+00
1.269784655571666088e+00
1.335244376752958706e+00
1.484317299422850622e+00
2.390623993940696135e+00
1.455008034092392988e+00
1.369162325887567144e+00
1.416998388695320354e+00
