3.998058880216718070e+00
6.087116716062173083e+00
4.999266911791400148e+00
4.870828414649352567e+00
3.720122568237005822e+00
2.868947982464284063e+00
2.686430238022909922e+00
2.575076138516351421e+00
3.580030542634229374e+00
3.629160547242890278e+00
2.562975620826077883e+00
2.568247184299480068e+00
3.267288737117771902e+00
3.760509273329513957e-03
6.307306260143870358e-02
4.969201135904529470e-02
1.266685439229681132e+00
1.951588887722211230e-01
1.592347359837198717e-01
2.040032526435975324e+00
2.000960783059312423e-02
9.559900529212999459e-03
1.533045100502519335e-05
8.181490307530935426e-04
