6.254393691646734865e+00
1.422865400690985327e+00
1.959639836144292158e+00
2.386244086899386829e+00
4.737208458074000816e+00
4.816939467986768086e+00
2.191618678886722904e+00
1.377000199895647814e+00
1.607142345936916739e+00
3.558424610636066188e+00
2.482307366436127705e+00
3.501154973189625874e+00
2.683838953365003555e+00
2.593027891726175760e+00
1.570711606904928059e+00
2.044864881832269443e+00
7.397737738447168147e-04
9.566179312743523311e-04
3.143868979933764359e-07
7.696401457745384589e-02
5.968496713626759466e-04
8.353596372089224786e-01
1.092432786717476123e+00
1.489056865574868826e+00
2.290331765939149916e-02
2.639368648321188234e-05
1.768355387253497946e-02
3.803661211153633315e-02
