6.125687103107930298e+00
4.432304724323540945e+00
1.991037587176853974e+00
5.234549282357613187e+00
1.014318223250626039e+00
1.865061701719124887e+00
1.264862253441326967e+00
2.425223919300314446e+00
1.951718653629534339e+00
2.946736708534014149e+00
1.946488542477335049e+00
9.411184520294916256e-01
9.336880707076623542e-01
9.334968973763854150e-01
9.341090808707159798e-01
9.344720846728299390e-01
1.126572275684892543e-01
1.120545971804590358e-05
4.137177822739013331e-04
1.460357952773104137e-02
1.006621931144205950e+00
1.006333822953820345e+00
7.925841461665165955e-02
2.444646551172710743e-03
8.675633172236593346e-03
1.575481281892998631e-19
7.725519372306358296e-05
3.155319611662783970e-03
3.810633843739913559e-04
1.012212593590511378e-05
9.992684199432345649e-01
4.615435482145103499e-05
