5.941017383198835766e+00
1.429042925022559141e+00
1.963178810655791917e+00
2.112639896623952573e+00
3.981627371363142043e+00
4.857539017008801530e+00
2.076242505097702029e+00
1.780024677828530022e+00
1.689685738041409424e+00
3.962596592367746862e+00
2.815282127330023698e+00
3.892159895607113285e+00
2.893675559480308301e+00
1.800024935414648253e+00
1.799617480951191117e+00
6.062474987086402534e-02
1.123245340611800890e-02
3.043349033991352474e-04
3.522051143080265900e-01
3.517466762570933391e-03
1.136173018864105488e+00
1.229734921962161165e+00
1.299924926501929257e+00
6.910595392624074851e-02
6.147093070743742810e-02
6.044997430450664566e-02
