4.132787999739711893e+00
6.283142186579542710e+00
4.531597395719090038e+00
5.364666603645676268e+00
1.176944961885143970e+00
2.116610400360269040e+00
2.189595205195171701e+00
6.434702883842149390e-01
1.711220061360053446e+00
2.832095364670078830e+00
6.255582033553716004e-01
5.300931100456313105e-01
6.690796659514768319e-01
7.316093318447035587e-01
4.713558262635638152e-01
1.776012450316753810e+00
6.896987307643920317e-01
7.455858346611217158e-01
3.489000238644815788e+00
2.320583283351758119e+00
2.528932234967765424e+00
1.504644702047968963e+00
2.225334316615585450e+00
1.441060349132236018e+00
3.645145248299694885e+00
2.584313736583089938e+00
1.729108950550309221e+00
2.404261382577723705e+00
1.240080827258791540e+00
1.386890577796679569e+00
2.618001419061042334e+00
2.282237866911667190e+00
1.527448940840380853e+00
1.389575170515484848e+00
1.138251192629881725e+00
1.138272035315481601e+00
