6.233123049717455011e+00
5.805134253541727851e+00
1.627080302559954506e+00
3.898147454126761891e-01
5.420108325407384520e-01
7.518775722917706711e-03
1.641203830967322919e+00
-6.403391177368636014e-20
6.680239813463586564e-03
1.556398738502768220e+00
6.620408508605299946e-01
2.202431618799687296e+00
4.604845642507623960e-02
3.713611944166756579e-02
2.136715003540788901e-05
-2.180742121714127521e-16
1.058019924338018719e-05
8.302427133015288785e-02
-5.551281678106360148e-20
1.608747146194386690e-01
1.032318371910145638e+00
5.614645751913907579e-02
1.085326766256529222e-16
1.938119917676377479e+00
1.574933676241889458e-02
-3.430879201233260884e-17
2.156604834321665365e-05
1.024250787272118268e+00
4.876800848872000493e-01
5.936277198825418155e-02
8.227891572161099473e-17
-8.484575155366013703e-20
2.235754810771929270e-05
1.068093819115286183e-02
1.461141079499976014e-01
4.813989990340926742e-03
9.968952098977693771e-03
6.670647875830755833e-08
-1.855568934527352648e-16
7.140855463178171853e-17
