5.793194846376423790e+00
5.280673130171153140e+00
2.942939937198244760e+00
3.248274932262601666e+00
2.196318490918447441e+00
7.736198678127644834e-01
4.837378250350043984e+00
3.024394474987886383e+00
3.022166210922554441e+00
2.013610419561352671e+00
2.014178332589090736e+00
2.020036307214668980e+00
2.020022211431495851e+00
3.886201612042303299e+00
2.574902214640860443e+00
7.023993086072145564e-01
1.867268851953226783e+00
7.198666023808785175e-01
5.416928736175490311e-01
3.613774446752791913e+00
1.618665405439624339e+00
1.624330024438934483e+00
1.620790723199296179e+00
1.610366272765012985e+00
1.611395217047115525e+00
1.611387503151942457e+00
