4.703497028863511176e+00
3.629637839549628264e+00
2.309694689010806989e+00
3.062068472365955696e+00
2.696022212141242935e+00
3.959208466805245408e+00
2.529853078014494105e+00
1.821810528344826041e+00
2.362712210489398057e+00
3.361229990185264693e+00
2.097793908298609011e+00
2.098007348368511771e+00
2.097078832165583329e+00
4.822955505441431256e+00
6.073877395584145189e-01
3.549849069631102250e+00
1.899816560149830025e+00
1.843262556167546196e+00
8.128182209458578722e-01
2.149252072297548999e+00
1.311254987985441156e+00
1.288093666648981062e+00
1.288108358391820696e+00
1.319291095634870903e+00
1.358397132564164389e+00
1.358702438506657062e+00
