6.276075993901653938e+00
5.819890421931004809e+00
4.972846008665758433e+00
2.801177822879783896e+00
1.819921313590657785e+00
1.511520018206068849e+00
4.250767497050101262e+00
4.091995779320855675e+00
4.783976024868572985e+00
1.306888516785023491e+00
1.544126626314031414e+00
1.861497553980336894e+00
1.602897413766450230e+00
8.856120552328231588e-01
1.714492806653408419e+00
1.199950673589167183e+00
1.328542996218153194e+00
1.515227981737112817e+00
3.647423178181741221e+00
2.431154387738854172e+00
8.131516293641283255e-20
1.168561588165195619e+00
2.968110753711516447e-01
1.876275210986424191e-01
2.954969450374651530e+00
9.228650033283561926e-01
1.331281873840763685e+00
1.297490662313171672e+00
2.572617933552339586e+00
1.492138727058575975e+00
7.286764376378802588e-01
1.707031058685861691e+00
1.205592502732342863e+00
1.161691441133284819e+00
1.356978367035513777e+00
1.151007316427667737e+00
