6.283185307179586232e+00
6.283185307179586232e+00
6.090108416643674971e+00
2.530872089904471434e+00
1.477187857755431821e+00
1.383577503659116914e+00
4.143248464153300503e+00
3.735518566708317501e+00
4.658438457320476012e+00
1.151233654572089815e+00
1.461982677331267633e+00
2.880805894783244447e+00
1.317382483908877910e+00
6.009410536164202510e-01
1.508663888817464827e+00
8.951277380192701472e-01
1.266923560850750752e+00
1.197197588018717562e+00
1.390397844892519830e+00
4.512043782841014483e+00
2.460415561937205453e+00
2.435219723356113475e-20
1.131399077422258648e+00
2.526096528794652962e-01
-2.242652076753768632e-20
2.948646171254395654e+00
9.973613736694791898e-01
1.226541050919352394e+00
1.270883675170052962e+00
2.573216747628307211e+00
1.613099765900748217e+00
8.752864235656206970e-01
1.732341720661117801e+00
1.368459864657621594e+00
1.126618662486588596e+00
1.274892311376000897e+00
1.116623222291975193e+00
1.054636707704929899e+00
