3.059829996366298488e+00
3.460377430772415774e+00
1.000011119316634778e+00
3.260402531862231168e+00
9.983629447593677098e-01
7.960681772445282744e-01
1.259483323761758200e+00
2.004761572888641208e+00
9.518649938730571192e-01
9.518503214318879690e-01
1.036882911464323681e-01
1.228687139266156233e-04
1.470072123387668499e-05
6.302036956335504612e-05
2.433139705856895573e-04
5.077247125201211171e-05
7.755845094803845430e-02
5.185366739397878573e-06
6.317245676912067741e-20
-5.203859995349179995e-19
