1.753361434514080885e+00
3.089486371961121858e+00
8.995559972345302802e-01
2.066836479963999995e+00
2.681851042904190852e+00
9.211301019113675437e-02
1.101568885130631975e-02
2.169949777821326975e-02
1.020779641297806295e+00
2.078046744975380056e-02
3.337433698283561956e+00
2.265317959569988826e+00
1.194285001554901360e+00
2.349211445165142020e+00
1.244109208403921807e+00
1.338207063952792319e+00
1.544738991314092313e+00
2.437394271802748591e+00
1.437353193823152742e+00
1.437330561009526164e+00
