5.711407906065975482e+00
3.626706028159532913e+00
2.308611097691273706e+00
3.056637792339857551e+00
2.688721950491398616e+00
3.955481761239861616e+00
2.537702855443344951e+00
1.813953554347079278e+00
3.360937487771234355e+00
3.351162336068863823e+00
2.116536631020568660e+00
2.078220355687500742e+00
2.098475083988028622e+00
2.114148202182264846e+00
4.829378433705357132e+00
7.207682862091449039e-01
3.549224172079625816e+00
1.906573174131484416e+00
1.848432590528371167e+00
8.231856347665188478e-01
2.150586527984701846e+00
2.303370142274084209e+00
1.282068814512018262e+00
1.283453479794962604e+00
1.305121038493452623e+00
1.368183566684862074e+00
1.343999644158571760e+00
1.335119716448130767e+00
