4.690713232078951300e+00
4.023581376041155622e+00
2.949074223484541513e+00
4.155196960497155700e+00
4.597126803314585786e+00
2.433039519621505775e+00
1.083691382403248804e+00
2.054964147426892040e+00
1.993926016890811059e+00
1.503797104181275011e-02
1.523954919487773008e-01
6.523660632003225324e-01
1.189545688637999588e+00
1.167922941021900307e+00
1.152488119022965218e+00
1.143752893143426208e+00
2.143620013928296153e+00
3.347277407188154807e+00
2.472306328375548645e+00
2.459307340511647233e+00
2.266844451586641718e+00
1.344016081241950156e+00
1.227863636523974566e+00
1.654793254441067285e+00
2.371980891743393993e+00
1.419215724888903241e+00
2.354742232080710984e+00
1.385847700845178165e+00
1.398355158062876358e+00
1.398080794398995463e+00
1.567232668891224368e+00
1.396862807728143974e+00
1.397525614385429771e+00
1.397272197210784217e+00
