4.856541412330797058e+00
1.488554724474719704e+00
4.894449905892628294e-01
1.194853548766784845e+00
3.975338484837713349e+00
3.883382310747044652e+00
2.230089233645473623e+00
1.844332222388300080e+00
1.718268365508903717e+00
2.956040057965111156e+00
2.931678795173016994e+00
1.456312549460515360e+00
1.826762470420669748e+00
2.355123915090946707e-01
1.747531244323210012e-02
1.116466172984466147e-02
1.328010375187320680e-01
1.788957984722980288e-02
1.171746407999733064e+00
2.269082926829916746e-01
3.222989992014709260e-01
1.108219408521462779e-01
