6.242702962536005984e+00
6.271738479104761232e+00
4.525659779644416680e+00
1.516116688599923989e+00
2.822834483568787411e-01
1.957480861326897248e+00
5.088765632266541291e-04
1.507559390990070858e+00
1.367059235482215529e+00
1.267345596675893082e+00
9.125133260554095793e-01
1.119438812175345577e+00
1.454024923370410283e-01
2.700811351250783088e-01
8.647907823902394042e-02
9.365053055951134686e-01
1.226809478385518842e-19
2.392932395065593750e-04
-2.382292870383737014e-19
3.936211274181177118e-03
7.547006128232217614e-01
1.113338803333108862e+00
5.596418688703269639e-01
2.377884952162453436e-01
-1.894905209306462932e-19
1.787027219182046600e-01
1.003039600315869056e-18
5.918735842949408577e-01
4.314941853869937172e-02
-4.277697987498114833e-18
3.202992990495735770e-03
4.031197990911906254e-02
1.879498824048634470e-02
9.765225676611134949e-04
3.196755000920759471e-03
8.524595966160845029e-01
8.925241014804521367e-01
1.987126192583969386e+00
1.953215285581450411e+00
1.910439723246349253e+00
