3.691714266193066418e+00
2.631957345074789067e+00
2.325813919932745666e+00
2.049984175296198252e+00
2.692108102199062269e+00
2.961328360335289123e+00
2.525374290054010817e+00
1.821950463219226046e+00
2.366431976446118579e+00
2.358510952730998422e+00
2.100253980381451502e+00
4.830653671487013412e+00
6.100499293362521280e-01
3.557259977557414299e+00
1.889911814118410138e+00
1.863148564680036312e+00
8.196936344849342637e-01
2.155279287316662185e+00
1.306512072553712711e+00
1.311313295143994972e+00
1.296188821735774432e+00
1.304341025109568619e+00
