4.879754405415665630e+00
3.403712662538600942e+00
5.401166660617763959e+00
3.711569265325702194e+00
2.709002412264910120e+00
1.389617384153386759e+00
2.919679921684460222e+00
1.455080674150294406e+00
3.365907142905652627e+00
1.389072152003538285e+00
1.460855124799204763e+00
1.273576352891486074e+00
1.441240257719667683e+00
1.454038873548889388e+00
2.456641118776355714e+00
2.454709188498291006e+00
2.168771670749587877e+00
1.074328173115556284e-01
1.086929688710236208e+00
1.230276352152708946e-01
2.603873751111306367e-01
1.006607684658453516e+00
7.495290205519085369e-02
1.161200000956019718e-01
1.239026320083820056e-02
1.341557780639531572e+00
1.136465009206639705e-03
1.453487284996988690e-02
7.620856629207948835e-04
6.937268541010803121e-04
1.442108634022509295e-03
4.474995115365008945e-04
