6.048527739075994170e+00
6.079983242774721575e+00
1.631390590060870505e+00
1.630016359482547861e+00
3.252131520316138520e-05
1.053419308828090539e+00
4.053123742392282514e-02
1.756440098524883128e-02
-6.841107876264820931e-18
-1.804245697296842104e-16
-3.592864441695775175e-17
1.283162568360204925e-01
4.634223919970063832e-02
3.049213307758887048e-02
1.070981629994818395e-03
1.608043475266168407e-02
1.516750297510062115e-02
2.127144158750302050e-02
2.736169125356310156e-02
5.919990882434273197e-03
