3.527228363109527365e+00
6.190952458942510894e+00
4.841826515447071877e+00
5.239217482405590154e+00
2.877096782962304644e+00
3.489166027864222031e+00
2.283629587890948720e+00
2.508337546803540263e+00
3.656415178713931180e+00
4.567903244790639583e+00
2.389433175853949098e+00
2.766538043517022150e+00
2.486427994068121983e+00
2.700117760862722704e+00
2.439078618572274593e+00
3.975357148913467586e+00
3.815231812143376366e+00
3.789622631015803211e+00
3.047217101391366256e+00
4.554179682359837250e-02
5.553889916892786049e-02
5.566006940061185571e-02
1.151170859961669235e+00
1.136069184087807604e-01
2.674187738614288712e-01
2.356530596929852450e+00
8.083757177863158672e-03
3.181373575468738561e-04
1.167477537976441271e-02
1.287843536416875267e-01
3.316003462990343431e-01
2.023838308205408443e-01
2.649543133359232305e-01
1.113971984671025851e-02
2.430400253474249497e-03
1.342086482752351912e-03
