2.646178785114389420e+00
2.642862922509898294e+00
2.306603570598086517e+00
1.962214963528776224e+00
2.733680277524743296e+00
2.962489379362495789e+00
2.266534470154412784e+00
2.266512214251336754e+00
2.266476422393021828e+00
2.266413898291239182e+00
4.527050629368846835e+00
7.676051165684554256e-01
3.241772500183455641e+00
1.915494153823364742e+00
1.973298659508871733e+00
8.160449991358074140e-01
1.305097339735320272e+00
1.305126907710627560e+00
1.305104927227130895e+00
1.305108529510549564e+00
