6.283185307179585344e+00
6.283185307179588008e+00
1.866047909861389353e+00
3.860329401295875318e+00
4.221573637655477107e+00
4.800999105854872440e+00
3.357228147897941994e+00
1.570316238774065454e+00
3.108840518812684639e+00
5.192218913466692065e+00
3.062616049816168751e+00
2.705446713914094747e+00
1.541130917384746946e+00
1.860382947908227447e+00
2.021590455502852990e+00
2.315627298932372291e+00
1.838242099108546190e+00
2.446642798312597122e+00
2.211135626753947037e+00
2.514207761395018892e+00
5.074184470819422366e+00
3.579965399327114106e-01
3.370985767972646485e+00
2.504599862627457707e+00
1.716345969568019214e+00
8.708525807771322347e-01
3.016561883302876002e+00
1.841474325709777649e+00
1.401647643208694394e+00
1.423431360249209909e+00
1.084305680306224984e+00
7.906175456994035677e-01
8.510694060320244114e-01
9.465384536995400389e-01
9.779566582539587216e-01
5.309092908512080822e-01
8.362026026836584247e-01
1.877545904597629045e+00
7.554998564336199429e-01
8.105835209385933160e-01
