3.521584452158660561e+00
4.836118201372089587e+00
2.436960395833688953e+00
4.459893832947536829e+00
1.388653514377894194e+00
2.280749837952773973e+00
2.634579734460579026e+00
9.218626113727120819e-01
9.219499777765595150e-01
1.922303102793169627e+00
9.221582538400457940e-01
9.205605414649815632e-01
9.203375150937873617e-01
3.440341634464594733e+00
1.497525664011683411e+00
1.589760401349551655e+00
1.665171370982305499e+00
2.579909735415544692e+00
1.687031778606623789e+00
3.888927085926652261e+00
2.726040333971386787e+00
1.687971377961261732e+00
2.691203872991956736e+00
1.688146422041874706e+00
1.691542934218721372e+00
1.691222365169825714e+00
