3.704068541887756805e+00
3.631279505228254489e+00
2.315581764281184896e+00
3.060675942680481043e+00
2.692764589387189655e+00
2.965275860980632228e+00
2.529996096124542238e+00
1.823748550107914035e+00
2.365732876444838872e+00
3.356693615450343060e+00
2.096857988185213184e+00
2.096917074068857634e+00
4.825500768284389785e+00
6.076297882040537779e-01
3.546877532567032532e+00
1.883656663491231509e+00
1.856487080410512025e+00
8.141041895535848782e-01
2.149741226440731179e+00
1.297380361614056454e+00
1.303881880404898830e+00
1.289264931993898911e+00
1.320188101238246592e+00
1.356784167056962476e+00
