6.124863356409049331e+00
4.431735136984557677e+00
1.989803952623514061e+00
5.234812259535368995e+00
1.013220863298255559e+00
8.655253822018960097e-01
1.264830162548846726e+00
2.424542852624532063e+00
9.525022137515878340e-01
1.946572394380141180e+00
1.946268112023355812e+00
9.407252843303383072e-01
9.348293465903543265e-01
9.348294074689269539e-01
1.133494508358844494e-01
1.131183521881966802e-04
4.650972355285735689e-04
1.423578257336195925e-02
7.135329075425380502e-03
1.006600801879945495e+00
8.063048952499635158e-02
2.689333976764965266e-03
8.968119140882113358e-03
9.323000355343442945e-04
6.420614649692586023e-04
3.181371957949429528e-03
1.933785217012981192e-04
1.760524252612831117e-04
