4.613640070661154446e+00
5.776813625637926997e+00
4.589881425687858396e+00
5.396286997158087573e+00
1.256580059340317579e+00
2.186184595635823680e+00
2.314160711223051781e+00
7.723991518788773103e-01
1.746595772359371912e+00
2.951777567274116443e+00
7.054911022128200759e-01
5.729495326921002496e-01
7.843205158781046960e-01
8.290994794152483083e-01
7.912800171678697758e-01
7.912924327137622615e-01
3.376066357300817611e+00
2.435745853207039957e+00
2.598663404171033697e+00
1.564282126617825064e+00
2.235891940884137785e+00
1.500345425401987010e+00
3.707428158635636350e+00
2.698918433233854053e+00
1.783744126284074527e+00
2.483682909894342483e+00
1.349259125133322801e+00
1.465527553505191483e+00
2.731874891139119299e+00
2.407328086294938441e+00
1.499789429162132981e+00
1.499830083234447775e+00
