5.665005566040399287e+00
5.024352409709695877e+00
2.938945742263304517e+00
4.143445672944485736e+00
4.598285690648085122e+00
2.412420575613576812e+00
2.078753547778547262e+00
2.030309618003763195e+00
2.101185399392692332e+00
3.025668705107340678e-02
3.838566646898205481e-01
6.524253601435691108e-01
1.188187517688730654e+00
1.167464776626900402e+00
1.150396062516660489e+00
1.141079926863356242e+00
2.140906422390015607e+00
2.141818377743124113e+00
2.141833059980966958e+00
3.346029943983271693e+00
2.469510003374548734e+00
2.457589960648015381e+00
2.263818721513171539e+00
1.341416981751111681e+00
1.226814906251108450e+00
1.653162122094673947e+00
2.370652694988027775e+00
1.416753712420747879e+00
2.351196900937760681e+00
1.383630632272237371e+00
1.394207035133608441e+00
1.396428938169731682e+00
1.565436429002036389e+00
1.396492326221311586e+00
1.396800317683391413e+00
1.396825097842929964e+00
1.395108579180037278e+00
1.395118830066090609e+00
