6.275971386143458730e+00
4.559157826558514870e+00
2.758100150090246672e+00
2.127402570608782906e+00
4.410041147338626288e+00
5.781435800455565044e+00
1.986645455002951088e+00
2.157917615488912144e+00
1.313636781967353340e+00
3.566987822987389478e+00
2.301161319558315821e+00
3.278204480778972751e+00
2.941279655798470394e+00
2.471100379677765080e+00
2.365839351600508955e+00
2.469764436361399529e+00
2.395787216922218743e+00
2.304694006859580924e+00
2.800070540890538418e+00
2.801051181936485168e+00
1.148907844139832601e+00
2.155543656208495307e+00
1.705396282650047893e-16
1.022205390274104454e-20
3.480416093012875489e-05
5.651868308114713427e-03
1.507430601521344560e-01
6.816679447581123208e-01
1.079933844090818829e+00
1.322181474254845002e+00
3.248592067415175255e-01
5.907216647296556489e-03
1.267015376725666269e-02
4.779643206653761897e-05
7.131066769394388293e-05
4.809153868146789535e-06
7.297003945283142776e-06
2.141155815446138186e-02
5.966580824472970826e-05
-2.381282222763453344e-17
