1.777849270919678046e-18
1.679166885541545584e+00
3.202594480951027833e+00
2.573245459678010771e+00
1.549120250293941403e+00
5.365197291024182968e-01
2.535877973727181711e+00
1.516777081326076582e+00
1.555842104897696920e+00
1.542961884111845317e+00
2.164563881977636939e+00
1.232835291993659571e-01
4.802711093234416501e-02
1.879797414188345006e-01
6.021700590054002850e-02
2.218265456166940153e-02
3.112060637958909137e-02
-7.154028828556699546e-18
2.197026856590535599e-06
-4.200112124237574552e-20
