6.281866191311971548e+00
6.273954944934351019e+00
3.430353391707021249e+00
1.643824140981253512e+00
2.621974984243398699e-01
1.994176034463980951e+00
2.487744543644019381e-05
1.583207909979816641e+00
9.999497590828997362e-01
3.172912095252559128e-01
8.479479116819389447e-05
2.793298592792188052e-05
2.168201702392314584e-04
-4.828087799349511933e-20
1.187315124546216207e-03
6.889941891460879195e-03
3.242041627926656178e-02
2.255292967968037382e-02
2.218774653552174972e-02
8.299631478242428528e-01
1.105806978981286326e+00
6.025518305236402528e-01
6.122250298680051439e-02
4.889730896101266572e-02
2.246355314462527009e-01
1.237308900494590847e-05
5.328044503354392170e-01
6.818905376203401652e-05
4.550626487658843318e-03
2.547115641132813909e-03
1.037991361901054004e-02
5.000401519471255746e-02
4.129926392817635794e-02
1.345288878374229988e-02
9.666516869456609484e-01
9.324914387369692692e-01
1.997163945264718743e+00
1.997331233836292297e+00
