6.283083889481360984e+00
6.061424994163090219e+00
1.064364495226593599e+00
6.806166417978924965e-01
1.295057470689182200e+00
2.754223071220579869e-03
4.978817693497628732e-02
4.794958087686070902e-01
4.065758146820641628e-20
6.027244446908094910e-03
2.072402258599718994e-03
2.474157563306983790e-03
1.052124978622368673e-02
1.175252764378074185e-03
3.234480187807646252e-03
1.272874384634965939e+00
1.809770191225110458e-01
-9.462249230516810463e-20
4.566042293163092951e-03
5.471138926591023483e-04
1.751387728145552454e-04
2.978266908674880378e-03
1.134733332223206853e-02
6.945816720533325335e-03
