5.876470987342694130e+00
4.407112612793913975e+00
5.421562639065414579e+00
4.702040043891347665e+00
2.704540653689480045e+00
1.388893374892232302e+00
3.920530215012813180e+00
2.455503459792744536e+00
3.365416808338987043e+00
1.388952191556340532e+00
1.460723309305799633e+00
1.273156287796534780e+00
2.441650769210859995e+00
1.454056097582609564e+00
2.437411466482060973e+00
2.454281201574751492e+00
2.453490971565142953e+00
3.453452026956461030e+00
2.168012246330681680e+00
1.073187734772094309e-01
1.080768625908228309e+00
1.206499771793884818e-01
2.594858727349662608e-01
1.006390302649349922e+00
7.245838302886806193e-02
1.147900640285464680e-01
1.195514797418830398e-02
1.341484277168210504e+00
3.986958519033015542e-04
1.430786407552359085e-02
8.608425782389801445e-04
6.618975280474365553e-04
1.404517138095500188e-03
4.827667975351482526e-04
3.880340285774079557e-04
3.797359028856770531e-04
