3.517562877034551949e+00
6.201358094281553157e+00
4.838762790412120651e+00
5.244947174401252354e+00
2.885691401848562432e+00
3.477466254667100465e+00
2.290460076408196155e+00
2.519310529343032012e+00
3.646597456842980201e+00
4.552502092458398764e+00
2.374521590646428759e+00
2.784065046065737015e+00
2.490165612307502663e+00
2.710938462120294989e+00
2.461617338119625575e+00
3.957638509492850343e+00
3.784989732475247504e+00
3.044857825609561086e+00
5.331394680891433924e-02
6.597501713526540690e-02
4.468347776882007627e-02
1.138944641091583332e+00
7.257729692128689347e-02
2.979305093364647550e-01
2.353099198916900114e+00
2.534312312861578594e-03
9.939834178007502657e-03
4.831979741401009297e-03
1.288853124682858287e-01
3.295263788932842330e-01
1.999860863290786051e-01
2.620820008278621494e-01
3.018387903152661578e-03
1.582863352987245445e-05
