6.280103666358352044e+00
2.521900256117959316e+00
1.842771262769779206e+00
2.306503631311584979e+00
4.701190402036778515e+00
5.901262881284943695e+00
2.194307407528680809e+00
1.276195864092283694e+00
1.462265516917969466e+00
3.497049384186368126e+00
2.471913591899631779e+00
3.376166127017083074e+00
2.782222400561629172e+00
2.554454035888194419e+00
2.568704021293287898e+00
2.581975394105899824e+00
1.348042389656425089e+00
1.928357129043423823e+00
1.123404719561370496e-03
1.217844522892180641e-02
3.491533650599519794e-03
3.607000694910273558e-02
4.577136836719431640e-02
8.050881493426146340e-01
1.143331413543017705e+00
1.458717647235666437e+00
2.403206357641758661e-01
1.030909346071147348e-06
1.407723610430267362e-03
5.198152557494568893e-02
6.860078067805098698e-03
3.433705250529682940e-03
