5.966660807560725033e+00
3.816034873936316352e+00
1.364064952699556299e+00
2.245378907499197219e+00
1.183984675569144773e+00
7.551276934563646570e-01
2.841862910456486535e+00
2.019230119035525295e+00
3.015587092636284439e+00
2.021129764786792293e+00
2.021075006683183517e+00
3.886110904574481495e+00
1.570341661054795557e+00
7.075368376302811901e-01
8.604940838808848858e-01
7.243188319032830558e-01
5.346978144848525405e-01
2.618160514342987355e+00
1.619420377902977215e+00
1.619917296907761761e+00
1.618958743890328789e+00
1.618942818512063120e+00
