5.941185516764715402e+00
1.403354147717042810e+00
9.703478268633036752e-01
1.114054688223856449e+00
3.982147179092575318e+00
3.858880177603628781e+00
2.079591911927320957e+00
1.778789586022157643e+00
1.690172333719256903e+00
3.960166836481458397e+00
2.816894509124029167e+00
2.894153497953037668e+00
1.800113084169623345e+00
1.798971321018759895e+00
5.998665374792014338e-02
6.524013047751937877e-05
4.016234137291605909e-05
3.509576790109622535e-01
2.320901426752846003e-04
1.133979623319178565e+00
1.234022198595881914e+00
2.942115841268574949e-01
7.335919689032427415e-02
6.444335803423247022e-02
