2.520179438721845244e+00
3.602831670452632196e+00
1.523648651400697496e+00
4.337150868752210897e+00
1.605681074661968522e+00
2.279415654711987482e+00
1.630206693255706440e+00
9.208046545516591630e-01
9.233601229415113743e-01
9.233919440277814639e-01
9.234075514244788341e-01
3.436982829293580899e+00
1.498599522652540816e+00
1.585511657509454997e+00
1.664349713172595946e+00
2.580316778436288150e+00
1.688888114584686129e+00
3.888446309265898737e+00
2.726040590131489694e+00
1.689932438270687731e+00
1.689945809584662229e+00
1.689946438564551734e+00
