6.250633611200392181e+00
6.247576189146701431e+00
3.332701002981214966e+00
6.663460150618156774e-01
2.470801615244849481e-01
1.968926784035247346e+00
1.391631062724555461e-05
1.569898595479927828e+00
1.713018272562062995e-17
-1.674040803662156430e-18
3.329002393282824635e-06
3.471985115688216246e-05
-2.408089489251236434e-19
8.029739926624616777e-20
1.361993157349298883e-03
1.424467439128019762e-03
6.548269976474777130e-04
8.420639303617949434e-01
1.105119394929666488e+00
4.891931877079150337e-01
1.309102294602316423e-18
1.895682690334334416e-05
2.638187017390979383e-01
-3.934225642661773043e-19
5.999195258798474262e-01
2.181707102067930674e-03
4.260047176130047661e-19
5.998216873614304169e-05
3.403022671404118215e-20
2.887586003708181911e-03
6.314070065888803540e-02
8.998902501726511007e-05
1.052521330533417787e+00
9.579120750756959790e-01
