1.000441787453986597e+00
2.680226200134405268e+00
4.222184206429887787e+00
3.604086480270734416e+00
1.526074294351599914e+00
5.415631846695057039e-01
2.554346861123756973e+00
1.529913807496908973e+00
2.572004197714276685e+00
1.519911512084041183e+00
1.517017524326121025e+00
1.522847596566932138e+00
2.177201167610865351e+00
1.373673506744765294e-01
1.064916599116349616e+00
2.144819050979581143e-01
6.803817307801496295e-02
3.472277792576040911e-02
8.743681237107497211e-05
6.224814014218701952e-02
2.495926305178063249e-03
6.068554164510205247e-03
1.399059509354843092e-02
1.453956184980345102e-02
