2.622476249455354402e+00
2.929985914489500853e+00
1.955143968332577087e+00
3.148172584426013110e+00
3.611389466053120501e+00
1.611887246133983098e-01
3.109445787338281458e-07
1.075539357123244234e-16
2.012470356097849411e+00
-5.154308120805863814e-20
1.664273759555925103e-01
1.664906210978529533e-01
3.360165750651672223e+00
2.253634478995544033e+00
1.408323078699648345e+00
2.286568964036454155e+00
1.269770589850171660e+00
1.335261243123213593e+00
1.484315336539088648e+00
2.390645746325440246e+00
1.455029992694966579e+00
1.369193662778400489e+00
1.416986741226841540e+00
1.417013858796343007e+00
