3.127741801238816510e+00
4.410474578828876169e+00
2.147356158255229186e+00
1.015458875630696811e+00
-6.776263578034402713e-21
3.427437642340015050e-02
8.425490728437583232e-02
1.528990193510069225e-04
8.363135099441674461e-05
-7.115076756936122848e-20
-1.033380195650246414e-19
1.102045814900700748e-04
1.184171246514821751e+00
5.278910959186029588e-03
1.172730037376063100e-01
2.544906132915425619e-04
3.578720227154769248e-04
9.596714404980228989e-06
9.906294839511964778e-05
7.945689668086853283e-06
