6.280110030876849159e+00
2.521898875319857680e+00
1.842775213494913356e+00
2.306501921334576544e+00
4.701191749891346028e+00
5.901265903913672339e+00
2.194282532073303038e+00
1.276202860920902182e+00
1.462296397083182375e+00
3.497044640281580019e+00
2.471885683909921472e+00
3.376147274947620236e+00
2.782223154956837696e+00
2.554469799454341050e+00
2.568720133895745938e+00
2.581969792839786670e+00
2.581988469903020444e+00
1.348029416207485731e+00
1.928356752750146619e+00
1.111109854326218158e-03
1.219521667518028846e-02
3.476357858284238184e-03
3.607936187780535348e-02
4.578306959589562020e-02
8.051152086589713486e-01
1.143347831959710126e+00
1.458711295419037324e+00
2.403192281651891915e-01
1.037615360386517915e-20
1.466217048755738507e-03
5.196823064728881003e-02
6.864650214273519853e-03
3.428409003650131296e-03
3.407418415649745690e-03
