4.613638673114927258e+00
4.776821702347919363e+00
4.589867616850916043e+00
5.396303765840344546e+00
1.256580064051350032e+00
2.186181761294402115e+00
2.314190990838304263e+00
7.724232779848529962e-01
1.746617879457719846e+00
2.951796836986418260e+00
7.054944206091028347e-01
5.729977821558958073e-01
7.843083073105369118e-01
8.291357573405847559e-01
7.912846080241424662e-01
3.376041175267886718e+00
2.435729770580505882e+00
2.598672742454576579e+00
1.564269379730729659e+00
2.235869956705571759e+00
1.500351645479917950e+00
3.707424008009757799e+00
2.698928564048480805e+00
1.783752777774513021e+00
2.483673433346531123e+00
1.349263400050422224e+00
1.465527283252187951e+00
2.731876951829180999e+00
1.407317386220981348e+00
1.499797610549496563e+00
