6.283185307179586232e+00
6.253697243156031149e+00
6.086486671737366905e+00
2.516368011147517070e+00
1.466357882792704403e+00
1.357222762713739650e+00
4.048949382519760221e+00
3.693267150047520708e+00
5.113080517325003349e+00
1.164159502698318915e+00
1.294181887605783343e+00
2.861072543052399997e+00
1.270905234706864340e+00
5.831538382802976539e-01
1.463056836449143416e+00
8.268707610117462803e-01
1.221782632277506941e+00
1.158539438789010445e+00
1.337352256842491594e+00
1.703911985345280433e+00
4.398693564098352660e+00
2.449959264870050557e+00
1.534713084502319948e-02
1.061892793817458713e+00
2.307615478963365163e-01
-5.399835038746164662e-21
2.916782238931832527e+00
9.919351108560341412e-01
1.196962274846385510e+00
1.223930475026188569e+00
2.479993951723453272e+00
1.602026862733310297e+00
1.200968284265002239e+00
1.831248520104022504e+00
1.319305611600638750e+00
1.061813862812544196e+00
1.240155030941916037e+00
1.336867616102080270e+00
1.038537038578438487e+00
1.048027577011639178e+00
