2.883420560376384501e+00
2.447547773550023287e+00
5.404733606067900098e+00
3.713807978319449088e+00
2.715205221207339648e+00
3.888429087274536955e-01
2.918419555478730665e+00
1.457178396137489340e+00
3.369556407436231638e+00
1.392071202320006584e+00
1.457999901986796853e+00
1.283648015717753443e+00
1.446735056996655500e+00
1.457841610485089090e+00
2.171455479432009561e+00
1.129354975577432502e-01
1.093390980472245255e+00
1.266406834416207439e-01
2.667050193840558858e-01
1.012484814655269849e+00
7.757768104035739354e-02
1.191769245190206772e-01
1.315670489040233690e-02
1.302543621186609935e+00
-2.181260412594961393e-20
1.714998010442174425e-02
-1.479114197289397135e-31
-1.216579800790362497e-17
