5.793161427914853334e+00
5.122066812709070938e+00
1.468747799678567167e+00
3.248278795134081243e+00
1.196258855383024899e+00
7.736145752176711854e-01
3.837339602818620854e+00
3.024384901957534844e+00
3.022149814096555254e+00
2.013598395638557470e+00
2.014134389455332741e+00
2.020025725853276999e+00
3.886162279541800046e+00
1.574852043314860062e+00
7.024189152259331381e-01
1.867276273549100640e+00
7.198815041211611421e-01
5.417621804188783585e-01
2.613765591379553666e+00
1.618596515820240889e+00
1.624329714673173886e+00
1.620775408506528903e+00
1.610405559553288679e+00
1.611398493964634193e+00
