5.132749585248534530e+00
6.283182758246862676e+00
5.532082822385161691e+00
5.369687993727955799e+00
1.192892271887990630e+00
2.128423895887999073e+00
2.189908584878162312e+00
6.437750578210493790e-01
1.689422230550613246e+00
2.818402868886048296e+00
6.244185587647955726e-01
5.321617309431884157e-01
6.707080841908438229e-01
7.292453498358401065e-01
4.692221094873109122e-01
1.780109717881909859e+00
6.993193158304173984e-01
7.453054517956653191e-01
7.475297409756052058e-01
3.492171472327003645e+00
2.319809720089401672e+00
2.528171642259329222e+00
1.506096800933818480e+00
2.224323165494364929e+00
1.443322249655676792e+00
3.643136365653963704e+00
2.584138477066269424e+00
1.727068317116744689e+00
2.403767712012423452e+00
1.240860473968165012e+00
1.385695669783959305e+00
2.617841651384325896e+00
2.281423535590156870e+00
1.527718102619931795e+00
1.388193034921923141e+00
1.141408664065830525e+00
1.139629807351460800e+00
1.132224741999908524e+00
