3.524901582331069427e+00
4.850783022682666257e+00
3.426889128895299397e+00
5.456683066132982596e+00
1.388667882982489665e+00
2.292869267618210749e+00
2.626445188618792503e+00
8.991243294280052423e-01
1.913793519331997484e+00
1.926733432362391918e+00
9.329146286075882255e-01
9.305087268651911492e-01
9.417870740193688972e-01
9.349772478026904254e-01
3.442944821313841164e+00
2.505563876673671420e+00
1.595325769725851828e+00
1.677180675294962731e+00
2.572990154162722476e+00
1.667710146117766801e+00
3.907998570032512831e+00
2.783990412663317926e+00
1.952436844780129910e+00
2.688307739972407795e+00
1.695074189247878893e+00
1.686827396447925453e+00
1.694108169611809656e+00
1.689928758918922025e+00
