6.283185307179587120e+00
6.201630583988126055e+00
1.020905872256498759e+00
6.346856939561158484e-01
9.682447052899660900e-01
8.830812282674648707e-06
1.675159082676125344e+00
5.084712852833630885e-03
1.410976694163489487e-16
9.977538802114079841e-01
7.116885645386958892e-01
2.246927013138882323e+00
6.901117801849523392e-01
6.485843400122191793e-02
2.157623260599434226e-02
4.705292429222120876e-06
-2.172268529239568446e-17
1.162507796503278845e+00
1.244811062549461944e+00
8.208742636053086017e-02
1.362763192190434181e+00
9.340163585933631367e-06
4.489905626318022036e-02
1.762159289428091857e-02
1.065645994229332150e+00
2.592263948353741299e-01
3.021370231110101848e-02
8.306477541574860957e-02
4.673673097265351495e-05
-4.683822812823311450e-17
1.508999456040188456e-16
4.486600677321367359e-02
3.488269038229879770e-02
5.153226377090110340e-03
