3.548210695086556843e+00
6.206284816319235453e+00
4.821365871439174278e+00
5.231983493212032599e+00
2.996399558785051820e+00
3.451395773429227987e+00
3.206656037622606981e+00
2.554951726318088756e+00
3.847330649457886054e+00
4.710330577883682146e+00
2.209653791010020019e+00
2.801535989552940364e+00
2.491208788082450276e+00
3.761887673494770379e+00
2.416968326656797394e+00
3.997568689796877184e+00
3.916509111218997141e+00
3.637600682206744374e+00
3.580901309004697719e+00
3.671275994344499249e+00
2.787222013221544170e+00
4.051950158105661198e-02
3.552109510248625118e-02
8.894255615387776370e-02
1.140007563960946158e+00
1.976693503023269904e-01
2.036812265964445534e-01
2.375426876278755817e+00
4.215585538024155948e-02
5.908611221514990103e-02
-2.606997551666662754e-20
1.008257081422294088e-01
4.130503439648712249e-01
1.856626671760870095e-01
2.286533874696310698e-01
6.444530486962033377e-04
-2.846480710316842495e-18
5.609857614141938037e-02
1.349272144965246722e-01
1.147555978484378174e-02
