1.910660472150502276e+00
2.603707443463532556e+00
5.418156747249596172e+00
3.470426794488752353e+00
2.598240819571203009e+00
5.026891137467713877e-01
2.978411434489752097e+00
1.550888194372185502e+00
3.511225076681129487e+00
1.468828625926925424e+00
1.570858295333798393e+00
1.674088164301474668e+00
1.412143960689201005e+00
2.215850689695185505e+00
1.254824824328371891e-01
1.088551869781102743e+00
2.171428975998157818e-01
-4.912791094074941967e-20
1.117174575664990455e+00
2.763828943508409020e-02
2.055397795440965739e-03
5.166389871891393509e-02
4.853812839802553597e-02
9.860252816075833551e-03
6.687134726827988207e-02
5.710406610916293757e-02
