6.278683480562384567e+00
2.480308529794549521e+00
1.874413064963646125e+00
2.316608179744507279e+00
4.702361393498240005e+00
5.873287144782407765e+00
1.962808027335533279e+00
1.312385614426523794e+00
1.561216219622284518e+00
3.497528241282204409e+00
2.467573761124349119e+00
3.354794194052510559e+00
2.799085301555127803e+00
2.565626488872941646e+00
2.566460664422722804e+00
1.548455605001248125e+00
1.940809372098700081e+00
7.833953210398099739e-06
7.071178190087867334e-03
2.443900169754020888e-03
3.979574477557527856e-02
6.431636600202103420e-03
7.964539514658953712e-01
1.020519234019495292e+00
1.448647690584731418e+00
2.350459134231764058e-01
8.137884185139758911e-06
7.295842680480797877e-03
4.904266181034663830e-02
-3.303217074868137334e-18
