6.237819097059015938e+00
5.137717307600156325e+00
2.822679678771355949e+00
2.853988167774883955e+00
2.140172935901474727e+00
7.381916133455899143e-01
4.695234143561576090e+00
4.039583426274077738e+00
4.306637283249533432e+00
1.762997390226244354e+00
1.748170659817005923e+00
1.951920461336197565e+00
1.899809095421328697e+00
1.718185099219000644e+00
3.696572159698799709e+00
2.382837848920865031e+00
4.577078584698527908e-01
1.852512504392526127e+00
6.025100854458477206e-01
3.575743214063358266e-01
3.415014291586766504e+00
1.452688338646981991e+00
1.488666954259655117e+00
1.503994024885078051e+00
1.570687728737498734e+00
1.428562624475407716e+00
1.491612054139600074e+00
1.656078899290604811e+00
