2.988256405974227370e+00
4.078102580304954650e+00
4.998932817460996603e+00
3.871316816429689833e+00
2.720164546330855249e+00
2.870911914272359144e+00
2.685375916396754103e+00
2.572987279370505309e+00
2.576943696573708031e+00
2.565007957916577208e+00
3.264116440722471424e+00
9.510458347282671446e-06
3.907839780233042862e-03
5.024672680710026706e-02
2.636952333690369965e-01
1.079918884443603205e-01
1.566684627768321625e-01
3.991150445183976048e-02
1.692414407473685767e-02
7.919831345038607501e-03
