6.044331028311204612e+00
5.099692381527993312e+00
3.068220939252643387e+00
5.937332164406014634e+00
9.640149035584207882e-01
2.839334160885170988e+00
1.439691319513580980e+00
2.296530570099299062e+00
1.823932979991601089e+00
4.012406340725732434e+00
1.906880385769411879e+00
9.154507255112694919e-01
9.084154506992382361e-01
8.935978767898291597e-01
9.262552668178013482e-01
9.139631171545844479e-01
9.008845305859956021e-01
8.576182731956208949e-01
9.165484661318560322e-01
9.397811302040173786e-02
4.647657846261538106e-02
1.030810246460044821e+00
6.706276457633239194e-03
9.751528913058384873e-01
9.140509515033339305e-01
4.695911474631820487e-02
1.787653207427649521e-02
1.024251853176685101e+00
1.405545296850104625e-19
9.743428484515953558e-01
3.852430456574211059e-04
3.436978823389922472e-04
-5.421010862427522170e-20
7.817208694802449953e-01
9.168922763415376931e-01
2.208404388646149352e-01
7.308996303528556004e-02
4.004137368003166803e-02
