6.119397560741766995e+00
4.667690856236240471e+00
2.001341426229094278e+00
6.229934097420087191e+00
1.011182651257736431e+00
1.862099429962677188e+00
1.226581755796483764e+00
2.425075254425629545e+00
1.941418628786870881e+00
2.937021856122164820e+00
1.946199963550576228e+00
9.519639177013103915e-01
9.129031944141098309e-01
9.253112758874548760e-01
9.299810147320587417e-01
9.252149118580623721e-01
9.335915271891834788e-01
1.035011582199326513e-01
1.347693039051681488e-02
1.805171060947026668e-03
5.003685308785944807e-02
9.966318823372479763e-01
9.911270726512689810e-01
7.608303920890177596e-02
1.936339227751206161e-03
5.717225385587032613e-05
3.259932586890923988e-05
1.005357025595250642e+00
3.640973198222327480e-03
6.518820948713786173e-03
1.448895255803176341e-03
9.635531177885233722e-01
9.630383031758117385e-01
1.855211335108441009e-02
