6.283184610420284422e+00
6.214577195010570598e+00
1.140766984435569009e+00
6.188135347640232320e-01
1.016548770810561386e+00
-5.400432571120400721e-20
1.594162584468081789e+00
4.121476244980834774e-04
8.518289422837985994e-06
1.003614451506940952e+00
8.572072157844607965e-01
1.278068498832680477e+00
8.466741469631497985e-01
1.524351822286735061e-02
-1.524659305057740610e-20
-6.098637220230962441e-20
1.069322478444915125e+00
1.264479478305946092e+00
2.172759999984998081e-02
3.875476957683840484e-01
1.558799814659532317e-02
-2.493136978191217235e-20
-1.707809703019931247e-20
1.075004989591417992e+00
8.582866027828874381e-03
7.963478616966279352e-05
6.304802462847575346e-03
1.706402876143904915e-02
1.250227364510327252e-05
7.018081470851122647e-03
6.344398277268286680e-03
6.392414783440204112e-03
