6.275791629040094577e+00
6.283137046227606604e+00
1.100371012012803629e+00
6.227970282970033411e-01
1.088222686803739236e+00
1.262342777724308543e-02
7.185992236056533145e-01
2.203645071810408224e-02
6.846248898501219697e-03
6.320085856832722638e-04
4.178927359775828909e-02
1.298979449993958424e+00
8.018866880178648278e-06
2.014691145024928229e-02
1.249048831096598366e+00
2.215306122836496056e-02
3.770384511266396399e-01
1.102185183666539239e-02
-2.900220780102134638e-17
-2.136486573030329452e-17
1.014097985390897350e+00
5.004554542497522199e-03
3.650378617326206787e-17
3.360189932357844926e-05
-3.877017424971903246e-20
7.415132546229698035e-06
