2.520206475768192345e+00
2.602871694628499988e+00
1.523640338817551232e+00
4.337123095782123627e+00
1.605674466185097016e+00
2.279417048856874572e+00
1.630202011767848846e+00
9.208115226172662870e-01
9.233767694835673945e-01
9.234108390245151510e-01
3.436984055652227976e+00
4.986116688243338313e-01
1.585484156290160929e+00
1.664396550742768044e+00
2.580315266427553489e+00
1.688880497900454136e+00
3.888454844191225224e+00
2.726083152478615546e+00
1.689908040339499484e+00
1.689960748095825860e+00
