2.988208874407591864e+00
5.078067909354476051e+00
4.999005520965678073e+00
4.871397524792508094e+00
3.720231399098643532e+00
2.870936936573562193e+00
2.685413977766071714e+00
2.573032094413461035e+00
3.576872718933394868e+00
3.565140364898529146e+00
2.565153617174956935e+00
3.264004687291278906e+00
9.349625208109321658e-06
3.809753512289740501e-03
5.024148032857796847e-02
2.636817228556078141e-01
1.078471555620949818e-01
1.565201217823791735e-01
1.039768126609360577e+00
1.665209474209275800e-02
7.859392942677305774e-03
8.021250694247725882e-03
