3.675452694281344801e+00
3.006993339141263988e+00
1.949598048072096690e+00
3.132130485010280907e+00
3.604883838946633112e+00
1.435107024618546667e+00
8.347060220249533091e-02
4.144683722012499488e-02
1.989848703318687573e+00
-3.516610245545405925e-20
1.431265090543488994e-01
6.453801075523608599e-01
1.173151104297788461e+00
3.358067392926709527e+00
2.232753003816577486e+00
1.392039018633316028e+00
2.267871397774931630e+00
1.254710662437994007e+00
1.325215022400328957e+00
1.476031842142409012e+00
2.373295169420878814e+00
1.422534429645300191e+00
1.356515218392498445e+00
1.388724103454938907e+00
1.399037426886304170e+00
1.399664146471160331e+00
