3.883423976830769231e+00
2.447570318955665680e+00
5.404710866237834921e+00
3.713788598567603572e+00
2.715183595244319292e+00
1.388854465008332539e+00
2.918401059771086103e+00
1.457175777679377005e+00
3.369558917918971996e+00
1.392104310277978874e+00
1.458004425251582026e+00
1.283615420423700693e+00
1.446699437008440059e+00
1.457831181237142060e+00
2.457834141354663604e+00
2.171424152208645708e+00
1.129358620660130819e-01
1.093363638014226202e+00
1.266428058224935982e-01
2.666857440468918816e-01
1.012491727791626328e+00
7.759449295861069185e-02
1.191841759508716486e-01
1.315634187740256228e-02
1.302520188385130284e+00
2.132602969177655966e-05
1.715079418354439195e-02
2.292598456425968493e-05
4.249242341972618353e-20
-1.219910469864238216e-17
