6.283175167472805356e+00
5.297446674588754512e+00
6.282813628848217924e+00
4.419904953342027376e+00
2.409679501544328861e+00
2.091737506014147208e+00
4.039243938606896123e+00
2.064348488908259949e+00
3.356374242913360728e+00
1.129413611916659343e+00
2.552063310113048988e+00
1.198350712254607542e+00
3.447620797167976647e+00
8.179642740343326945e-01
3.399971796849231342e+00
2.419957158549795206e+00
1.624595388991031397e+00
3.254569338224992059e+00
4.495485187749857836e+00
4.496495527613083354e+00
2.882083709553659112e+00
8.560882005204755590e-03
2.102196005455742700e+00
2.259702186783550282e+00
9.990030822093941554e-01
9.769653874096769774e-01
3.667719897719712210e-03
1.444547568862293054e-02
2.621325689895549760e-02
5.985907387390907441e-01
2.721445806361427397e-02
1.257124287234684563e-02
3.482939566990329167e-02
1.762421789857965965e-02
2.303711909026978644e-02
6.872181454963524529e-04
1.522218761979395388e-02
2.924546395322663150e-03
6.904848808999026078e-04
2.209237022561200484e-03
