6.283185307179586232e+00
6.198242719949477397e+00
4.078919270207480352e+00
2.794093424038426310e+00
1.993369359916253858e+00
1.802086219173051118e+00
4.500289099116595359e+00
4.358536787401884105e+00
5.220593668256968911e+00
1.621075454566514473e+00
1.724907340335379624e+00
1.863791524007247791e+00
1.352019557968348717e+00
1.312692816357028613e+00
1.571730827532250796e+00
1.673033453249758606e+00
3.688528938614258568e+00
2.206046716307847877e+00
2.512791664813279202e-01
1.623656328941299742e+00
3.280369440979901685e-01
2.093535844053552863e-01
3.353578977945409267e+00
1.380134549767846774e+00
1.478705892721319692e+00
1.489218886165773359e+00
1.882767968866920549e+00
1.432786457728979723e+00
1.432880451233197183e+00
1.444991987966988356e+00
1.313571205624367133e+00
1.306561174647078216e+00
