4.675491996892131574e+00
4.007196434500487570e+00
2.949522562183810592e+00
4.132161564062657888e+00
4.604805549382504637e+00
1.435563785788505520e+00
8.347796989643402332e-02
1.041650590145564603e+00
1.989909408652512868e+00
-4.065758146820641628e-20
1.434974302896467047e-01
6.452943375959718786e-01
1.174144721613515907e+00
1.172966894682224703e+00
1.172944572818234610e+00
3.357579782793780332e+00
2.232970648349127174e+00
2.391093178128194552e+00
2.267597142867464388e+00
1.347241759412146411e+00
1.242668173486191963e+00
1.475986081298895414e+00
2.373117808180168709e+00
1.421777541259801714e+00
1.355922561446243346e+00
1.388635363524500344e+00
1.399363257645932057e+00
1.400296861800918613e+00
1.399740709886715617e+00
1.399770940334636338e+00
