4.814786675690798212e+00
2.816844890658965372e+00
2.316201686471851318e+00
1.484214504165817461e+00
6.283025425765482730e+00
3.716490230780749915e+00
5.731276582242808004e+00
3.305726240709871089e+00
1.554745087264331582e+00
3.184599417528525933e+00
3.342410438407992235e+00
3.064735134024849650e+00
4.473694878324661950e+00
6.519257173334166988e-02
-2.457863792624752607e-21
5.243064404139154144e-02
7.360941155756032250e-01
7.730638711298593035e-01
7.913083046276784271e-01
7.796229658080395808e-01
8.360812883689813235e-01
7.996650773238084264e-01
7.912268015084886752e-01
7.756880585585405052e-01
7.862206140123171316e-01
7.812023894662392109e-01
