3.632548260157496323e+00
2.006314043008255332e+00
2.553433990819299115e+00
2.645411643726555351e+00
4.962269776451212699e+00
4.578127638109918074e+00
3.323485251025692477e+00
5.807324538051873652e+00
5.123037511138541333e+00
6.146093098842523084e+00
5.203596335781946358e+00
5.689513888398043839e+00
6.279013250033961491e+00
6.281206371984331405e+00
6.049194440637377213e+00
6.133755895691257898e+00
6.125291791569416944e+00
6.119851396740913607e+00
1.571605157098839189e+00
5.236352716007562635e-02
1.985453314004458156e-03
5.444001452234364241e-02
4.326428585437520208e-02
1.865021391089865683e-19
-6.342622391718073173e-20
2.680089983901701948e-03
2.806823177133212828e-20
-2.709272109183632502e-20
2.670780559496067560e-02
2.661695191823688282e-04
4.652736869230906093e-04
8.100984543849136825e-04
1.588537853781636779e-20
1.296021063446696403e-06
2.842561255822494463e-19
1.762179572706707234e-02
