1.779676268469891687e+00
8.043623745046661888e-01
2.281488106363501966e+00
1.603737727143436320e+00
1.300872126235145920e+00
2.234182108494705776e+00
4.626068339580376332e+00
4.262214549182506751e+00
4.818141252349835923e+00
5.272989727740381660e+00
6.222064269375838563e+00
6.283151255254263212e+00
5.624093006686375240e+00
1.560478715239189240e+00
7.604402121398225189e-02
7.532558071567654889e-02
4.132417029543525300e-02
6.666933652162247703e-02
5.173634749157163953e-02
1.474127036943470852e-06
9.528037964985928976e-02
8.176818293574145136e-02
3.818206143976295153e-02
2.950698245338181924e-04
4.515070252420266481e-04
7.128569620238096871e-02
