2.982960378376836363e+00
2.169393042559523366e+00
2.642319218204411957e+00
3.398590104641505238e+00
3.430063408367367561e+00
3.565906438737799888e+00
5.628200506657045743e+00
5.230134687674328653e+00
4.614253069585023681e+00
4.757325353192339179e+00
4.438100956750330006e+00
4.487251100515422308e+00
5.585985775159746147e+00
6.269155935287148651e+00
5.338978456884373891e+00
5.320316942961063056e+00
5.200382308298396872e+00
5.205232492669410682e+00
5.492584229911444925e-03
3.082898797051491797e-03
3.356832664924561810e-02
3.788065209384144927e-02
7.385228886796634991e-19
6.300182982199299675e-02
7.736259728313199524e-02
5.959936633271983170e-02
1.980212192354183914e-02
3.211463063214810287e-02
-4.378875766681202005e-19
-1.948879250298780882e-19
3.842596462442131322e-02
5.823691227447904892e-03
1.127884321154806746e-02
-5.082197683525826109e-21
2.160363684862703221e-02
4.180821262624075108e-02
