3.515077806490721102e+00
1.974007423994670996e+00
2.352839040077167265e+00
2.829175849341974747e+00
2.696378109879400409e+00
2.384265035593647664e+00
3.141435538909106651e+00
3.563176425560192317e+00
4.942763735595964825e+00
5.566129457043408557e+00
5.503664912078390259e+00
5.253941939430337271e+00
6.030233148365349294e+00
6.273958934429736622e+00
6.272096851748801605e+00
6.127683222349003422e+00
7.400408649653004815e-03
7.195196422941194103e-02
3.408737225512986873e-04
7.871385411901266060e-02
-6.723324018831016164e-20
4.860871825816121677e-02
-1.654977618412984717e-19
8.863726374099104716e-03
2.912264304976330126e-02
2.233295578534786122e-02
3.802921100779050462e-02
6.372459496062366120e-03
8.308126695949838436e-03
7.005018027937987869e-03
5.098903241383076837e-03
6.866210862401894016e-03
