3.385197411276962054e+00
2.119455344343808001e+00
2.366931590539947283e+00
2.860613346322853801e+00
2.602964770826421415e+00
2.702766740859699368e+00
2.789528245578575483e+00
3.173578171613368415e+00
5.043461084007862638e+00
5.309958351765505569e+00
5.317664142051154563e+00
4.169883948475651358e+00
5.657350468515241815e+00
5.930401557034260807e-03
7.074312108607437588e-02
-6.098637220230962441e-20
7.436784656508993452e-02
-3.238680585712722821e-20
2.198561653298520407e-02
-2.612543152661150964e-20
4.219878394655542098e-02
4.142199427133299444e-02
2.629800258714193664e-02
3.274031882434821211e-02
-5.180012377517361318e-20
-5.070387281621460388e-20
