1.859905949310315387e+00
1.779278355606144446e+00
1.979763520743319516e+00
1.525758698316083350e+00
1.139014335845182524e+00
2.371023644227163718e+00
4.927966536683491938e+00
4.447968010137808292e+00
4.857050794340048938e+00
5.404149114804690512e+00
5.619223484187563677e+00
6.234383504148500066e+00
5.565962364260519379e+00
6.276443722534362557e+00
6.049518416321749470e+00
5.994077135662507771e+00
5.906336203939064333e+00
1.561693903615926970e+00
9.718701686737199474e-02
7.077942919638055552e-02
9.055644229289888658e-02
1.026354852516379347e-02
7.314909330915868313e-02
4.668263571001399562e-03
1.637885312284682524e-02
1.033237094882582391e-01
6.498008900468993376e-02
-4.679917510434782005e-20
-7.775387438394040581e-20
-9.056208577354274501e-19
4.076303476506158707e-02
2.914651597560660029e-02
2.161175888525337235e-02
2.249382945353628482e-02
