2.898852853048068390e+00
3.335226408252334629e+00
1.362658710213677349e+00
1.414777564187672976e+00
2.694905539607242329e+00
5.110339978898986502e+00
1.877342421699453867e+00
3.769483138181627613e+00
5.726071160142466532e+00
1.577182271965679394e+00
1.229509014768045194e+00
2.794644522090182992e+00
2.658944396472702199e+00
2.670338509659543558e+00
3.432566085504203723e+00
5.025643786308911842e+00
6.001056198139772313e+00
5.906044427544243192e+00
5.893991540277305319e+00
1.234476660955249105e+00
7.974017733848542955e-01
1.021553076751464895e+00
9.461006188055980370e-01
8.230210903924283228e-01
7.576802358703581541e-01
7.975642500239532584e-01
8.310650793357780008e-01
7.776954938511486670e-01
8.057425253673924370e-01
7.562935387539829746e-01
7.951999100431560441e-01
7.647798037487862910e-01
8.241510565475528294e-01
8.032882683820404823e-01
8.122367232062552844e-01
7.822471835437107002e-01
7.828405268028468811e-01
7.831028613195730737e-01
