2.849536581256751910e-01
2.854519335475567428e-20
3.434244090947891070e-01
6.776263578034402713e-21
6.977047416356838561e-01
8.381475907233036926e-01
3.142907806099636936e+00
3.353870981115375294e+00
2.969520058669901985e+00
4.232797114361451563e+00
6.129768676106698955e+00
6.118312105378369559e+00
2.372560653974210343e+00
1.442476033091772747e+00
6.941369483113590810e-02
6.717981066654531153e-02
1.387843604336328196e-01
1.050205327409416689e-01
2.519055411004043551e-02
1.051481071448253854e-02
2.262356968356664313e-04
3.124685718674983376e-02
1.873790959431171493e-02
-1.548820252081279043e-19
