3.006684328313700694e-01
1.159266969160294277e-03
3.273761305027177437e-01
1.697370499083258877e-02
7.076193368884938772e-01
8.779046211095086205e-01
3.131476999091298286e+00
3.162953891413496699e+00
3.137754323391898748e+00
4.219623949599146329e+00
5.120286853848247333e+00
2.373298345205092641e+00
1.442041685852336164e+00
6.762877623520077708e-02
6.533850706524316210e-02
1.353888343021263096e-01
1.043940866422832375e-01
9.524066944981755475e-03
7.081666988557739598e-05
1.562777404001125525e-02
4.691018590627828860e-02
-3.223209210804463149e-19
