2.899645329259068927e+00
3.335025458934383735e+00
1.357668533986018611e+00
1.414603489834961314e+00
2.690704138157005598e+00
5.101064155769885922e+00
1.882297963996329537e+00
3.760735952339056887e+00
5.727287506056070399e+00
1.512892237299938714e+00
1.245791391204355447e+00
2.799394477457445962e+00
2.675100357236273485e+00
2.686908453405282060e+00
3.437618684199566399e+00
5.035485678331648174e+00
5.017620199542659698e+00
6.019337420977041830e+00
1.234624673490716695e+00
7.974477454636232920e-01
1.022133841537109511e+00
9.458998031480785329e-01
8.231166361993771385e-01
7.578793925313183077e-01
7.968068282742947206e-01
8.307079647370879671e-01
7.776306991246177969e-01
8.049921537422047857e-01
7.565936055504097757e-01
7.953644598118775333e-01
7.644835503539330057e-01
8.241920999078835575e-01
8.029459316903567734e-01
8.128334416556113329e-01
7.819138127827773843e-01
7.826747943770274718e-01
