3.634180996281054288e+00
1.906953918897947853e+00
2.369731553954990577e+00
2.844552568387475500e+00
2.702197353823711179e+00
2.373379748232045561e+00
3.159892253855768551e+00
3.774722025122766667e+00
4.763746683934225068e+00
5.607866077881121569e+00
5.562404975316503908e+00
5.403407295371956742e+00
5.818280220219761212e+00
6.258389173723042376e+00
6.276251039973366197e+00
6.249462411760638325e+00
6.128643638197531551e+00
6.006073618075256526e+00
6.673235670085670562e-03
7.058414526149187074e-02
2.858882266787946425e-04
7.627459619414722614e-02
3.050517716942928335e-09
4.611557845212750639e-02
-1.870249056891457428e-08
1.281844413140673447e-02
3.422743516504843375e-02
1.465007319098572160e-02
3.973807202604279221e-02
1.252552864923082120e-02
1.220411500529754818e-03
1.328058336217505069e-02
5.309085677128406116e-05
1.611675638502479318e-03
4.904256305778159804e-03
9.725562862470008701e-03
