4.899615349935230846e+00
2.722422876693887606e+00
2.247749324946665350e+00
1.305841801303678329e+00
6.276219164195215861e+00
3.729484578086446067e+00
5.996276405780447405e+00
3.307557941845807203e+00
1.557806089783813297e+00
3.083317242072321829e+00
3.346059723716349854e+00
3.067998183263854095e+00
4.311096300365641731e+00
4.481966467441249158e+00
5.728641844668286298e-02
-3.603120695528762178e-19
4.755454436505957699e-02
7.702440584407245217e-01
7.697245966681471874e-01
7.966148110638726632e-01
7.837865791056123355e-01
8.053912785746374370e-01
7.638897534014466029e-01
7.777588746423447219e-01
7.975215213611824838e-01
8.048003101023949446e-01
7.836458246031653418e-01
8.034904205516356646e-01
