5.100409697081333960e+00
3.226439348886603664e+00
1.738708353623306779e+00
3.449210883906332903e+00
5.657387731154599031e+00
4.022397970974988191e+00
6.001450301496928930e+00
4.382142577776155790e+00
8.780833722764689320e-01
4.180437524752631084e+00
2.620534511114142262e+00
5.146876604152445189e+00
4.544703757879806183e+00
4.246455872714304469e+00
4.045916490074372263e+00
5.444412826719045029e+00
5.193442094975758039e+00
5.901740880162120728e-02
1.443086717153133861e-03
5.358535564890767183e-02
7.813161428829528132e-01
7.940199442674568120e-01
7.852131143281708692e-01
7.933962581924419721e-01
7.866021786784457293e-01
7.922964450738088082e-01
7.891375798248163598e-01
7.846615838794692710e-01
7.855493331881535646e-01
7.848458655523348204e-01
7.836879370688399904e-01
7.863326140850973589e-01
7.845410206873271175e-01
7.875302156790858765e-01
