2.923450131497698834e+00
2.225193224166837958e+00
2.704184948230117680e+00
3.395206394659657345e+00
3.538478372057357824e+00
3.403736352213401872e+00
5.512930032044624618e+00
5.234228620588528003e+00
4.601272184469316961e+00
4.838608698618034332e+00
4.362448026528134903e+00
4.565287549188024485e+00
5.482424685119527297e+00
6.260854695986858509e+00
5.337648953207468239e+00
5.406265385921075861e+00
5.106538047260584356e+00
5.195442784626575161e+00
5.213592472492996066e+00
3.123365576817243618e-03
7.566631574042375144e-03
3.413523514869654107e-02
3.365513595510153527e-02
-5.929230630780102373e-21
6.071736676995780069e-02
7.980843331272347019e-02
6.463373985025527846e-02
8.212479729615215426e-03
2.727991583569864750e-02
1.099687246335756064e-03
3.726944967918921492e-20
4.365280525853540428e-02
8.470548411153831087e-03
2.469527404860189998e-02
1.873472533393948786e-02
2.551563622328108238e-02
3.123321832148494639e-02
4.203202482451855876e-02
