1.944317665005058426e+00
1.043663341367347064e+00
2.122288781776891842e+00
6.275685577696437090e-01
2.676722006215083383e+00
2.481351311573399610e+00
2.782019787215008755e+00
2.182863504694400714e+00
4.616040850057271605e+00
4.232723455324502559e+00
4.246301556006739197e+00
5.509541682633677162e+00
5.110682458750551937e+00
4.407262455845089022e+00
6.283067985342093209e+00
4.035485588493965992e+00
5.517650082294261793e+00
5.329105825989211453e+00
1.567964907399974850e+00
1.573659821651011148e+00
1.573479182737038684e+00
4.759237882549349763e-02
9.664183050112629125e-03
5.507820710373648176e-02
9.559538544205289576e-03
5.745620919787453040e-02
1.271854310559906998e-02
4.648857113398845164e-03
-6.762979804241426772e-20
-6.596396837638772285e-20
4.182336470505892967e-02
2.383668781166191006e-02
1.145384937079761863e-02
7.968911224175947300e-03
4.515028325851104703e-03
-7.389122172155349407e-20
