3.530562001884860468e+00
1.985922235242402856e+00
2.364554041428113873e+00
2.838718657462437900e+00
2.699788082956010360e+00
2.382338164236391442e+00
3.145729125713556229e+00
3.664714839888030706e+00
4.863216692370179395e+00
5.593305066215394916e+00
5.569514531484655251e+00
5.324490765962204719e+00
5.928603604513300596e+00
6.251719946014696383e+00
6.280038601911686946e+00
6.251961697121877215e+00
6.132204103839257847e+00
6.696375651787536340e-03
7.136964381828965476e-02
1.299875605895024181e-04
7.764269379627532219e-02
-9.079143999457736791e-20
4.834978429162527236e-02
-4.176392157515508349e-19
9.188354008597948014e-03
3.029131667830531685e-02
1.814968605503307700e-02
3.876584424133212858e-02
6.809107674418438637e-03
4.537558119599657130e-03
7.202582227705781222e-03
5.892411508315441131e-03
4.664927818224874276e-03
8.581471329137101492e-03
