4.930858109289732560e+00
2.890321921183266252e+00
2.075304280845872373e+00
9.008098790265075539e-01
5.980619423293413561e+00
4.458144072054971652e+00
6.181151545171222672e+00
3.455900239191268319e+00
1.333980478435855099e+00
3.107924322588491606e+00
2.819543138327578191e+00
3.167562560673262251e+00
5.088347741512121658e+00
4.555212696363737379e+00
4.461655740847793261e+00
6.247991514666739743e-02
-4.888812008013454347e-21
5.418344148971009772e-02
7.826365299650271945e-01
7.856024719068437356e-01
7.818024774627518880e-01
7.871046099311782562e-01
7.827693204727839138e-01
7.863621249033280192e-01
7.870225016959242481e-01
7.843934483169763272e-01
7.857761940510785692e-01
7.858776021610546225e-01
7.829860277890077214e-01
7.879364687212094820e-01
