2.471783431689495547e+00
4.269317968315415435e+00
2.114543598430920213e+00
3.513541590233660639e+00
2.690177946498923500e+00
3.602473238712724068e+00
3.873142480986079050e+00
6.242037389114305945e+00
4.567087169561304449e+00
6.233874641978370157e+00
6.229495970261588411e+00
6.283185307179583567e+00
6.283185307179587120e+00
6.283185307179586232e+00
5.614773513091628893e-02
7.346536667618722150e-02
7.095684672725501713e-03
8.586079141974821416e-02
5.969767527938728974e-02
9.027368352473631036e-03
9.025830381951900627e-02
3.353428073770194778e-02
1.291655715289741560e-02
2.143443036984645292e-02
8.850307410215307868e-02
3.628359529370670661e-02
4.288278480701677303e-02
4.267078005776639427e-02
