2.503579937357614416e+00
4.283615607999664121e+00
1.927550773718316623e+00
3.357837245006215721e+00
2.527721421082398390e+00
3.605707559303336751e+00
3.860379219105049220e+00
6.115879120524608581e+00
4.616441826846818586e+00
6.253199184704808289e+00
6.231712655501968179e+00
6.283185307179584456e+00
6.282957191851870959e+00
4.522515674385706869e-02
8.377291460864610961e-02
6.593954111441100233e-03
9.610100057283565977e-02
6.845485746570845187e-02
1.358580406269696986e-19
1.012114229701996798e-01
2.985322647804011104e-02
1.509234254347824149e-02
3.020052623692695906e-02
9.822725683895078275e-02
4.934584620208577049e-02
5.230336639306532726e-02
