1.873416278751090402e+00
1.057289408875668579e+00
1.868749968338048184e+00
8.712417326928588723e-01
2.672735139757991263e+00
2.485349461771712232e+00
2.768544381384575370e+00
2.174541088764021524e+00
4.573664030916966716e+00
4.309021822891973663e+00
4.368339052775223053e+00
5.334825777217895748e+00
5.268691774831983921e+00
4.333694080465606113e+00
5.302416482539867637e+00
4.311045755559667292e+00
1.568899322499453186e+00
1.573298823453817441e+00
1.572282465817530950e+00
4.846703839143571418e-02
7.885030747758986144e-03
5.662285525209083403e-02
6.637463195749444128e-03
6.070648644917982228e-02
3.802027192255404836e-02
2.215915667535814952e-19
-1.629839878812817939e-19
-1.887392943968729187e-19
2.392845626071064130e-02
3.164274096092394711e-02
1.373054060623958919e-02
1.057537526033459213e-02
