5.139676349802233979e+00
3.445653105454155707e+00
1.544135214273280932e+00
3.477259626449225038e+00
5.666853853073819280e+00
3.985391116709966042e+00
5.764430818020591651e+00
4.156184387714169759e+00
9.483325431181305332e-01
5.147221572964587821e+00
2.265401353290239506e+00
5.151803561782898555e+00
4.567571990636163370e+00
4.242603457578878690e+00
4.074617424923848041e+00
5.449496405564065782e+00
5.167362573713629281e+00
6.161918887186171645e+00
5.836016612299670114e-02
7.187942146093186276e-03
4.657173739450445882e-02
7.908374129072357483e-01
7.790366907022068244e-01
7.923021611061149549e-01
7.882766501187482566e-01
7.602364515322161953e-01
8.138641276639144717e-01
7.811813250586372437e-01
7.428016541865760658e-01
8.259237193895541118e-01
7.688170252489431311e-01
7.989166664732413325e-01
7.806279100927391301e-01
7.877198078951969107e-01
7.831635929058212708e-01
7.807781784606524500e-01
