3.187424322385388642e+00
2.286398362503847981e+00
2.367186916973416988e+00
2.860999241406194216e+00
2.603356558258033360e+00
2.675691094992220798e+00
2.844584720298787506e+00
3.193450810045909805e+00
5.045070049205499174e+00
5.321551142613199836e+00
5.310490273665966043e+00
4.405939751618026534e+00
6.175318490434159382e-03
7.109095239013253631e-02
1.652772148530494650e-04
7.451767761237228227e-02
3.931324113917767443e-08
1.838940847433109121e-02
-4.281861503617664069e-09
4.378232531782171727e-02
4.024215313949812411e-02
2.628030154980916244e-02
3.327457345438804975e-02
-2.893217101783083318e-07
