2.991574987992747126e+00
3.256845328320935096e+00
1.347379235163547184e+00
1.426330832211132105e+00
2.834239506279037091e+00
4.962836741178192845e+00
1.855000287824824845e+00
2.816674668929842973e+00
6.193171383284850506e+00
1.426618076522514489e+00
1.339834168930410740e+00
2.545491021400680065e+00
2.752747330014999161e+00
2.774113091936338815e+00
1.255273163997064234e+00
8.171246452717177977e-01
1.038190608423190220e+00
9.650869729309580203e-01
8.182239595990192793e-01
7.952470651606639018e-01
8.058340454283461352e-01
8.110016219323986641e-01
7.988359273465720500e-01
7.941700646037822553e-01
8.003782439255091585e-01
7.898459972195466250e-01
7.968495891492388683e-01
8.076995897340368824e-01
