2.127507652989099718e+00
6.231998769281912320e-01
1.637328743846893753e+00
1.110645594113886636e+00
2.530006416709804640e+00
2.522987387141436777e+00
2.354438274421096544e+00
2.437412795192680726e+00
3.467006216630189819e+00
3.399595859380978968e+00
3.275353367321230724e+00
1.566398968842237949e+00
1.576794545547916426e+00
1.569339446049555109e+00
4.805455792802912351e-02
6.760906855794183469e-03
5.519661056729291415e-02
1.008042557171464834e-02
4.310742605447860643e-02
3.308722450212110699e-24
2.845501307182415202e-22
-7.113753267956038004e-23
