2.719125507952106502e-01
4.036660412691159344e-19
3.851624716898889855e-01
2.022131072395511219e-19
7.318499440171657433e-01
6.502807081900053854e-01
3.275735044375055693e+00
3.550793747547343227e+00
3.130517684308007365e+00
4.214902567300974567e+00
6.109232247120789161e+00
6.254270336873547720e+00
5.379255171184047057e+00
5.713273098448758525e+00
5.701142389970113022e+00
6.255428436303716921e+00
2.374010615366679122e+00
1.443247690689841489e+00
6.234513193869386377e-02
6.005875382247033434e-02
1.094394524641888744e-01
5.353717689239676641e-02
1.291900072068535724e-03
4.975405792559441792e-02
2.176035947588565375e-02
1.930958114883848942e-02
3.265410557633530771e-03
5.558922041892609169e-03
-5.707393023241426256e-20
-7.546963233105678403e-19
-7.601025559332723253e-19
-7.614512862763298143e-19
