2.610395641418656876e-01
-2.647776568390523240e-19
3.330962936600673219e-01
5.153612800046426150e-05
6.819906250276267512e-01
7.536739024844784085e-01
3.232002669679960416e+00
3.432058695754713451e+00
2.982474196809052458e+00
4.249091085413605917e+00
6.126382450938642421e+00
6.279893404019293079e+00
5.848420539519656458e+00
5.846652458729146851e+00
2.373917618991455036e+00
1.445698725195233125e+00
7.380036784940476047e-02
7.375351153698583850e-02
1.442327580188484393e-01
9.154303328328886047e-02
1.819194499004779531e-02
4.678627665272658276e-02
1.517645872895553687e-02
1.624838549599216808e-02
1.526697684271050709e-02
1.452808727193434513e-02
2.986116542079916913e-19
-4.017407238656697605e-19
