2.455288521580190508e+00
2.185850917040483843e+00
2.731005858220061810e+00
3.258902243049365932e+00
3.517028111850692085e+00
3.554411447830382098e+00
5.517992045639766197e+00
5.361103970750007441e+00
4.716744157283065952e+00
4.746871752542206835e+00
4.581703387746004275e+00
4.541086577841600302e+00
-2.297823808248186362e-20
1.953010255434749903e-02
6.769090491004833843e-02
5.154576231902400357e-02
3.874468466575374092e-03
8.825407139140223345e-02
9.173552563745913935e-02
6.905849827642922267e-02
6.959552188935880235e-02
9.159493029661222585e-02
6.915305127714921340e-02
1.802632953476082656e-02
