3.590583121154920399e+00
2.051704481095267152e+00
2.577820302771913763e+00
2.677276714143992820e+00
4.999089070470223994e+00
4.861227746047588560e+00
3.034120219848459143e+00
5.935261015716573496e+00
5.040656565997910121e+00
6.275088021545581540e+00
5.187186013940658036e+00
5.754088939172494754e+00
6.121204418729047525e+00
6.270802574616001657e+00
5.957340432149194065e+00
6.192620606723942878e+00
5.973611344900609410e+00
6.076544834219066438e+00
6.050583945494866001e+00
5.979288939864661145e+00
1.570769864721854647e+00
5.873026729567380061e-02
2.700594854900573681e-03
5.613798139155108669e-02
1.924809095163896103e-02
2.387594720951985872e-03
3.661356426302556782e-03
4.782656953704339520e-02
2.338865998278872801e-02
4.079509412579032657e-02
4.269510704813236218e-02
1.250865380490693429e-02
1.006537714060752858e-03
2.957526386937105872e-02
4.447922165583898142e-03
7.291577572891770956e-03
1.112295146555908852e-02
4.103903157557568879e-04
5.450657015581420756e-19
3.182917798697781908e-02
