2.991693325026707928e+00
3.287597372170874443e+00
1.376674212321611579e+00
1.441136884488353420e+00
2.666877710433735338e+00
4.887477663738118316e+00
2.082946665582339207e+00
2.653185191584893410e+00
5.736127624010761039e+00
1.374282563278719005e+00
1.318132467060520785e+00
2.805467430494575698e+00
2.562902244454222878e+00
2.859400273083277266e+00
3.533188531748019390e+00
5.023765164971814023e+00
1.246071357593800721e+00
8.109279970010482286e-01
1.032926342948754739e+00
9.603863363447922019e-01
8.099194829856808386e-01
7.975183180802994931e-01
8.156510759723432091e-01
8.199143269023497771e-01
8.025396416881004358e-01
7.959580811708417691e-01
7.820140617202765432e-01
7.974832735783216053e-01
7.824665609745556916e-01
8.145765552141359667e-01
8.050561529989487264e-01
8.055732174692594727e-01
