1.911663502762764644e+00
1.032627214517452208e+00
2.141455794231617027e+00
6.396095130175263321e-01
2.705690091758925497e+00
2.477477625211053081e+00
2.800285432897373639e+00
2.194395214809624850e+00
4.627825976391481078e+00
3.968530334311011210e+00
4.353513066320841673e+00
5.468518828962932510e+00
5.090221355100323919e+00
4.508592595719558282e+00
6.283125009568929720e+00
3.995958891715029715e+00
5.540816558603840924e+00
6.250398022983146618e+00
5.213699171130730114e+00
5.239888559228497833e+00
1.569196628037177632e+00
1.572643750723637046e+00
1.574147917433199595e+00
4.729227975375958209e-02
8.949927920784117238e-03
5.434977798946509508e-02
8.965004521576594790e-03
5.115330102367274950e-02
6.109044547579508752e-03
5.471741527373386732e-03
3.901950175340749554e-20
1.153877102343728485e-02
4.546346968142869066e-02
3.038482391324888107e-02
5.910368983233101753e-03
7.975522087711977084e-03
1.936937757281445354e-03
-1.185846126156020475e-19
-1.746272152102768848e-20
2.482569724876221650e-05
