2.091872530405733399e-01
-5.464214737328082290e-19
4.108915895457212475e-01
-1.148355933485502096e-18
7.118943372846502360e-01
6.715481124582248773e-01
3.478392104374243843e+00
3.316451481262904455e+00
3.053972167183605091e+00
4.305510440584080278e+00
6.165831815896351209e+00
6.274361523656144968e+00
6.269844063577092008e+00
6.280284496926995530e+00
6.274860871625346448e+00
5.583323373889726327e+00
5.743912386760839262e+00
6.217783163588484818e+00
5.722876452522892343e+00
6.268424904968240341e+00
2.373066428212340817e+00
1.445133453354245923e+00
6.420020886511118574e-02
6.347429487250834390e-02
1.087114300193523092e-01
5.225191412409039421e-02
-4.852956117397875865e-19
4.812795893324407770e-02
2.254374677454538956e-02
1.646342907003715827e-02
2.659744720778310753e-04
3.533970559943697739e-03
5.783235249919140356e-03
8.204330701207319986e-04
2.421213221155112637e-03
-7.828992313776390230e-20
-4.034102309075193699e-19
-3.885574846283121977e-20
3.285443456662969667e-19
6.605983529456141699e-20
