1.949002481571024514e+00
1.028697740120591453e+00
2.103334312824928887e+00
6.421073324984282182e-01
2.672460358556231874e+00
2.474949444489483064e+00
2.778111184943754086e+00
2.171907467209436504e+00
4.577951863087983853e+00
4.276938004516100733e+00
4.356067772517596026e+00
5.323227721108763077e+00
5.253569191505524039e+00
4.361222671844910970e+00
6.280748610057869108e+00
4.200039785852254681e+00
4.327967651311005248e+00
1.567883329287008909e+00
1.573819336545351000e+00
1.573418076035173696e+00
4.764577756034667905e-02
9.629942979868208117e-03
5.517706082696389319e-02
8.533028082315957663e-03
5.740093890049052100e-02
2.303369292905517451e-02
2.551074831954843088e-03
-3.797204866846486202e-20
-1.041702294357024383e-21
3.389264986074860819e-02
2.689487920730069398e-02
1.008578668626896810e-02
7.837296651632809016e-03
-1.051592287672500098e-21
