2.350664127432170236e+00
4.246082317567592135e+00
2.128837660087664840e+00
3.493947424052336270e+00
2.721290653412435923e+00
3.728884749365453555e+00
3.770024607329217403e+00
6.217565288209867980e+00
4.567570051134012488e+00
6.210593843990626084e+00
6.230231607508868841e+00
6.283185307179584456e+00
6.283185307179580015e+00
6.283185307179579127e+00
6.283185307179585344e+00
6.283185307179592449e+00
5.813250795670655419e-02
7.765075947293707814e-02
6.287148821562556049e-03
8.551493552077883697e-02
6.237908022919347317e-02
6.603831492028667920e-03
8.612494920265854892e-02
3.195226616754253540e-02
6.425340461799748486e-03
1.634944638506137526e-02
6.779056259223927017e-02
1.058138623079324901e-02
5.496317571405384683e-02
3.898031232356360259e-02
2.610914560684502242e-02
2.730667508563640669e-02
