2.112144857145501931e+00
6.437113116965917925e-01
1.612700474107049420e+00
1.124676821269085414e+00
2.522515659920871567e+00
2.515667357539719262e+00
2.322909519078199203e+00
2.427505885293110399e+00
3.417964984750711199e+00
3.401505658268310306e+00
1.566510902170444863e+00
1.576717553046156794e+00
1.569574722243460618e+00
4.863761103774200123e-02
6.732141536561350552e-03
5.659931929270180934e-02
1.046727767194218471e-02
4.335616824737999198e-02
-1.178245248246878221e-20
-1.561716996500114746e-21
