2.889806252203481751e+00
2.280185207573130146e+00
2.649903637656950917e+00
3.396745557569335716e+00
3.432916649723761982e+00
3.571142136422998714e+00
5.619455310415857774e+00
5.237063926667877567e+00
4.619219249321388610e+00
4.803844164519555093e+00
4.435823185397767432e+00
4.485463099832004197e+00
5.600089802325980415e+00
6.274925812473575171e+00
5.371657963603551522e+00
5.338841046270978552e+00
5.212266455712005531e+00
1.779401011206864155e-02
5.427618143899509869e-04
2.881422991722516411e-02
4.444207925989422658e-02
3.165256244770913580e-19
6.372621646476213375e-02
7.613220946904283859e-02
5.357215815893702493e-02
8.990362566984419490e-03
3.268472800432292713e-02
2.425311659200703011e-03
1.355252715606880543e-19
3.784985634804595434e-02
2.039976059055428198e-02
2.447673295541562960e-02
3.248834573863271496e-20
7.808861811658269515e-03
