4.865598533732099717e+00
3.150710850074141867e+00
1.208366694103230055e+00
4.129403314567372973e+00
6.278231008191612617e+00
3.945378966933108522e+00
5.674943417733290474e+00
3.529611700865513235e+00
1.088112387829264893e+00
5.042654243991640861e+00
2.261412775305764455e+00
6.194867946115224733e+00
4.049936204940586038e+00
4.198484335236728704e+00
5.340884509488645016e+00
6.274977157466783417e+00
6.159332450817378124e+00
6.140888988641180823e+00
5.912718231520805112e+00
6.520784658108275123e-02
1.411227323275184888e-02
7.417358112059999065e-02
7.874712685861096073e-01
7.869450476377435333e-01
7.824963348999340873e-01
7.813078402384251442e-01
7.839334519102518772e-01
7.852450271929271031e-01
7.849767915086962589e-01
7.863050840895335902e-01
7.846509778425976300e-01
7.851995299966951780e-01
7.870974298620061482e-01
7.931657727943540737e-01
7.988464863472559685e-01
7.739696473152949396e-01
7.736467131810533804e-01
7.947030966910394456e-01
