1.854237463692944399e+00
1.749695150960245416e+00
2.006493616218447684e+00
1.586682852006754407e+00
1.064909409588824962e+00
2.398048358005273162e+00
4.935432607469167010e+00
4.211617807973182970e+00
4.914172501156373052e+00
5.274397028194010240e+00
5.680919287656668537e+00
6.150028130264674431e+00
5.678380232533561944e+00
6.253844704325267401e+00
6.096216215061044608e+00
1.563358631322552927e+00
9.966243361135172785e-02
7.446633315703596323e-02
9.443060378868761706e-02
-1.345346919777715695e-06
6.266454426716458470e-02
5.202651643466038242e-03
3.537959008837811281e-02
1.132358828314487253e-01
4.107421738616990475e-02
1.059142845048595058e-02
6.214103814203391675e-03
2.883868842872411992e-02
1.023297746049176352e-02
5.193816505458175720e-02
