2.793007018466919789e+00
3.389512115615968213e+00
1.669959257565738486e+00
3.317830960238886018e+00
2.171848582560654162e+00
3.775774873977902235e+00
3.865624129292741351e+00
6.100653687050561658e+00
4.703453047657926156e+00
6.134736413849175563e+00
6.131348895906897134e+00
1.110223024625156744e-20
7.240838287199204137e-02
5.919467488598513950e-04
4.944294041391933403e-02
9.447544563146305363e-02
7.763014148600044101e-03
4.373448472260239167e-02
3.857748178014087231e-02
8.457412223162492915e-02
5.317234922908025546e-02
2.377570256061140377e-02
