1.809039295997843411e+00
8.630669813104899779e-01
2.102563815292988192e+00
1.452535259877691276e+00
1.666615662635302364e+00
2.104990131532675779e+00
4.484220222982965964e+00
4.335127230453236891e+00
4.744280537276266863e+00
4.704457108100895013e+00
1.558739704173377705e+00
8.388839192046464166e-02
6.841668098547953880e-02
3.066435318689435946e-02
6.660421311296942093e-02
5.919853126059990839e-02
-1.075794358947928547e-19
1.010105068286213659e-01
1.105279896851677213e-01
9.274577723589105815e-02
