2.740111084070110947e-01
-9.281035773158979626e-20
3.885062333953800962e-01
-1.811592876119091124e-19
7.142682799776611802e-01
6.376649708768490354e-01
3.302927846387715860e+00
3.487295214898827656e+00
3.103222705089616174e+00
4.265055896745128194e+00
6.121954468305781383e+00
6.268730071616616328e+00
6.267626099465837264e+00
5.406781151140398478e+00
5.620159143067565921e+00
5.711936310655359783e+00
6.018219325708889400e+00
6.023093465267796986e+00
2.373883926319405813e+00
1.443078909292083045e+00
6.283523847457012090e-02
6.066142911716335129e-02
1.107014157945944294e-01
5.072480596854852392e-02
1.077248042902313167e-19
5.388460221176989001e-02
2.281575131802369288e-02
2.093385854077327649e-02
2.034118874587947327e-03
4.343790943573219709e-03
4.089730442162542445e-03
-1.750944225333881931e-19
-9.859494879578591158e-20
5.725037182659542949e-20
-2.188366156630582391e-19
-4.212298408232397271e-20
