2.962730974702434406e+00
2.578061130501037468e+00
2.467732577762220991e+00
2.675560492566002591e+00
4.746939608927339016e+00
3.224849805207762987e+00
3.574484224673498911e+00
4.574147182863153027e+00
5.521268891222735675e+00
5.525901362918109960e+00
1.570953633957953510e+00
5.315358012299666035e-02
2.157403107444555001e-03
5.497387569578121580e-02
2.951340061886636307e-02
1.637467377365110930e-06
2.038712701663505586e-02
2.723581154474570901e-02
5.407559066340511360e-03
1.227934217331172473e-02
