3.000456483606255720e+00
3.133166178290512693e+00
1.508418881857913840e+00
1.431303268453157918e+00
2.834226910945825573e+00
4.907355919843200631e+00
1.855849304714169090e+00
1.868629071544091191e+00
5.131479599991189744e+00
1.731675994371276062e+00
1.727413899153176446e+00
2.695657073201291443e+00
1.249652932811115003e+00
8.130354868971421123e-01
1.034818785651527184e+00
9.606003021858046109e-01
8.180070343207461736e-01
7.958448887202034250e-01
8.070373375992444531e-01
8.128709789051016266e-01
7.956337555119694649e-01
7.949993868387927876e-01
7.942991950518277777e-01
7.924408282022599170e-01
