4.663301969446533413e+00
1.875647580521987212e+00
7.644694128570419522e-01
8.892122513596600886e-01
6.106422806350132682e+00
4.034442356241151550e+00
5.664149691976811951e+00
3.221584484187085096e+00
1.910717174265727403e+00
3.339691174776727944e+00
3.237080695059929791e+00
6.236514297818648161e-02
-2.734808499255833504e-09
3.496214365762583361e-09
7.828535921165753475e-01
7.891195602409757370e-01
7.873189019578639147e-01
7.862928012663247257e-01
7.845395956845085950e-01
7.835960066222926734e-01
7.831464058412451745e-01
7.873878163118416262e-01
