5.103124438481882130e+00
3.010103842312694677e+00
1.875506732188968240e+00
1.923524656359489660e+00
5.655112241946648410e+00
4.023948290537500583e+00
5.902511923971334618e+00
3.341127056069524759e+00
1.143550349278811940e+00
3.181476804440746875e+00
2.789507287892246001e+00
4.117520391575495431e+00
4.796581445819389167e+00
4.275778287366549080e+00
4.138349477098405060e+00
4.205229213632899032e+00
5.705867504169858523e-02
5.773556190030279707e-04
4.908157889333848722e-02
7.740675414521253073e-01
8.196529182331402374e-01
7.748130358593997569e-01
8.114518706653035540e-01
7.803072174976294351e-01
8.266087947954281479e-01
8.068870679912422128e-01
7.827362515733318205e-01
8.046402115016733081e-01
8.072272325440368324e-01
8.077821096199615525e-01
7.927730824358447670e-01
7.850288013519935992e-01
