3.628930269290485455e+00
1.997195681854386562e+00
2.589270856402667409e+00
2.601382978065277740e+00
4.964125952323786173e+00
4.582679259529192528e+00
3.334236103417457908e+00
4.809672881021794133e+00
5.111454810253142078e+00
6.156231725226155582e+00
5.409795108593516311e+00
5.489802630297146990e+00
6.282350658893787632e+00
6.270338537066803219e+00
6.039744430138101805e+00
6.137624202977467469e+00
6.115054816679111660e+00
1.571902725501909126e+00
5.315568954270797480e-02
2.724286066049923152e-03
5.661033570405778204e-02
4.402735429389290078e-02
1.051175117633076569e-02
1.292199355947228675e-03
-2.033784142676965320e-21
-1.147721021756079063e-20
1.975659537415327266e-02
8.857678043445864000e-03
5.584165628925204109e-04
5.100762712583914622e-03
3.662487623703637642e-03
2.052801063810077813e-03
1.685256298660094913e-03
2.440243284103399586e-03
