2.283633830293512190e+00
5.322573813822291555e+00
2.244161716259678307e+00
3.390329175547655449e+00
2.988882715882021923e+00
3.700907718930764645e+00
3.746210935763423677e+00
6.280824534995095298e+00
4.340232429530480829e+00
6.276832934390522034e+00
6.187537632413743438e+00
6.152727813322769634e+00
6.283037943195649788e+00
6.283109475301939639e+00
6.269682509471540932e+00
6.276091667875890678e+00
6.283136697441223717e+00
6.283182698545647149e+00
8.144173689056044552e-02
2.848524137002940437e-02
4.735378939158544614e-06
5.021641995954908427e-02
6.453373309190954532e-02
2.587306946374758054e-02
7.202955101394656334e-02
5.601604528073073075e-02
5.801512271066203163e-05
6.623895312154915711e-06
1.883516401711615718e-02
6.068396451553484394e-02
1.219639337570303621e-02
1.188140428137988806e-02
1.097183709441145946e-02
2.877447968957039942e-02
3.537553425990591464e-03
6.598920453393392060e-02
