4.726067451801482910e+00
1.866441384449120333e+00
1.981250073727397698e+00
6.573315832875546993e-01
6.283164885395284394e+00
3.816287265986599397e+00
5.728678723022888164e+00
3.317619942169255154e+00
1.643138286850998275e+00
2.989505836196616695e+00
3.284724708452938291e+00
3.237527965506309169e+00
6.506859754120265793e-02
-5.473662736808259192e-09
2.572268544245216032e-02
7.595113809561508944e-01
7.804154459167295110e-01
7.818471643492492795e-01
7.838603672719447468e-01
8.368886604364873527e-01
7.834148907627332958e-01
7.783079728507226180e-01
7.890594149653608058e-01
8.113553727771740665e-01
