3.307747756680012863e+00
2.330566859352142028e+00
2.496404009542959379e+00
2.684031874482156965e+00
4.819602863769254064e+00
4.366677301107367626e+00
3.591609572547366458e+00
4.522880635602231081e+00
5.400608387255757314e+00
6.137260375666587109e+00
5.418770608406936695e+00
5.493389627805247422e+00
6.277011504986168333e+00
6.275300499606715654e+00
1.571127458091971629e+00
5.478364290533617453e-02
1.950338237241536123e-03
5.810235425504468865e-02
4.532133632318838257e-02
7.098071218783329195e-03
6.569648276654261756e-06
3.748357653796095342e-06
1.873920531945696412e-06
1.990753344092452415e-02
1.012648512319652867e-02
1.377125758080215015e-03
3.680136262222746639e-03
4.829874298274252145e-03
