1.915814770468783790e+00
7.645274621933928483e-01
1.993510046453673246e+00
1.726743128839066665e+00
1.083777076107156567e+00
2.430633085441815666e+00
4.910068079257905005e+00
4.241832048582104164e+00
4.847547398275680486e+00
5.377105269879810301e+00
5.972407868806048903e+00
6.248764781155908388e+00
5.633651066163852583e+00
6.236552061240251632e+00
1.581200080840311051e+00
9.420788049302600276e-02
8.086462107793723764e-02
5.861437315298262396e-02
2.454701669770140843e-02
3.928491256853024194e-02
1.976919915507521427e-02
7.771660500295812790e-02
1.008961375923532328e-01
2.740955252355044974e-02
1.534332605485648666e-05
6.489197908324808532e-04
4.908674537484795930e-02
4.369934394213857709e-02
