3.054206078092916332e+00
2.528702970207561851e+00
2.493834248098957485e+00
2.684102815244822526e+00
4.763190667028135650e+00
3.233323732279685725e+00
3.568832141853814921e+00
4.574383702126107565e+00
5.558800193387139821e+00
5.523795769561282043e+00
5.399216361624630700e+00
1.571279759353014560e+00
5.248131161875998346e-02
2.123023670776718382e-03
5.470867215273692019e-02
2.996231971122992332e-02
8.270765298134222134e-05
2.090807332352878634e-02
2.872663668657588279e-02
5.559012559092101069e-03
1.341852554332602539e-02
2.069732723742991661e-03
