2.142834794314762981e+00
6.200411467369241203e-01
1.614112884471781584e+00
1.128100406724416027e+00
2.528088590450425777e+00
2.516564033946881995e+00
2.360734503396634931e+00
2.438793028624665737e+00
3.493603576659616738e+00
3.427819425416377186e+00
3.294042200812230980e+00
3.290743183765259872e+00
1.566461392559629351e+00
1.576846909625510884e+00
1.569181160998703417e+00
4.808142272609387119e-02
6.812578481259752225e-03
5.532481032848472063e-02
9.869022380011404152e-03
4.290828286678152054e-02
-2.509906978721859806e-20
-2.574649121080651809e-20
-2.334854319717141515e-20
-2.496605214656106712e-20
