1.854722195153074127e+00
1.744395991874970298e+00
1.939010276222439710e+00
1.463679154876395216e+00
1.183335014376107441e+00
2.434973420865429894e+00
4.968432595259996809e+00
4.449466354167241455e+00
4.859047572405287063e+00
5.484188579223689963e+00
5.521064574169540329e+00
6.230137450369038987e+00
5.538440403546659674e+00
6.282489083850705036e+00
5.879262147342331879e+00
5.988037979268120203e+00
5.947379761702289436e+00
5.797762985883237796e+00
5.640626064858579980e+00
6.276652549523920044e+00
1.570616222363484304e+00
9.126234397095403517e-02
7.882707488123009976e-02
9.628893404966153147e-02
1.437663549291265039e-02
7.192331884173074064e-02
4.787273486245671207e-03
8.485435532021469787e-03
9.270981144251938533e-02
8.362118589359179843e-02
-8.465741205082748315e-21
-1.684801471648006768e-20
6.339768612162568866e-03
3.406127283009063866e-02
3.655313231494377452e-02
1.572171426015014917e-02
1.063026348804146926e-19
2.829849933331346490e-02
4.306260487024299484e-03
9.605965321643381363e-03
