3.004136956661361602e+00
3.313341354317118181e+00
1.338034946730956021e+00
1.399310884546093980e+00
2.876655288347989003e+00
4.977697680574213024e+00
1.908860185547481381e+00
2.818039057985684437e+00
5.797025839642634182e+00
1.465853732451505520e+00
1.419914309910388805e+00
2.633926076567053798e+00
2.749235316573028332e+00
2.777115992128811772e+00
3.770972094687727427e+00
1.250435164164207080e+00
8.065357035387753504e-01
1.034876323901773310e+00
9.667281629106533325e-01
8.147768094870032618e-01
8.011080563041060865e-01
8.097990167729809396e-01
8.126743431884188018e-01
7.997487090050668934e-01
7.945838330752966749e-01
7.932125660770927844e-01
7.885338912250535737e-01
7.891661333764286024e-01
8.130774679590553333e-01
8.101418911055024985e-01
