3.644174726626027372e+00
1.919766911627166062e+00
2.370572966171779150e+00
2.854464825329506183e+00
2.696587081083950288e+00
2.373338135779926805e+00
3.156712590614156877e+00
3.866499768644571233e+00
4.703412415292508975e+00
5.697325153500436556e+00
5.475895564160126128e+00
5.400449223436717183e+00
5.821652669950683645e+00
6.259327670388631581e+00
6.282370748082653833e+00
6.252673935043910447e+00
6.125229124746343068e+00
6.001650371878656465e+00
6.015902814877701843e+00
6.271776980625046183e-03
7.014860954345221444e-02
6.394701144926763546e-04
7.529997803210992935e-02
-1.583217566030180959e-08
4.618118622457229733e-02
7.136783871017564411e-09
1.473721589591952402e-02
3.369180817151578439e-02
1.491551438863169231e-02
3.877727963868349281e-02
2.055769496866041018e-02
5.435296085279728642e-04
7.315162138310784753e-03
6.427553963718742416e-05
5.580461516328904647e-04
3.131906412108054118e-03
1.200221059634210170e-02
5.601821903680993635e-03
