3.697965454811981800e+00
1.687724506085312326e+00
4.981685244233085008e-01
9.537545849773494400e-01
6.275074044701198339e+00
4.056683430036279958e+00
5.658901828803403866e+00
3.246910621182001577e+00
1.963680880244986771e+00
3.269591342420747893e+00
1.065048130132299764e-01
8.719880036980619253e-03
-8.854629543940527616e-20
7.871744492248523573e-01
8.709618429378779281e-01
8.143006565631578653e-01
8.140899595084035711e-01
7.217013016818815130e-01
6.582620878939017262e-01
6.594870084091732920e-01
