2.515496679604791286e+00
4.308064113657421146e+00
1.670935774450436506e+00
3.275271577562059111e+00
2.454079854968811869e+00
3.560768737841677467e+00
3.912200659185808060e+00
6.102212896892731386e+00
4.686112148714462577e+00
6.158497178156981278e+00
6.196829898487818511e+00
6.283182440359290410e+00
1.413788864021082829e-02
8.724305032853049702e-02
-2.009241916145194761e-07
8.327407335485645379e-02
7.289841493162878272e-02
-3.970130210653113552e-07
9.944413412066256674e-02
1.845163625235743399e-02
3.429850259603643616e-03
4.224676567809788202e-02
1.274226696498961808e-01
7.097049445221052799e-02
