3.638811843594550233e+00
1.997278414232920740e+00
2.557969403801190200e+00
2.653622886690615079e+00
4.956283974587950780e+00
4.685328958210022599e+00
3.227248983931421566e+00
5.803896271401367102e+00
5.113376283297693448e+00
6.147896112209821240e+00
5.192973663340558765e+00
5.700711540752386064e+00
6.261125542988967396e+00
6.271721540433008890e+00
6.043068726189163797e+00
6.134368049574927539e+00
6.123130061620978282e+00
6.102613133823837188e+00
6.118316113250965138e+00
1.571490169611537313e+00
5.222949283663314013e-02
2.050410780384908076e-03
5.434162899553180576e-02
4.410640703614726599e-02
6.663741771008353966e-19
2.642754835274905101e-20
4.230163462809817705e-03
-7.101083749209687274e-20
-1.261668189392249305e-20
2.542590216205296849e-02
5.540676954671481212e-03
1.147454019448942032e-03
1.755545007596183622e-04
5.321263038193838475e-18
-1.856573107980961940e-19
-1.571146693101958345e-19
9.854895736150769162e-20
1.664676626488052757e-02
