2.900847523674201955e+00
3.337222924211395547e+00
1.360901425557758726e+00
1.417246872180188744e+00
2.692852190050393890e+00
5.105156407592586376e+00
1.884205874704552919e+00
3.760250317104683493e+00
5.760373324732934286e+00
1.519022003664501463e+00
1.243608821429036615e+00
2.798442134076029930e+00
2.644568593959522040e+00
2.692394391418260646e+00
3.444285824423259701e+00
5.038945917434756616e+00
5.023606461441882942e+00
1.234572447439021836e+00
7.974165813720860418e-01
1.021545936435666269e+00
9.466299398369827367e-01
8.221569596384059597e-01
7.575734331005744560e-01
7.970430738619302957e-01
8.305129201156283836e-01
7.780623456860590315e-01
8.048604109132055928e-01
7.562102744917156283e-01
7.958468700060531420e-01
7.642237463292504973e-01
8.228734615657601337e-01
8.038585444235020194e-01
8.122104544460372333e-01
7.823746926178285488e-01
