2.352608135813085255e+00
4.252204852448794092e+00
2.113893009369597120e+00
3.493118884733859453e+00
2.708814521685383170e+00
3.714569750271756732e+00
3.776759391802618993e+00
6.217353454810963242e+00
4.571603546815861563e+00
6.211765672524759196e+00
6.237760691527631352e+00
6.283185307179586232e+00
6.283185307179586232e+00
6.283185307179583567e+00
6.283185307179583567e+00
5.717050886782382851e-02
7.806818389713074402e-02
6.583700581036934334e-03
8.557675380060286718e-02
6.256792886623381567e-02
5.921506922197545750e-03
8.811484999415540587e-02
3.108311348881158398e-02
1.154224174638880489e-02
2.294727031930934510e-02
7.503429201309164132e-02
1.068551175222921638e-02
5.429231462123486340e-02
3.512121242496416690e-02
3.823167601446826602e-02
