2.438416454171983272e+00
2.161079364262162184e+00
2.687809368579073155e+00
3.375939845454368982e+00
3.462366242787871862e+00
3.563214459969536563e+00
5.728135617779944511e+00
5.301284940396947754e+00
4.688067918167367232e+00
4.842518435375981589e+00
4.451128148115613747e+00
4.605169354700588968e+00
5.490363161074374609e+00
5.523491883826638471e+00
5.352984932394091011e+00
-6.115771612341495100e-21
2.149137046996141276e-02
6.316364046704231461e-02
5.069495238388901232e-02
6.769242790872932215e-03
8.335900117532191178e-02
8.790030642647765624e-02
7.436538482766949509e-02
5.824989831209202024e-02
7.703528281640091568e-02
4.952430155294657022e-02
7.004159044456031991e-03
5.461109669880003653e-02
-1.134631022155734616e-20
6.957260209792190397e-03
