1.896689238441201963e+00
1.018301658528325104e+00
1.656970623880634319e+00
1.074193257189712147e+00
2.682566302246297774e+00
2.481073008794717261e+00
2.758967674189670483e+00
2.153564284353279845e+00
4.557759309948901105e+00
4.305393055673556013e+00
4.358291992890602096e+00
5.336036638588401715e+00
5.269264556340925942e+00
4.321778732005958190e+00
4.308199549111364490e+00
1.568452219960426719e+00
1.573428167422040946e+00
1.572233710677322316e+00
4.854354503968149465e-02
8.067179207127506829e-03
5.580944246484682153e-02
7.722654974750990664e-03
5.972204824370854620e-02
3.280679264059440520e-02
3.213562149207074966e-04
1.084135998036500192e-19
-1.043695137888782669e-20
2.484320920961931994e-02
3.525477539613702804e-02
7.560899327225639212e-03
