3.182849550980642039e+00
2.314528098441388071e+00
2.342145030658946414e+00
2.879523561002490961e+00
2.598356904489380614e+00
2.705261736521459959e+00
2.818913118139959817e+00
3.195931840430028092e+00
5.068956577416855680e+00
5.358344225618963286e+00
4.371343181398488653e+00
6.960025591887058355e-03
7.422622813218764104e-02
-2.038215391639592113e-20
7.952653111474798642e-02
-5.380707939068471494e-20
9.095191968718621678e-03
-1.373046639404801205e-20
5.603290222012666244e-02
2.417688661750917734e-02
6.114096529308973849e-02
4.221153590607432116e-02
