2.776997326734895188e-01
-5.339426866419916999e-20
3.470210470595748165e-01
-5.404070203482436163e-19
6.841445635832869021e-01
8.079199915750711058e-01
3.169732784946092785e+00
3.378664085601865263e+00
2.970742958801632749e+00
4.233215508813318984e+00
6.135088466243316496e+00
6.121169938442488245e+00
6.090413235513920220e+00
2.372454489705894343e+00
1.443309949218286814e+00
7.050296004298312047e-02
6.859135578356609364e-02
1.392963003789819687e-01
1.011154339420994169e-01
2.056404761388078845e-02
2.310136993628220808e-02
6.388353524407560172e-03
2.690563295112178774e-02
2.172959855459995204e-02
7.107651854354488184e-04
1.536569049568265155e-18
