1.852084949210252462e+00
1.749604088220461318e+00
1.998302113521762902e+00
1.563444274073316764e+00
1.076757741132018609e+00
2.446758300102998884e+00
4.933123110953204105e+00
4.385177360191223173e+00
4.858736851970300918e+00
5.268662040093857080e+00
5.684618183956404280e+00
6.228112601686822458e+00
5.573712477235745588e+00
6.282793907843985615e+00
6.042963915228654059e+00
5.984402936071466783e+00
1.563285942732547618e+00
9.825521586201801938e-02
6.938877796626466421e-02
9.541433128698743882e-02
1.866345292048863548e-03
6.941464182737090705e-02
4.476269009261071678e-03
2.609665826118832271e-02
1.098148034008871871e-01
5.485911716704235802e-02
4.065758146820641628e-20
2.219226321806266888e-19
6.335381943042702260e-03
5.037187628877529133e-02
2.061397840638671403e-02
3.506127049722089495e-02
