2.997194331747764728e+00
2.953764985896487172e+00
1.684648584949595573e+00
1.431917731558768336e+00
2.823998342294414599e+00
4.907687563179675472e+00
1.855206256436827683e+00
1.888104351508883560e+00
3.891232782775248200e+00
1.730129486582519416e+00
1.725851378174120487e+00
1.250726031295280816e+00
8.135107942958437199e-01
1.035186298950734995e+00
9.599734108923082543e-01
8.176667907989713102e-01
7.963339466035568304e-01
8.106667773357423279e-01
8.135542881625975609e-01
7.940451203967793248e-01
7.932616574474600224e-01
7.933093794821816092e-01
