2.816400371009926684e-01
-7.766776773266608208e-19
3.856124122271574195e-01
-6.055952595048870997e-19
7.305041238243251689e-01
6.579238006532458494e-01
3.271207705303059488e+00
3.549143271771100672e+00
3.137513335929466685e+00
4.285046723731141149e+00
6.049753611214045534e+00
6.276165581830414730e+00
6.271014742676111808e+00
5.716169971387913940e+00
5.686724750083554270e+00
6.019097470142042994e+00
6.266617268633649651e+00
2.373972970945250616e+00
1.442847029434001893e+00
6.167651106263469934e-02
5.963157223630092402e-02
1.096509022585059334e-01
5.448777526829400031e-02
1.526200605403647912e-03
4.950601570193775142e-02
2.169941112980915132e-02
1.406728139641522449e-02
3.015715180358486368e-03
9.085389625859063498e-03
2.915443387686887135e-03
-4.649486678954322042e-19
-4.234099127915341797e-19
-6.718663891428861929e-19
-6.155801376988579983e-19
