2.767889916749727841e-01
-6.708500942254058685e-19
3.678019338893142032e-01
6.619695559404752128e-02
7.178212242569563806e-01
8.874359902139431489e-01
3.166318148289637868e+00
3.195105377177518857e+00
3.154893200305988188e+00
4.192313612587271976e+00
2.373590422450563509e+00
1.442995553497767203e+00
6.703704949145511405e-02
6.583800284744467657e-02
1.237645035450168490e-01
8.260491157596891454e-02
-7.771074467112196009e-19
7.821278522558285790e-03
2.404561940361063868e-02
3.807359500262400692e-02
