1.340086540994888387e-01
1.178487591181098665e-01
2.755690022265387951e-01
4.355639986671923092e-01
4.973630536743597896e-01
5.647819676058253302e-01
6.537718197663821007e-01
7.429366168942470594e-01
9.318163264408839686e-01
1.218865995112008438e+00
1.199473831868840934e+00
2.917985933309380719e+00
2.957059776733022005e+00
2.879613428241371675e+00
2.893058088424102614e+00
2.930601122791093527e+00
2.943676855993083041e+00
2.960081587388412760e+00
2.965508452522637839e+00
3.002661758189129504e+00
3.045323654209033837e+00
3.087490226856585807e+00
