1.101253160917920054e-01
6.807635972370987276e-02
1.871139600934178249e-01
2.597467334388174343e-01
3.481292253470065767e-01
3.784922962895539977e-01
4.473956413115900421e-01
5.432384488997179517e-01
6.175479707117327299e-01
7.396662310512371885e-01
8.101012978727928360e-01
9.550353855945705739e-01
1.174810268251712086e+00
1.305110608050619181e+00
2.950223765537919096e+00
2.981243628734891349e+00
2.929829417589854046e+00
2.925230493141302457e+00
2.929818350564683538e+00
2.961240678820956873e+00
2.956120510544423929e+00
2.970639375641822344e+00
2.961568087645443992e+00
2.982929804625059855e+00
3.010295267605239466e+00
3.026891780197782378e+00
3.067564091285682082e+00
3.104406539949338573e+00
