2.015144777361655704e-01
1.699694603230406942e-01
3.302202213397112396e-01
5.447839541135138797e-01
6.033231511229051325e-01
7.086479248100360229e-01
8.288212018876880416e-01
1.019552497838932315e+00
1.226233946639990524e+00
1.381109529093699662e+00
2.922714519830273971e+00
2.963007064186072181e+00
2.897672398027774765e+00
2.893456912943580317e+00
2.908036909933916281e+00
2.922015183211001954e+00
2.948095177465199335e+00
2.988048005811841712e+00
3.041382879796965977e+00
3.095455453120628420e+00
