1.180418637561650774e+00
2.421975485757223101e+00
1.289594602256720179e+00
1.338326004361721333e+00
2.623708952717961118e+00
2.421794567479574667e+00
3.148218888959494421e+00
4.317372514925313709e+00
5.198333483016676304e+00
4.580196181309226233e+00
5.302171739576918341e+00
5.247661404186155565e+00
2.714401856082892195e+00
1.760369916900919041e+00
1.745859706205122208e+00
1.465169843327724930e+00
1.466213768699380138e+00
1.442750729417939359e+00
1.729142978963586597e+00
1.655625571825724673e+00
1.572331965539587095e+00
1.505955570985577863e+00
1.664799523689772132e+00
1.533497009915979925e+00
