3.204592888788398986e-01
2.707088783179669167e-01
6.760470815972932090e-01
2.983326137000048561e+00
2.955640126000521839e+00
1.955969443194007340e+00
3.434906509255856388e+00
5.454655169396482428e+00
5.367916891912961397e+00
4.630422482296744136e+00
5.639922589606911174e+00
4.935578774062370222e+00
5.998094101808987055e+00
5.066160836978183646e+00
2.971940345669491279e+00
2.981866889246644892e+00
2.957915929346162098e+00
3.173995300731335067e+00
3.317490094508799725e+00
3.174570528163089822e+00
3.363008843651680291e+00
3.375543192314703678e+00
3.348003420495639482e+00
3.241837994406115087e+00
3.114711086856469802e+00
3.102285335576928205e+00
3.194601392539853091e+00
3.050082079062794715e+00
