3.162912359802012019e-01
2.818253619738449456e-01
6.693849636744905185e-01
2.867115814137125351e+00
3.083516341266474559e+00
1.987184358047752175e+00
3.348936065882659463e+00
5.409088863577956374e+00
5.314353130638202138e+00
4.650454246592317986e+00
5.613232902500176813e+00
4.920520345249479455e+00
4.983729414201827801e+00
2.970088037053718821e+00
2.981251243297552644e+00
2.959050429871458388e+00
3.174705216750547176e+00
3.317429697518617271e+00
3.174866708023507123e+00
3.373175567248331230e+00
3.378156466194422780e+00
3.337834629830612965e+00
3.258839507890293419e+00
3.100701346073664322e+00
3.167228355594948752e+00
3.071108577045190469e+00
