6.991572868522862028e-02
1.946416522546687011e-01
6.540126548223437197e-01
1.464925489410494386e+00
4.798515915840093626e+00
2.618625959451240881e+00
3.961676449679131462e+00
5.202433890828937813e+00
6.159760223108535548e+00
5.676106851617535476e+00
5.850072784987450980e+00
5.590738623112188499e+00
5.984599648022780549e+00
5.181152751507301701e+00
2.901427005181624885e+00
2.931212401197290873e+00
2.914601012945825520e+00
3.064658072723093429e+00
3.227713860652149602e+00
3.210982605443512217e+00
3.242876972681053349e+00
3.278718818466318297e+00
3.282171927634493169e+00
3.280267664525491789e+00
3.320552910600482743e+00
3.252206018624701489e+00
3.286947957932179420e+00
3.262080189239121797e+00
