4.171334244191562957e-02
9.885860984994036815e-02
5.211653636977561233e-01
1.427288253009185270e+00
4.631545999320124452e+00
2.854411402641147788e+00
3.979924932060518117e+00
5.145994983041056514e+00
5.833258790018103213e+00
5.597266636756340397e+00
5.650551945293408984e+00
5.221374639180334398e+00
2.896804180482190905e+00
2.931251593686184709e+00
2.911753684979624612e+00
3.075116750933823528e+00
3.240858214689927852e+00
3.193399857871344505e+00
3.228429297594343161e+00
3.301922569005220964e+00
3.306636806069754630e+00
3.296065778228893350e+00
3.296643725880486375e+00
3.256670366405177042e+00
