8.861847836083476537e-02
6.874593432900980017e-02
1.535927597332721328e-01
2.230216163212181413e-01
3.224554364031719245e-01
3.385055032695298838e-01
4.162723275652747690e-01
4.871490364593580313e-01
5.762106003505715890e-01
6.565879348580025976e-01
7.212821015382347989e-01
8.321415413094235269e-01
9.908544651386023139e-01
1.280745466157782619e+00
1.278214144093483107e+00
2.950143830337244477e+00
2.980473611471364137e+00
2.944771574158315808e+00
2.919596670802599547e+00
2.927593843053311495e+00
2.954890840101356275e+00
2.950404847158798027e+00
2.968862152671792209e+00
2.958625800475478407e+00
2.982786093814106199e+00
2.993094644802728244e+00
3.007657880304767328e+00
3.028946584430630473e+00
3.075046605484516249e+00
3.104956304425975144e+00
