1.388610823612616563e-01
2.315909263974727794e-01
4.177835436366395538e-01
5.579803866589689854e-01
6.427356169169722300e-01
6.950131909214311010e-01
8.217270459328306353e-01
8.918935218735035697e-01
1.070494710706421326e+00
1.293207209896690912e+00
1.599071207334867406e+00
2.866547249134053121e+00
2.859997113626878473e+00
2.807730534374638154e+00
2.807794510873711236e+00
2.799516816927011043e+00
2.830224251819377201e+00
2.851705856982599485e+00
2.878596764817824560e+00
2.926050048486941613e+00
2.986509660989969728e+00
3.066614078714485991e+00
