1.800603296783405138e-01
1.330269643773184518e-01
2.823428393197628949e-01
4.438357051452900826e-01
4.624482403588711099e-01
5.714181291860379597e-01
6.570548407817928815e-01
7.250394158111440612e-01
8.647565447326045485e-01
1.076185557255844527e+00
1.263251512629875561e+00
1.410127131942178869e+00
2.929925107123496630e+00
2.978585905385138233e+00
2.903243439656664204e+00
2.913477844075443635e+00
2.918815074415840094e+00
2.918702238981809582e+00
2.932951740179848166e+00
2.951729968085562650e+00
2.971589007470208266e+00
3.004672427671128077e+00
3.057513132320405003e+00
3.104838314104825248e+00
