1.158354422479983686e-01
8.752005429338335918e-02
2.205894771495644502e-01
3.270330606927264738e-01
3.812739060449072959e-01
4.614674234753394777e-01
5.135656387590993299e-01
6.263119111591183286e-01
6.957464896561844636e-01
8.343806989504896077e-01
1.028001133938276190e+00
1.217249410503044471e+00
1.348103209428046512e+00
2.933639658735434530e+00
2.968668640400151659e+00
2.900894573970189683e+00
2.914724214284912129e+00
2.927301352085308395e+00
2.948434475037434499e+00
2.959641152693095467e+00
2.959654536545373915e+00
2.974129091607783604e+00
2.994875530335250780e+00
3.018983843216300755e+00
3.063663608399204819e+00
3.105696049440454853e+00
