1.448554656906841931e+00
3.073450367339366718e+00
4.389246260001752553e+00
3.336871403884635434e+00
4.403897541097522073e+00
6.237183807714631989e+00
5.670648143322174484e+00
4.813234837534499100e+00
6.256048934208230605e+00
5.084583764048216992e+00
3.862024671872763992e+00
4.118078222370207264e+00
5.101235883600510057e+00
5.965578397490015616e-01
1.682157697658381856e+00
1.819852771968186733e+00
2.814768874802397458e-01
2.078837663430974370e-01
4.431016195810898173e-03
1.987010982739179413e-04
4.790068354882814732e-03
4.892606541351647402e-03
1.095655652384765200e-03
4.261837597981581009e-03
5.201819997627922867e-04
-7.453889935837842984e-20
