1.448820963269980000e+00
3.092503400791365209e+00
4.379831375426564755e+00
3.327570699747694150e+00
4.404311045639865085e+00
5.168408027820449391e+00
6.139315038222059151e+00
5.033822208257783259e+00
5.226402456833052490e+00
4.124449081500704217e+00
5.965037207046972600e-01
1.680964320180550864e+00
1.820874756190032473e+00
2.816057150395660513e-01
2.079960435227906912e-01
8.620906420277525684e-03
3.201385509381836142e-04
3.308182369082706461e-03
3.119990927148718913e-03
3.666824967653402670e-03
