1.475277100892752880e-01
1.545266858500282947e-01
2.133618184480811641e-01
4.664827194605782323e-01
5.736722255557884509e-01
6.644944899368504521e-01
7.561420082280052579e-01
8.661375168327567486e-01
9.517914946753064376e-01
1.102150047514090403e+00
1.248123314099667036e+00
1.502080561964241445e+00
1.594796732777771897e+00
2.911660197077484025e+00
2.976899218985056272e+00
2.880926183063468482e+00
2.839787283942353469e+00
2.851873207509743491e+00
2.878719217286522358e+00
2.895655495321773909e+00
2.923301618383248535e+00
2.937779498190231209e+00
2.953368544563049092e+00
3.001667660509965696e+00
3.044001587494880923e+00
3.097669174079046517e+00
