4.351589355760859257e-01
2.527720633400529215e-01
7.228041645478785471e-01
2.708427642298051552e+00
3.101076993977051721e+00
1.957353559996288128e+00
3.312586170876819391e+00
5.288150147131324808e+00
4.803799441200585107e+00
3.793037480851920495e+00
4.890218149782304735e+00
2.983059204068387871e+00
2.987011050278668201e+00
2.975083613754092138e+00
3.167361844462493359e+00
3.312023127156407121e+00
3.180081870287243984e+00
3.366858279674291854e+00
3.361568695369478998e+00
3.243477316660077658e+00
3.159888124277532739e+00
3.059065561843607117e+00
