9.684579253042493452e-01
2.676342602148811256e+00
1.141099056424910607e+00
1.590089914036678431e+00
2.686459515746308924e+00
1.996793793724079391e+00
2.887656080589908747e+00
4.352896485179583053e+00
5.168585593976922965e+00
4.501629031983491736e+00
5.130322170881595589e+00
5.112390378761511478e+00
4.916171553173651176e+00
2.708335575679264640e+00
1.726479403982252192e+00
1.800528869981692148e+00
1.454016806786910143e+00
1.450661847018901884e+00
1.408117220768016598e+00
1.673815722003499706e+00
1.779915157355112409e+00
1.429834119023724259e+00
1.477701052122840197e+00
1.712748155314917087e+00
1.512847768493219558e+00
1.444307448491433776e+00
