8.101239568597660146e-01
2.898259493335989312e+00
1.049269850556105332e+00
1.456637440982224474e+00
2.905805017110226096e+00
1.612275167853234992e+00
3.073373549575414199e+00
4.356869971528030128e+00
5.249313044005743834e+00
3.729894128510834239e+00
5.366005418210823663e+00
6.283185307179586232e+00
4.801128787449830071e+00
5.565976495282863645e+00
5.396363990166207714e+00
2.684244268807947087e+00
1.692380746333755681e+00
1.789234584693883967e+00
1.416025532261309783e+00
1.442392366830126171e+00
1.409009714655121259e+00
1.708542873001930529e+00
1.952327025709533093e+00
1.348372787277084317e+00
1.473373194312010526e+00
1.778201211896020872e+00
1.461432523749372381e+00
1.383910730307364556e+00
1.477361935703330742e+00
1.478474560474586585e+00
