1.614447615909031797e-01
3.031094722539453556e-01
5.774468937173378169e-01
1.355296264724163979e+00
4.895042998102184129e+00
2.586589448955215254e+00
3.956661224173195546e+00
5.206317378951905717e+00
6.214611562586978444e+00
5.656159996808809431e+00
5.938908511943245649e+00
5.749234314709255500e+00
5.965301374866998962e+00
5.481577396306795080e+00
5.203558090198791675e+00
2.904024632890893631e+00
2.946465306948049978e+00
2.928589066590130852e+00
3.075054002399735253e+00
3.238889273088999321e+00
3.202895246359700909e+00
3.240790610527005899e+00
3.280298951291598097e+00
3.285022546216708861e+00
3.306805811225673075e+00
3.307657252520362690e+00
3.289927431389816803e+00
3.297750861029007829e+00
3.339123337982036421e+00
3.249670042876740883e+00
