1.701651461478804750e-01
3.256817672136531061e-01
8.269945414793503646e-01
1.257596127373328709e+00
4.442428513077503638e+00
2.911851919564679925e+00
4.176130953807168034e+00
4.710054917758884407e+00
5.680090969189929062e+00
5.171811633489523885e+00
2.859433289325273631e+00
2.879112027771841387e+00
2.918461664901624175e+00
3.092196585113659690e+00
3.260600466168033673e+00
3.163121028729394713e+00
3.210709669810320133e+00
3.271525542711169354e+00
3.281525211269225917e+00
3.240213742442977107e+00
