1.917327532178620120e-01
3.496537720609640409e-01
5.309100384817474483e-01
6.647194315961216793e-01
6.577771177852810291e-01
8.269747242698373135e-01
9.308477617597655795e-01
1.093043440100000874e+00
1.298647439560444816e+00
1.602400388317714253e+00
2.809012542286775105e+00
2.796886371861373011e+00
2.772722977830032409e+00
2.785846262604088519e+00
2.802006082984293656e+00
2.825507046671036804e+00
2.852900196530963495e+00
2.912251742781328367e+00
2.975028572049595699e+00
3.065085512471486417e+00
