4.108680441731679123e-01
2.637105186384794964e-01
7.220152994800407287e-01
2.838017043735489242e+00
3.003786483010436825e+00
1.863978289119834431e+00
3.446013778694982044e+00
5.310227128044540557e+00
4.850955405337665560e+00
3.862448009034389784e+00
5.942303330233698055e+00
4.983642929457150927e+00
2.979644440493097513e+00
2.983578959238027295e+00
2.963548928511841485e+00
3.171565653701803988e+00
3.314162579943437770e+00
3.181974937556013128e+00
3.361998552601160650e+00
3.372308867334591564e+00
3.239244310137961769e+00
3.134334704301030339e+00
3.159054678639091396e+00
3.051189182533799116e+00
