7.071340812879467475e-02
1.163638029008703251e-01
2.469118791491448639e-01
3.012411470021477689e-01
4.113370519567576267e-01
4.627291662345496825e-01
5.110203191825485325e-01
5.324704792826762123e-01
5.818392788651238767e-01
6.900332827622416287e-01
8.121165636812927024e-01
9.555645898558521312e-01
1.112749496361570056e+00
1.305629304271054503e+00
1.421067806278098589e+00
2.862538930595710962e+00
2.828392091092654770e+00
2.800325224125487455e+00
2.817366768936545363e+00
2.845995062141249754e+00
2.882556499800061012e+00
2.921470544902498467e+00
2.935519996794218933e+00
2.941026168610749725e+00
2.931093577989704713e+00
2.943171171364082461e+00
2.973193110462799993e+00
3.013935461841155128e+00
3.061125407597967030e+00
3.108283222014077918e+00
