1.482182527710439179e-01
1.546776562073397809e-01
2.081590370945284041e-01
4.618944606697345523e-01
5.643128807222757004e-01
6.536146237232239864e-01
7.450246688350562474e-01
8.433472724269356346e-01
9.274934438080065791e-01
1.078018638862371370e+00
1.207117785132114651e+00
1.420370756966974124e+00
1.493831486267215070e+00
1.459760748234854910e+00
2.913038902258916707e+00
2.980272742671826514e+00
2.883346867209481079e+00
2.842344839427852765e+00
2.853556160275527720e+00
2.878891898526363846e+00
2.894784144164207706e+00
2.923123413006251337e+00
2.935223513867815548e+00
2.948477536422476675e+00
2.987028888125770720e+00
3.031776000496465340e+00
3.079384732286731818e+00
3.124387538945358145e+00
