7.053572097753027514e-02
1.656993009221591484e-01
6.453792296392667494e-01
1.528639428055020399e+00
4.652401517091378835e+00
2.704811412238543600e+00
3.967053823504830046e+00
5.223732994697139809e+00
6.007774966425548868e+00
5.642571415142206170e+00
5.730861719458968828e+00
5.519349058126784335e+00
5.153588066146358670e+00
2.899643156295900859e+00
2.933133484558901216e+00
2.912914052936783627e+00
3.067615402022972670e+00
3.225472405833025302e+00
3.208931612776306341e+00
3.242382116123947888e+00
3.293069785595069909e+00
3.293872086748896422e+00
3.317931407287571854e+00
3.308342396165459220e+00
3.334914272585374651e+00
3.252455237633950169e+00
