1.459335949709136271e+00
3.099635768140133418e+00
4.379905356631200952e+00
3.327033411634249038e+00
4.508193058831846400e+00
6.247719950917183240e+00
5.632985634231154393e+00
4.797170132785548269e+00
6.227379803273797698e+00
5.084123396505943582e+00
3.859459036244291319e+00
3.874821069511898752e+00
6.279088784459455397e+00
6.112857268340191830e+00
5.959038375984017089e-01
1.680514571199566598e+00
1.819799202947319339e+00
2.703988726929897335e-01
2.012076177990342885e-01
2.426873579018398472e-05
1.544095367004063961e-02
2.263776982546369942e-02
1.847885881591097845e-02
1.420742392502663889e-02
4.416686469182735941e-02
5.445563128618456108e-05
1.608406473298918771e-04
6.215936430361211054e-05
