1.796889203957137415e-01
1.952488547868715396e-01
2.427520494463122347e-01
5.139301219323850756e-01
6.231720669290764514e-01
7.312031090997691551e-01
8.305924493251695129e-01
9.819998840650330241e-01
1.131798452240081909e+00
1.401058773636777444e+00
1.679129075381545544e+00
2.910484980073631878e+00
2.972497261631634746e+00
2.896694203970082260e+00
2.856733180352418078e+00
2.867360218695993002e+00
2.893117738322188881e+00
2.915497017704832050e+00
2.946306117818374481e+00
2.984597428473113379e+00
3.033936060746782015e+00
3.100041210987610096e+00
