1.037571799266403944e-01
1.381624452179135709e-01
6.047940955315145306e-01
1.394522766693753635e+00
4.650208563400517470e+00
2.636906225293169204e+00
4.077487276078201717e+00
5.083678817471464662e+00
5.735160960391767482e+00
5.383228589459964297e+00
5.082875803169579321e+00
2.887845556462770524e+00
2.918206398191578010e+00
2.914135111374272835e+00
3.073280266838037456e+00
3.240703424321111470e+00
3.193183506587853326e+00
3.238580483130675702e+00
3.316717938853132264e+00
3.314807424377318679e+00
3.338728008468295538e+00
3.258158513184157723e+00
