1.347352205332728592e-01
1.515197220231584152e-01
3.168650373549518062e-01
4.763886859408384966e-01
6.012369591802555480e-01
5.986768129440003250e-01
6.971541943544445896e-01
8.087614240654593667e-01
8.881044958491343122e-01
1.049971371342674153e+00
1.254077678579130328e+00
1.526569638352853531e+00
2.887762330627017704e+00
2.929304146923689345e+00
2.846386802844913522e+00
2.817594819758988844e+00
2.823787073111307500e+00
2.838224770224020421e+00
2.860707584243764590e+00
2.870605326948191927e+00
2.903083693409424182e+00
2.947411889885407810e+00
3.003243143161853812e+00
3.070433337889953762e+00
