1.257924571510158074e-01
1.361725912333238975e-01
2.864908367715265358e-01
4.447369455391919635e-01
5.529503895325160734e-01
5.520687497556295842e-01
6.287907880185445997e-01
7.570727704191332341e-01
7.979298434913445481e-01
9.387633312339801472e-01
1.128030761928188852e+00
1.352682371080430102e+00
1.351515875205224537e+00
2.889627679970037111e+00
2.942928178387028026e+00
2.859483954603953215e+00
2.827681176612292013e+00
2.841757301546078196e+00
2.847878981402891529e+00
2.865611144118208831e+00
2.878364736785159028e+00
2.901893977029209815e+00
2.927045993344481456e+00
2.975976771389745146e+00
3.037543397324513617e+00
3.098592726217086035e+00
