6.074565229412495881e+00
2.572155585313729453e+00
3.270921741538542982e+00
5.194684084778106836e+00
5.502925416250344703e+00
3.396315125839787008e+00
4.426057860535205002e+00
5.033053303234871656e+00
3.966536197201268266e+00
3.841490423672532906e+00
4.317976396518784732e+00
3.447386472662818502e+00
2.450445669667173920e+00
2.655659199943358306e+00
2.676186429693473645e+00
2.659516572538348278e+00
5.715207176253039000e-03
1.232342723176561572e+00
4.257092748203699650e-01
1.128532557053743002e+00
5.890757790882815426e-02
2.268872706430911657e-01
6.500888794797181625e-01
2.008586564308803210e-02
2.168031329143190952e-02
1.604432949524547611e-02
2.923918322541847747e-02
2.843398387127089172e-02
3.400774281703382307e-02
1.770128642923755890e-05
1.534784780452926474e-06
-3.699176381877223528e-17
