6.079980191542575518e+00
5.712225900248646404e+00
3.064276627301709688e+00
2.149783267991661972e+00
2.998250307086060218e+00
3.535290022648083674e+00
2.461642125180494300e+00
7.667346693828571702e-01
3.811082769912744528e+00
2.636641040567549332e+00
1.043842153134363571e+00
2.593661523017519954e+00
2.065982777006042159e+00
1.202459616446540869e+00
8.366533109767079202e-01
5.229343277334740359e-01
9.639318449572037428e-01
1.149372968122974736e+00
1.213829863716199275e+00
9.037484861306420425e-06
8.102647944989421758e-01
1.016439536705160407e-19
1.660567795466781366e-03
1.073808092433275574e+00
1.693388033005012450e-01
2.090766029034194506e+00
2.852428037217187740e+00
4.008734490863809508e-01
8.003581792776479631e-01
1.637174669049171971e+00
1.987551527344490809e+00
2.413327771542302658e-01
6.780920283504239254e-01
4.148613247630459355e+00
1.492489937060262672e+00
1.797220131541604315e+00
1.672647586815628529e+00
1.695502368994021625e+00
