5.165515610463168983e+00
3.890103070960977405e+00
2.710359440829095412e+00
3.371979305178038899e+00
3.119878760714667187e+00
2.121039554998907395e+00
2.165652340440987977e+00
2.139569383972963479e+00
2.151101000654487283e+00
2.151534933055727183e+00
2.151497577179110721e+00
1.030373312863925861e+00
4.838575864063703325e-01
5.475579099142847683e-01
6.154662224146226768e-01
8.458537965735707376e-01
1.861203113406915799e+00
1.736768481200057224e+00
2.812289739751853368e+00
1.812606616600225040e+00
1.815965151977070535e+00
1.815969097972296220e+00
