6.282449616574953488e+00
6.283035576451789339e+00
2.426396114783611502e+00
2.275362783893145391e+00
2.748589904181110821e+00
1.759589276318865858e+00
1.895624477436524735e+00
2.153467519204621095e+00
4.376483665240555321e-01
4.686514590386700263e+00
1.560763590457558969e+00
3.214563700688140457e+00
2.756561703665382890e+00
2.272171841774587531e+00
2.232250724386155127e+00
2.413354386090008408e+00
2.101411286175880910e+00
3.283571709427069329e+00
4.881113542706609465e+00
4.245052473768052614e+00
6.594736444036789491e-01
1.223371110991806843e+00
9.047266992726471762e-04
5.783148692470855044e-05
7.983944074537262514e-01
7.668587925689809293e-01
1.386888434305792339e+00
2.181592183699683264e-21
9.295744184154519640e-03
2.033959923013909377e-01
1.169744692525618381e-04
8.454830256617942852e-02
6.620804342328259762e-02
1.531579807884620781e+00
1.108029635471008273e-01
5.850467813999187509e-05
1.762031505264282982e+00
1.188450813346974666e+00
1.963560024053273567e+00
9.866763800119136008e-01
