5.993484402043634418e+00
5.895381810654576782e+00
6.188082308621495109e+00
2.912606979738084689e+00
4.623302755290759514e+00
2.157373509897829500e+00
2.581451643083110703e+00
2.806969616930658162e+00
1.151127089419780036e+00
1.903673812286944544e+00
1.338116461142289548e+00
2.325117441381980843e+00
2.857567473147629933e+00
1.804637222789816198e+00
1.271993064163573051e+00
1.877829606660990747e+00
3.667805033447484875e-01
8.255334905498562525e-01
3.592656776291787146e-01
3.353485667489652378e-01
-5.545423061720230333e-20
1.187858389792272214e-02
4.575534749451682509e-02
1.642474513751011455e-03
8.177367630140458532e-03
4.440226639946505752e-03
1.267419942577528887e-02
1.093071904958772670e-05
4.319107979914697977e-03
1.990476368967646030e-05
1.385899056658884965e-01
1.013923185661210055e-03
1.335301084087586965e+00
1.079586090178781266e+00
1.052097507902714835e+00
1.052708448089191062e+00
