6.276032060712313232e+00
2.033821659864156750e+00
1.990345839773071557e+00
2.547509542435824947e+00
3.981127284660554780e-03
1.809946300450978374e+00
1.536907724005165621e+00
2.818602520763125433e-05
5.074866765818382142e-01
5.237325000471819772e-03
1.003121823121463807e+00
1.051736864417468942e+00
1.160561811510755215e-01
1.467861447140817455e-01
2.311790422245014465e-01
1.226178730311903831e+00
3.636251424203578719e-01
1.600026796251018471e-02
1.377566024604390781e-02
1.246820118733299232e+00
1.105354425241486860e+00
6.256670302693949533e-03
-1.576664988909375644e-20
3.053721731809548937e-02
1.113316076598068298e-02
9.822752672807708585e-01
1.864466285594227821e-02
1.238328062698486193e-01
