6.269479467192995870e+00
5.207317800295307997e+00
4.638432868077105198e+00
2.500084240077476316e+00
3.570924100431871917e+00
4.958988196329680243e+00
2.389782378817204123e+00
3.292605881436610815e+00
2.439458430666924915e+00
2.301478485379992556e+00
1.203315864483289976e+00
1.081289104258412737e-01
1.055624559124359874e-01
1.221982206206295052e+00
3.469541050841638441e+00
9.814102993845167378e-01
1.672405768084996636e+00
1.306427782825951622e+00
1.192227900556639852e+00
1.204129533275162478e+00
