4.129660281922755694e+00
3.997631769805868540e+00
1.184970475099070608e+00
2.072679839321710737e+00
1.610194946107556202e+00
2.603413584270727110e+00
1.604399679015713565e+00
1.640663286315603875e+00
1.625223762747694867e+00
1.813415594574556700e+00
1.480071296784105206e+00
2.600101956264607050e+00
1.926345723208085392e+00
1.929228808332770662e+00
6.201909241634349056e-03
2.189685101785761919e-03
1.002557552422610465e+00
1.004952516356105940e+00
2.004752238489120764e+00
1.000593338425153966e+00
1.000985662606499682e+00
9.980185296670451844e-01
9.991409133564110867e-01
1.003435624535584880e+00
