2.877649504869155273e+00
5.284886855041611931e+00
2.550923807878093807e+00
8.443640185826264619e-03
2.220181043186364445e+00
4.085578180691823991e-01
2.071395023648685552e+00
5.547925400508827432e-01
8.180243218325348176e-01
3.046973776899034592e-01
3.047413511239050465e-01
3.854189221209656873e-04
6.910049254375778549e-01
8.753634209131626017e-04
6.065281017183810075e-01
6.427503999714558047e-02
7.625405512645533476e-04
1.014922311510812358e+00
5.056901905114345817e-05
3.143273324512326113e-03
9.054973897898262918e-04
8.587011392090122819e-04
