4.233624955429259984e+00
4.772467570541382820e+00
6.236255993602731529e+00
3.254416540953616099e+00
3.572026807546995197e+00
2.645581652895804048e+00
3.050438238469882268e+00
2.081824814253462108e+00
1.654132120491638158e+00
2.221244562936602218e+00
2.057726609030526621e+00
1.887271347147420064e+00
1.886348056756063096e+00
3.231311837647019014e-01
1.015061807037721309e+00
1.510969267464480278e-02
5.046666544315061426e-02
9.736257350527462995e-01
2.180646449726944547e-03
-2.202821388780341623e-18
3.012656414811351342e-03
-4.722301803444841197e-21
6.815808111624026278e-02
2.930369715233026653e-02
5.062194423696379092e-04
4.236664744410074521e-06
