6.283185307179586232e+00
2.959966759274917258e+00
1.745512159010313757e+00
2.154628113827055547e+00
1.206217908003079722e-03
1.396976542460437010e+00
2.671943772837208186e+00
9.249209702602043670e-01
2.028631961520546145e-01
1.153678484674365068e+00
1.664296919497130656e+00
4.925454584047831430e-01
2.696541849561640003e-01
5.974122650026879588e-01
2.251883706070736402e-01
1.146783295194542696e+00
4.202170672977038057e-01
1.350298851437468084e-01
1.286983284316504939e-01
1.278590892021694569e-01
5.161256524737447560e-01
1.882248175832107240e+00
1.373325493402699715e+00
2.509386430717299166e-01
9.998165253309664324e-01
2.069339449186303748e-01
2.712526049383666687e-03
7.220982425488310652e-02
2.633627330195153007e-02
-5.099510050002352544e-20
8.513771759982757064e-20
5.249017090170968181e-02
1.543371970788975228e-04
5.535993157170428919e-02
2.173186726308688407e-02
1.067929735328210119e-04
1.244946844400470962e-04
4.974281431662351260e-01
4.046209356773764387e-05
3.690449121640478124e-04
