6.283184703523110315e+00
5.706307870146464900e+00
4.827116558993639117e+00
2.033224223353871540e+00
5.376651764382987864e+00
6.283185307179585344e+00
2.266410613751234759e+00
2.794938313476986735e+00
1.323269740654063220e+00
2.569285519972583476e+00
2.787306313531235702e+00
2.233537281451752232e+00
1.214745444078028536e+00
1.326654943636901063e+00
1.367015214873152473e+00
1.283560829300173234e+00
4.886197612306467652e-01
5.066422408710262405e-20
1.207968801640257047e-18
1.397545527335326554e+00
3.914261611478031089e+00
1.401050007416528187e+00
9.227503274031659819e-01
2.874270251342123661e-01
7.536635760666661953e-05
1.578212770280841060e+00
3.313374157139096776e-01
4.909483167061786113e-01
2.051184957229617578e-01
8.107127272009594376e-01
5.848199889872681689e-01
6.270567183972740599e-01
