6.249134156937228290e+00
3.607754199389864080e+00
6.166751944263501706e+00
2.231196217040011878e-02
8.003090714317233623e-01
1.788639499482226558e+00
9.282007631713984352e-01
1.110189498100121464e+00
7.634064349213084411e-01
1.859415187919281287e+00
5.965774292005538992e-01
6.408944859851306575e-01
6.286563388109971395e-01
4.707146161003180618e-01
4.457023888250969956e-01
2.182465249839798727e+00
1.674775608915383796e+00
9.821754695771409693e-01
1.799945012915388221e-20
2.549430788220905963e+00
1.409778196120938798e-01
-8.642383039954033147e-21
8.174257911253935971e-01
2.359942540617443116e-02
8.609443084463802576e-02
5.121240608438304941e-20
4.774177382322024044e-01
8.171569007366243920e-01
6.177309041287118996e-01
9.252150119768103309e-01
