6.058568150893396620e+00
2.557950754743001376e+00
3.263520016919213784e+00
4.186966248827487469e+00
4.500629269117634834e+00
3.404212695254765553e+00
4.428111122552047973e+00
5.055350672541586654e+00
3.975427912724034396e+00
3.852571169626939351e+00
4.316590295377256581e+00
3.319939377032633754e+00
2.651295284649786144e+00
2.649613401699351556e+00
2.655989416055373198e+00
8.418820983707286237e-03
1.230213561356520380e+00
4.243441439855579755e-01
1.137879226458750948e+00
4.434416603358719289e-02
2.350927368973730058e-01
6.428293785495751145e-01
1.214462535655817148e-03
-3.828465080064568970e-17
1.018712309496289667e-03
1.591270724533030674e-03
1.924697997177977080e-03
-5.929345910424912379e-20
-2.425849169437861914e-17
2.557326068558785884e-04
