6.283155675378632843e+00
5.648864704283190541e+00
6.154658332500905438e+00
1.737036453710605333e+00
6.929016042993922930e-01
1.485424036669890091e+00
8.591049971775813754e-01
4.973853247812204392e-01
1.437880968082985600e+00
1.496258880813394754e+00
1.449385365575540652e+00
4.003428460579057102e-01
6.592235426130585996e-01
3.096233831843892559e-01
4.988560456483600025e-01
7.694060330143456507e-06
1.213732558771185133e+00
1.214387742727657260e+00
1.195944292712099344e+00
1.182731804831337996e+00
1.698809227504371355e+00
1.442593282117383247e+00
7.181578829617099036e-01
6.646072581162340923e-18
2.561403577158912093e+00
-5.873217830634220806e-20
7.681062330269059490e-01
4.480173819920216793e-01
1.892938599352493867e-01
5.952142461865313527e-06
4.468233326357012347e-06
4.865535340021594213e-02
5.752938471163367984e-01
3.561206273193812111e-01
4.941884185777550842e-01
6.348981818749362960e-01
8.527849225599637428e-01
5.568173783111723951e-01
5.515356862128011350e-01
6.744838410118051408e-01
