5.850926226165367616e+00
6.121545767032976038e+00
6.283185307179585344e+00
3.146747433136079408e+00
3.412599520616239168e+00
2.425346118946436480e+00
3.080228735703024245e+00
2.087387981998822806e+00
1.457525456490339044e+00
2.169779567346022287e+00
1.947917492302789100e+00
1.980865003945431857e+00
2.954079268751938159e+00
1.719211278022508615e+00
1.668780026199728983e+00
1.564436962801098785e+00
1.088443329131702386e+00
6.678653436785217945e-01
9.690925163211090323e-17
1.145036466009741476e-16
6.591374227550962361e-01
1.007302228125971089e-03
1.677161592277838642e-18
1.547508970448889520e-01
5.183419180170709684e-01
2.051772284771502808e-01
1.465069643115612897e-05
6.172436358798665673e-02
5.192196931595929321e-01
7.487082388662651133e-02
1.877291059346874569e+00
1.717092848339337952e+00
