6.128511369275287279e+00
5.492972599754064156e+00
3.292849146872431909e+00
2.548891225874309274e+00
3.435793799558059192e+00
2.821562123628535534e+00
1.669120571013359866e+00
1.224941746327690595e+00
3.255141579502053073e+00
2.707144432112973398e+00
1.467167249514551797e+00
1.502166807724289121e+00
1.673616992364890699e+00
1.435487290334855226e+00
1.432643909031646068e+00
3.330187472026682749e-01
2.707825277607229787e-05
3.502071097421936147e-02
1.013048488142800629e-01
1.388752464216838511e+00
6.443144959951445649e-01
1.365121342351127032e+00
2.348118008506971055e+00
1.182896440365745816e+00
1.373324163804921394e+00
1.653003161562597967e+00
2.066734901866175367e+00
7.347839551476579301e-01
1.393162847750995192e+00
2.308610455791435534e+00
