6.283185307179585344e+00
6.263267787063932168e+00
4.309360713266321419e+00
2.691014462246840377e+00
4.627337857364825169e+00
4.885417242082279010e+00
2.362413309015718887e+00
3.270971621025390963e+00
2.289615862896965837e+00
2.153034656305099048e+00
2.187318099726041964e+00
1.159658826346139149e+00
1.566243543096864643e-01
5.350276944173877336e-01
2.212973538317417610e+00
3.393692836626576614e+00
9.774867371647392167e-01
1.603374887799024151e+00
1.258324876078658061e+00
1.099062944437386058e+00
1.170540881453260074e+00
1.232759671092348297e+00
