6.207581982396316533e+00
5.905557458629729695e+00
3.274063385383207958e+00
2.176830371943207609e+00
3.145467358663899038e+00
3.580032636208035690e+00
2.614375439556576364e+00
8.409034745634892394e-01
2.799842363811032797e+00
2.754424166727549306e+00
1.291596183789567087e+00
2.754418135302135973e+00
1.057273577738727655e+00
1.378829111480940783e+00
8.649428361333417747e-01
7.179924375547105386e-01
1.178129020986748987e+00
1.417943199268512533e+00
3.024413877363203024e-02
1.030105044483775822e+00
8.815669853799270803e-03
1.013515098507951784e-03
1.099014743616377077e+00
2.356935042699207783e-01
2.337997003210684710e+00
3.039494429089823591e+00
6.519977359233419811e-01
1.051710338686209223e+00
1.777781078713120522e+00
2.126701797712083675e+00
3.940509184490720851e-01
9.011399746271184785e-01
4.175190896285667641e+00
1.735109364797316145e+00
1.851593673335043766e+00
1.894313474284436527e+00
