6.266463492093579113e+00
8.375726744002590651e-01
9.628287243790443206e-01
2.504363894488630837e+00
1.192621109858123946e-01
1.590815726329525059e+00
1.142105718322902197e+00
1.445419450805019435e-01
9.668698155074177958e-01
7.862522267169257117e-02
2.203455282013771499e-01
7.557436205103522653e-01
2.902806819899870772e-01
4.470075511506577670e-01
6.542929907674975565e-02
1.280243717090232512e-02
1.712660584889649229e+00
7.038981435647000129e-02
3.088427796285971721e-02
-8.019004077637660960e-21
6.303641810275861790e-02
1.401373029013182336e-02
