6.283185307179585344e+00
6.283185307179586232e+00
6.283185307179587120e+00
6.283108903462666817e+00
3.728639325293999995e+00
2.732999843376991755e+00
1.992732177736292964e+00
1.818188303852164456e+00
1.357589764494537166e+00
3.876316600182746264e+00
6.266363861703209137e-01
9.723697262527593310e-02
6.222053617290936867e-01
8.896370245368090401e-01
5.224775570775479494e-01
3.346033865338823854e-01
2.898097846381670895e-01
3.400974031369077832e-01
4.232017582463766803e-01
2.203803627004879750e+00
3.662659388123575832e-01
1.000899043094802154e+00
1.300948969644160513e+00
2.461992569571432032e-01
1.651066537816730850e+00
1.344101856477441626e+00
1.331359089384258398e+00
1.612645860410271137e+00
1.302971670177502928e+00
5.600191728536089153e-01
3.873470899101930098e-01
5.220910203196192922e-01
5.661651509712061214e-01
5.910780779903912485e-01
4.760447620536786273e-01
4.647875868461838200e-01
5.535065650198277565e-01
5.591330055951485578e-01
