6.283185307179584456e+00
6.267692176509824797e+00
2.690623594394434992e+00
1.900499284976266301e+00
2.702168288740337321e+00
2.494827583232735790e+00
2.718168030133099489e+00
2.482358017979894971e+00
1.329948327697860311e+00
3.669506078721054720e+00
1.809006233525231266e+00
3.344910227840946604e+00
3.817008236284000322e+00
2.172163555832991033e+00
2.425424138430155807e+00
2.417501865439589892e+00
2.424004176295096791e+00
1.758542494518504418e+00
1.255574454203733481e+00
7.700838672092369494e-06
3.164165119881465173e-06
6.779537712728077592e-01
7.288924105491620953e-01
1.592154523107491837e+00
8.643282554505420379e-01
8.274510740695505406e-01
7.466591873022369041e-01
7.579452271404433228e-01
8.033435769426572337e-01
6.132622557060336543e-01
7.198337273316847140e-01
8.044456280268712511e-01
8.074775645379296263e-01
7.792998004365008224e-01
