6.282876540672687860e+00
5.937474937963493460e+00
6.160994706644435936e+00
3.226482125651915833e+00
4.912685365833942441e+00
3.579047828611667370e+00
3.502041828460044748e+00
2.459600674505127316e+00
1.081240499597731830e+00
1.727062269288069496e+00
1.805153191027522919e+00
1.732699080378758527e+00
3.686466393619974191e+00
1.680456549232751007e+00
2.545031124985291271e+00
1.738744723820804916e+00
1.185757844187951826e-01
1.633936593684615080e+00
1.042655640482415436e+00
6.401590963792906930e-01
2.175043730067089953e-01
9.552872658967762609e-01
8.317292911135910904e-02
3.709057028612401435e-05
1.765514028151896758e-02
9.903033255503907849e-04
1.898656694374907579e-05
2.625855621310037671e-04
-1.031274932168842815e-19
9.410238056523748161e-04
2.104018075578298862e-04
1.742326155816918573e-05
9.755645752858732589e-01
7.257813855417569356e-04
1.050532888552404343e+00
1.409953818997145669e+00
8.388249699591142639e-01
8.815233043265153778e-01
8.065607944092224590e-01
8.340868228190273514e-01
