4.165510026249076958e+00
2.890096113273889600e+00
2.710370502271739923e+00
3.371976702065795806e+00
3.119937214458214036e+00
2.121039188925806673e+00
2.165699110156928509e+00
2.139557466761735416e+00
2.151121232199505684e+00
2.151542076017987082e+00
1.030382971064956354e+00
4.838583001833452468e-01
5.475641492898148943e-01
6.154900180157437672e-01
8.458488822539241836e-01
1.861193454523949464e+00
1.736762456970798008e+00
2.812303602123147783e+00
1.812586983894719950e+00
1.815976243924512623e+00
