6.110641077777834163e+00
1.984054934645762325e+00
1.545836451064739325e+00
2.554413111966938210e+00
1.159733119808018242e-01
1.964229176342736416e+00
9.452815823784284088e-01
8.829633947338130784e-02
6.772077045439487408e-01
6.417942537504324474e-02
5.155172631879764624e-04
1.220651431860315661e+00
1.964469039280095919e-01
3.028238540018070579e-01
1.745030971739542358e-01
4.897388717362790578e-01
1.151578169987388936e-04
2.106516502195727639e-05
1.272939690221624787e+00
1.376317454824830533e-01
1.434664604155166370e-04
1.001833878085666178e-03
-8.470329472543003391e-20
1.034218625310136530e-01
8.459488437264469024e-04
4.815318774109370210e-03
