6.144850703832696937e+00
5.263523310461880378e+00
4.289430234570867029e+00
5.118832505868462057e+00
3.219747271885800455e+00
1.870452847968776533e+00
1.054038469366768149e+00
6.063542262559756812e-01
5.890387201865571187e-01
2.863077137556526708e+00
6.265193543403020371e-01
3.139543309605252741e-01
8.320013699408781438e-01
8.124971864463633731e-01
1.482817436505401432e+00
5.993779269774370810e-01
8.856750166349558473e-01
6.310715686470594887e-01
5.933484876281234222e-01
1.890170479044770646e+00
1.646154411137803031e+00
6.449474986260764764e-01
7.866086535863219265e-01
1.502817104245880442e+00
7.353602665824851004e-01
7.606642198978186276e-01
6.964807839131617051e-01
7.846806539299625571e-01
