6.035992115227725385e+00
2.579802127817333979e+00
2.287354725860365701e+00
4.199500099051981294e+00
4.567216734511486464e+00
3.275839631618757242e+00
4.224569962849887617e+00
5.055988296989736952e+00
3.987621895599609445e+00
3.855131743526118093e+00
4.325336359271504172e+00
3.325836734058372990e+00
2.661888433020183964e+00
2.659808338571457487e+00
1.042555577492713936e-02
1.238356494445532086e+00
4.334394676417965275e-01
1.143769628905656921e+00
2.027097735836779976e-02
2.453904348308161842e-01
6.482794408621069815e-01
1.067782817749510823e-04
1.235548115978375716e-03
5.125537535558878383e-04
-4.761266653396715910e-20
1.811863617209485305e-19
5.120454358933327482e-03
5.167518363874656386e-03
