6.283185307179586232e+00
6.155551059821831039e+00
6.283171852305843963e+00
3.140510318881645890e+00
4.594558256526024564e+00
2.341361190421461735e+00
2.893080574284200068e+00
3.172219976468435121e+00
1.287489683975987287e+00
1.853882020146224718e+00
1.680171972243721612e+00
2.083522205835044883e+00
3.162462072890378284e+00
1.995431782369810669e+00
1.493210822685172579e+00
1.361698874691842365e+00
1.219840527473404101e+00
7.619437256217920229e-01
3.364660412793754607e-01
2.902961733548191405e-05
1.207602090513454780e-05
4.562051435037579039e-01
-7.362205830072597770e-17
-9.421429763360583083e-17
6.000103954836182179e-17
3.316148249666943659e-01
1.139909617047474635e-02
-7.783053657014326254e-17
1.702488660629123719e-05
4.641231080392864694e-01
4.249990529669369155e-17
1.699093291386429172e+00
1.589568902153890129e+00
1.444570351728788449e+00
