6.128037230306015104e+00
3.997039920746578545e+00
2.184687163728545212e+00
2.071428778233053603e+00
2.609934391867114734e+00
2.611703881850388154e+00
2.596211755691640644e+00
2.397737095072173474e+00
1.565862933863989559e+00
2.815033191508937271e+00
1.479235238182640355e+00
3.600968829743290467e+00
2.601166369322844840e+00
2.601204220974985493e+00
1.925918306917497436e+00
1.929717909767890927e+00
6.058299850672205049e-03
3.495411833643235090e-03
1.002147053149092137e+00
1.004636678303723052e+00
2.005855490222244075e+00
9.997384101132861245e-01
1.001534585533696120e+00
9.987051393526992227e-01
1.000460069592318479e+00
1.000840777197526732e+00
1.004222399800837717e+00
1.004228439965914710e+00
