6.281354445211268178e+00
6.269502515921337782e+00
6.260821025410393759e+00
6.281111997068022923e+00
3.306927458341939907e+00
2.810479544628186055e+00
2.005183125389756515e+00
1.775527157346501461e+00
1.586163916519740757e+00
2.776658803914648921e+00
7.028543299718954529e-01
2.656517646729589788e-01
7.763059334830317848e-01
7.272411291081909424e-01
5.778238645878954749e-01
5.195073771245469763e-01
5.194632739701925406e-01
5.125728495470406321e-01
2.444935104000151238e+00
5.319665273149055684e-01
8.140940570372939833e-01
1.544366255035375168e+00
4.554561668497291715e-01
1.809877593990769196e+00
1.513401908751115910e+00
1.509298097706422093e+00
1.695742601064719191e+00
1.442742709969353498e+00
6.763061557419737246e-01
6.481132294728921828e-01
5.996645437001595358e-01
7.547463939266325639e-01
6.683031831432344472e-01
7.247689574513506150e-01
7.245532302099854105e-01
7.246813594020004023e-01
