6.277787393854874054e+00
5.881999605058497060e+00
4.945469495754321265e+00
2.264239164693131912e+00
5.590821203216429502e+00
4.355227741694336352e+00
1.507220737370534192e+00
2.843924648576268144e+00
1.472554526617015691e+00
2.597710895703713607e+00
3.028870274144910724e+00
1.413533847866152326e+00
1.343531215341912333e+00
1.398995646048080799e+00
7.559479669544350022e-01
1.569910901719708332e-03
3.885780586188024380e-20
1.197953362643721098e+00
3.086993707013921728e+00
1.385571762342389324e+00
9.933078141529450011e-01
3.497007291152292585e-01
7.849791886823398457e-02
1.874513281751336358e+00
3.608365732543639681e-01
6.435824645150391987e-01
6.599535930678260831e-01
6.938933916279691472e-01
