6.207569991286269406e+00
4.499350384592201380e+00
6.283185307179588897e+00
1.831191740342568375e+00
7.343009007257633725e-01
1.702673339387370754e+00
1.013560294332911393e+00
6.933036666417273786e-01
1.607493707486980616e+00
1.690754473059909779e+00
4.456745249507032547e-01
5.800426568916923209e-01
8.334940161920939561e-01
3.708906518274978081e-01
5.692485668743723082e-01
1.253949428729685400e-01
1.272537437877169886e+00
1.339251730292622788e+00
1.339278555022917816e+00
1.805296826685549583e+00
1.545973234689878240e+00
8.426269223907598693e-01
6.654902687295222163e-02
2.730630186367621004e+00
1.365694166001779342e-01
9.575853635372535422e-01
5.184580095112489850e-01
2.464323834259006807e-01
-3.049318610115481221e-20
8.228448800913414344e-07
2.370238740172673775e-01
6.596269888084367317e-01
5.247404842110982015e-01
7.139432468355036976e-01
8.406182043717328467e-01
9.094663979171878632e-01
7.688767677575299997e-01
7.688863311434902537e-01
