5.754359777685708721e+00
5.351120704989221544e+00
3.930425000971712102e+00
4.981684539347645213e+00
2.164295164379256509e+00
2.206833805429541329e+00
1.185355794744167079e+00
9.771538435292419500e-01
1.256307532317892939e+00
1.956326972352660398e+00
9.870761121655664549e-01
9.599835548375414973e-01
1.569228794754376599e+00
9.420089139083709373e-01
1.047986717328625250e+00
9.343443218314096965e-01
9.430398693477262118e-01
9.044016112066862734e-01
8.619278610161864584e-01
9.022477960300568922e-01
9.418282927599453958e-01
8.914745893132499654e-01
8.869434550867674183e-01
8.840113957499369235e-01
