5.877471813081796448e+00
2.670385917586318048e+00
6.030072409624179564e+00
2.621469829651222605e-02
8.710491625176265407e-01
1.947639463827651518e+00
1.198439219245449605e+00
1.091640472227107583e+00
9.088828149164034365e-01
1.991183351231075260e+00
1.084489866317805751e+00
8.025268257272863970e-01
7.506572882684799941e-01
2.267436915417952115e+00
1.842089998441657439e+00
6.064644603574255444e-02
5.782891245276292058e-02
1.520294950362844899e+00
5.534091061004765555e-01
1.679587054272356217e-01
1.124419882228306911e+00
2.597229921691253107e-01
3.086681278960973218e-01
1.847763231728527522e-01
1.141929300180873241e+00
1.143632779048266102e+00
