5.683921103142728803e+00
3.966237240942553477e+00
2.462711339866447968e+00
1.998846353167957890e+00
2.532660050734024448e+00
3.004977309978576372e+00
2.132647046082444486e+00
3.106677513565527793e+00
1.062876232714594416e+00
2.074332769437863710e+00
1.098809561822571057e+00
1.013583185265659381e+00
1.014513928253772956e+00
1.917842054665060525e+00
2.091748911730040295e+00
1.371755859189331961e+00
2.323554532719958488e+00
1.452336619461892742e+00
1.553439179810971682e+00
1.890236165588592421e+00
3.108655210537242919e+00
2.052091686195359976e+00
2.091721237208120421e+00
2.074030273443391081e+00
2.045558719622380561e+00
2.045591654028336759e+00
