4.472182161335663153e+00
3.798837858130442946e+00
4.323289710343080294e+00
3.220485499340691060e+00
3.582281930773302925e+00
2.628844901495258402e+00
3.063242090961700193e+00
2.102751387081411849e+00
1.709173056544888603e+00
1.933623528599301311e+00
1.956559609950309309e+00
3.942077387852696013e-01
9.673304478517467109e-01
-1.333615206361500863e-17
1.372333111878264080e-04
2.771779874460127531e-05
1.144106410366564968e-05
1.106601991028023580e-05
7.662187863512950751e-05
7.120041340736542634e-06
8.383336102019977001e-06
6.404867049827271501e-05
