4.959171415880891054e+00
5.328136881291480442e+00
2.535707540071572286e+00
5.528799660366756630e-01
2.453979710819008897e+00
3.951690646362920889e-01
4.152039463469883174e+00
5.350998192444587076e-01
9.709410021224612608e-01
3.262843823322116310e-01
1.204953218279619209e+00
3.406702042192896740e-01
1.351207455551383996e+00
1.856704824729587533e-01
2.631289141352790018e-01
1.209245899738577767e+00
5.615092137583344023e-01
9.602261309173815845e-03
6.462489109221041250e-01
1.411347990476660375e+00
1.602091098897294064e+00
1.004974496707854437e+00
1.398454458136409902e-02
5.598943889125525958e-02
5.193485420307566297e-02
7.238351336923905298e-04
1.020887721820717790e-02
8.694812450919798819e-01
1.261620511993400903e-02
1.975940208566105347e-02
