6.283185307179587120e+00
3.836564573304043435e+00
2.341510780092928901e+00
1.938228714270798569e+00
2.424961295278215356e+00
2.830635305368734755e+00
2.042718216879710447e+00
2.939081358269795441e+00
8.464336432781779385e-01
1.989306710224777452e+00
1.073402486432055936e+00
8.638749485645365045e-01
1.107756374026465984e+00
9.315812275293439138e-01
1.846800627486950175e+00
1.953112125260207055e+00
1.331268963167038022e+00
2.047843288807468465e+00
1.329182894124459446e+00
1.540843875077715586e+00
1.752646407472326029e+00
3.094871561952371231e+00
1.880205275979325741e+00
2.049258569551768883e+00
1.948571967542991779e+00
1.923065507459368106e+00
2.017635667799739796e+00
1.999021614183590367e+00
