6.280942833778280665e+00
1.096721774313453857e+00
1.286900283326628092e+00
2.652926689881545119e+00
4.566893953862528610e-01
4.364908992646350239e-01
1.353651031577872921e+00
4.289175342616448061e-01
1.341136317790013521e+00
3.271497354399759971e-01
1.076798093659973032e+00
6.071527851632433359e-01
7.779255143419107066e-01
3.717506317852923431e-03
1.918128969943373452e-01
2.111271031901189588e+00
-1.064934987374501411e-20
-3.155462002801816063e-19
6.216004099163915594e-04
1.762504753786254142e-03
