6.282779310921046800e+00
5.302759012296580643e+00
2.534984764618082753e+00
3.631319882513820652e+00
2.341932479657608202e+00
1.143014797038164554e+00
4.413288723647854184e+00
7.870789002644515975e-01
2.129597031129760953e+00
5.583918017299465131e-01
1.170011018758124965e+00
5.087724722469136873e-01
2.583108335930426769e+00
4.781426756258129740e-01
3.294959896302733782e-01
4.253042969982129828e-01
1.825545983605328382e-01
1.825722894013470932e-01
1.339039817100022400e+00
1.643648789949357258e+00
1.055253830220097416e-01
7.955004649797107197e-01
3.683930077726522256e+00
1.481794913340006570e+00
9.790060777539398851e-01
5.536819383645134995e-21
3.839143104262882487e-06
1.155703648661603689e+00
2.913338656954886125e-04
3.078880045636685388e-04
7.166129587892532404e-01
-9.147955830346443662e-20
-5.941861739282384589e-20
1.806971973468879850e-05
-6.820575020049471050e-20
-3.104406510640624037e-20
