6.275779214274761486e+00
2.792496971290328922e+00
1.853235346784892768e+00
2.545290524300466650e+00
1.122746309037353752e-05
1.728951700309435457e+00
1.853478027133341755e+00
1.157383322202597320e+00
1.024025689652188209e-01
9.195498299303397349e-01
1.875578523797381658e+00
2.646687533374804668e-01
3.387064048272774430e-06
1.017340251825519237e-01
2.692220404050399071e-02
1.355252715606880543e-20
7.606530979125262007e-03
6.560405329481224790e-01
2.175781517203014825e+00
7.443664665323390661e-02
1.074963867258225791e+00
1.786718442044824606e-05
8.532408668732939239e-01
4.966037544040393104e-01
2.710505431213761085e-20
3.388131789017201356e-20
2.710505431213761085e-20
1.016439536705160407e-20
3.743576841464867910e-01
1.942064291451168123e-05
2.710505431213761085e-20
2.890765042910096172e-01
5.451098108804421804e-05
3.388131789017201356e-21
