6.283087831906200904e+00
6.268110008760008789e+00
4.261249975191675254e+00
6.283146308824199444e+00
3.306952045219543557e+00
1.809698673943909153e+00
1.005613245833843594e+00
1.532832692295272414e+00
1.598389939308203722e+00
2.783309341390665104e+00
7.153290894514845455e-01
2.774212679517044644e-01
7.889035737610867738e-01
7.395937394604541470e-01
5.892626807166303493e-01
5.286213084716577804e-01
2.458391033258426006e+00
5.487445501463161790e-01
8.284897887641770042e-01
5.510195049567055969e-01
4.748225564387469899e-01
1.824823844852436094e+00
1.551123808537574256e+00
5.136491915906217232e-01
6.905383825975685008e-01
1.447516656431054427e+00
6.762608477940232898e-01
6.480878463676775780e-01
5.999524274121387224e-01
7.548049687301709998e-01
6.689767626598770445e-01
7.246222657768891517e-01
