6.144479555448154606e+00
5.262087026333601258e+00
4.275406048519323932e+00
5.605572478094930311e+00
3.189093151612837129e+00
1.869402091180401904e+00
1.020736811647031228e+00
1.607565372018311178e+00
5.788334133992907304e-01
2.837748691956810898e+00
7.819524200006318093e-01
2.994099256098232131e-01
8.031694826450195279e-01
8.065693225081094209e-01
6.143459126347580179e-01
1.453584132538766616e+00
5.720293027791290008e-01
8.782906942854823429e-01
6.048547704276571180e-01
5.808459988044238909e-01
1.876254412132414284e+00
1.634459510751337330e+00
6.081088710950991461e-01
7.681660800853177262e-01
1.499559933271372714e+00
7.022300030952085548e-01
7.283718337487421479e-01
6.822085995733386810e-01
7.628609344459567065e-01
7.580696053755470176e-01
