6.283172469400292393e+00
2.959934372501291655e+00
1.746181859055632835e+00
2.155360650259916522e+00
5.231180289445159818e-06
1.396593042609405977e+00
1.670244875317889122e+00
9.254998204709189435e-01
2.027234005385555315e-01
1.153127811629597987e+00
1.663865636418955241e+00
4.937986633322626884e-01
2.701122240639022287e-01
5.998208297954770174e-01
2.253541886768284930e-01
1.146455713193796466e+00
4.196743945333317183e-01
1.352677763917638221e-01
1.278001133142207812e-01
5.163406055373930270e-01
1.882056938140123314e+00
1.373084071413894547e+00
2.503184650664247446e-01
2.585877295135822834e-05
2.071436730090389644e-01
2.590749242191834993e-03
7.226650456693509139e-02
2.652951608999021271e-02
2.798745086023292491e-05
2.372190103284732790e-06
5.238484879038832198e-02
1.295762590975947357e-05
5.507962076889610231e-02
2.186973906516769678e-02
2.862516740008774020e-05
2.644273682774442504e-06
4.974774067787539611e-01
2.572219429900371532e-04
