6.281366276874404520e+00
6.283123417254256715e+00
2.599341772316218879e+00
2.476568981618200382e+00
2.863983942835502283e+00
2.326117009118946033e+00
2.351013817548711859e+00
2.405010119399643376e+00
9.918826819795560912e-01
4.800842540113155366e+00
1.693283484319491938e+00
3.265408590361681185e+00
3.359817934474458756e+00
2.386669116871638074e+00
2.484669931719206026e+00
2.534614360062981575e+00
2.351288528328989269e+00
3.346234720827024223e+00
4.388806928964779530e+00
1.166811086538137365e+00
1.482015310351288750e+00
3.303429787947952806e-02
5.947563558966040835e-06
9.486940635128118249e-01
4.228005825021793340e-01
1.364034840467142073e+00
4.616117685223043443e-01
3.465437861468420588e-01
2.971415853026505571e-01
2.870793917365074277e-01
2.312574273722356744e-01
6.695466375390171643e-02
1.031978913592415559e+00
2.506245583352667561e-01
2.226651046124330235e-01
1.040223857044052513e+00
1.416029337627038531e+00
1.401421199239415882e+00
