5.188882458461402614e+00
4.790500408677029753e+00
6.253688250409822125e+00
3.163605350363638991e+00
3.368462905295670051e+00
2.635365585973684421e+00
3.044860183965730549e+00
2.065624952952537896e+00
1.650331845198766523e+00
2.226041055447403050e+00
2.017631344331547005e+00
1.927994558323207430e+00
3.027852431154927970e+00
1.900850400993240763e+00
1.903522501247309151e+00
2.988132996607526515e-01
9.910567658980589112e-01
1.177245957787523452e-02
4.211249529373132378e-02
9.768221789539679456e-01
3.411517080960706216e-03
1.772443842479070122e-02
1.465036671539455389e-05
3.326041987218651685e-02
4.341873885303233066e-02
1.125249520608060522e-02
2.929302235770175249e-04
7.896341187038246787e-05
1.739249641548183331e-02
9.877176868340848959e-01
