6.000846075614709285e+00
6.283185307179586232e+00
3.962139807455818286e+00
2.527502830078235174e+00
4.553342764452360747e+00
4.854985901911162749e+00
2.186508176614715637e+00
3.126138636007526284e+00
2.151059077061183711e+00
3.220524312151756163e+00
3.325766584391181002e+00
1.770907159899996364e+00
8.532023053464614648e-01
4.597376602369141613e-02
4.565868095283959205e-02
1.873335332826250310e+00
3.332265333618319669e+00
1.765556737901276430e+00
1.103181082229069743e+00
8.154678065622572580e-01
7.139150276525254579e-01
2.223909745345411526e+00
7.068039213304186941e-01
1.090403821038293142e+00
