6.283185307179585344e+00
4.723200834238384438e+00
3.566674187157778064e+00
3.245567377393708597e+00
3.091122189661231978e+00
3.250082364535572754e+00
2.005522917088768065e+00
1.851979015578187004e+00
2.109818820068684708e+00
1.987557412723674366e+00
1.858288119833246821e+00
1.980421171850858419e+00
1.962037872033260077e+00
8.950130266422948733e-01
3.329945360316042269e-01
3.640550457346612423e-01
3.511724935983437379e-01
1.942030451671304281e+00
1.639931617937809394e+00
1.459619743946343640e+00
2.656752782186325046e+00
1.500440579948743913e+00
1.767401353218537752e+00
1.629435574214064930e+00
1.638341780846268358e+00
1.491483316404432991e+00
