6.161612732328704212e+00
4.895385612903783823e+00
3.713109435448309181e+00
3.356710247144466308e+00
3.095027455892982005e+00
2.127230304170419473e+00
2.154911467605202802e+00
2.130919473290231458e+00
2.146195475948630360e+00
2.142972795253323515e+00
2.143363430219640264e+00
2.141343500594516502e+00
1.028773866560625194e+00
4.983389270428102424e-01
5.639487601287652696e-01
6.110698239402430065e-01
8.458812380584439516e-01
1.893566703316049038e+00
1.767100391104953427e+00
2.810724851588577433e+00
1.814632888072812200e+00
1.814382337845915627e+00
1.818599046811788300e+00
1.810902412142770368e+00
