6.283142467432829115e+00
6.268432573605120517e+00
5.261023811908809300e+00
6.282658758914602792e+00
3.306807062808899467e+00
2.809855847002733942e+00
2.005329576297539607e+00
1.775463724547184263e+00
1.586119667475926143e+00
2.776732143050525181e+00
7.031175175163512092e-01
2.651287508189226205e-01
7.766348737962684989e-01
7.272124604434987427e-01
5.769984298818735535e-01
5.164319167460394988e-01
5.163434084156389714e-01
2.446213161424031224e+00
5.364017304602092251e-01
8.161541098519298210e-01
5.362541237965033902e-01
4.589183050471524750e-01
1.809861102244354703e+00
1.507192977660843924e+00
1.501562115767395067e+00
6.957537571672454124e-01
1.442620289307590786e+00
6.763457601499414107e-01
6.480512590850554533e-01
5.998413232245436433e-01
7.547367542857534861e-01
6.688974048226494773e-01
7.245336299042768324e-01
7.245692855093960327e-01
