6.149724160118974936e+00
6.243358901467837896e+00
3.276564073221285955e+00
2.506561785098204709e+00
3.413465784754246002e+00
3.840141177899923264e+00
1.670047200518828490e+00
1.225547103744406563e+00
3.226549624467262678e+00
2.738900230583140250e+00
1.488624808848617143e+00
1.532537780475778044e+00
1.594528977654728230e+00
1.811453476788024819e+00
1.378566530234769161e+00
1.426460047689224186e+00
3.015539205412305357e-01
3.602973497460901925e-02
2.708692038763030330e-02
1.004782408127619653e-01
1.299231299063805745e+00
6.057955021776201265e-01
1.332574819535975896e+00
3.345588330538360022e+00
1.162542558664901193e+00
1.425276148453252123e+00
1.639704754159962308e+00
2.133489213621285074e+00
7.538496309142233009e-01
1.418556665437692432e+00
3.295471910846385466e+00
2.323486928549133523e+00
