6.283185307179588008e+00
5.253792764970641294e+00
3.653400909992929879e+00
4.382046464540596986e+00
3.244273215983126235e+00
1.901233837818855132e+00
1.082588425548089539e+00
6.359102115825120416e-01
6.287417571849979181e-01
1.858701483664729537e+00
6.615327870021209256e-01
3.577932833580488303e-01
8.421461871926299025e-01
1.509697778284197822e+00
6.192862349626583329e-01
9.283775114063135270e-01
6.675641278813583268e-01
6.212468943992581760e-01
8.893607658999626020e-01
6.445128254804459722e-01
6.849570998768206298e-01
8.036349348272263660e-01
4.780034710241279905e-01
7.965764803695510876e-01
8.299487697770957517e-01
7.884943535575485996e-01
