4.757939834821462100e+00
5.358715574319677266e+00
3.933422454874182517e+00
3.973178143018027519e+00
2.179358695693503822e+00
2.207471000222404722e+00
1.185874830639296551e+00
9.729677250506436614e-01
1.254659070624043915e+00
9.550676731580053369e-01
9.640370341496221629e-01
1.570421136606040102e+00
9.450898636251460205e-01
1.045541116429572259e+00
9.377484777610376465e-01
9.491964483427227650e-01
9.057972392753786961e-01
8.694474631532079778e-01
9.091179022254852748e-01
9.468011532082410975e-01
8.894257553188006371e-01
8.749157262748100683e-01
