4.877639891063139999e+00
5.284910827744206507e+00
2.550920108744468617e+00
8.408571355538754788e-03
2.220211042972760840e+00
4.085304096462023526e-01
3.071399863180061196e+00
5.547812230470173800e-01
8.180653368829513550e-01
3.047100351491786041e-01
3.047480183484278515e-01
3.046715553509963814e-01
3.046857930840052298e-01
3.706884137745887421e-04
6.910441313743433955e-01
8.928796701641040752e-04
6.065041589262893940e-01
1.064254587231197036e+00
1.000775677221773519e+00
1.014871503343603765e+00
3.322943924692168887e-05
3.154038627401263388e-03
9.157484860619511877e-04
8.727773393970293973e-04
8.486134011572681176e-04
8.807289091126188456e-04
