6.283185307179586232e+00
2.886778089374225420e+00
1.878609254339580259e+00
2.627956844910929401e+00
3.059038155307771751e-05
1.773046900018574457e+00
1.950374165487148259e+00
1.528958171967401414e-01
1.442817220828853664e-01
2.192570874168231747e-05
2.007659155433112907e+00
4.139697895981021003e-01
4.046561424569265764e-02
1.970418199795555270e-01
1.637121600054030346e-01
1.238769280020085711e-01
7.135238294325872976e-01
2.279140039035276288e+00
2.221013202262528963e-01
1.197537013440987508e+00
8.182489455105537712e-02
8.565499895931081298e-01
6.215425512277797937e-01
4.300538811198162392e-02
1.205824563882735417e-16
6.830160254991368696e-02
2.309991610825143371e-02
5.084082599318379136e-01
1.274707653541383109e-16
7.246117551299725347e-17
5.000240627935237381e-01
1.554313355928140391e-19
