6.283185307179586232e+00
5.315665884761537008e+00
1.658393352744734095e+00
1.943447386264032239e+00
2.534757269886515285e+00
2.675540082339773917e+00
2.674702040394823399e+00
2.500616282068016893e+00
1.370648793942625288e+00
2.730887246659770007e+00
1.365257099626271398e+00
3.391134181715367291e+00
3.635093069558013035e+00
2.239412620438076651e+00
2.456971131766870542e+00
1.792324235079884920e+00
1.294030613352712855e+00
2.237157000473373071e-05
-6.780986164102790991e-17
7.201939261898849809e-01
7.710552109610696592e-01
1.630977015912484784e+00
9.140519139461485976e-01
8.673535165277844738e-01
7.901222958419330533e-01
7.683325908931368797e-01
8.299412282468715540e-01
6.297779137789691895e-01
7.662434074609777435e-01
8.278736103016316461e-01
