6.283185307179587120e+00
3.529343823722353779e+00
6.112205177615471108e+00
2.139248400483415136e+00
9.041037255213825174e-01
1.723261365362027009e+00
1.016137127551782759e+00
7.936419713349900373e-01
6.551896906810592558e-01
1.761662725386479389e+00
4.723813632812519647e-01
5.878052648327648511e-01
9.556366117021007911e-01
4.678017529722680035e-01
4.138448223759976785e-01
2.475177800729139177e-01
1.255688438124759276e+00
1.830474934486899352e+00
1.507395749236153604e+00
9.230801308531945137e-01
1.569782888998019765e-02
2.718740612652714717e+00
-1.019771200492673793e-19
9.458238552998605719e-01
6.029613479985028723e-01
-1.179872486823613658e-17
-4.134524165759521265e-17
1.201979706396165994e-05
3.474821489248588469e-01
7.362502109962086871e-01
5.445145393707531145e-01
7.298580997114372249e-01
8.495402608012275758e-01
8.801912601073130782e-01
