5.128049253330328128e+00
3.997087783232001534e+00
1.184700212116568396e+00
2.071481132236455025e+00
2.609903110978175622e+00
2.611685783055758936e+00
1.596197612206561089e+00
1.642559789091569078e+00
1.616307473695952401e+00
1.815045942980787474e+00
1.479235129479947730e+00
3.600945201024694509e+00
2.601195136653163598e+00
1.925927425214349009e+00
1.929700609413861567e+00
6.063331726097982884e-03
3.526907095145738209e-03
1.002145449670068356e+00
1.004643008924519743e+00
2.005877660672996221e+00
9.996895306101309941e-01
1.001495342300802838e+00
9.987386169350750409e-01
1.000417501182539359e+00
1.000820266726625274e+00
1.004226337393049562e+00
