6.282340048474659433e+00
3.532732825677569632e+00
6.114140065685623071e+00
1.133185044188551593e+00
9.078218275943223947e-01
1.731250326163326747e+00
1.022684999088941948e+00
8.009080111122959256e-01
6.624997576035593916e-01
1.767930516368249272e+00
4.755428418388684686e-01
5.913194507000397726e-01
9.635191318565369256e-01
4.722739960865545705e-01
4.189096692228567176e-01
2.527747171923305780e-01
1.870061180832342629e+00
1.508635340520053880e+00
9.308647985226915500e-01
2.166474621026564032e-02
2.759200795349929791e+00
6.097929830169247778e-03
9.567736669475499500e-01
5.803362063888152234e-01
-4.223421036206785722e-20
-2.682554527241785474e-17
-9.239757316617598236e-18
3.539611675011087311e-01
7.449290171695832630e-01
5.604520268969445107e-01
7.457013542896926417e-01
8.578030901934904362e-01
