4.705824182084557883e+00
3.975003254884923898e+00
2.466456507431654011e+00
9.877241836724466317e-01
2.057040958343161474e+00
2.017254848204793838e+00
2.151777786280258731e+00
1.090304548130077711e+00
1.086349442810377486e+00
1.086367922605781855e+00
1.947233446149377656e+00
2.096443609949995679e+00
1.408814618378033234e+00
1.356443206829288206e+00
1.458606112132554644e+00
1.581943809106308496e+00
1.916384803664355374e+00
2.093271955574321996e+00
2.095371407554224685e+00
2.095265134345432489e+00
