4.870955783581093712e+00
2.665829953341295244e+00
5.978557808267034090e+00
-1.082467449010456116e-19
8.907929806064387446e-01
1.916081476019966701e+00
1.151430930067797398e+00
1.104611057388578788e+00
9.073955926748729084e-01
9.779380645994609766e-01
1.096678270452435155e+00
7.718213400739249996e-01
2.285679500299181655e+00
8.755178901243412248e-01
1.559210842232733210e-05
-7.737970228928826729e-17
1.556299544473251473e+00
5.888866970989740102e-01
2.229093507491649029e-01
1.156148051551248113e+00
1.617432911793548755e-01
1.316131603958196894e-01
1.931115474837826473e-01
1.151551353485702922e+00
