6.282809916401236983e+00
4.688681445665704217e+00
2.509920224327997218e+00
2.051163694236316282e+00
3.685994459148426383e+00
2.958972781518161899e+00
2.144722153420101751e+00
3.173351548000885369e+00
7.034750486359605537e-01
2.084907585158715548e+00
1.039307960756054028e+00
5.009002026786596451e-01
1.221278712172166658e+00
1.197146575333086771e+00
1.064383260569729428e+00
1.064110130359287698e+00
2.051785937492467848e+00
2.086640404601668219e+00
2.531449565451557415e+00
2.033742087989132585e+00
1.313753876176627200e+00
1.527665897009799378e+00
2.750797318324547991e+00
3.280172282140193740e+00
1.854269934816529242e+00
2.056057579771594757e+00
1.958161130801249650e+00
1.927599856210763463e+00
2.012085835893628438e+00
1.995711203999515737e+00
1.981267611849005350e+00
1.981266466682935823e+00
