4.217829913599053349e+00
4.789866748579005851e+00
6.074993819275001705e+00
3.206634488015693396e+00
3.535800760807642273e+00
2.633147126937166682e+00
3.056426637190811313e+00
2.085291940573820391e+00
1.599027025933663637e+00
2.161094403035575873e+00
2.037524868497991193e+00
1.933790456905863930e+00
3.037761990250297917e+00
1.886375435028841530e+00
3.231467231749449720e-01
1.015059415842358037e+00
1.511191557773220936e-02
5.046977999191960829e-02
9.735881681841032087e-01
2.221182158402364507e-03
3.967149931016414463e-05
2.950995727836657357e-03
3.130645822861607047e-05
6.815612641883420086e-02
2.921652986144166950e-02
4.897151050150905325e-04
1.579664347966583179e-05
4.401549112166558241e-19
