6.141398354393323267e+00
5.354403212716836613e+00
4.787300818753740472e+00
2.633991405776399120e+00
6.283185307179587120e+00
6.283185307179587120e+00
3.261420782418800179e+00
2.737128866983873365e+00
9.784165562499124169e-01
2.376117254662336364e+00
2.574457270038017054e+00
2.095538188477072516e+00
3.037062285703493458e+00
1.106548107472587139e+00
1.181973717201472818e+00
1.190645071695268342e+00
1.035977132174269677e+00
1.084594472091972239e+00
1.061936306733488600e+00
5.466897412650110200e-01
2.707454691070923774e-03
2.719036742918278741e-03
9.311717959557924695e-01
3.556720688790776297e+00
1.357191302130956512e+00
7.699142797429756602e-01
5.394130850347499812e-02
1.035851741446571994e+00
1.358407168970142465e+00
1.122869167964794107e-01
4.666608614830585200e-01
1.064567462708690057e-02
5.495136994615873460e-01
1.748235773421602801e-01
2.786810561905190275e-01
2.345159914565749515e-01
3.837289852006812718e-01
3.431499493425630432e-01
