6.283164573898786465e+00
6.175825983583917989e+00
2.644586452996518400e+00
1.500832877277213040e+00
2.880142896326953306e+00
2.253876192905102105e+00
2.315185372500311978e+00
2.382120006945859902e+00
1.024322202760518108e+00
3.796099233485132896e+00
1.681819797865736099e+00
3.291369021960580898e+00
3.341421884375166407e+00
2.329498631921757212e+00
2.444460716407163225e+00
2.379021942063414219e+00
2.422616266604940005e+00
3.415426733827986450e+00
1.120317182647254217e+00
1.479757976989737767e+00
1.827678829526421193e-04
3.772937783110898472e-04
9.493316006541484553e-01
3.920862167639172502e-01
1.446336008287766761e+00
4.321907828042646504e-01
3.594529570335067703e-01
2.943882555668511092e-01
3.307422842608573887e-01
2.124541205691179713e-01
1.542643164402100753e-01
1.026142661216276730e+00
-1.815533791658085195e-20
-4.658681209898651865e-20
1.109936075616628992e+00
1.468698881066354600e+00
