6.283153464397241983e+00
2.629045585821875530e+00
6.255096635274965067e+00
6.958248987380029078e-04
8.631398457663966850e-01
1.915559602131125860e+00
9.983396303436974373e-01
1.025058387347004940e+00
8.144460190609845718e-01
1.947087709698062996e+00
7.248678740568830214e-01
7.283602114290904650e-01
6.138598702136350838e-01
5.875247901605522571e-01
2.224278636544499754e+00
1.700274348349179121e+00
1.058705066884631618e+00
1.383364464574708338e-03
2.625333566248109651e+00
2.779712485137335598e-01
-1.524659305057740610e-20
1.003111245228143433e+00
1.266158574287749861e-01
1.701674643672141107e-01
6.071051799615030653e-05
8.114034533839890040e-01
8.899236971278928765e-01
9.032513039867623439e-01
