5.955072336032902314e+00
3.684883913876883632e+00
4.506141878655250288e+00
5.119751762758977698e+00
6.282425168704666163e+00
3.213021299164284361e+00
4.494929356420689359e+00
4.835614155805882497e+00
4.156886848159460079e+00
3.870511544840726348e+00
5.292864319429834374e+00
3.458188121507037582e+00
3.494127300573390826e+00
2.649242799194442721e+00
2.809600107763213117e+00
2.603896195730344587e+00
2.618025728296535792e+00
4.567492323309604196e-06
1.217171244985279843e+00
3.825419668728043399e-01
1.114794479224325618e+00
7.278902969568844250e-02
1.755282792725280927e-01
6.037584574954782957e-01
1.365440288007442051e-04
1.831040257144411765e-02
3.097045048975855745e-05
3.217529012387141014e-04
1.482387087762618121e-02
2.428200863465043366e-02
2.400694904900135357e-05
1.315878918449356425e-20
-4.108942578310642189e-17
-4.109980017880259406e-17
