2.877650819849681074e+00
4.284895379904708257e+00
2.551065460213358893e+00
8.310750769858271311e-03
1.220293319455486580e+00
4.086261912257182494e-01
2.071458876226668799e+00
5.548488296072515702e-01
8.180619895898442184e-01
3.047457581387897907e-01
3.426897492953011844e-20
6.910411315278335298e-01
9.412093434551602883e-04
6.063385174226532115e-01
6.427912733151328051e-02
7.679361401406805147e-04
1.500844356754288400e-02
1.209362328463827310e-05
3.179591657327464002e-03
8.951207129027691613e-04
