4.219223379691492859e+00
4.759659146909904770e+00
5.259486447591117830e+00
3.294355519816294819e+00
3.584270005958297922e+00
2.662158328210522118e+00
3.068361799304352378e+00
2.117891914961745226e+00
1.685695085357037160e+00
2.011106907126971155e+00
1.945998036293731692e+00
1.891368380465974441e+00
3.318512334466334757e-01
1.021150782555934056e+00
1.787325575216364842e-02
5.479965693309730296e-02
9.755907825870088201e-01
7.326021128864713440e-03
1.110223024625149823e-20
7.007506433537698948e-03
4.200256372770209100e-03
7.573143623021298676e-02
2.973858339253720659e-02
9.847147043617165540e-04
