3.814510958233242821e+00
2.658825379324576410e+00
6.115677709260476824e+00
3.689459320892428049e-03
9.322082110815683720e-01
1.996656990246084895e+00
1.073542421691979998e+00
1.038871941032412760e+00
8.667980808055713027e-01
8.650712771224611242e-01
8.604868845724278348e-01
1.840909130569737817e+00
1.022367188059678522e+00
4.366490693967622623e-04
2.260762169946061166e-04
1.664306030770401845e+00
2.850703605318996581e-01
2.539910525840552991e-01
1.305520836339945534e+00
2.796876916050770601e-01
2.467587947608929078e-01
2.460548035821005508e-01
