6.207592267417393117e+00
3.499349475140582921e+00
6.283185307179585344e+00
1.831205789524394945e+00
7.342907696071554469e-01
1.702668583041164529e+00
1.013552446077668145e+00
6.933038501752774030e-01
1.607497617773302245e+00
1.690763143961301784e+00
4.456558791968569522e-01
5.800485232566903182e-01
8.334817659339186502e-01
3.708924465634599876e-01
5.692641699786485932e-01
1.253840560553883265e-01
1.272556711107337701e+00
1.339278586995539477e+00
1.805277618841578224e+00
1.545925955727315948e+00
8.426168028661609188e-01
6.656761842738748158e-02
2.730606739064088906e+00
1.365923011051395908e-01
9.575802538219156945e-01
5.184496871893536918e-01
2.464271369203090423e-01
5.685327082280615025e-07
-1.094084967553977649e-16
2.370188939759136082e-01
6.596218900825747689e-01
5.247391273000927558e-01
7.139796017313305709e-01
8.405974844056346429e-01
9.094920849914461813e-01
7.688933659181902414e-01
