6.257747693041110892e+00
5.869640725571642292e+00
4.969360132052475620e+00
2.268732535898936753e+00
5.571800029969371515e+00
5.359439088284037922e+00
2.499377392547214694e+00
2.860067357625769802e+00
1.431421290686027081e+00
2.560042792822128543e+00
2.996454467750687023e+00
2.390643758411231001e+00
1.371151102198352012e+00
1.414654766404887409e+00
1.427759717393473515e+00
7.730276516559105859e-01
1.330942482055382913e-03
1.290411867569417554e-03
1.261411630294012154e+00
4.105111425254247770e+00
1.390339473589790709e+00
1.000184694701569121e+00
3.256453503982523756e-01
8.042855972364719441e-02
1.861814048310471703e+00
3.404826121862016830e-01
6.458761278429316910e-01
6.343320453801626346e-01
7.018916266025961859e-01
6.661695710616591937e-01
