6.034953318894265450e+00
3.736050779098736729e+00
4.817614708938410040e+00
2.214540655616588971e+00
2.560085730231066670e+00
1.321769123484082487e+00
2.355409650294780999e+00
2.636497138492216230e+00
1.026983377965446032e+00
1.233605000364525806e+00
1.563910266203262234e+00
9.521570330835837925e-01
3.382285372263207088e-04
2.271110022047110988e+00
1.714178976441897539e+00
2.892589754240497246e+00
1.760403540985294724e+00
1.695195266477832030e+00
2.922512353917972927e+00
3.251378929452582778e+00
4.305826188176816949e+00
2.746593899492231650e+00
