6.283185307179586232e+00
4.786774758818391540e+00
5.892959392705877875e+00
2.061913932768173474e+00
2.111562279098491146e+00
8.787272273435595693e-01
2.502332501527475106e+00
2.318696715766879635e+00
6.249173606411561055e-01
1.189115449611099606e+00
1.235022318952818665e+00
1.659138694487415355e+00
1.537679650993250213e+00
6.839959957980191740e-01
7.541974926161248982e-01
2.437728548406676854e+00
2.529450560020905847e+00
2.826279967536886151e+00
1.770597065318015861e+00
2.468947105659121011e+00
2.562827872975613097e+00
3.171534493652333531e+00
3.822511257949938290e+00
2.075974769356146776e+00
2.367603612486638198e+00
2.389010086484568696e+00
