6.274240590064628087e+00
5.085609871779888103e+00
1.251527001846094722e-01
1.233997226289405003e+00
1.399972268329308767e+00
4.218497667899846704e+00
1.181663848414073348e+00
1.185025756889851234e+00
5.263175901147824076e-01
1.005774063590289868e+00
2.833310158468011486e-01
7.224034233185273879e-02
5.031118941695980062e-01
2.043311768152140218e+00
6.989869323286656000e-01
7.916239995137225316e-01
8.021001895857897690e-01
8.078478810494751361e-01
1.167391287304569997e-17
4.863564531202364646e-17
4.685718469231355821e-01
7.831339725118725559e-01
-3.483324739761427888e-18
1.213127818445841747e-05
3.158853660253772011e-01
1.107029215054469867e-20
1.718293803058033697e+00
2.181316155407917456e+00
2.687888258771799155e+00
2.779805939156762218e+00
3.618553497904053895e+00
3.929179368527130567e+00
4.474664736157333955e+00
3.958884586603287126e+00
4.012082194417931902e+00
4.001657604888159803e+00
