6.283170414880439480e+00
6.004142213509410908e+00
2.724182424405632297e+00
3.665555059724648235e+00
3.083143939740287998e+00
9.430925992135940072e-01
6.765068190794744085e-01
1.134944011431330058e+00
2.816674757446239852e+00
1.945717889984202476e+00
3.252086883616565061e+00
2.543183358833218666e+00
1.530925384831610891e+00
6.928992402251122895e-01
1.184605195869624872e+00
9.997391100573673750e-01
9.926200763389303461e-01
1.582884603948934377e+00
1.030139386876548713e+00
-3.806116812827492532e-19
7.215401878369534505e-02
1.643132717183159341e+00
1.098027995045044532e-19
2.961808163970144125e+00
5.371172954357819184e-06
3.805869828410972655e-01
6.729722701760380010e-01
1.902047387406916312e-01
9.726398680018309983e-01
5.491393074699769672e-01
3.120150762770414476e-01
1.069468589848535378e-01
8.881890753047234520e-04
1.694065894508600678e-20
1.626080558751769878e-01
7.228174392008547555e-02
-1.165177230843054202e-19
3.739022852418470988e-01
