6.085645861802487566e+00
6.098904086326089491e+00
5.742482416893928132e+00
2.931058339081860975e+00
7.229175904695284149e-01
2.090946420081343238e+00
2.782879388095014228e+00
1.755781779273280829e+00
4.102480312987125677e-01
1.439212310438669595e+00
1.769432036301878730e+00
3.947689460296197606e-01
1.244788360359858626e+00
1.206338602052988263e+00
2.969946182768736342e+00
3.321465748451728039e+00
2.290422336343752363e+00
2.200905839310566048e+00
2.347430205788063606e+00
2.372958744903958195e+00
1.170909850269632457e+00
2.662048181726160312e+00
1.737954927629177249e+00
1.821284236655455802e+00
6.283185307179587120e+00
3.497317017219533142e+00
2.550667078696547740e+00
1.617303295036071953e+00
2.177105213897291058e+00
1.731241113461422731e+00
1.749588264536382054e+00
1.886994940500891227e+00
1.225469866771999428e+00
3.102835838391690082e+00
2.828004517123137163e+00
2.865893374837656715e+00
3.163227450822739595e+00
2.698872232629216938e+00
2.812669361129900292e+00
2.844228461112293438e+00
