6.108962574712804461e+00
2.912869294677383092e+00
7.350997413425146287e-02
1.836974889626681040e-01
2.195329760212879344e-01
2.459216988022994432e-01
7.575783992454366948e-03
6.601247894450260056e-02
1.247627863581960296e-04
1.201047927256884362e+00
4.813824516890597512e-05
1.349523339536445551e-04
1.141327199488493260e+00
1.723707379928924588e-01
1.814056771058636386e-01
1.861414046723129309e-04
1.542303616119497789e-01
8.319736948124688558e-01
2.668445679594259712e+00
3.257312765671115606e+00
