5.977442200485369561e+00
5.910934168929673937e+00
6.279201099661890773e+00
2.463133733082589316e+00
3.242293042445374418e+00
6.909736958055491263e-01
2.329143329238819504e+00
2.137899585265360614e+00
5.016986000158235592e-01
1.061691433911073457e+00
1.043096389026892945e+00
1.466407417708990968e+00
1.333049340394617754e+00
1.268749591925073084e+00
1.304153802955020591e+00
5.427685449230701398e-01
5.543100508297028606e-01
3.336199535993007448e+00
2.274224158200593315e+00
2.596539050237600676e+00
1.435938980978209933e+00
2.175044317364353219e+00
2.095000363039061675e+00
2.855275994433708497e+00
3.772991712124466268e+00
1.720054765447928791e+00
2.137771939230602491e+00
1.970800856801572465e+00
2.013351805452596288e+00
3.528631918438517090e+00
