6.239498374453805951e+00
4.229362353532096108e+00
5.871326212000590187e-06
1.028751353034842886e+00
2.563782473397602235e-01
1.464000782320720617e+00
-8.060669451401559150e-17
-1.042625503354867549e-16
2.834479521356829564e-17
9.673774118614087980e-01
9.298952323174060064e-01
9.328539993783493411e-01
-1.834514600365873554e-20
-1.024363992288983396e-16
7.330880421304889483e-01
1.459643859215925456e-03
2.640055520377485032e-01
9.016371921758444184e-06
7.256177111730717767e-17
4.213906002251565641e-01
2.286399108267621827e+00
2.852056840562795070e+00
3.236091461288325366e+00
2.826224154813732348e+00
