6.271622738604591518e+00
5.601189912467082976e+00
3.146222804264352302e+00
3.954761452147780076e+00
2.334890251789088378e+00
1.189069495186048098e-01
1.146955344553909573e+00
8.306007046990566967e-02
1.547745715633198405e+00
2.268160095364786244e+00
2.384411243289234150e+00
1.981170187855982867e+00
1.832869705463651355e+00
1.301349578418837805e+00
1.476017974679151523e+00
1.118786483392528850e-05
5.192148052487289833e-01
1.822796466937413484e+00
1.735233720961895090e-03
3.455259856256802653e+00
1.792796189466907804e-03
9.031053879005285223e-01
1.130532431150001349e+00
4.119944138285979163e-01
1.514809853996695210e+00
6.050100216184777224e-01
7.819241482611991589e-01
4.562506982347019902e-01
4.463932816382958912e-01
5.149519311761679985e-01
