6.283166610257599594e+00
2.092050404271940778e+00
2.273872859149231651e+00
4.534521368693358312e+00
5.435936608360897315e-01
4.654596500157969219e-01
9.954424764225744404e-01
2.226837755620999504e-01
4.144842217994730849e-01
2.130134062111267990e-01
4.320874116322395708e-01
1.139897201533301541e+00
1.336049013345382175e+00
1.351970862304145982e+00
3.878054143891114247e-01
1.099768167463136548e+00
4.272860237603547384e-01
6.405239546406288342e-01
4.204079437869586711e-01
3.001233921587595499e-01
4.215997297799601862e-01
1.539215975043510154e+00
4.423587837944110285e-02
1.119040088740130612e+00
8.422453044367691263e-04
6.105165464916717522e-01
7.325249569612564127e-01
7.047760483939339293e-01
