3.448096728057533422e+00
4.262475838265953776e+00
1.831883053657419325e+00
2.552977439482876587e+00
1.023453346648101503e+00
4.198274154581812523e-01
4.694298752524437290e-01
6.151496721109667642e-05
3.004118371577506164e+00
1.959741425569421880e+00
1.908543597499660738e+00
1.908555109181649501e+00
1.793082273175403696e+00
1.002924432104873170e-01
9.789121530719699926e-01
9.377072230965197708e-01
2.680197039150182710e-03
6.940335763787856346e-18
5.181993171581461470e-17
4.750718063386456108e-02
3.448783603492036018e-05
1.064463970993554499e-05
8.910190776639794311e-20
3.391174025252303097e-05
