6.176053035105997679e+00
2.328583535269292959e+00
1.351858441448681170e+00
1.929058355669432068e+00
2.257906119102343734e+00
2.276853661679925089e+00
2.271047273163758540e+00
1.121541768025917873e+00
1.070370671018452624e+00
3.309327828239864865e-06
1.095306061077444548e+00
1.429720313600888193e-01
1.076954290359463551e+00
1.103093338395080059e+00
2.611300147328051047e+00
2.068766205251049595e+00
2.040724655033214319e+00
3.355810549451933689e+00
1.988000919501316188e+00
2.105214658461016519e+00
6.863382571168848978e-01
1.388775382461427288e+00
3.209885412108287372e+00
1.102726311146137839e+00
1.249130704883608445e+00
1.180668136785899991e+00
1.436490773453984460e+00
1.368543537986429248e+00
1.419298969962593082e+00
2.305363756606384484e+00
1.145671938722038430e+00
1.289584170008266417e+00
1.298684307460553633e+00
1.273173401299820151e+00
