6.276967768081562760e+00
6.283185307179587120e+00
5.626657839384082926e+00
2.822963101303983535e+00
6.989487599100238091e-01
2.076404631453073524e+00
3.410008574503623713e+00
1.462620088508243432e+00
3.241640506106704955e-01
1.446147248750655034e+00
1.586914483092468409e+00
2.436900262526932592e-01
1.291385672512323390e+00
1.404965328778563283e+00
2.719129088166123864e+00
3.203651364431543414e+00
2.077302677534072384e+00
2.289008074012412131e+00
2.283721871275532944e+00
9.600878954957543510e-01
2.388370526585554821e+00
1.890750856788532719e+00
1.676145301436029911e+00
6.274699338056277220e+00
3.411506059823850912e+00
2.423493454156478322e+00
1.599825747596684611e+00
2.128203638159072320e+00
1.714240242824958793e+00
1.505942418681829542e+00
1.837180905617904925e+00
1.238168297929135075e+00
2.992225274677664970e+00
2.795789037519207820e+00
2.648633582571547240e+00
2.802034659005602890e+00
2.665615225714908831e+00
2.653342159502692699e+00
