6.283015927786791188e+00
5.139346088309927119e+00
6.059249329951444274e+00
2.079509877666096074e+00
2.224797074604208724e+00
1.040067065202384011e+00
2.605783899825015570e+00
2.489408710763228338e+00
9.519037425711784906e-01
1.075350370475260720e+00
1.312550191086444107e+00
1.671250603599488294e+00
5.999974289459383270e-01
1.633752705063103313e-04
2.111206350223040928e+00
2.737023335770019994e+00
2.792252858113147607e+00
1.618241964582884052e+00
1.404604741122672085e+00
2.812215524515714993e+00
3.207683210587721767e+00
4.101170547120819521e+00
2.376313539201904135e+00
2.604343324028775442e+00
