6.268967952439822966e+00
4.777781793077835459e+00
2.739292912314686745e+00
2.696319742764542227e+00
3.607635212240107414e+00
1.685686024703081098e-01
1.457473267696209662e+00
1.302208620257189420e+00
2.509311863989547753e+00
2.396435333532190626e+00
2.392904577158461610e+00
2.524876712816721991e+00
2.563613211873895903e+00
6.360959702421626893e-01
5.424432124849158932e-01
4.416350081702449804e-01
2.371688984932109001e+00
1.508039212481702140e+00
2.222616409068359999e+00
2.333452482024096053e+00
2.544310571723663372e+00
2.309123790439601809e+00
2.479548264078239139e+00
2.318735990330608399e+00
2.253039024619972519e+00
2.326077972343753686e+00
