5.986685505124786921e+00
6.281307176186944119e+00
2.870188835441272790e+00
3.885995522288692161e+00
2.850269032856946438e+00
2.214796552584215039e+00
2.163989652735569535e+00
1.028853510493485057e+00
3.842526294205582893e+00
1.989406958559280181e+00
1.788640968523215635e+00
2.809214499459208980e+00
2.737389404227168033e+00
2.763886614628438654e+00
2.955332131458322742e+00
1.783783080823543088e+00
2.780778542323106617e+00
1.814814483014374202e+00
1.856247270167888930e+00
2.928943711930903859e+00
1.816730884187407025e+00
1.184743122957111705e+00
9.372064722669462000e-01
1.057767116191988155e+00
8.405137047488239199e-01
1.005048257229885111e+00
1.005609641129383836e-01
2.689348625599252769e-05
2.055657132445568212e-05
1.938330085987734902e-02
7.325307656480108953e-01
1.061319973805964273e-03
2.059794429730140515e-04
2.052774019744256408e-03
5.866684674769559503e-04
1.266270111197925926e-04
2.370469151062491123e-03
8.006716010513603710e-01
5.849543682457334097e-05
7.195024725449213890e-04
