3.496203872348887298e+00
3.260270214314676895e+00
1.383614674968127289e+00
1.550824153740298694e+00
1.057872784739375405e+00
4.372444196117790671e-01
5.106705488035516716e-01
1.308878243746699858e-02
2.000551288225359325e+00
1.974178964785630708e+00
8.887832916377582659e-01
2.066076437951226974e-01
1.077209349131593941e+00
9.593773981265806272e-01
2.740441685776410716e-02
5.056143239792379451e-02
3.087807787238530629e-20
5.639516960315160005e-02
3.616658404273969535e-02
4.285603065818768126e-02
