3.987166449271376756e+00
2.492289393070302658e-02
1.580760271822093221e+00
3.684036375169793320e+00
1.004759331606643047e-01
1.986627268138221362e-05
5.114927260138772969e-01
1.000638242295866324e-17
-2.082998248247018042e-17
7.869220258148676828e-21
6.069081869009028708e-18
2.132206142831775489e-05
9.863679541268983719e-01
5.417899297479516173e-03
3.337636230362990286e-01
5.452439384892443335e-03
6.708961269217239044e-03
5.338903955832670703e-03
5.663597939654056203e-03
7.755784331463459920e-03
6.151961328419369018e-03
4.869459240124123303e-03
