6.004973241063413347e+00
2.491438695751940102e+00
3.926356692547576799e+00
2.562925526030249035e+00
2.864626142826392829e+00
1.476896636549642761e+00
2.492225755143142152e+00
2.671655653253352192e+00
1.476318811778303930e+00
1.476314741369706418e+00
1.224129243714221937e+00
1.118740408520325219e-01
2.665233507365472043e+00
1.787177398785945392e+00
3.090801358571082069e+00
2.029423431543659007e+00
2.103688512016375078e+00
3.087153412919164008e+00
3.090867399929665194e+00
3.090853809085972514e+00
