6.215003612878565065e+00
5.480165759003132742e+00
3.455438835114570395e+00
3.963928861502368672e+00
2.422285740320867298e+00
1.917543107295069937e-01
1.130883304259497457e+00
1.730118302512213824e-01
1.537376679327073559e+00
1.437397186146575079e+00
1.371602508674034215e+00
1.660004004898727459e+00
1.526592588329118927e+00
7.340209383115234902e-06
3.902106282193360531e-01
1.879265083600447861e+00
2.458002625888284598e-04
3.479617574107394695e+00
5.967448757359713259e-20
1.002854280682577946e-02
8.485057731992927677e-01
5.066247113773268973e-01
1.601108746227959179e+00
6.495281534113198640e-01
4.537891049412356437e-01
5.480834727364322090e-01
