6.283185307179585344e+00
5.676852364190074773e+00
3.664476949012459350e+00
3.736036621818001890e+00
3.554224349239732739e+00
7.854146311011587223e-01
1.336694877271521031e+00
1.231960999510189225e+00
2.337769599893325445e+00
2.261159925015342687e+00
2.326788690556186090e+00
2.453922048258725841e+00
3.474885759969184029e+00
3.471838506863307749e+00
3.572114223792119958e+00
4.006680228910684427e+00
4.004047616178143087e+00
5.356868865151295234e-01
5.170207641960286038e-01
3.962717231327720357e-01
3.195198152651508305e+00
1.352202957672590689e+00
1.957758727193581016e+00
2.183632238855539587e+00
2.312378491984583118e+00
2.832367016060724829e+00
2.439418902580329451e+00
3.246914439152802423e+00
2.317538844176943780e+00
2.166353426166628626e+00
2.384390164050262939e+00
2.204147455645628195e+00
2.190793159460225237e+00
2.187030569372340416e+00
