6.100303675654987323e+00
6.282246539022490417e+00
2.931028911847905150e+00
3.527098181635192731e+00
4.227277101138604998e+00
1.270024858218497865e+00
2.399876255785409196e+00
5.670084664482631931e-01
2.180898429971993124e+00
2.949606594385397074e+00
1.844939900412150946e+00
1.664710741153321738e+00
3.057545961715574467e+00
2.987627820145705382e+00
3.065728360917747697e+00
3.891184204638903132e+00
3.535225633574138548e+00
3.901070452509270314e+00
3.709856760540296339e+00
3.951831820730699274e+00
3.266500267312031913e-01
3.743511948755596230e-01
5.558959009859350264e-02
3.194264872121211685e+00
9.575414565288017377e-01
1.430931512479938439e+00
1.848394814103973660e+00
2.084115503171989126e+00
2.963607141586584781e+00
2.076065888179508434e+00
2.888538581889345203e+00
2.074533859543527203e+00
1.861780364054004933e+00
2.030395170600934662e+00
2.192453393659506755e+00
2.159527512871296295e+00
1.914068692580334519e+00
1.979957942712678332e+00
1.754208146796282008e+00
1.682763679942975932e+00
