6.278658006377773937e+00
2.197423568575599173e+00
1.210279972292646278e+00
2.273404956248074260e+00
2.133315510112859581e+00
2.090271508763257291e+00
2.308447262926287546e+00
7.905684073182458471e-01
9.442639390774963948e-01
3.089803332231579741e-02
1.056431782428513211e+00
1.571159472795219669e-01
9.234159989846290051e-01
9.631779285729883400e-01
2.352102093946181416e+00
2.926590214924248201e+00
1.840405456716256882e+00
1.953757629414427877e+00
1.953703145114953132e+00
3.230193919296179050e+00
1.836670379823128751e+00
2.029061960404502152e+00
5.858895184238567255e-01
1.321259868610684896e+00
3.045296031219325794e+00
9.801969972576750623e-01
1.111645577412085695e+00
1.131474169423450249e+00
1.310729525484771285e+00
2.337999204298793821e+00
1.257376570173495578e+00
2.579687618075637623e+00
1.513710910695944323e+00
1.210823419222770481e+00
1.159882526050283413e+00
8.727801965666176498e-01
9.674160153369260051e-01
9.674231393531906864e-01
