5.916898396532948468e+00
3.690076455271082967e+00
1.454038131455772431e+00
1.647954973679439439e+00
3.616960831760239969e+00
3.835066970652706297e-01
1.622257972749943988e+00
1.392550720103518325e+00
2.576337335510109572e+00
2.594345775187194114e+00
2.583502727293620627e+00
2.711725890429356411e+00
7.933337452567422732e-01
7.485495918788438452e-01
7.229966901131247292e-01
2.379389649589692013e+00
1.639322747913063649e+00
2.416829024024473860e+00
2.526650350481762786e+00
2.701187436942239728e+00
2.414566513873515952e+00
2.532053913988776106e+00
2.478282868428895558e+00
2.417527518523365782e+00
