6.273828263117377624e+00
6.277531997753080795e+00
5.677785199803943250e+00
2.021411044288938808e+00
3.150018163973159258e+00
2.319820915660614435e+00
1.716876340350278252e+00
1.632151306220428033e+00
3.708286533786472189e-02
1.053036472553486869e+00
1.374802576087704731e+00
8.704819282317166618e-01
2.192526226703852554e+00
5.747889319992683932e-01
7.336165691327644067e-01
6.784374526787458892e-01
7.195258946381822840e-01
1.669467692152952987e+00
6.687749222236589741e-01
3.587189284322861438e-02
2.737331690256702421e-01
2.733574418651305127e+00
1.798105984991306805e+00
1.994858845801733782e+00
6.954279928820514822e-01
1.695615774264996656e+00
1.507657158388246987e+00
2.252624792124658715e+00
3.092449547241880481e+00
1.260150573797657492e+00
1.658291650450082422e+00
1.744199934574468092e+00
2.174377613457610714e+00
3.144385609591910047e+00
3.547408453753350344e+00
3.300353234707408934e+00
4.203397124154893305e+00
4.200173837171469415e+00
