6.283185307179586232e+00
5.674896235434685465e+00
6.053447649402860620e+00
2.624922762728765679e+00
3.380860296978910551e+00
1.645218204282689944e+00
1.985045401909217633e+00
1.842633126827247780e+00
2.744866873903877846e-01
1.298863711127497433e+00
1.307241893815943579e+00
1.226728462066934311e+00
1.251634514945291654e+00
8.911938420206433342e-01
8.664464678235459516e-01
9.863287739851256397e-01
9.282625944646298866e-01
2.347652384637559375e-01
4.044658723135835521e-01
3.003483599522156045e+00
2.081548186923957822e+00
2.305605820010212970e+00
9.206624168982597833e-01
2.026918676801701125e+00
1.763399913740771208e+00
2.578239687230770905e+00
3.297185112211613589e+00
1.450367642022542647e+00
1.995046281308817671e+00
2.036105102695461522e+00
1.820226382538850496e+00
2.997543450693658240e+00
3.124332655629369793e+00
3.185819773850874004e+00
