6.283169464218267386e+00
5.358509552832741107e+00
4.730489556498809756e-01
9.219853117761195316e-01
8.230582888201060099e-01
3.297121018906829626e+00
3.626167843223358500e-01
1.229186900792287096e+00
6.479026024535325945e-01
1.165815223880868334e+00
4.227519940687691213e-01
1.623140264298275903e-01
6.550719344734425853e-01
2.054495352379230866e+00
8.978849962803239215e-01
6.887317522075796878e-04
2.253794253524232306e-05
5.238671007158866022e-01
8.586507352943825166e-01
3.429426519230275488e-04
1.680945290247092596e-05
5.675120746603812272e-20
3.681195308829495025e-04
1.785196575223445992e+00
2.359580706400216776e+00
2.817480128713332643e+00
2.386424729896137187e+00
3.690958736809469620e+00
4.069356885238096133e+00
4.070719334248874333e+00
