5.461704980512378071e+00
6.204294908452272495e+00
1.829150093021768342e+00
3.523127164264176603e+00
2.016008786680216325e+00
1.350934848562011847e+00
1.643870625032563426e+00
2.245416029877875252e-02
3.990759771411482859e+00
1.947445925337141670e+00
1.929561942832676236e+00
2.938951829599109278e+00
2.880874034222854707e+00
2.843691798958982719e+00
3.084279974917066625e+00
1.915315907474903101e+00
1.899530077746858669e+00
1.791694537185238412e+00
1.286942952467339474e+00
9.566492333606910758e-01
8.857589440396806957e-01
9.847329798872620499e-01
1.230027576557786384e+00
8.411199658532026932e-03
3.269033235198869070e-02
3.372730739481244900e-03
1.358266222641970353e-05
8.548474989833683849e-17
-1.108860431015624108e-20
1.491832640251908315e-02
5.073561048437532934e-04
1.768096618186525137e-02
3.406910170644651210e-18
3.954913437101651963e-06
