6.242152692893370158e+00
2.318134960567871161e+00
1.341333206789571131e+00
9.993400388100617260e-01
2.309975316512485222e+00
1.299184247829315630e+00
2.299877096884068273e+00
1.460595507226248591e-01
1.800900554301108625e-01
1.391475677257874785e-02
1.082815297694377454e+00
8.148816928246521707e-02
1.078302050529827083e+00
2.196048978168093857e+00
1.092547516206202385e+00
1.306501653814943209e+00
1.212082650342137136e+00
1.606296782824516267e+00
2.196560871063250708e+00
1.086093608007971945e+00
1.261577572988196172e+00
1.208623091061282739e+00
1.417743163918917970e+00
1.313390040982446161e+00
1.286884345602227864e+00
1.287076594411973529e+00
