6.283185307179587120e+00
5.249592184129660666e+00
4.488976147025118379e+00
3.919760571104326630e+00
2.769344731787676928e+00
2.869750480104830803e+00
2.218527209091238017e+00
1.422930927685081226e+00
4.928781875063824813e+00
1.537805384821221422e+00
1.765132431183194406e+00
2.778535292462708473e+00
1.711335097751812029e+00
1.886169935053449542e+00
1.673861125796593852e+00
1.762036061326460734e+00
7.692368777011907577e-01
3.600518459663049065e+00
1.929966990969100848e+00
5.423288455450018831e-05
1.847283031661463743e-06
-8.382582699424015709e-17
-8.594504024184318507e-17
8.214628875118643592e-01
5.950033551179730697e-07
2.909302733158276131e-05
7.365095177438935632e-06
-8.918208244870723729e-17
9.633206102469974441e-01
-1.039956996712793301e-16
-1.153850783943877271e-16
2.125987567357736868e-05
