6.283172644718137967e+00
5.332102895176340951e+00
3.364308789786080389e+00
1.835670207653842478e+00
1.531248135299805302e+00
4.253198863545857855e-01
1.211167771774120279e-02
4.658641829715896576e-01
7.892679933961286309e-01
1.833193703961543575e+00
1.825197600649088869e+00
3.219539351067082777e-02
9.129294423999605446e-01
2.456438391855565229e+00
-3.283624123744223808e-20
3.884186412478784156e+00
2.050825364889134195e-01
2.775557561563510114e-20
1.301573852877906168e+00
6.680457864097624210e-01
1.467430042926590517e+00
9.179844271941344225e-01
