6.283172049519810898e+00
6.244476031300272290e+00
4.464913751026960753e+00
3.927499399631703803e+00
3.771405212096367698e+00
3.864415326153447960e+00
2.225903194626505321e+00
1.434294876391349227e+00
5.920307992841228995e+00
1.545225603809225579e+00
1.787947921453604261e+00
2.772216050102416673e+00
1.711273249767730542e+00
1.897962474288868995e+00
2.671588895270291530e+00
1.760646210427504244e+00
1.808754780531755202e+00
6.465526010690235692e-01
3.602458187232419728e+00
1.939322895875548847e+00
8.521692576806812690e-06
2.794097843860754004e-03
6.383782391595795928e-20
-8.565550187105058450e-21
8.157592758301708269e-01
2.685830118658985157e-05
1.557432988155054714e-20
3.608372981201355162e-06
1.275286197166583665e-03
9.744365879055240098e-01
8.075427463723265127e-07
2.300327928808441998e-20
1.011727562435703122e-21
9.461231837084749675e-04
