6.280640869718265407e+00
5.074182362807046154e+00
7.079968508222260481e-02
1.182244851128830598e+00
1.388155376563610544e+00
4.194914236381282358e+00
1.152607140916345418e+00
1.299839772426936380e+00
4.746439152672646267e-01
9.544702994913643046e-01
5.643709015177249544e-01
1.680190679957708211e-01
4.601806109109599641e-01
2.002282499937559912e+00
6.470074540070379632e-01
7.403194029243294061e-01
7.506915424558947558e-01
7.768806511452287511e-01
7.730062685677814294e-01
1.698536265479293553e-02
1.832453041484651685e-02
4.634940954769286026e-01
7.434759698607528167e-01
1.532548582543714726e-02
1.834038762177496798e-02
1.079164625573154485e-01
1.388459315717102509e-02
1.705469190679184344e+00
1.937813657255169186e+00
2.680500187449911031e+00
3.147278771068660497e+00
3.559661313137782557e+00
4.930683226374737771e+00
4.441341969023924641e+00
3.918582219823558699e+00
4.002186453465545135e+00
3.955644788435301873e+00
3.980030457506818387e+00
