6.081541792032481908e+00
6.209207481799207784e+00
2.974269613717001270e+00
3.879317193563529997e+00
3.074521927279501465e+00
5.290392521602356457e-02
1.078819189384001342e+00
2.000458444703943559e-02
3.137782288596390412e+00
2.142862108960776890e+00
3.386070469681369044e+00
2.798753635162788189e+00
1.729459331199783012e+00
9.855199029495225194e-01
1.280342334644046343e+00
1.306240009167519700e+00
1.305397643928203344e+00
1.305591555237843648e+00
2.572589412497393465e-04
2.811360001979668621e-01
1.753470482735796976e+00
-5.065042092400594124e-20
3.225554630558727265e+00
1.785086737561523973e-04
5.979254194916547860e-01
9.422491488722294362e-01
2.937146211017908626e-01
1.271623050231329710e+00
4.365991460067196739e-01
5.739960619751458548e-01
1.787544709617948646e-01
1.949247865897357213e-01
3.181377431386448462e-01
3.380938822258372500e-01
3.436447694822625243e-01
3.436739314193927308e-01
