6.125225512623898361e+00
2.888962273488942412e+00
3.330667573189063230e-02
8.799541059359383688e-02
2.462280929394640716e-01
2.054105002270888158e-01
7.455740100523678337e-04
1.051307671621828785e-04
1.070831202064435467e-01
1.339648610564836417e+00
1.308467379580746437e+00
2.850663920057402035e-03
2.971152628999878999e-03
1.123419866173316128e+00
2.276054659032062943e-01
1.800316844838366626e-01
2.458979323823554369e-03
1.240975102861824192e-01
8.349372261669651962e-01
2.673692991632777627e+00
3.211297064700953552e+00
3.139576456737340315e+00
