6.283156398642470997e+00
4.758857110908729204e+00
3.477458609644697329e+00
4.001980466639408540e+00
2.719626347956011436e+00
1.784289859666807532e+00
2.373788293487033574e+00
1.597646745824022663e+00
5.091007127558472511e+00
1.595561334612659810e+00
2.034072159495863286e+00
2.895131520962582528e+00
1.895065227228144300e+00
1.895065386030674093e+00
1.000058389723877283e+00
3.736702504307229944e+00
2.080244832247004183e+00
5.313729304239768307e-05
3.470015966423761777e-05
2.286460430751263373e-05
-4.743384504624081899e-20
1.000024668922780080e+00
-4.743121946420095596e-20
7.418583077689843881e-06
4.302351993580790662e-05
1.544194364993642686e-05
1.000037155436133141e+00
-3.315821653392913194e-20
