6.283174819873289962e+00
4.758868707283360422e+00
3.477449821052366996e+00
4.001995435258431932e+00
1.719657364618481177e+00
1.784295709693050291e+00
1.373765600682443022e+00
1.597686445689376677e+00
3.090976786186208081e+00
1.595553811059291505e+00
2.034058919876847060e+00
1.895058870649824811e+00
5.236127700755932184e-05
2.736713927224369236e+00
1.080233617419254610e+00
3.770153653905993635e-05
2.710505431213761085e-20
-1.270549420881450509e-20
2.032879073410320814e-20
-2.710505431213761085e-20
-1.524659305057740610e-20
1.837309959060869725e-05
1.778769189234030712e-20
7.885261765565188476e-06
