6.281223744660185737e+00
4.093617367316283229e+00
2.032520858674743192e+00
6.283185307179585344e+00
1.404802371647549286e+00
2.597640584379221421e-02
4.736266186163293757e-01
2.498464287922699256e-01
4.233455076321896438e-01
5.626533232091065519e-03
4.665904594665403748e-01
2.719696686938082753e+00
1.893622699251170660e+00
1.240557422547643895e+00
1.917697710025354718e+00
1.097100327670293085e+00
1.517592026086094892e+00
9.412187880672228113e-01
7.459799907056456902e-01
7.458416150628737196e-01
9.342550677697735091e-05
1.712638582414006239e+00
6.590298760378180409e-01
1.444445251410709785e+00
2.153631898924440995e-04
1.809628012532717323e+00
1.521391547494181262e+00
1.237870341451953404e+00
9.992007221626473590e-20
6.241275538710885362e-01
2.056685061201524850e-04
6.695768281989095128e-01
1.254290401897624863e+00
1.112954337370521962e+00
1.725401127270166146e+00
6.728040069863668038e-02
1.300339863599365042e+00
1.186421215915956395e+00
2.126734457288312452e+00
1.127108778071145734e+00
