6.255977902125803070e+00
3.622555476968037702e+00
2.165401270014258195e+00
2.418705027314933975e+00
1.968221548527717690e+00
1.982622908524466432e+00
6.618853509780843192e-01
1.912424951075059276e+00
2.118549956771344167e+00
2.118564233321198031e+00
8.547362493631774968e-04
1.524391503642812618e+00
5.457388029951624500e-07
-3.853999910007066543e-20
1.833405815391440652e-01
-4.400623198323118225e-20
2.346935259207949889e-04
6.455331419113290227e-06
3.548338838017335411e-21
3.793537369806448219e-20
