5.872479684454130933e+00
2.645609098147718274e+00
1.052404095879873047e+00
4.368247745457985026e-02
2.435593376145745115e+00
2.923570336766426747e-01
2.631481491013084040e-01
3.531698293794470755e-01
2.841221129236052856e-01
2.846888310662565869e-01
2.544784974625228458e+00
2.739340181760887560e-01
5.515792842171267640e-01
1.419442162430609500e+00
1.834411571883057590e+00
2.437119726703276701e+00
1.407721492012238285e+00
1.425634841167192635e+00
1.426434137779007960e+00
1.426684024599648382e+00
