6.283175656113958674e+00
5.350622156216460645e+00
2.372093266787333732e-01
1.306845702001278697e+00
1.519241665351279247e+00
4.245184882195805365e+00
1.271749681389509945e+00
1.258118815173766558e+00
6.105964027782946335e-01
1.111706713232502253e+00
3.612440437134261662e-01
1.288144879510061958e-01
6.187984930962129315e-01
2.159101323963232399e+00
7.917757725425195181e-01
8.837521241819562556e-01
8.887649189191062504e-01
3.543866755067663025e-03
1.189649414806921886e-02
5.231399255532153125e-01
8.553995845437591949e-01
3.033932332778038060e-02
5.000255020622831198e-02
2.287590249942982046e-01
4.061873130111198077e-02
1.780433594734691649e+00
2.276932737751658387e+00
2.746270210501285725e+00
2.859017079712073528e+00
3.704735614299243363e+00
4.042394902221179365e+00
4.592065423786989342e+00
4.093016777399464345e+00
4.092361389334431720e+00
