6.281409610260602960e+00
5.299762719377054232e+00
2.635221835033500493e-01
8.896848592608930240e-01
7.851459153620218290e-01
3.244918822170602457e+00
2.683778339741867414e-01
1.268484877043420944e+00
6.170908127728867987e-01
1.118794836845051099e+00
3.681636185125912175e-01
1.351371815978571478e-01
6.294127428760227794e-01
2.173389766086793795e+00
7.940628070425986840e-01
8.964246538140278053e-01
1.154452512363993155e-02
2.630902803374518192e-02
5.315699045051500704e-01
8.606486759162312872e-01
3.434917354275705131e-02
5.438783556864711100e-02
2.360649253427740402e-01
5.181140253322322198e-02
1.790763789084831803e+00
2.284636292914048017e+00
2.748059580969633320e+00
2.868510784770244904e+00
3.712704772671632014e+00
4.053297658950390847e+00
4.599561040290588210e+00
4.097932139252803196e+00
