5.451974092018387452e+00
6.213763213544895692e+00
1.821459001935472388e+00
3.511987898002781439e+00
9.963378942857598064e-01
1.358164413983363961e+00
1.478221399369879618e+00
2.818478360437822947e-02
3.999050591612081540e+00
1.951754831505156051e+00
1.932892106347472216e+00
2.946474299896211235e+00
2.888704341115547525e+00
2.846760857515454823e+00
2.904672614736829583e+00
1.905000245570894091e+00
1.786563434001558370e+00
1.291959999651488333e+00
9.564606765355799789e-01
8.944696620266355813e-01
9.881107093597526481e-01
1.234412306081917432e+00
1.345691210098453640e-02
3.378712630418980595e-02
5.410014992583211252e-03
4.244980191480456576e-05
-2.151057110211238013e-20
6.699463499169318311e-06
8.306990109847690938e-05
5.651498624097304677e-04
2.058714517867555466e-02
2.307651220927417826e-03
