6.283185307179586232e+00
3.006168122120355779e+00
1.469218554811951405e+00
2.407477744161919286e+00
2.252234843758417426e+00
2.354249341747105095e+00
2.793701480612741594e+00
9.578901504990384730e-01
5.066070858584794667e-01
1.249700362363661971e-01
8.653905059812171396e-01
2.965669996526717478e-01
5.960255662652164110e-01
1.115498745623123122e+00
2.487952636575094800e+00
3.068427890782959189e+00
2.023170426233204200e+00
2.093910623035721841e+00
2.099591805325821792e+00
2.330826843637316959e+00
4.575510656556203593e+00
1.738061612616485618e+00
1.864839227021710455e+00
4.774418008207413355e-01
1.223291573267753396e+00
2.889707131071986623e+00
9.082093444603827059e-01
9.044726362059412050e-01
9.653095662977845270e-01
1.150017396400420999e+00
2.444734681188727610e+00
6.673901247931621761e-01
2.498401331857567520e+00
1.310085531945129445e+00
1.139406833217672999e+00
2.242556065497755213e+00
6.373456767406529000e-01
7.471154683062255497e-01
6.958198758449781751e-01
6.921051881726782984e-01
