6.221683385175878378e+00
2.322432616787462933e+00
1.342706717663190386e+00
9.971995170264873476e-01
2.303468229986411320e+00
2.300086530671503038e+00
2.301325495402776422e+00
1.145279857771138721e+00
1.133272170450139837e+00
1.436721135343087437e-02
1.081747134173699054e+00
7.783819248396181556e-02
1.078701776220509778e+00
1.080446812428961678e+00
2.080463339409357459e+00
3.203273965289208824e+00
1.091161124694916440e+00
1.302011445191965100e+00
1.211489244345702598e+00
1.610203636891580414e+00
3.186989273595808747e+00
1.087613389483582438e+00
1.258092419089339886e+00
1.205823414206010691e+00
1.459428302242632869e+00
1.351825165405824647e+00
1.307782795870362502e+00
1.288209195883725178e+00
1.316906661583402860e+00
1.316897231578173066e+00
