6.261093700448912891e+00
5.123209657482513890e+00
6.282361129201003536e+00
2.490180971446009028e+00
3.206616042454010440e+00
6.311295854808498529e-01
2.332336570847258095e+00
2.138682735136490098e+00
4.755648134176573283e-01
1.094686984310868416e+00
1.010526752688644114e+00
1.475850401496876074e+00
1.317144534800653188e+00
1.343977230670297285e+00
5.114027909730722854e-01
6.111649487940193914e-01
3.538186707313042856e+00
2.322447085451483151e+00
2.622000704309562558e+00
1.501218570917177697e+00
2.206382787902290143e+00
2.097788898061126339e+00
2.845336168204181782e+00
3.732627049596579649e+00
1.751751619846410701e+00
2.133153227149478415e+00
2.093311213449502883e+00
2.238290042301066762e+00
