6.282946678186960732e+00
6.283185307179586232e+00
4.540040824567465272e+00
1.934207634448113833e+00
9.332166017665616264e-01
1.550806916983774819e+00
3.743624704974642725e+00
8.186379764949426319e-01
4.818004925930153282e-01
1.710583773554424702e+00
1.769607393114882798e+00
3.227086384381738088e-02
1.699943055275446424e+00
1.631480783022058345e+00
2.392590111228568350e+00
2.411390806132347464e+00
3.077604241568271046e-02
2.732246792585951045e+00
1.690681140227815682e+00
2.038028189451828620e+00
6.279206671331750478e+00
3.205369854071443481e+00
1.482244893555730414e+00
1.801752123380399029e+00
1.326772974154895257e+00
2.089411813992947842e+00
1.728545408743058509e+00
2.062633294336424061e+00
1.976895964078931645e+00
3.061661436007349302e+00
3.047602428268423758e+00
3.058186463866991112e+00
