4.978869304809701468e+00
3.742654131254915306e+00
1.491707052141487688e+00
1.657165300520482720e+00
2.650285754873078048e+00
4.304570123265654691e-01
1.658548137238389897e+00
1.474920715711125041e+00
2.572768425634015976e+00
1.531138802112190334e+00
2.530914622181820395e+00
7.942447668785661552e-01
7.774088059907606763e-01
7.001101066725102795e-01
2.412144691984213996e+00
1.686270177431333561e+00
2.420746951103504241e+00
2.587199622248139708e+00
2.703321241401003494e+00
2.445472572034195657e+00
2.519484464048871608e+00
2.518494856694641459e+00
