6.113620237424386872e+00
5.957517255373329768e+00
6.023440177933152562e+00
2.490705708919063177e+00
3.127572658029403208e+00
6.697246570315873448e-01
2.069593725779293791e+00
1.934268368506482538e+00
4.614461115023144600e-01
1.155079716044152383e+00
1.045487682372163496e+00
1.332029197323271630e+00
1.360823790422334145e+00
1.014484400962360811e+00
1.043018293377162342e+00
1.194956363961153567e+00
3.490685280523797007e-01
4.622321054628844572e-01
3.230515650882260559e+00
2.150491342947983497e+00
2.370938069750641475e+00
1.199954181744654402e+00
2.188049918131169669e+00
1.904258740384134674e+00
2.663016951558361267e+00
3.528215471294791072e+00
1.634082347218731801e+00
2.026649997492402822e+00
2.124024588809297676e+00
1.893643565862156430e+00
3.087166351615867832e+00
3.324214270948472549e+00
