6.236376498745468844e+00
6.229095241185803822e+00
4.453886702300490441e+00
3.909178286838289829e+00
3.753963440859758638e+00
3.851849863983830335e+00
3.218941387343229987e+00
1.424187489232479509e+00
5.940113525608705203e+00
1.474975252724214148e+00
1.809566682344866173e+00
2.739255456354895646e+00
1.759629153202615592e+00
1.836081891510941810e+00
2.654705150532112867e+00
1.621740708391524288e+00
1.841320579806274615e+00
1.973946831440557270e+00
1.071302535925872323e+00
3.554128737069851329e+00
1.888285577117355452e+00
1.603982002024297124e-04
-8.128103285327301638e-19
4.178930067800854230e-06
2.811480551041902596e-05
7.917536371756326297e-01
-1.016439536705160407e-20
3.390403757280958187e-05
3.834159525326483664e-04
2.500048959417478511e-01
9.587174383291982016e-01
8.258074065466255911e-05
1.301354404437307350e-19
6.854677174196078441e-20
2.613520938783442946e-04
3.013410363797403664e-05
