6.275027188814894963e+00
3.092190550437825536e+00
2.031038530368052708e+00
6.283115623261442906e+00
1.402361211661680596e+00
2.541216972564329726e-02
4.739837750476653677e-01
2.497850203241760159e-01
4.229797758369390204e-01
6.264274874334897249e-03
4.681381015425415959e-01
1.720880746374656711e+00
1.895207673831889927e+00
1.241085729561520301e+00
9.183261749683724329e-01
1.096554089115753028e+00
1.517543950249176321e+00
9.411080188109371969e-01
7.458624150667819697e-01
1.861104755308175753e-05
1.712639431111071975e+00
6.635978160630142675e-01
1.444442060835358754e+00
-1.355252715606880543e-20
1.809905878907159149e+00
1.521005104086057047e+00
1.238429671351525707e+00
1.265290895001533629e-04
6.239929136429207546e-01
1.030902871931005428e-05
6.688412132871232041e-01
1.254192504106997230e+00
1.112950001546358259e+00
1.725448729315067320e+00
6.701892126540676120e-02
1.300127120082627208e+00
1.187597742452885186e+00
1.126509863269416156e+00
