3.448104812352457138e+00
5.262472896062166505e+00
1.831880314670338628e+00
2.552959227495884775e+00
1.023481172209066203e+00
4.198266881150148344e-01
1.469440728830318177e+00
9.041091339885917602e-05
3.004081218283566557e+00
1.959712899245243500e+00
1.908531370592019272e+00
1.908573372657560663e+00
1.908583220740052599e+00
1.793104434981574347e+00
1.100275234998875140e+00
9.788883122589044916e-01
9.376737213866647158e-01
1.002670419016540526e+00
1.000023147441774007e+00
-7.216449660066420521e-20
4.750315126596366122e-02
5.472110597046887055e-05
3.376483254908839644e-05
1.703774230862983009e-05
3.073034836619974376e-05
2.924149054603578514e-05
