6.279706824343611160e+00
5.525450852466455842e+00
5.831345684274574781e-01
1.042929978206071917e+00
1.072652963369669754e+00
3.460947909524973110e+00
5.008211538141881247e-01
1.321751645257456032e+00
8.389305626719327780e-01
1.382035454616165726e+00
6.979940894039805555e-01
2.161647757775894685e-01
7.623706808440756655e-01
1.024883498932023906e+00
-5.569725581657988164e-20
4.747952320549788698e-03
5.814812525846720925e-01
1.068769576026034063e+00
7.138014528668521104e-03
-1.605387477407797544e-19
3.321731046845892259e-03
1.363359721849233264e-01
2.061185096216741730e+00
2.442692932653649951e+00
3.013509391950796257e+00
2.621035460535183326e+00
3.333164783581796353e+00
3.823075688107960168e+00
