4.447956763300181748e+00
5.262512381733635891e+00
1.831864050236977626e+00
3.552967865999343999e+00
1.023361484780276109e+00
4.197994407127985106e-01
1.469673254382587890e+00
-9.981153897544700656e-21
3.004300251691370161e+00
1.960076845049117944e+00
1.908146060746044315e+00
1.907959608594739676e+00
1.908395564029871538e+00
1.908668889971733451e+00
1.793082124558313950e+00
1.100385668240719150e+00
9.788372226291487399e-01
9.377970811720522937e-01
1.002736597837666332e+00
9.999005623006205212e-01
2.385614289244186693e-05
4.757330493854979026e-02
5.460804830196811804e-20
8.458649334662531787e-05
1.587582061638758950e-05
-3.052571216632936894e-19
5.572358724155862520e-05
1.684217536035788787e-04
