6.274854298648269157e+00
2.300122597732532803e+00
2.047103312917909701e+00
5.418147048263875831e+00
1.572232601560191512e+00
7.129673757141570256e-01
8.884141380902764729e-01
6.228741594857122310e-01
2.843643557285001067e-01
1.394352833728501606e-01
6.862406893583978817e-01
1.020792191370068602e+00
2.274139470561509224e+00
1.474812689169290980e+00
1.240532798357715460e+00
1.210978697349348376e+00
1.973893137236212569e-01
2.086689781433292534e+00
3.044201216614269567e-01
1.461120247837253805e+00
2.355406240466395851e-01
1.775806738607419721e-01
1.253826939694888010e+00
1.370332153335547254e+00
2.775557561556422692e-21
9.817835863471959801e-01
3.130761493233312834e-03
5.378593656707562065e-01
1.676747477663686148e+00
6.449611750674628663e-01
1.573917890977250433e+00
5.492559302689484779e-01
