5.526808350242956358e+00
1.062413854515953160e+00
1.541514096141973988e+00
4.481792265516385321e+00
2.842805677070363579e-01
1.939174245411567354e-01
7.556567697331663114e-01
1.436088893299863611e-01
1.883407731094914606e-01
5.077796128704823581e-02
2.130466795730455165e-01
1.155397232087263193e+00
1.094343443194369270e+00
1.834419902838680949e-01
1.095950660033820245e+00
1.309792981499888487e-01
5.504902190668452544e-01
2.116280157597206779e-01
1.890128200906664169e-01
1.603745313241022041e-01
1.551932991688281249e-01
1.557265091844715343e-01
1.292664336680996229e+00
6.406217247404914338e-04
7.745309317816910788e-01
8.867142081618890614e-01
