6.283078516522510704e+00
4.675131116486287652e+00
2.671608240848033056e+00
2.754440318901238971e+00
3.497285042496596663e+00
4.054591977608463377e-02
1.347438028449402747e+00
1.236501541710003815e+00
2.446187136130418160e+00
2.267334574197093833e+00
2.353063649393388967e+00
2.457444366487780751e+00
2.485612890242272055e+00
3.491202145259856948e+00
3.524018980781036703e+00
5.475181469680470148e-01
5.262943388857114213e-01
3.936519009190200813e-01
3.200332802920633490e+00
1.355221981157056721e+00
1.970036283332729843e+00
2.199716160839811252e+00
2.529547422193396677e+00
2.696868479539195285e+00
2.437575846328269513e+00
2.229546845937179000e+00
2.358275585106525352e+00
2.211555629080402152e+00
2.422817636422053056e+00
2.240115171375608227e+00
