5.441347794760809542e+00
5.198448783620073677e+00
3.385370862070497200e+00
2.407714155110730614e-01
8.846284286219617543e-02
9.641633182754275611e-01
2.151194395311496699e+00
1.031604619776963272e+00
1.031118408645927742e+00
1.029458640630411592e+00
2.027992022375362691e+00
1.030205283250894110e+00
5.667654978213512162e-01
3.099962216862979680e+00
2.020072439720931090e+00
2.000673016756656875e+00
5.369593738015638884e+00
2.280575865671274904e+00
2.332743912764350558e+00
2.330354210813553539e+00
2.338146782929627410e+00
2.339790301148992668e+00
2.339129690177058851e+00
2.340984255021775873e+00
