6.282215133188074674e+00
5.210652910760786405e+00
3.418640550509842946e+00
1.378885215779259710e+00
6.082368118781775884e-02
8.673436692846815399e-01
1.987847272947792288e+00
1.051896933542178170e+00
8.741937678263580480e-01
8.620553858255808333e-01
1.888884048067674071e+00
6.877866687886783348e-01
8.879994955474410645e-01
3.398599225412651248e-01
3.026417633166160304e+00
1.716334370048036018e+00
1.958073608595370718e+00
5.158291002014999904e+00
2.201700790497930882e+00
2.211114768517670637e+00
2.194062190444227234e+00
2.171159240383839339e+00
2.187678181803021538e+00
2.198025659389176489e+00
2.127517813286545767e+00
2.186654413447484124e+00
