6.281715766567136150e+00
2.336896623329661526e+00
8.644210929276309185e-01
1.910470291806922667e-20
2.347625118114243570e+00
1.312810444191122361e+00
1.303587606370112173e+00
1.842963801896305154e-01
2.017105544899655545e-01
2.642583725154492788e-02
1.029207544832239640e-01
2.218437385741571344e+00
7.935821027952716378e-02
3.448757782355151846e-01
1.269910482684033060e+00
1.629259969862536295e+00
2.244866287017344586e+00
1.122526025648479031e+00
1.284855283341603593e+00
1.231536990468057535e+00
1.416809709062118339e+00
1.328997666019769541e+00
