6.283183387351384042e+00
3.269903748876566763e+00
2.087474010305310212e+00
6.283185307179588008e+00
1.857608697842055845e+00
3.054089258908290749e-01
9.354966766028470770e-01
6.679630479212321781e-01
2.888039347998815343e-01
1.250098105656916869e-01
8.784881212275147400e-01
2.048564982889363062e+00
2.248569705715253608e+00
1.506119858865473393e+00
1.249567394128091813e+00
1.194570658977848865e+00
1.217907769440985000e+00
1.203345882605257655e+00
3.661923902838541689e-02
2.101060231680150991e+00
3.078585720330896947e-01
1.509967080175656839e+00
4.121067179384903245e-02
2.239122105075915137e+00
1.177016972764188152e+00
1.474309463936720910e+00
-4.330881522099845106e-17
9.742849853756320178e-01
6.752134949882597477e-07
1.471730355868909212e+00
1.612000056813262416e+00
6.349571494324333099e-01
1.337076164500439868e+00
5.252519062564118268e-01
1.005106533771022992e+00
1.571141843531469684e+00
