6.283181925711036619e+00
4.309173848396617323e+00
3.355780954581815578e+00
1.840929605279091996e+00
1.532143432365860258e+00
6.116822359490892147e-01
2.226669802404943749e-02
4.877418277063271246e-01
4.792114308179486470e-01
1.775853697558087863e+00
6.495850040037355611e-02
9.144460361165113182e-01
1.312983328488414259e+00
1.662472845570230617e-01
3.459516607457257198e+00
3.160962105948375012e-01
8.914486148725761505e-02
1.389680232349210121e+00
8.162621066245259183e-01
1.072535337559094692e+00
