4.034123035829904502e+00
3.347187483990444329e-02
6.016199520457192751e-01
3.566367636673533958e+00
3.090552607786853367e-01
2.084394538049167203e-02
5.186452730313030335e-01
2.566319385048022503e-05
1.284827075815036941e-06
4.691463478248258505e-05
3.022544625334139481e-18
6.823210422328227027e-06
1.933779568242743424e-18
3.457362900414555629e-01
1.305248194306164843e-18
4.980087639686451472e-05
-1.769504681670142676e-18
2.497210803720734156e-20
2.909242770080642070e-05
8.949903111441236846e-06
