6.206667352046484787e+00
5.480636429939382381e+00
3.456519549790674883e+00
3.962276560307504969e+00
2.420841336663070997e+00
1.923606960929606646e-01
1.132027985221164545e+00
1.769545797183533498e-01
1.537161953286300564e+00
2.437169615984975390e+00
2.369571313037449389e+00
1.656177043873163557e+00
1.525114977326925247e+00
1.525009858901988258e+00
4.206944261064825036e-04
3.894230120894360270e-01
1.874402252861233409e+00
1.621913872792200113e-04
3.476226691288468285e+00
6.513428538879713010e-08
1.009295729918297857e+00
8.474956851003441205e-01
4.976096764729848188e-01
1.598305112915482384e+00
6.494824733574313669e-01
4.535219032994681765e-01
5.471484024861559270e-01
5.485546196539465846e-01
