6.283185307179587120e+00
6.130410711417608738e+00
2.270465025876652110e+00
3.439275771085454458e+00
3.343210584196230517e+00
7.058490626498493681e-01
1.164157491006253986e+00
1.315456328473662895e+00
2.848557437915064661e+00
1.711773584801368875e+00
3.150115223315319124e+00
2.321444819090030975e+00
1.608623927615152160e+00
7.502369668162465199e-01
1.115425729356978257e+00
1.026974236211472213e+00
8.987146656102196207e-01
1.508625495531085159e+00
9.679196884617561336e-01
1.042470892208323008e+00
1.051929232805084852e-01
1.267195992428423179e-01
1.505646032735787676e+00
1.549485746542548126e-04
2.912626014246996409e+00
3.380060737262513895e-03
2.756982560006844829e-01
6.446111448287229484e-01
7.490624799185956195e-02
9.788763654042443862e-01
5.232978691869121235e-01
2.642178815605405462e-01
2.213476665679719457e-01
4.525671605819949861e-05
1.499106332455876489e-01
5.610121743652185522e-01
6.181085844178146882e-02
2.802346786928853941e-03
4.318323802330137351e-01
4.494966098759163864e-01
