6.066222953729194067e+00
6.283185307179587120e+00
2.984697703605625030e+00
3.913808225832744458e+00
2.072781737715412298e+00
1.022728731692775228e-01
1.096559072098701515e+00
7.195597100760349040e-04
2.648981674008562326e+00
2.146704414262869509e+00
2.384626549072301760e+00
1.795584899900952935e+00
1.735685896501782288e+00
9.938597436781532179e-01
1.288655318030064389e+00
1.311523770112547949e+00
-2.602114017191459882e-17
2.916448645714618260e-01
1.759387419402741903e+00
8.355647064715953707e-20
3.227764316522570454e+00
2.110853685002194498e-03
6.047755449739450340e-01
9.520321101223043758e-01
2.984975480829045735e-01
1.275842086049808977e+00
4.475961192975503322e-01
5.791635448654816054e-01
1.841300388198125748e-01
1.953561988218976697e-01
3.241593003425494723e-01
3.455217913086441328e-01
