5.439933833369558158e+00
3.199627830103496606e+00
3.382084026195319559e+00
2.393499261679887524e-01
8.813437796282028169e-02
1.023477134103499386e+00
1.149849132501160609e+00
1.030338715964020935e+00
1.028409044901846148e+00
1.028274488278187349e+00
5.639004457146726823e-01
2.099849081052635569e+00
2.005159162413343132e+00
1.998974931064462890e+00
4.370830429825389274e+00
2.277703745738266061e+00
2.328131278173391827e+00
2.327081020530557431e+00
2.334730976800047486e+00
2.335098067459172810e+00
