6.170038002683027933e+00
1.529871007068113853e+00
5.219043408220171543e+00
4.023805665784240482e+00
4.773121660968818958e+00
5.437338108024346361e+00
3.016769550535517208e+00
2.910031426463732362e+00
3.913071426682414256e+00
2.921594054583922073e+00
2.984191534742155927e+00
3.864341398915437376e-01
3.255866228928147255e+00
2.361132216271858653e+00
3.149574891841018687e+00
5.015127418033481277e+00
2.761762571691067425e+00
2.762030211769351151e+00
3.761507387011938430e+00
3.789701317379379653e+00
2.769923968836590422e+00
2.795948507329819144e+00
