6.217695838580650225e+00
5.978012268507912452e+00
5.318449144459816758e+00
4.822644905522752268e+00
4.835861697883516719e+00
4.043278831948239116e+00
4.129005790118672969e+00
4.959070260727438395e+00
4.538663144092567769e+00
4.654691465103305781e+00
3.775980002725531914e+00
4.677664044290146705e+00
4.268911706751635116e+00
4.016098292176575879e-01
1.280738378212330775e-01
7.635712615837195812e-05
3.082143658048485790e-03
3.021450413921758076e-05
5.648125363421594575e-02
2.473305310155559083e-03
4.640361986334105154e-02
2.303610668676669623e-02
4.429984058400871644e-02
4.489864693535007556e-02
3.853573369344891425e-05
4.273992466864236922e-02
