6.020783088381242543e+00
6.263334721178428488e+00
3.895421426426609823e+00
1.652941996337041752e+00
3.190967613128414815e+00
3.379205926126641835e+00
2.354929959298943221e+00
4.681010381087538974e+00
2.888710715879601487e+00
2.150052107361274611e+00
2.070412760789973383e+00
2.042571451868251398e+00
2.203114850944179803e+00
2.208908835111159874e+00
1.452555256228592339e-04
1.447928413338100073e+00
1.423542335161963601e+00
1.010084256116478230e+00
1.112262115728705369e+00
2.162739861800347718e+00
3.013897156852205494e+00
2.110131949848359501e+00
3.613167906546898234e+00
3.041034424064061881e+00
2.085971724063231836e+00
8.290131981323826116e-01
1.009039805567632619e+00
1.000016809703144549e+00
