6.259185300559642506e+00
3.718506434950731077e+00
5.955185254662405114e+00
2.897772250046608100e+00
1.404198376725962705e+00
3.102083240379685858e+00
8.576116239482055592e-01
2.383419158519011649e+00
1.603016365021627809e+00
5.638228286576337789e-01
3.250170062023165052e+00
2.746794931628750103e+00
1.658949935569180578e+00
1.569718427005607042e+00
1.320801239196313759e+00
2.403599816496721608e+00
2.144057100009303633e-20
4.574921465709820665e-06
2.129826300827061036e+00
8.447900336699321574e-20
7.494256349730430734e-20
1.672784896072104344e+00
1.482936314960565894e-19
8.745479514714147307e-01
-5.388694551742745767e-20
4.324523215273126109e-01
4.588016548863351751e-01
4.285659479446795317e-20
9.446623662284132938e-05
3.981289710650682233e-03
