5.828069323529490475e+00
6.283185307179587120e+00
6.044130424873166874e+00
5.654838197748675022e+00
5.658784158697881317e+00
4.609043852144885101e+00
3.375262598595547114e+00
6.283185307179586232e+00
5.519406644847886234e+00
3.785282574979786485e+00
4.588605851185424633e+00
4.094491180427541899e+00
2.551253180904004658e+00
3.356884241320688744e+00
4.816206993002084324e+00
4.221109461732317492e+00
3.549099049970572128e+00
3.711676257504276322e+00
3.519678975358821571e+00
2.523932803761158361e+00
1.184861232237036403e-03
4.293805674589312293e-04
3.700210490521207637e-19
4.225621270981932682e-04
9.650739097934972824e-03
1.116049181656810085e-05
3.616862269455151969e-03
1.732977323930092405e-04
7.086908777706621377e-04
7.324960927770899537e-04
2.994168097741647244e-02
1.198385010956567021e+00
2.017463201943446333e-04
3.741362673795697218e-05
6.779782726432457413e-04
5.600879176611986768e-04
3.740836388160328303e-04
2.329340604949325932e-21
6.687741546285086913e-04
4.950221923372629968e-04
