6.095341475911587814e+00
3.587585830544596011e+00
5.788641964249291227e+00
2.708003738924452897e+00
1.381442329779416278e+00
4.103372888409533736e+00
7.471752672933436035e-01
1.986610289852555722e+00
1.217685375172621987e+00
3.785392131718550157e-01
3.004511865031757267e+00
2.517763081676633430e+00
1.467593948459533504e+00
1.502413182410888837e+00
9.366354670805681071e-01
1.052810288238742231e+00
3.468363524663046427e+00
-2.321013819740409627e-17
-4.301335513591737656e-17
2.297640709090114086e+00
8.036346574268794517e-17
-3.047558526661023953e-17
1.297631242181803923e+00
3.675250247769110482e-03
6.149870813906580524e-01
6.289516674084172079e-17
6.005164813112181532e-01
3.785495275900428447e-01
2.517604133065674257e-05
2.365815992497086558e-05
7.285810101544070318e-06
1.169938680522742032e-02
