6.283185307179586232e+00
6.085611029137898420e+00
5.413876509489456978e+00
5.206780784434369203e+00
5.958753800109212406e+00
5.682745643657354684e+00
6.283185307179587120e+00
4.950055532457467322e+00
6.271021039902951344e+00
5.940479785683247194e+00
6.008926403255358650e+00
5.507925950400737847e+00
4.823891309497169821e+00
4.998969115500111471e+00
4.736376823279249137e+00
5.264832401407927520e+00
4.821147536562808256e+00
4.661963828821239275e+00
5.526393237303453887e+00
4.811838845950147103e+00
1.596461242222445343e+00
2.830357015881235228e+00
1.695496270576333231e+00
1.009465165196407055e+00
2.685848313695040623e+00
-3.918284340480517510e-20
1.001016911780176766e-02
1.682699019811072949e+00
3.171132375283701177e-01
1.450723822630919091e-01
2.213851413138792079e+00
3.394728631039528599e-01
3.043412665138415241e-01
1.344972196957554322e+00
5.050510355656859796e-01
6.459878326234076429e-01
3.018427479843373562e-01
3.798089673359902330e-01
2.026610121872919890e-01
3.367177095364836115e-01
