5.929907133223269788e+00
3.386266354945686174e+00
2.493719817317814780e+00
1.969802453379629226e+00
5.939730550474746351e-02
3.326746313282346268e+00
2.506552884345902399e+00
1.134499169595021950e+00
1.596922395228061786e+00
1.210091372188087266e+00
1.172337926077975157e+00
1.988456505190791201e+00
1.638733331857159773e-04
1.941759076865964051e+00
7.123491546711552269e-02
1.042478132468645846e+00
1.677319284028963873e-05
9.614920651411825725e-01
1.998630556274769488e+00
9.686361422763190010e-01
9.773593080471509875e-01
9.743681904209259281e-01
