6.215309345385675144e+00
4.754893807653621352e+00
5.758692238978521338e+00
4.530827445797872777e+00
1.142971789692992735e+00
3.787552675293306415e+00
1.533320826855316232e+00
2.047579385768705684e+00
2.003555881423097595e+00
4.410237168439192779e-01
3.105763751942588247e+00
2.460700003910027966e+00
1.554960953070500640e+00
1.650523483260918134e+00
8.999339126042779080e-01
9.977344701047231590e-01
1.479665941169118426e+00
1.012024767348659537e+00
3.692747533646786540e+00
5.733525084826867069e-01
7.257855740088578478e-02
3.539975990666300198e+00
6.317372865974260621e-02
6.445629871631990138e-02
8.449878514813103925e-01
6.136051512400579611e-02
1.890660014880884698e-01
6.935396348827349566e-02
1.911375039469831449e-01
9.345054113948599028e-02
5.913090118875149320e-02
6.578904888052741762e-02
6.871662093934935434e-02
6.348262557644075710e-02
3.796653308808109820e-03
6.248383504614098138e-02
