6.282159784647396883e+00
6.281775546888033190e+00
5.626268362411149582e+00
5.254052140990737030e+00
6.270418939668989999e+00
5.925646626817501428e+00
6.283014780675668653e+00
4.530606851136002255e+00
5.436145486757940404e+00
5.465888356503800338e+00
5.918665782056077518e+00
5.462665867889865190e+00
4.992362201698480995e+00
4.684832138446760830e+00
4.583862757664861398e+00
4.635495638733398316e+00
4.594427876966840074e+00
4.637294798013714470e+00
1.672587026207566829e+00
2.653196223156890632e+00
1.536557902841926282e+00
1.372601467293590005e+00
2.062395635670833727e+00
3.386292896180118778e-03
3.388131789017201356e-20
1.046290501014938812e+00
3.163864295120568781e-03
1.447431392502210312e-03
7.609474108163211126e-01
7.953419250070565827e-01
7.928752937210064022e-01
1.758440174648999488e+00
5.810111302384458609e-01
1.060402735553221953e+00
5.729812128476732269e-01
6.028979813404405919e-01
