6.218871491342272684e+00
5.039738228681846621e+00
2.879809196357469681e+00
3.390067514317387953e+00
6.282223602267357876e+00
4.854031985435838692e+00
4.591221994526523353e+00
4.623190203773256179e+00
4.493202899826765240e+00
4.549778016949143300e+00
4.560757716236247816e+00
1.793249700261912993e+00
1.059873231904628454e+00
1.079745586089722709e+00
1.145377558857396005e+00
1.035678222734078613e+00
9.311992857945157465e-02
1.309878282970291796e-01
1.012311270528057222e-01
9.722715833118213136e-02
7.594515934387569001e-02
1.178333847434317683e+00
