6.025743103372334097e+00
1.924582642794102849e+00
2.201613138449493245e+00
4.920606563093748775e+00
3.432007466724469325e+00
3.085180774253516223e+00
2.870158065325425056e+00
3.337821941310661789e+00
2.156495951507140241e+00
2.273110888502634985e+00
2.125718672161315936e+00
-6.398401122670024793e-18
9.398393344168106678e-01
4.312484893233653385e-21
3.746768687453721544e-06
5.874306383497124264e-06
2.125217105140632778e+00
-1.788797812215891125e-17
4.426159508293774047e-06
-1.125839759592424018e-17
