6.204002117539024752e+00
6.278188915484230748e+00
3.555628456424376971e+00
1.540621967043584561e+00
3.863764289409886032e+00
3.145014836930225766e+00
1.917833912206408975e+00
5.472354932342581080e+00
2.781541964218685603e+00
1.976770751092096434e+00
3.020985812310058805e+00
2.680351416360423844e+00
1.849573681658089663e+00
2.352481467070610233e+00
1.483136274443578539e+00
2.814667508388426054e+00
1.792044982532389419e+00
8.009600182881639052e-03
1.072616870825773949e+00
1.529881074635831562e+00
8.463292303745277856e-01
9.025163256093030606e-01
3.212907952501877329e+00
2.865733834316225526e+00
1.635825729772551806e+00
3.215930087630128664e+00
2.582761274945557961e+00
1.723070765747401811e+00
4.673217149046988150e-01
8.993559129195478619e-01
9.683059522327829294e-01
5.506160754534377144e-01
8.954818971767489200e-03
6.041398993471935874e-01
