6.283185307179587120e+00
5.829938509568282079e+00
3.742230814585862930e+00
4.332006449564872241e+00
6.120099201141251832e+00
5.756726749104331908e+00
4.748385503648948180e+00
4.617594560817632754e+00
4.432549802085051560e+00
4.523942443690166293e+00
4.537729564795611736e+00
4.524174963877971578e+00
4.603377353153022433e+00
1.779848988027270540e+00
1.028108571339556354e+00
9.109781665969604036e-01
1.169107932898445279e+00
9.678642974973836743e-01
1.697946305281450297e-02
1.037295143805479075e-01
3.001200521566731866e-02
5.355835336825555470e-07
1.915549165563323054e-05
1.033626028195816948e+00
1.043294058996050211e+00
9.453851375351731701e-01
