6.282921945117744045e+00
6.133116459765985518e+00
3.632311333906468764e+00
2.612858803739761981e+00
2.586708946543132548e+00
3.582766182326226456e+00
2.654256392404564568e+00
3.851324148631011024e+00
3.224286139618553815e+00
2.723207864562666281e+00
2.513569780719287383e+00
2.471527668963089397e+00
-3.388131789017201356e-21
1.855096547926646577e+00
1.466735884222612585e+00
1.251758269609841934e+00
1.438264716133308641e+00
1.523637779632476041e+00
1.969474013856700401e+00
2.466192226093172568e+00
4.023142784684370810e+00
2.310981155287553435e+00
1.597058853146671176e+00
1.723349441518052805e+00
