6.227449281149288751e+00
5.936581716719862456e+00
5.013008646080421293e+00
4.706889003173797548e+00
6.277380643288300810e+00
5.905643172674169605e+00
5.782126927181917786e+00
4.554040842945974887e+00
5.482009572109913798e+00
5.500108812442468853e+00
4.471006044295235071e+00
4.526413374060024530e+00
5.498433373046302641e+00
4.652406235927210254e+00
4.601241227235028042e+00
1.742631852268058390e+00
2.117602097293160401e+00
1.306385284814167935e+00
8.471084066628180587e-01
1.025608102456410764e+00
1.216301624818080638e-04
4.175913772264205556e-03
3.560432875860118006e-05
-7.667477763817721427e-20
2.220418375473334484e-20
8.255369327444205263e-01
8.720979092384633091e-01
8.486740378591750567e-01
1.760950074907098539e+00
5.914435048180809451e-01
