6.257278489402862576e+00
4.921846936496374170e+00
5.681618561173018556e+00
4.361619606328326348e+00
2.119689715609359926e+00
3.470232609324007456e+00
1.238433785849254010e+00
1.697472234338597064e+00
1.851944069340925925e+00
2.765270221612300960e-01
2.792498856084779213e+00
2.044071117959311401e+00
1.666097274628579150e+00
1.559040682937974820e+00
6.249643001963555156e-01
1.082020355951624824e+00
1.289720107418093287e+00
7.602323375814443729e-01
1.201918927442037210e+00
3.431826212287887312e+00
5.671726806022256984e-01
4.996003610812654201e-20
3.278945495987009462e+00
1.007347242254484664e-04
3.471043542194912927e-04
7.999814452194499159e-01
3.670444405911699165e-05
8.138310665483102597e-04
3.489387231910605347e-02
1.599533638521140897e-03
7.759203507410378144e-04
4.150331842710441518e-03
6.220450171776482993e-05
7.008065173670742157e-06
4.335771285299142908e-04
4.601311358569965676e-04
2.357190014664339583e-01
1.040711850824752385e-03
