6.256849235371960027e+00
4.921805297880138319e+00
5.681770628992961925e+00
5.360836232532588674e+00
2.119508109420075392e+00
3.467212692673689478e+00
1.234336533258174606e+00
1.694969498593121848e+00
1.848286368239910216e+00
2.764095745026462492e-01
2.792148697686446912e+00
2.043662853054063255e+00
1.665502845054196657e+00
1.559009591603306655e+00
6.248206011090273737e-01
1.081616666811345384e+00
1.289190466039288330e+00
7.611554366713331188e-01
1.203397501756778176e+00
1.203788867697660470e+00
3.433269903746978713e+00
5.669419748480146737e-01
7.120577615031815262e-06
3.278783738946966508e+00
1.200808751729839170e-04
2.044601140753500817e-04
8.000140760546012864e-01
1.171076706397708239e-05
8.669424197290795039e-04
3.482000158389707972e-02
1.664862899786510950e-03
8.123595446708902238e-04
4.137144146862526198e-03
4.252472160188986268e-05
3.352845129344925391e-05
5.337809331568499436e-04
5.317794619083736568e-04
2.358470816010625748e-01
1.093648723507713175e-03
9.601211932026992597e-04
