6.283152678053451012e+00
2.056680014777795495e+00
6.281040376015253557e+00
4.290021228159049294e+00
5.543654387898769187e+00
6.283178391555547471e+00
2.814434343641246450e+00
3.807097256739497393e+00
3.461639792816526118e+00
2.631958581656145491e+00
2.414106725022505007e+00
2.752462182392966472e+00
3.885506752802654340e+00
2.868595861378592460e+00
2.720447718261024495e+00
2.664977570820139044e-02
3.107845592596124806e+00
2.117887025172376259e+00
2.768240283620632347e+00
4.636316450160332892e+00
2.451268748031712796e+00
2.218237031503529799e+00
3.370697494151353002e+00
4.688335499144637986e+00
2.252767721519805200e+00
2.617401405185265428e+00
2.447576254401894857e+00
4.818094842256984478e+00
2.306761591210376938e+00
2.377573845082990633e+00
