6.283181150499940415e+00
6.052271518058671695e+00
4.869927114093598242e+00
4.591514992406112050e+00
6.276620678955830535e+00
6.046290241681940181e+00
4.772086357814790070e+00
4.586122445350504506e+00
4.379416304513281233e+00
4.514069551053306206e+00
4.506160869833135685e+00
4.492002075513109816e+00
4.578353177027315368e+00
4.581044038944220631e+00
1.713732676135816702e+00
9.932143374852790974e-01
8.909293810039389250e-01
9.434613278046587448e-01
1.095881345466820589e+00
4.338816648210037518e-04
9.737441096993185163e-02
1.199296660864821503e-03
-1.099520597178988568e-19
8.388658562652826899e-04
1.018268863673753799e+00
1.015864443176974330e+00
9.223846473264377677e-01
8.951054098566029182e-01
