6.102448070196412999e+00
4.252677327439567279e+00
6.132110377688669622e+00
3.016646575453487245e+00
2.152210123032350708e+00
2.967795090708789552e+00
2.020882677748818246e+00
2.935771845708741612e+00
3.183381595283826471e+00
2.160758861396617103e+00
3.406444807299722211e+00
2.345924266267381153e+00
2.318582956191308941e+00
2.936256056787672986e+00
8.238825962198644431e-20
2.571582874248958261e-01
2.185831848488995810e+00
4.325692876028566216e-04
-2.149153568252674758e-17
1.083181531273097464e+00
1.232500962917190008e-05
1.181449556168137210e-01
2.254412959001723116e-01
5.599723782249287352e-01
2.280153700250130977e-01
1.708884176640239061e-01
