6.283185307179585344e+00
6.262015315029605844e+00
4.609876964878702132e+00
5.733409190762708718e+00
6.276258520356361004e+00
5.915050033003587338e+00
6.258024100754117747e+00
4.496958981829950019e+00
5.439906470108151204e+00
5.496205886073607161e+00
4.420629557481268179e+00
5.469286027668419869e+00
5.515179314077809813e+00
4.679838380022903088e+00
4.618208984804754280e+00
4.626495539919401878e+00
4.626134085304947519e+00
1.695984126539791248e+00
2.138146189108247164e+00
1.313783931990115672e+00
8.667752538332357259e-01
1.055190955057177637e+00
2.441360322118395904e-02
2.418246388418750226e-02
2.719741404598990941e-02
9.636853179518720114e-03
4.834809628520487373e-02
8.476799890599928666e-01
8.765493031790313472e-01
8.734844554058530663e-01
1.848548466654625688e+00
6.136362991701859171e-01
6.132928082615088927e-01
6.421518975370562599e-01
