4.600735778974875068e+00
4.247632404134870754e+00
1.643265846339315717e+00
2.422373250498436992e+00
3.835007717880477562e-01
2.611789255906145080e+00
7.133434204312952831e-01
2.682849334902481342e+00
6.866555957801181442e-01
6.758607896964514694e-01
6.608493069489870253e-01
7.851898578236191639e-01
1.695772711699933044e+00
2.215705117358695020e+00
1.833340862013428607e+00
5.167170712973795377e-01
1.419338612129291688e+00
2.531289244095594526e+00
1.636918896971961246e+00
2.723279925477244845e+00
1.825275464869737130e+00
1.906535926077503440e+00
1.824917769297252468e+00
1.825957889151356150e+00
