6.246697792873866284e+00
4.677065726007306523e+00
4.606862970046352146e+00
3.788956631577683698e+00
-9.673375300797643960e-21
4.127171071639859079e+00
2.361779785745548033e+00
1.283671369043000166e+00
1.358110315394139844e+00
1.714329332723768307e+00
7.915829202941946363e-01
7.284989718129930569e-01
3.739417751652647226e+00
1.633833466491701580e+00
1.660477442486424149e+00
2.988976100774892064e+00
6.007961204040024317e-01
2.286579363288685496e+00
1.892548442589231036e-02
1.580589500584762108e+00
3.426356420810350270e-17
1.898220552591324273e+00
1.472847624793201193e+00
4.941197670760612004e-01
2.190953261030736676e-01
5.016780293316193129e-01
6.575861405367142698e-01
1.536840973034748481e-01
4.750727541209479043e-01
2.438879896943489389e-01
