3.570347428127352618e+00
4.265894970809365638e+00
6.712806609138517455e-01
2.413786204326317186e+00
4.398148736998925279e-01
1.635588781071249498e+00
7.380158990626239923e-01
1.727491529125629199e+00
7.201836716341581957e-01
7.214022307157783587e-01
1.723918551345963612e+00
1.954016433132041097e+00
1.703254100760456025e+00
5.753006402242246686e-01
1.625741153458655663e+00
2.147669038836961253e+00
1.812773698691870550e+00
1.789722299040838127e+00
1.841385087561403955e+00
1.841784977295579440e+00
