6.281918231941708619e+00
6.077483785932658478e+00
4.048996890102630530e+00
1.072313123216060538e+00
3.526071804366022633e+00
7.033042315761204311e-01
1.393486046067438479e-03
3.967917080183031575e-01
3.027281739923306514e+00
1.308123996191628668e+00
3.734783554925734106e-01
5.518437891798170941e-20
1.695811634382313471e-01
3.491859233123332795e-01
6.265671598303764389e-04
-4.669875597329571350e-19
7.749351826127954812e-01
7.653684440221039109e-01
8.220647542748393821e-01
8.318159255084160986e-01
2.449989617512962070e+00
1.977857869469099361e+00
1.481637648722476053e+00
1.428696556519971628e-01
1.859512696761313366e+00
6.355952969629837801e-01
9.174989886117136395e-01
2.557123325882335596e+00
1.842508177079742682e+00
3.101111945795330005e+00
1.866637407517341529e+00
1.094005716155943109e+00
2.216020476374887860e+00
9.862024760996899175e-01
1.864155818711198620e+00
1.454231182200962813e+00
2.091568046822473104e+00
2.586390119580323166e+00
2.828826856009872159e+00
2.829021921581176269e+00
