6.282069081717299497e+00
5.816194180146188053e+00
5.235729236112101503e+00
4.931199385446535466e+00
2.902442288640598278e+00
3.042910331383366529e+00
2.482841202021991656e+00
5.611051681092394716e+00
5.698886723719596148e+00
5.440734338615666132e+00
2.062389718609098088e-01
4.126888804115725340e-01
5.572936404217821663e-04
5.476337597116556245e-04
5.563270398619832857e-01
3.386697660358889417e-02
5.594732218090264428e-04
4.757162347993512913e-04
5.966465888772539729e-04
5.143174507682194384e-04
