6.099732256054823054e+00
3.952538414568273151e+00
4.827407935323174470e+00
6.231556015674621030e+00
4.627815124837302285e+00
4.115540375309371335e+00
4.791068585498300614e+00
4.535834901664261842e+00
4.280555324909129489e+00
1.657278632147948239e+00
3.033795166450677705e+00
3.085570173315378195e+00
1.898201000320666632e+00
8.083362733381997955e-01
2.598248860896017476e+00
8.327291022075498095e-01
1.986430724597340713e+00
1.161562181103046099e+00
1.369644206916425189e+00
1.094683564008276155e+00
7.483165392596257126e-01
2.436358292835371830e-06
4.078953196363627577e-04
7.824479434399636982e-20
4.220290853074886315e-20
-9.449906570913154996e-20
5.737854506074698824e-01
-2.498001805408484142e-20
1.527749417971302481e-01
2.413879629657825487e-01
3.124363385370219578e-04
3.416236146813396157e-01
1.239965697853608224e-02
3.693632459199696072e-01
3.509745619743165346e-01
3.657315934915583155e-01
3.244588479760179833e-01
6.820584256359520092e-02
1.552399139910344283e-01
4.244213815893463360e-01
