6.283185307179585344e+00
6.283185307179587120e+00
4.341489523039093079e+00
1.094611378753908015e+00
3.188979269183437992e+00
1.001758053500741763e+00
3.054312027352051873e-01
4.767068096640737496e-01
2.270613882305990483e+00
1.601104902104066419e+00
5.769814402099959771e-01
1.053579387777861011e-02
2.636779683485997128e-20
1.856204483441849518e-01
1.904934163477240983e-01
1.985523731348090903e+00
2.365062404327917811e+00
1.716551432842327696e+00
3.582268880945640999e-01
1.545865708483677103e+00
6.803657057827883214e-01
1.656886472733680726e+00
3.025468705949755144e+00
2.341485009207944223e+00
1.833201571301736887e+00
1.923398871993819537e+00
1.898868397652399009e+00
2.580272497031177892e+00
1.610356334936021039e+00
1.625161158327210087e+00
