6.282131834289892858e+00
6.281789373078118466e+00
5.626245995629762575e+00
5.254036225969753282e+00
6.270426033516002029e+00
5.925661443334555578e+00
6.282984947742097148e+00
4.530634090054181939e+00
5.436146420437706794e+00
5.465902806713399897e+00
5.918685587601848042e+00
5.453140338142779875e+00
4.749952886323060675e+00
4.725383859338101900e+00
4.593377518950688909e+00
4.636845869999620895e+00
4.603973190821204042e+00
4.637416295140698530e+00
4.646841694886363783e+00
1.682142810301617608e+00
2.662723650769554862e+00
1.546092802754584605e+00
1.382136309940009244e+00
2.071926210448362227e+00
1.291655809819071063e-02
9.512355384538255521e-03
1.055829625661320659e+00
1.270355788825930712e-02
1.094840729611324358e-02
7.705180131077876693e-01
8.048631879530526723e-01
8.024110342093532244e-01
1.767968207165536487e+00
5.905667391390898580e-01
1.069947770614112725e+00
5.825274052305237094e-01
6.124478560695065799e-01
6.124322352330924257e-01
