6.283185307179588008e+00
6.255925927729554914e+00
4.361419272286934934e+00
1.064382917580047661e+00
3.219529793357458924e+00
8.536274992120652029e-18
3.061778564963610894e-01
5.227355827811174249e-01
1.777722884026131878e+00
6.018921122041068772e-01
5.788582161648676561e-01
1.390001944872167917e-02
1.442665215369846236e-06
1.874911580712684822e-01
1.990432019943077169e+00
2.365733011640199113e+00
1.723907899749530070e+00
3.629740754600954133e-01
5.399793527634099144e-01
6.972650125090129603e-01
1.661363721327707488e+00
3.028115404424454038e+00
2.358865445289187956e+00
1.845161867936354394e+00
1.935981759417764847e+00
1.906828185302943846e+00
1.571715529595435701e+00
1.635440541829335626e+00
