6.273995508678350319e+00
5.100747449280203405e+00
2.901755051064518476e+00
4.327555036712086967e+00
6.430460404830176113e-01
2.510694580888391592e+00
1.575065711043662775e+00
5.838425556608565437e+00
1.603658829637365058e+00
6.007834221977150779e-01
5.778856370854484892e-01
6.564272898861676087e-01
6.840401339938075864e-01
6.649131127046131740e-01
5.569484851491040001e-01
7.167480098191603144e-01
1.832970930157173939e+00
9.756127862837157272e-01
6.712427917539429689e-01
2.494421607640360694e+00
2.382235239342273658e+00
1.627980813961305451e+00
3.941532932442884940e-01
1.198063239687031212e+00
2.423573024128661935e+00
1.844070767940070077e+00
3.484130494939944533e+00
2.762510305899039675e+00
1.828976587138674947e+00
1.715556093752096167e+00
2.699749972497859751e+00
2.696268410766425205e+00
1.825257900014314538e+00
1.732144239371931072e+00
1.714757974354793157e+00
1.663913125307131091e+00
1.662518611146071024e+00
1.476610550966010127e+00
