6.283165199203116558e+00
6.240986523999695557e+00
4.219834560352105690e+00
1.077267982603167473e+00
3.004467828942348095e+00
9.526012524206143306e-01
7.828312411672620763e-02
5.010392845930720096e-01
2.029879452431483600e+00
1.167134025057113389e+00
3.693011251847336807e-01
1.175213456153931801e-01
8.280561400431957642e-04
4.745193712190551305e-01
8.245032769028658474e-04
6.388589802658208418e-04
7.979632248365664537e-01
2.470686461675915879e+00
2.083966129010849766e+00
1.660935623867684896e+00
4.282594903750678271e-03
2.028574950800410281e+00
7.415231813274976158e-01
1.034823786314709837e+00
2.457545856680642071e+00
1.716758152447260155e+00
2.017620251830421374e+00
1.572827606871902928e+00
1.373955770499240447e+00
2.422640796302289345e+00
1.208687955912192136e+00
1.469899064435767011e+00
1.589851647362469977e+00
2.387222520584465268e+00
