6.283084420255216962e+00
1.507122905868303997e+00
3.272923434427522871e+00
4.703093650112415425e+00
3.314697198036990144e+00
4.016701647303314360e+00
2.900779457490698654e+00
3.058588962098021558e+00
3.343323317651194948e+00
2.031643486942886767e+00
2.161156731832134970e+00
2.089029127460441781e+00
1.517361611027845170e+00
-1.355252715606880543e-20
2.114525029656068311e-01
6.649116713657448891e-05
3.527840992355858697e-04
3.816120202309081265e-04
1.323208406914321067e+00
8.074984502603536063e-01
7.242993949826052966e-04
1.105558641557469613e-04
1.085748825830929994e-03
3.006753931285032627e-03
