6.262585335615519888e+00
1.464963955853320510e+00
4.295836787169739601e+00
5.637238463804296273e+00
3.259258332363336841e+00
3.965949782022954118e+00
3.847959431003998620e+00
4.109488705219424887e+00
3.711611401743783567e+00
1.923339915381524268e+00
2.241396374383935353e+00
2.391166690028928343e+00
2.157616376957707249e+00
1.905273453196736355e+00
2.013617388402810793e+00
1.552368625345360797e+00
3.256014099434994635e-04
1.650307434111958904e-01
4.841706043424956647e-03
3.772985425098367152e-02
8.522818246238215156e-01
1.239728243425019194e+00
7.436102199890669562e-01
1.598059582787569458e-06
1.332490825163403728e-03
5.466226517747640318e-02
2.244225745266169417e-05
1.158555322676830042e-05
2.469858673529355350e-04
1.434323316989834706e-03
