5.096135720795693658e+00
4.619673448416103945e+00
5.681988717722650684e+00
3.103323571107708734e+00
2.236483656032393963e+00
3.016340589003251527e+00
2.108961597591650250e+00
3.032587153822228654e+00
3.220640833998074104e+00
2.227970962249836706e+00
3.461198371059170942e+00
2.461170262167224010e+00
2.915519372788196950e+00
-1.284372139437714988e-20
-6.712932675503265329e-20
1.989842789662423561e+00
1.668884625081609258e-05
-6.973411403310972473e-20
1.224557771167155584e+00
1.694994127897012093e-02
2.761963732586761866e-01
2.792263106926349270e-01
2.888005623217021478e-01
2.887809807461469980e-01
