6.227987877759442625e+00
5.935883651524128446e+00
5.013283967795214124e+00
4.706831307796765174e+00
6.277375523320738004e+00
5.906603496961164268e+00
5.782371278920822810e+00
4.553465251244388945e+00
5.481905963194261489e+00
5.500644189609462664e+00
4.471123095628152910e+00
4.526724888784280587e+00
5.498426016201508837e+00
4.652294185635524215e+00
4.601004356189153377e+00
4.601163151847053712e+00
1.742545947225794700e+00
2.117632159465677510e+00
1.306355654512940223e+00
8.468761234085084855e-01
1.025690626998043475e+00
4.363624547930201322e-05
4.167736898718790370e-03
1.243287810705077706e-04
3.192492742720588056e-04
2.628408851516534956e-04
8.252967135796055453e-01
8.720082670858179119e-01
8.490402881467545848e-01
1.761450623352573519e+00
5.921598558888157005e-01
5.914994824560737552e-01
