6.258227734163897438e+00
5.381922931595166659e+00
6.283185307179586232e+00
6.282103960894175110e+00
6.127735799870658973e+00
4.519392115790044073e+00
3.867763687297810726e+00
6.017931104774786988e+00
4.990204790787769795e+00
3.773540189732218053e+00
3.411723955356916083e+00
4.429042720380861553e+00
2.907128938304274879e+00
3.583221801430232833e+00
3.531976408293723502e+00
3.964150399125438540e+00
3.783801082864774568e+00
1.462518158260463002e-03
6.002179260434996983e-04
1.506761184215932858e-01
1.656727825075742511e-01
4.312081609545001947e-17
4.560431836413260474e-04
-1.412816854577702751e-17
3.410092103437331111e-17
-4.245636926813724962e-18
5.242436002789975042e-06
-1.469697446922586027e-20
4.258366507287819147e-04
-2.054812813904288008e-17
8.084072284660744217e-06
5.870567509782910259e-04
2.594131606511913021e-04
4.487953052152261280e-04
