6.278444212989107598e+00
5.100168453881212649e+00
2.909393124975521161e+00
4.336308647894499657e+00
1.139162018553582678e+00
2.523532708370894717e+00
1.577170963095548606e+00
4.831286365798276528e+00
1.701712676320148665e+00
6.040633307358311832e-01
5.784762619294848696e-01
6.759380741341867171e-01
6.957467684849739653e-01
6.763270508907575085e-01
5.819978209224687671e-01
7.195902601821820843e-01
6.862787408465162997e-01
6.888793831561342840e-01
2.530138912372753346e+00
2.384300311527522531e+00
1.778735876212369504e+00
4.203765644292630776e-01
1.348554302290153162e+00
2.428551059536735668e+00
1.569320726208486727e+00
2.623185481687009712e+00
1.758877483800303843e+00
1.838079292023605094e+00
1.727837971687821828e+00
2.739891585590968237e+00
2.707441436772574761e+00
1.717592617515277142e+00
1.729432604894868053e+00
1.723727794519109402e+00
1.708629340730720259e+00
1.708664967892693731e+00
