6.283178886613115743e+00
6.182259649702323223e+00
4.339354794622011902e+00
1.092055346513916891e+00
3.180548830616071410e+00
1.002770527678154444e+00
2.946794008448602731e-01
4.758304506845429382e-01
2.260390078513918599e+00
1.598115465545545177e+00
5.824889294965318598e-01
3.258754726494665632e-02
5.481145262183216745e-03
1.781219885506756251e-01
1.766187033238517945e-01
1.875969728779770251e-01
1.987005367877982209e+00
2.353264153215990362e+00
1.706424942632951414e+00
3.474373171827523366e-01
1.519121254023525935e+00
6.587829398952691484e-01
1.635719872091121685e+00
3.015540103075417644e+00
2.327948797546402382e+00
1.823835995732531412e+00
1.911798014877399199e+00
1.897178252586881886e+00
2.744399569242503834e+00
1.772862669446258810e+00
1.624943744898652787e+00
1.625097222378821149e+00
