6.283185307179586232e+00
5.843094621044103043e+00
3.604408377355235338e+00
1.537987716601829646e+00
4.965281455376355346e+00
2.977430281367822840e+00
2.692513454979408749e+00
5.376767913868532034e+00
2.638314721138707242e+00
1.754017084493543654e+00
2.985502988284514547e+00
3.032952168120504499e+00
2.745272752215925927e+00
3.404620223643983756e+00
1.261363994355204410e+00
2.515977975076105544e+00
1.735329881352565939e+00
1.618201257609421129e+00
1.514135736710032987e+00
1.895729822023730439e-05
2.104977304164981522e+00
1.318695028684571779e+00
6.633521885153623732e-01
4.673413538777899112e-01
3.122072843340284454e+00
2.696736509301739471e+00
1.434651005464348650e+00
3.008671072550309855e+00
2.356831673487505885e+00
1.518137001188267110e+00
2.637821325883110690e-01
7.018665842317051151e-01
9.483879781440484047e-01
3.959803089654603814e-01
6.920237844566942079e-05
3.831453639558546342e-01
6.015191668576189699e-01
6.626208367506466468e-01
