4.096110551626739316e+00
4.619691499729091433e+00
4.681963671005682670e+00
3.103324458441468980e+00
2.236443116013618670e+00
3.016346013440156515e+00
2.108991761648754792e+00
3.032579942975951237e+00
3.220626893411064451e+00
2.227991095736098437e+00
2.461189737131867616e+00
2.915545057684298946e+00
9.027226264034996357e-21
5.551115123112845383e-21
1.989823481247752213e+00
1.724872292294981614e-18
-2.186428346945651025e-20
1.224556473117465405e+00
1.695260355960398480e-02
2.762431564629015401e-01
2.792404262377127244e-01
2.888110789499135911e-01
