6.256436652662693554e+00
5.141644476891796600e+00
2.943692890652091165e+00
5.319281296367526224e+00
6.626739900461678934e-01
2.517744168458034171e+00
1.554126721460246774e+00
5.822784034491881755e+00
1.586866146457240445e+00
1.577973229209399308e+00
5.845921290835568440e-01
6.712391592527904294e-01
6.955796892177990021e-01
6.549392093012029736e-01
5.870937308871302385e-01
7.005300888782607371e-01
1.814069261325145010e+00
9.672604380496122589e-01
6.617632283015999484e-01
6.644331539297686495e-01
2.513528947093896626e+00
2.373222242173289587e+00
1.659409127812156770e+00
4.105493398217925360e-01
1.180915774755585845e+00
2.433885379333647236e+00
2.861199781576284185e+00
3.447465805407585737e+00
2.914120242931640181e+00
1.995259457463694819e+00
1.711253100965995033e+00
2.697284042619775946e+00
2.691260756707132717e+00
1.821582069013825800e+00
1.728619237690217192e+00
1.711352667346141887e+00
1.662683871522324219e+00
1.659182768427071242e+00
1.471492589053664979e+00
1.472407850089360704e+00
