5.062910356242293908e+00
4.328497264220091623e+00
3.176600236654474330e+00
3.412855960785022180e+00
5.187969903265992500e+00
4.848522501882747804e+00
4.477443087633248275e+00
4.539591860068266982e+00
4.396277518820092212e+00
4.463833478372100316e+00
1.707580797802380035e+00
1.002028716712489276e+00
9.663420000997783310e-01
1.068192349615553871e+00
9.536768190560003244e-01
6.828755038906892186e-03
2.891048926618861506e-20
3.499393407390541388e-02
-4.976921652577468019e-19
3.900735172237923803e-03
