6.255902344676868232e+00
1.683267994190038808e+00
3.319712334473918336e+00
4.787669641719533686e+00
3.149918768497988353e+00
2.783526412068076716e+00
2.562633872192471518e+00
3.152300663960123650e+00
2.300393780457219428e+00
2.212946909271021223e+00
2.402076766546410891e+00
1.691117034583199175e+00
1.738239421479869928e-01
4.695397318181255275e-01
1.857638501575472612e-01
2.488846043606455366e-02
9.005785363074396421e-02
1.683206216310643155e+00
1.183146342271233609e+00
1.527593402695373719e-05
2.878741509750739889e-06
2.359715749350715236e-02
