6.178064244752443201e+00
6.055457086999726179e+00
6.180193806970848414e+00
3.830117822300339370e+00
3.229306567649969928e-01
4.290565760037580390e+00
2.342222052180417347e+00
1.407402905633644119e+00
1.305016019338298916e+00
1.500275642796850439e+00
9.313382058135898367e-01
6.929737047960775609e-01
3.398802247769089124e+00
1.495255643391923961e+00
8.706351295169890703e-01
1.635328427764115800e+00
1.449877751198807019e+00
2.709732887307858995e+00
2.443337781054723612e-05
1.929392887291023539e+00
2.006358217029198532e-02
1.185171852935047454e+00
5.185552627041470908e-01
1.596875071337357399e+00
1.523704429809298322e+00
4.834603141149183547e-01
5.054215525021233946e-01
3.164879805503990062e-01
5.835305508377119921e-01
2.892118216041102141e-02
1.781536021971815709e-01
9.395887930601293236e-02
1.657079105785669026e-01
2.188282458804633013e+00
