6.283173364510034276e+00
2.972865239329872900e+00
6.187778936315432077e+00
5.158198662952015567e+00
6.101277880302208523e+00
6.186016832087400275e+00
3.757931671481982150e+00
4.775659178530609061e+00
1.994197089782140386e+00
2.478522360153140092e+00
4.227509016867032621e+00
2.757335656168802718e+00
3.680544910704063089e+00
3.265593165675801934e+00
2.763597643514695168e+00
2.792487422412406328e+00
2.395653058258252699e+00
2.270423856642023619e+00
2.130098772300328847e+00
2.179206922747784159e+00
2.541069004296295925e-03
2.475748282567379999e+00
4.228416695373899969e+00
2.879194194034688348e+00
3.727461036027695851e+00
1.431065731496492299e+00
1.519943205881095327e+00
2.907430561046273620e+00
3.729296761225737722e+00
2.086604727912370727e+00
2.021730888158509210e+00
1.736315216888218327e+00
4.438508565590937316e+00
2.186004207812783040e+00
1.854891780656111377e+00
1.752759208653380529e+00
1.490639284380787410e+00
2.283784271850855863e+00
2.132904277145126315e+00
2.157634878309409476e+00
