6.032602437101500570e+00
1.423258335404824049e+00
4.836044236549382980e+00
3.817432878286183495e+00
4.747255273563356859e+00
5.212763590240574452e+00
2.827548884000841589e+00
3.969609789594416682e+00
3.643984791294545555e+00
2.654969384911910701e+00
2.631531293816770312e+00
2.879387952870341216e+00
1.027099113427359933e-01
3.150723598406867332e+00
2.330411202906844448e+00
2.826720693296418396e+00
4.699573270729397123e+00
2.590064863120103311e+00
2.436087632434572381e+00
3.433131042412465916e+00
3.609118308315322210e+00
2.417327536074635574e+00
2.889608507024890027e+00
2.590408881225204851e+00
