6.282455298577752423e+00
6.255600528010027972e+00
3.849594133251338590e+00
1.568149168689741080e+00
4.228152911001043179e+00
3.298335334704905364e+00
2.269784082657210877e+00
5.718713307979037097e+00
2.868673365575516332e+00
2.124125393969996445e+00
3.039218378461681969e+00
2.968736840650739950e+00
2.012246137503808097e+00
2.059059292441930644e+00
2.154136524989434420e+00
2.108392728271000660e+00
1.914917008243796842e-03
1.552444772369210302e+00
1.722208019564759995e+00
8.104242070323653957e-01
8.601601700673314754e-01
2.933547355361068920e+00
2.922845986664507567e+00
1.959387948775629384e+00
3.521267621835252104e+00
2.956617634327095789e+00
1.940238699724499583e+00
7.588485089564486197e-01
8.989505080833186668e-01
8.681995683061105584e-01
8.660557257177367019e-01
8.944144055006784111e-01
