6.235873059518947770e+00
1.461714119693864333e+00
4.250547586930611743e+00
5.694134088353884238e+00
3.285370751916626642e+00
3.892145047489826037e+00
3.782561709961278051e+00
4.062214446344771801e+00
3.757879888275706737e+00
1.994889203206083650e+00
2.162460621507126479e+00
2.480152929425406327e+00
2.617434353534203506e+00
1.942561967150623348e+00
1.896319475725046999e+00
1.879465421513999424e+00
1.420249740291132046e+00
8.778006646058337248e-01
1.490567506488058580e-01
1.439226349965203402e-04
2.115076191590603907e-02
8.328455721145469060e-01
1.222137722643040103e+00
7.271627871963339818e-01
1.738997284551999252e-04
1.935929715146696896e-18
2.589248962577614735e-02
1.466029365274708904e-03
1.540928613410041049e-18
4.597448253854684362e-05
8.228354813940255046e-04
8.162190086747667149e-04
