6.283185307179587120e+00
4.084892190597243733e+00
6.281792036081982999e+00
3.372413382847031738e+00
1.767879085383597948e+00
3.015962865912682922e+00
1.176889484106151906e+00
2.708685800131769739e+00
1.903122888268595325e+00
6.438705011667054112e-01
3.504871187872808047e+00
2.872535866169296348e+00
1.993892460692075819e+00
1.636876143092738101e+00
2.379905529369418016e+00
2.154786421670832113e-18
2.300463430463880191e-18
2.421248953018216632e+00
-2.248747889933286534e-18
1.914121827335952939e-05
1.378103151055655173e+00
7.040816587257944110e-06
1.230863049818121446e+00
3.363643084711060688e-19
6.779704231553048688e-01
6.781134439617497733e-01
6.615600264571792940e-19
6.946849343636633811e-02
