6.283185307179586232e+00
1.830655592450838309e+00
5.150078782772949282e+00
5.854674864023222902e+00
3.636230302239833012e+00
4.114456444211708863e+00
3.976893553334795772e+00
3.960129855289420853e+00
3.854284007425721192e+00
2.141183243289029203e+00
3.336313238567840678e+00
2.054212712436101818e+00
2.313728972156507080e+00
1.449260763404472074e+00
1.860477874598524206e+00
1.660722974804261121e+00
1.849858367673831161e+00
9.398937223724985746e-01
3.272629537327734761e-01
1.454329564106980771e-06
9.834974849408697204e-06
1.770341216791879469e-20
2.312255855413493932e-01
9.061508615723959936e-01
1.633052548858355268e-01
1.480213075485869371e-05
1.739487779519868017e-05
-8.548734543936181966e-20
8.227442054269335591e-21
1.162308006763931748e-19
3.688095182711385693e-05
-1.795661286731081340e-20
-1.417993808172671651e-20
1.023306595225242986e-05
