6.283172486102956533e+00
5.668192026858554833e+00
5.119512397564164097e+00
4.752880247884884390e+00
3.378333890107668935e+00
3.316397026329646280e+00
3.561830344277883142e+00
5.524563580723629741e+00
5.287897053596936736e+00
4.993890931202688677e+00
5.007587420007694412e+00
8.435252171225748885e-01
8.552290134789004167e-05
3.466433356960556375e-04
2.824515264280260877e-06
2.892870484526894326e-01
4.871838358867397467e-02
1.940167789951636980e-17
8.172663499276199284e-01
1.341072570785797497e-17
-2.710505431213761085e-20
5.888524862471090915e-02
