5.932223785061321308e+00
3.397453633769814907e+00
3.496893563118741888e+00
2.967873707617943335e+00
4.912282657480375458e-02
3.337834060275976178e+00
2.514565177638835802e+00
1.133701065864526569e+00
1.603602413580444530e+00
1.204706503658746319e+00
1.180885565543646765e+00
1.179278900335692049e+00
2.983595723680660061e+00
1.866222315528893311e-02
1.920715905912175225e+00
6.125235310130508481e-02
1.290125060869942164e+00
3.833698259144446185e-06
9.585962180109047770e-01
1.885550881122347366e+00
1.022257085973487856e+00
9.744926439195129575e-01
9.722000776413400880e-01
9.721107603963577981e-01
