6.283185307179588008e+00
2.334547644617674500e+00
6.283185307179585344e+00
4.567921189773190171e+00
6.283185307179584456e+00
6.252966857657972888e+00
2.794105381855675585e+00
3.799352302860620423e+00
3.431096417275445454e+00
2.627991576358423398e+00
2.386230311470434184e+00
2.732279305842646444e+00
3.863689052984538019e+00
2.854601263835412794e+00
2.702615417476512683e+00
2.702551062799555037e+00
3.968747145875234535e-03
3.087429322409385168e+00
3.134753848315462221e+00
2.729590572379755997e+00
4.608209490750081905e+00
2.405317369386084092e+00
2.172120598211857878e+00
3.328345152816000851e+00
4.652742818946451919e+00
2.208530709851897811e+00
2.393505563546415527e+00
2.423951136575599019e+00
4.770601604082241209e+00
2.278102648494442217e+00
2.507133769510076160e+00
2.332220171975915690e+00
