4.083847469952898379e+00
4.109230839628295051e+00
4.718943540725595298e+00
3.199353700534723899e+00
2.163365673361780317e+00
2.178367161996170420e+00
2.138566517469622230e+00
3.172455699595668754e+00
3.182651135081085325e+00
2.190385629869239459e+00
3.203572865875781606e+00
7.247260129465793455e-02
4.996076871000611902e-02
1.259052026618145970e+00
4.559002494975315442e-03
-5.992337320191628466e-20
2.310389375452551464e-01
1.096055486990815848e-02
2.914028545102224088e-01
2.823257112820222181e-01
