6.283150723454204112e+00
1.506353803718306406e+00
4.271666827613853634e+00
5.703813161078084448e+00
3.315008464503644170e+00
4.016753584209629580e+00
3.900875475404574022e+00
4.057785961109455997e+00
3.343312617290771893e+00
2.031011065018309303e+00
2.161216138246763840e+00
2.088393841614195168e+00
2.088934992594847273e+00
2.088660649812863035e+00
1.517186929235999626e+00
1.295592179460060072e-04
2.115415008329028790e-01
1.120622948316396918e-04
1.616224781701860016e-03
1.000235407321197645e+00
1.323454433153872234e+00
8.078033549677566816e-01
5.547262350378386530e-04
2.138186759536189296e-04
9.099200377162259103e-04
3.164957172211270344e-03
3.270575342313661749e-03
2.819713783466891357e-03
