6.269530225289074998e+00
5.502019204052018608e+00
6.184785352799409885e+00
6.180935257295691265e+00
5.950294014673064069e+00
4.553995894283939805e+00
4.069436690125812994e+00
6.197521526389604851e+00
5.271354518958385249e+00
4.091143561421414887e+00
3.183976918883858254e+00
4.540189211928362667e+00
2.801869267634179206e+00
3.628140286488496624e+00
3.796663330780063017e+00
3.983745514735056226e+00
1.829850338146041533e-01
7.997198841562537172e-03
4.517910371678161563e-01
3.279078850743103457e-01
4.598047434869442091e-02
3.734018196083241630e-03
2.515823832096806406e-02
4.431288816596069824e-02
2.700271619833468154e-02
3.893876406032157483e-02
1.377147464522741893e-03
3.060228669701808846e-02
1.194997361790339947e-02
3.886954943260104156e-02
1.930939548056649982e-02
2.545678793254425171e-02
