6.239004953065012238e+00
6.080773371669663696e+00
3.692751295013879886e+00
4.402462307084441306e+00
6.206654261932682104e+00
4.756709421940144900e+00
4.812377855154483797e+00
4.625758418551610518e+00
4.504670890784115755e+00
4.536972421910440367e+00
4.578579948765256979e+00
4.635281684504973576e+00
1.810736933583356745e+00
1.045668400292471878e+00
1.002393880568059004e+00
1.180723473986310168e+00
9.931162295413760166e-01
5.686248443682136167e-02
1.252922138030525823e-01
1.111464678529474059e-01
6.595812663004993470e-02
1.178992750288536585e-05
1.115200881230531627e+00
1.072067044963046500e+00
