6.258650972896529829e+00
4.045236825391892665e+00
4.240973891133649865e+00
2.842198072687732946e+00
3.687022882435637278e-02
3.038772082479672232e+00
2.404308081359736615e+00
1.362591216742226052e+00
1.442787880692916191e+00
1.068387782626995186e+00
9.842095681533907792e-01
1.142932851519038673e+00
2.568473381638513242e+00
1.738379827642598574e+00
3.457089807249665192e+00
6.990025606998432339e-01
2.686611867054957248e+00
3.608112788010994776e-02
1.106627975100782590e+00
1.064806673068522083e-05
7.524116346888752860e-01
1.923544769422135481e+00
7.423598169787871681e-01
7.886803208043169366e-01
8.262399154114579147e-01
8.445502925267099892e-01
7.280714822902211170e-01
7.675107118014599106e-01
