6.196080309721600621e+00
5.787556740051611470e+00
5.653272479302247078e+00
3.783735995580591371e+00
7.608380431443369230e-02
3.861933258173471550e+00
2.010226737770086203e+00
1.346473721082862784e+00
1.357571818537685493e+00
1.604358967592541374e+00
6.566282785593502425e-01
4.466164005870293940e-01
3.524919897525723211e+00
1.361401245352185763e+00
1.270157589201616810e+00
1.580365905975861462e+00
2.691475498920961940e+00
2.317434164149596298e-01
2.118760159541712706e+00
7.258307409333164539e-02
1.330440737414953611e+00
8.929885893262996159e-04
1.622586726066807428e+00
1.258225389864300547e+00
3.688922892221828675e-01
5.322163628818069037e-02
6.474246576527029617e-01
3.430555619520672117e-01
2.111992450698019566e-02
2.079413979467651941e-01
4.565995229682446365e-20
1.142286090060987969e-01
