6.262271805630306609e+00
6.172564169471471907e+00
3.342824601709699195e+00
7.906770363087290976e-01
2.779993141233982445e+00
3.977647713067721224e-05
3.858219584049311646e-01
1.510877035038727945e-01
1.822848728799521867e+00
2.905282346260490978e-01
2.298344400367227092e-01
3.318783175612942393e-02
2.750092700009346830e-02
7.464854990400062729e-01
2.490938895106044715e+00
1.705356253483330864e+00
4.495143734415967263e-01
6.178450306939216041e-01
7.593545364754032967e-01
1.756922406941143988e+00
2.016383660075915518e+00
2.431753735793839688e+00
1.966484515912843012e+00
2.016217385154177588e+00
2.023876876864764363e+00
1.709292039888334447e+00
