6.280182487952961523e+00
5.139384934627546642e+00
2.869753300631324944e+00
3.337334831709780403e+00
1.391305921670402124e-01
2.538300059612005111e+00
1.599778298180943414e+00
4.835813940378601572e+00
1.716925266150984619e+00
6.155667660729559065e-01
6.030968389379767203e-01
6.855171470990896188e-01
7.204003514319429202e-01
6.853228050037788455e-01
6.093253392241815281e-01
7.336479996926456026e-01
7.126689741672738165e-01
2.551893480638809830e+00
2.399043215199009982e+00
1.805798989949982225e+00
4.451425237224498344e-01
1.371609331249564301e+00
2.443981186399202699e+00
1.583569036452151524e+00
2.654822599360912250e+00
1.753183781013072373e+00
1.861460705801001314e+00
1.754225817744704763e+00
2.760289356977198683e+00
2.729827319216221682e+00
1.731175796513501952e+00
1.739315558828069319e+00
1.736441229521531460e+00
1.734110459727594700e+00
