6.283185307179588008e+00
6.277892687299564400e+00
6.097939486517995888e+00
6.066994154183769083e+00
6.033355877227100983e+00
4.690178475744603226e+00
3.831737175912962368e+00
6.263282983595568787e+00
4.821469795696335048e+00
4.049576751505807870e+00
3.318183498888018779e+00
4.566753072124610568e+00
2.802594599870543490e+00
3.328655063491986255e+00
3.297630502035527211e+00
3.723256596568045751e+00
3.671933165808132671e+00
3.775475347733771248e+00
8.489426259339610120e-04
9.459904834048722981e-04
1.828058968987239519e-01
7.251899366479445767e-03
9.036630196181349300e-03
7.696732651477703184e-05
1.277835085450971337e-03
5.142437085129635682e-03
1.331770009888135365e-03
8.296780503538799542e-05
4.134664031632350844e-04
1.307403284312793311e-03
9.616255516936596378e-04
1.421107925349285057e-04
4.049959710520318690e-04
1.299810211791078583e-03
5.717648576819560106e-19
9.984534097350454291e-04
