6.230737431800577930e+00
6.181943410806655770e+00
3.898503921780851478e+00
2.101226903364698639e+00
2.176725160591082009e+00
3.420467277719022370e+00
2.402941720767992617e+00
3.657078272634415317e+00
3.069784431070719410e+00
2.209539943636683823e+00
2.196636962378430091e+00
2.156208621515624646e+00
2.247016078691043806e+00
1.495360150750450236e-02
1.517581479007790835e+00
1.473902821895540338e+00
1.067091946347126674e+00
1.230474327050599781e+00
1.055995703672566011e+00
1.862311998985277217e+00
2.318638254946738364e+00
3.812995581806901235e+00
2.250784284324359064e+00
2.314344407415171112e+00
1.336760440837985842e+00
1.208612209045266006e+00
