6.123195146945324296e+00
4.568040058224095645e+00
5.780112119878767274e+00
3.696571305052037903e+00
1.393928200335508683e+00
4.102911206798252941e+00
7.304172279576450766e-01
1.973976840584910963e+00
1.231152135635559253e+00
3.475775853493510148e-01
3.012394824107863300e+00
2.480764152680001722e+00
1.473185123990462086e+00
1.614426352412725141e+00
8.900621789495268832e-01
1.037958414470360191e+00
1.057903716954037732e+00
3.514167888722288691e+00
-5.557983633123358062e-20
1.448259906163507213e-03
2.293330508186198990e+00
9.928850407230069893e-04
9.449385780746678373e-06
1.305889068598887759e+00
1.339021005355107118e-02
6.636140034668926990e-01
-8.601711258463559744e-20
6.669696036758104851e-01
3.720853241782196008e-01
1.617068615059721241e-05
3.885780586159270246e-20
1.947144419679311747e-03
2.780751956556342958e-03
1.919247997670373365e-02
