6.283185307179588008e+00
6.275457401044679528e+00
5.832266151371378271e+00
4.947552595757749749e+00
4.955180528044648369e+00
4.320922906400779695e+00
4.746202443831029072e+00
4.635567346539263944e+00
5.054072302926816640e+00
4.868255980940822347e+00
3.971289699029581399e+00
4.898015656807813478e+00
9.158662205725275340e-01
4.076794421403800647e-03
7.133270796678154585e-03
-6.661048597488931781e-20
3.368009550342988823e-02
1.379199395182345242e-04
-2.775557561457815078e-21
8.449257816791984690e-03
2.953691143870740277e-02
4.195259004765256733e-02
1.677870706187932059e-03
8.826711844382237738e-05
