6.134931597152092131e+00
5.449204132505886200e+00
1.917927130662630653e+00
1.461473740664478216e+00
2.823864034995685390e+00
4.330202784980590192e-01
6.489535996417515884e-01
6.188910814875648869e-01
6.189778171732799317e-01
6.183679855597202790e-01
8.768992041335411658e-01
1.781140785902006529e+00
1.881923569726222656e+00
7.635432778843816992e-01
7.694660542536275738e-01
9.161509320785491406e-01
2.296680600585257359e+00
2.293544661149807151e+00
2.293901708852475352e+00
2.292786701545806771e+00
