6.022415070400445103e+00
4.739471118713963982e+00
2.604546799598265849e+00
2.901272223980510212e+00
2.878488087686092545e+00
2.482484578044998003e+00
1.695819618710987520e+00
2.905058648818557909e+00
2.901526834017723822e+00
2.902376414367452639e+00
8.317876748572353152e-02
2.105812024209264610e+00
1.385696266468788629e+00
1.345156159138269913e+00
1.558132259794165142e+00
1.563363249495278051e+00
2.553651665346945432e+00
2.556855187314407196e+00
2.552781225682438926e+00
2.555098453511590595e+00
