6.121021431372041910e+00
6.208319739092829970e+00
2.972540917056945897e+00
9.556941452415418370e-01
2.919914762607566328e+00
8.387004978084704188e-02
5.834822156074526145e-01
2.827091316475853766e-01
1.931473534878124010e+00
4.086574087164113744e-01
2.216041223069730726e-01
8.334772317713288192e-01
2.792585626629014772e+00
1.871815688431587965e+00
4.557724956335953981e-01
6.519143688517875512e-01
9.525317098018974971e-01
2.037186578886644117e+00
2.103725388564632759e+00
2.105940117073760831e+00
1.959038186805149184e+00
2.118271797590830285e+00
