6.281437117044531782e+00
6.226573598725431147e+00
4.192338784914879213e+00
1.042599294750945482e+00
3.489235342414535257e+00
9.131457866306956772e-01
7.215776382681279855e-02
5.248602547963900911e-01
2.011458199649186263e+00
1.320562291184287140e+00
3.631550590548079382e-01
9.073593131996282590e-02
8.354288454691849788e-03
4.243001974447341285e-01
1.974937765354750629e-02
2.120466109168937015e-03
7.581446411269860963e-01
8.049946518995114708e-01
2.454058954938231452e+00
2.070721236426297462e+00
1.629569823182947186e+00
9.402679118140910841e-03
2.040140033338706527e+00
7.124394359091720252e-01
1.020142862720794241e+00
2.444678444277815554e+00
1.670459706280134737e+00
2.034561008668615667e+00
1.532471682189025186e+00
1.385958296148856572e+00
2.385005436754283448e+00
1.186113860007833143e+00
1.484442592473290912e+00
1.392819309868378985e+00
2.366888995824205200e+00
2.375178938822740449e+00
