5.477478090394895638e+00
4.175210768070826362e+00
1.564407358813562965e+00
3.353594850099029578e+00
2.960277038373199665e-01
2.499074690352401706e+00
1.616942007102049050e+00
3.604442400635758048e+00
5.907975302279541152e-01
5.769252111474558742e-01
5.700835869460167959e-01
6.656494970864397231e-01
7.017081886968009607e-01
6.638359666124326042e-01
6.878634273935952947e-01
2.522581680145229654e+00
2.370053956872552270e+00
1.780075739013696312e+00
4.210713464193135414e-01
1.346291111087259740e+00
2.425456773762572293e+00
1.559841839077919623e+00
2.626177717179213111e+00
1.725287585441710458e+00
1.838397486608031928e+00
1.731598068026415804e+00
1.737340157602788482e+00
1.717352122901923961e+00
1.732455215853237362e+00
1.742390557176293209e+00
