5.062339035669125131e+00
2.372996220338018158e+00
2.562380720626672215e+00
2.046420007338395131e+00
2.096121704792253404e-01
2.302349170866831329e+00
2.269863495411467369e+00
1.190135318685240584e+00
1.229633012079121901e+00
1.220058510779008731e+00
1.998397770569839249e+00
1.873043165171992203e-03
1.961981875700845812e+00
8.063332358346163298e-02
1.067651858876945692e+00
7.769426355226707057e-04
1.003770016589250025e+00
9.964163538138323117e-01
9.873453769047516593e-01
9.974324881806931886e-01
