5.139642518810293437e-01
1.033917232134898626e-02
7.635467522053063227e-02
3.859122543780406644e-01
1.156195732503686457e+00
3.063154670991825035e-01
3.196996894743537876e-01
4.105243898955755477e-01
8.413283710782034630e-01
2.191392244301935577e+00
7.368490395126307824e-02
1.316785755954767885e-02
3.544242617495753367e-02
2.996546927036495278e-01
-2.752857078576478359e-21
1.598632318049137691e-01
-2.804094669939844733e-21
8.124212067079307487e-02
1.771395776801611976e-01
1.222911291682452356e-01
