2.304564084282429981e+00
2.442833031682336564e+00
1.531936832802021975e+00
1.593269597948099747e+00
3.137696671691696970e+00
4.730252254379625931e+00
3.166349594510386112e+00
3.009948930041639770e+00
3.981986163509825705e+00
4.147324109601357556e+00
4.319218033337666185e+00
4.951502096760380667e+00
5.906457407808730409e+00
1.570765471934956858e+00
3.218107293719849604e+00
7.984714378438672044e-01
1.854762276411111133e+00
3.377041713455530836e+00
1.673137536575348916e+00
4.451098643661707266e-01
1.489180751092896493e+00
1.568201833751332819e+00
1.677361173774050362e+00
1.579209092083474708e+00
1.425619828944669099e+00
1.646685142544469738e+00
