6.005960098852633600e+00
1.440501909848423523e+00
2.458630225104665445e+00
4.961396628616551729e-01
3.876106365851301305e+00
2.925728224160245361e+00
3.789827957727847085e+00
3.231868470055037967e+00
5.216448924611013283e+00
5.393174055607150130e+00
5.427812824453474683e+00
5.856898414501853445e+00
6.151928704964468864e+00
5.611601850702386152e+00
5.321951308276736903e+00
7.406259879475061148e-01
3.414975292873079771e-01
1.687776474964036433e-01
-4.319868030996931729e-20
5.459351620465473509e-01
3.393943871733525186e-01
2.117549652324050569e-01
7.350497252829957251e-01
1.256743227284543796e+00
2.251349493413291381e+00
2.872603992721042498e+00
2.860106626991229195e+00
2.864320508460851844e+00
2.843998668715837397e+00
3.045374982720047363e+00
