3.837924287807273349e-02
5.823544179913792834e-02
3.266698573572833553e+00
6.860017752437217453e-01
7.192270100998539029e-01
1.489045439862207498e+00
1.975217263853875860e+00
4.054824250959158327e+00
2.905878573470363602e+00
2.832858116643293567e+00
2.489617285438567418e+00
2.764622840933160575e+00
3.766825590328233275e+00
2.351699344935650249e+00
2.934804128936344014e+00
3.308722450212110699e-22
1.677734897413558348e-03
-2.775356391237918455e-20
1.943001322592956825e-01
1.970477892650002866e-02
8.948579109414742105e-02
8.744141693621436742e-03
6.312026997059888567e-02
7.101450270973400439e-03
2.664360236554188036e-02
8.303416907506079928e-03
