1.632915680904699351e-01
-4.215965408720027621e-21
2.071937225867360989e-20
-5.246940038638264972e-21
3.235454409194783574e-05
1.168174940051110861e-03
6.819351157915906070e-01
7.299573064240074682e-01
2.207491931542618357e-01
3.435693908016559939e-01
4.602077576449047358e-01
6.503975179793054506e-01
1.182339035321986254e+00
9.138637312960309900e-02
3.041391341822688443e-02
3.821577144018463434e-02
3.222391652722506050e-02
3.995453931513609502e-02
-2.583546718458853082e-20
3.401470654369234681e-01
4.498919702845751156e-01
2.242725317435950438e-01
1.438876256471411652e-01
9.497790900963493099e-02
