5.051261741730571631e-01
2.353051714856386686e-02
1.237113205714412273e-01
3.239778777731944781e-01
1.185020973541527134e+00
2.990821425305870140e-01
3.023968081181742096e-01
3.962040806026346229e-01
8.760185382078787830e-01
2.144474868900810627e+00
3.203566192443870531e+00
4.214272314185248725e+00
5.287435127467486673e+00
5.308983768008705972e+00
5.272289003971629029e+00
6.724121487439321809e-02
2.750921204845401674e-02
6.125254358344393163e-02
2.375741008426100753e-01
1.102541055897740194e-02
2.199465887600336178e-01
3.093896402031833665e-02
8.566492697007957458e-02
2.225194535953515240e-01
7.635746798257485313e-02
1.935929884090711040e-01
7.325781483961921192e-02
1.771736810787462009e-03
1.247225274347562168e-01
1.366809686002638247e-01
