1.571402876081343658e+00
2.781485169151752146e+00
1.994252883912459140e+00
4.526526564714781209e+00
5.319377854576391229e+00
5.961720994428945097e+00
5.800003290499010866e+00
6.263196378982780033e+00
5.874316849190165613e+00
6.007884611913122619e+00
5.575350883765370469e+00
6.076213243449545942e+00
5.998716434332480141e+00
5.967306802229593643e+00
5.848698277829831760e+00
2.455419880681454892e+00
1.574331749951324300e+00
1.735813589721601491e-01
1.445754173295580036e-01
7.571534376741973112e-03
8.196789041678549659e-02
-6.402159208110613121e-20
-6.359966868591913048e-20
-5.910191018777944755e-20
-6.315824146656069621e-20
6.454661622945762067e-02
5.938889282334263581e-02
3.338148793487189653e-02
2.398952857941392611e-02
5.929824010207365714e-02
