9.147214201732527250e-02
9.089689821805537751e-01
4.832047395414666019e-02
1.619714916485078329e-02
8.826060610937848562e-06
6.653408878808767306e-06
4.524601600750407376e-03
5.157551031120697835e-03
7.309491204969493783e-01
1.519366184642434719e-05
1.002050957573373591e+00
9.560838564882420121e-01
1.018386448543539435e+00
1.990068696491941402e+00
2.944088532904787670e+00
1.320479253761689398e+00
8.232750706366008531e-02
1.265122173353711466e+00
1.074339983918007890e-01
6.259222561055688416e-02
2.252371746600278710e-02
2.055774919942561160e-02
4.372396416730049001e-02
2.663155497857378780e-05
1.161095017488438484e-02
-3.176373552203626272e-19
4.875552892133595828e-02
9.433136239735286088e-02
6.542103991408669550e-02
1.464912373060460017e-18
