1.878488255947824148e-01
-6.450695432660254469e-20
-4.839270962005660894e-20
-7.196348594038949775e-20
-6.069133515476884587e-20
-7.290980665687719545e-20
6.768517761754639928e-01
7.351120875482665129e-01
2.248710485126074188e-01
3.631802398073656346e-01
4.334282489314599252e-01
5.937115092819202911e-01
5.892935690915857005e-01
1.222779610180959597e+00
5.282217747989637752e-02
3.957589291901290190e-02
6.468032651699831548e-02
1.311624852179910788e-02
4.726470741487900223e-02
6.461062920488759923e-04
3.560825901627614476e-01
4.033805722994921461e-01
2.337556081466321822e-01
1.788898195542509839e-01
1.414749523018973276e-01
7.348990501433780298e-02
