1.565521806503427982e+00
2.794062011567732817e+00
1.996398215323008873e+00
4.332182647693600508e+00
5.410692159714622917e+00
6.100198620729254451e+00
5.745949210464752710e+00
6.251092055960545402e+00
5.903455466093991078e+00
5.978552808315955147e+00
5.605132236270527812e+00
6.127419521797737190e+00
5.991594842242709440e+00
2.530479457348918881e+00
1.566235141960653943e+00
3.306878906537806806e-01
5.379486542388071252e-02
1.066074737562357905e-02
9.165608403453222308e-02
2.168179382670060509e-02
9.559311458154881895e-04
-5.660541691511868786e-34
1.286964354242292881e-05
1.137154888862118018e-01
5.551115123124786149e-21
4.030376591902665867e-02
