3.395749527529039469e+00
2.081940057987204717e+00
1.925365077848727180e-01
1.398892358922553036e+00
1.477193753172697743e+00
3.311360016218513280e+00
1.692047685902234866e+00
3.328471480076871991e+00
3.276172329823622054e+00
3.308559005178390855e+00
1.569461992158621921e+00
2.094102207596443499e+00
1.584046747128358357e+00
2.606423703424936456e+00
3.225677661169809252e+00
3.329883957755984447e+00
3.370741549238105872e+00
3.179086536244692507e+00
3.256807261826029087e+00
3.162468409016575333e+00
