1.562319452418176935e+00
2.797905295620439325e+00
1.976175109524091145e+00
3.285452656403949234e+00
5.398182707135390501e+00
6.248875570140470792e+00
5.982751744245770276e+00
5.927901306911356194e+00
5.915907607606554208e+00
5.893642622774326156e+00
5.650006703139919040e+00
2.561768803295021435e+00
1.561287326102976936e+00
3.743283585178031614e-01
9.613467211201008611e-02
-4.533685311442141900e-20
-2.612143208894057737e-20
-3.313997534757650009e-20
-6.842978205004072149e-20
1.432988206327425185e-01
6.893735186089912370e-02
5.399705299395581720e-02
