3.732399196985256018e-02
5.793998073149284056e-02
3.267080866374518777e+00
6.847674434403447918e-01
7.187398451210293970e-01
1.488330496996171926e+00
1.976504262229136222e+00
4.050711950380294191e+00
2.916622011694374184e+00
2.831676236369584210e+00
2.360544399601176124e+00
2.771154078728845782e+00
3.639790556575282388e+00
3.625653458419032749e+00
2.342052628441387618e+00
2.934097523487711801e+00
-5.545418826555497532e-21
1.793021649845315257e-03
-1.919059021123024206e-22
1.922099607622332618e-01
2.028453987141636342e-02
8.693935563831346747e-02
1.113789998771161360e-02
6.371254366415309012e-02
8.649480884021823815e-03
2.880207859158930364e-02
2.927334345116816387e-03
8.520901788152211026e-03
