5.050278024898682272e-01
1.211719771872043355e-02
9.719670640849407961e-02
3.729349650330048838e-01
1.166771715112818075e+00
2.807420767380098825e-01
3.154019456279641975e-01
4.350894973669551802e-01
8.199189847881611648e-01
2.164969584683217096e+00
3.187487425888919201e+00
4.222076335169185235e+00
7.319003210507860069e-02
1.632488277045728714e-02
3.798957225667962123e-02
2.902673942552302377e-01
-1.571984964097420209e-20
1.713771673124106221e-01
-2.775557561562886594e-21
8.219446526766376049e-02
1.841029673970202285e-01
4.772768062362866409e-02
1.232687268015295601e-01
7.976762782506086410e-06
