5.964216826351697698e+00
1.493291689284442558e+00
2.462132076535670677e+00
5.041451864476214073e-01
3.864041870541330415e+00
2.937503061810441185e+00
3.779343006728677512e+00
3.214076608492017595e+00
5.112502830028870626e+00
5.421880840972468363e+00
5.370471396017692634e+00
5.861140599411601038e+00
6.093612687441913423e+00
5.529656878824025235e+00
7.311802070440780454e-01
3.577707978109411768e-01
9.717551112820292658e-02
9.099719036759297552e-02
5.151707110871139861e-01
3.035477185719751558e-01
1.633617656374264371e-01
7.595999973037259601e-01
1.295395020041157252e+00
2.242883020491330370e+00
2.904098568069178654e+00
2.874515530323801915e+00
2.764825958724430155e+00
2.911477586874588130e+00
