5.073484451951261187e-01
2.033371054087479424e-02
8.828990888163502915e-02
3.715620020096459530e-01
1.155647366975701473e+00
2.934918090231382060e-01
3.224146703430461058e-01
4.254296741078453237e-01
8.220917391975802735e-01
2.172990791167957791e+00
3.182293237783423212e+00
7.987488837079530224e-02
1.177117068390562404e-02
3.531604190926766751e-02
2.939044263162524095e-01
-3.330669073875469931e-20
1.702063335871667471e-01
1.467845264332572196e-21
8.170423843755114657e-02
1.831104717950522154e-01
5.807042737452922099e-02
1.091784270188959488e-01
