1.562678557418130332e+00
2.797019651611965863e+00
1.975751939958076520e+00
3.284311834798151697e+00
4.349024122279233850e+00
6.202669981201728078e+00
6.012969386334377830e+00
5.933030774582240596e+00
5.888657040394564390e+00
5.912879960789561018e+00
2.559899580813099096e+00
1.561649479169000543e+00
3.658433518888397629e-01
9.339744785121223414e-02
1.357550494710233480e-01
8.998549631375744873e-03
6.597697610112383815e-02
2.471864921542886798e-02
5.077260958964632115e-02
-4.235164736271501695e-22
