3.391412349898014877e+00
2.086070265891434961e+00
1.999973596542354293e-01
1.391928065310041651e+00
1.471128806254205612e+00
3.315024032416069133e+00
1.671676042896077519e+00
3.304682561139788533e+00
3.229279580558475082e+00
3.287910624933635173e+00
3.290725442188269234e+00
1.571302933492198850e+00
2.095781987071523300e+00
1.573443342913009912e+00
2.598483860016102209e+00
3.234740335939130240e+00
3.362245463810003887e+00
3.433519725815749268e+00
3.169681695583904890e+00
3.331924964531631339e+00
3.155840969099572568e+00
3.265776975956292461e+00
