9.181438803190239417e-02
9.185648274718188899e-01
3.860593136722493407e-02
1.490262459604206786e-02
2.284979114049624167e-05
3.285697453642087620e-03
2.117189955549927949e-02
1.524113807565864211e-02
7.280046796314326718e-01
4.429727232340158888e-03
9.622271675832552162e-01
9.586868122245391088e-01
1.020222443668419077e+00
1.979388731687686365e+00
1.328582455119166061e+00
1.174062415149993155e-01
1.255374963788432163e+00
9.677565293407544567e-02
5.290036841194114409e-02
2.868529379001259413e-02
7.990048849146639751e-03
4.676915470886391923e-02
-2.930733997499879173e-19
1.326079278371678459e-02
4.430497235927777569e-04
5.237364305330223513e-02
9.080676379749352822e-02
6.377507019874706362e-02
