4.915021971632223874e+00
1.396804746543455211e+00
1.271818752523897977e+00
6.714933362327427657e-01
3.920493964842568957e+00
2.823991156661903368e+00
3.712361421901672731e+00
3.429219254743365308e+00
4.447173742064261859e+00
5.201349333387978113e+00
5.025506171925930410e+00
5.271074035642657751e-01
4.395616305569988724e-01
2.181564303401206384e-01
1.200704700890827120e-01
5.631867473486620312e-01
4.937374100070919813e-01
7.082317422389614037e-02
8.877995046661167899e-01
1.127514720739117626e+00
2.391267462716024195e+00
2.392767414374180834e+00
