5.051903751473945103e-01
1.141685019412096505e-02
9.670837954406574788e-02
3.738587532652493661e-01
1.165918968540236467e+00
2.825864399555215178e-01
3.150144441902810732e-01
4.340067492203223964e-01
8.217368577465489210e-01
2.163314139004726133e+00
3.192022022416601157e+00
4.223856271087112368e+00
5.351125444887577132e+00
5.360592073733491780e+00
6.621611049932185633e-02
2.323419949017203542e-02
3.777607589071393934e-02
2.925189263172204290e-01
-1.022901938131239820e-19
1.715065684442652061e-01
-3.580832118721453825e-20
8.279231489186519855e-02
1.837186117292325394e-01
4.993724734619019862e-02
1.173138091648966430e-01
1.487012391953133044e-20
4.116287208609486180e-03
2.196676742840123452e-03
