1.171384266551546011e-01
8.747317274973439583e-01
-1.156068700539825726e-19
-7.762468420561835762e-20
-8.691039101583380553e-20
-7.916625752920860794e-20
-1.132924243784555454e-19
3.340522327658772576e-05
9.836528459433203642e-01
4.255380826247217387e-05
9.999134948995154204e-01
1.329125738784146860e+00
2.098960793568450389e-01
1.263566001509722758e+00
7.654729166931482920e-02
2.007670917854412207e-02
3.701927124520533463e-02
4.386203921976197795e-02
3.962845561567662767e-02
2.874730313549379163e-02
2.689915841609596611e-02
7.704916093674185618e-02
