2.217659901503194142e+00
2.491145624784246504e+00
1.560524746050275580e+00
1.538944974363851470e+00
3.147222880000234202e+00
4.681939088414297068e+00
3.205610364653780575e+00
3.049124464864330086e+00
4.051351312490103496e+00
4.038290081350963234e+00
4.087267414619134343e+00
1.570855930069890993e+00
3.080038266808688974e+00
1.455928716751409002e+00
1.572946727288330626e+00
3.041908568688481473e+00
1.573020936927243874e+00
8.101115984355474753e-01
1.427613475033768786e+00
1.571014943090856653e+00
1.723685044008522738e+00
1.544615319548848564e+00
