2.212252115960557486e+00
2.509674339130985921e+00
1.553927094965095845e+00
1.530750062035605819e+00
3.099257309142070316e+00
4.606384120232189794e+00
3.360652641022426668e+00
3.024289118799245557e+00
3.979782012574040184e+00
4.055939941084029776e+00
4.298091180440928305e+00
5.073189739307631285e+00
5.911155723104021043e+00
5.704880046245189185e+00
1.570794770404016161e+00
3.183395343280811307e+00
5.809402027793874046e-01
3.085068666749914090e+00
3.183046605180176680e+00
1.580052386210603732e+00
5.056408644419038145e-01
1.404383641480155598e+00
1.571871449008396482e+00
1.611785327138602231e+00
1.632674868862680650e+00
1.585884375820421077e+00
1.668998211967170686e+00
1.502622219099449818e+00
