5.051004721503771222e-01
1.253338370603081058e-02
9.642866766306103232e-02
3.731823255766568148e-01
1.166528725797386645e+00
2.813067713979746087e-01
3.146787116863307698e-01
4.352756836466817880e-01
8.203685065774820595e-01
2.164537577338319974e+00
3.188557364864816890e+00
4.221795552307729515e+00
5.346868420556861956e+00
7.216159961583019922e-02
1.730108951247262550e-02
3.805892256425433967e-02
2.913088899326770065e-01
2.230640277042181195e-21
1.719341409810043741e-01
8.197508598537449087e-21
8.245621061211960701e-02
1.840608173900467603e-01
4.887556583645353420e-02
1.201052460109957309e-01
-6.207270789915336556e-20
2.463468754340710030e-03
