2.191842185907548202e-01
2.941867848544842926e-21
-5.020986318196877986e-22
-1.778438316989009501e-21
8.312956588749878528e-03
5.917129923067983299e-03
6.127457731656308360e-01
7.595414272977647485e-01
2.474766425430844075e-01
3.812371319347623300e-01
4.357719481839409381e-01
5.277402134249775667e-01
4.224162444173498177e-01
4.993168353207239063e-01
5.071827643010994313e-01
1.229240170873404425e+00
4.803104285934100409e-02
4.857360890295686628e-02
7.596369366656990918e-02
1.442401205458614284e-02
2.965090445376347000e-02
-8.172544452023913428e-22
3.392815581292988325e-01
4.171650531029869047e-01
2.577470169473867201e-01
2.103046927186347226e-01
2.406658331002480000e-01
1.882121591085700318e-01
1.546902217024469783e-01
1.049759851991394766e-01
