2.012334797954670851e+00
2.693512101731755592e+00
1.586596392399577393e+00
1.520669477217394538e+00
3.133196827260228190e+00
4.861607626215255884e+00
3.048744531860331897e+00
3.035170710964979701e+00
3.950449874800504357e+00
4.135237560552962321e+00
4.238642777537191542e+00
4.921463491057093798e+00
1.571151504177758174e+00
3.389988672739068232e+00
1.148947009220009363e+00
1.704565508644299676e+00
3.377234394673748419e+00
1.540828637681860735e+00
5.649392756388784687e-01
1.442230627467777859e+00
1.572761030312612274e+00
1.672514871711215934e+00
1.553762433760639716e+00
1.403313560441120655e+00
