3.406992617167294402e+00
2.074638555779653615e+00
1.724198938155004357e-01
1.406010515715581555e+00
1.498721412914813644e+00
3.273649999701211399e+00
1.661957138996810412e+00
3.249958211449177625e+00
3.170939894045077256e+00
3.261542180788412182e+00
3.258706856241732730e+00
3.529124230792673345e+00
3.349182639668235595e+00
3.247481680688291128e+00
1.566801892884568614e+00
2.027705184960239659e+00
1.557035949050819212e+00
2.729545319443851259e+00
3.199628868374138069e+00
3.291772558562536144e+00
3.559022375432265850e+00
3.142553281657969766e+00
3.505891661356771216e+00
3.147566907220531895e+00
3.387829388458474700e+00
3.197505627140162954e+00
3.242325802190652695e+00
3.140258085587630976e+00
