2.207946453995135727e-01
-9.081974582198444589e-20
-9.336974443961808790e-20
-9.575517360006501242e-20
-8.857506226674267697e-20
-8.191867817927485737e-20
6.492385588663972529e-01
6.992886586734872179e-01
2.464417800345164999e-01
3.919862489304932751e-01
4.432245119139856526e-01
5.964939405405198514e-01
4.058156850654540126e-01
6.113896672020566747e-01
1.224226031097269463e+00
4.486246809151246684e-02
4.224497191014831704e-02
6.912117777660115037e-02
1.915009459482132012e-02
4.431840312663631876e-02
-1.704418644175051965e-21
3.229221899901388304e-01
4.678335700155449861e-01
2.395719497621511818e-01
2.217012807450080836e-01
2.304750654157378675e-01
1.522762894126503397e-01
1.526531743114524220e-01
