3.849830516045408935e+00
1.383145296653227163e+00
2.149782488272271586e-01
6.216474118533321658e-01
3.852216841878318920e+00
2.776543443884373463e+00
3.657026132625872616e+00
3.583572221286345894e+00
4.001883078440658714e+00
5.086424214262653898e+00
8.324132906256512809e-01
3.486289539822776673e-01
3.929186211593076461e-01
3.979306366313199450e-01
6.778659858693931728e-01
1.921150225358428942e-01
8.947730863017502441e-20
8.702021384749129007e-01
1.084386128243190361e+00
2.129084229450217247e+00
