3.719470817585480982e-02
6.038762589256696511e-02
3.267616465684457516e+00
6.778222355931470267e-01
7.208406413338965812e-01
1.486007319064218901e+00
1.982792965359373882e+00
4.039365863790456146e+00
2.924560828138316637e+00
2.830965836266016833e+00
2.395404723379664258e+00
2.767464538833117160e+00
3.608557292848618037e+00
3.612796025562281077e+00
4.657471066445348029e+00
2.330557259847816809e+00
2.933870610501974063e+00
-4.394009263275825291e-22
1.770661795887435580e-03
-6.445391333013191643e-21
1.907598376897744752e-01
1.892968681281039997e-02
8.992810047223359637e-02
1.256639861882696482e-02
6.565324442189364451e-02
1.416555482323622606e-02
3.064247831180258799e-02
2.718854290033836290e-04
1.034530995001373480e-02
7.063741388286859380e-03
