3.400909353914148614e+00
2.077888618309005508e+00
1.740013758624744111e-01
1.396659843170092064e+00
1.534780575356495369e+00
3.229736543026164419e+00
1.671938774860215693e+00
3.472464045894623208e+00
2.946543827927713632e+00
3.253576420190442686e+00
3.269341420169566081e+00
3.530330475283487868e+00
3.360170637495675017e+00
4.346089373013200863e+00
3.282658466100023986e+00
1.566934463612642103e+00
1.997320000722447864e+00
1.566287845105947429e+00
2.747527178520112301e+00
3.192710923077469953e+00
3.279771758631525369e+00
3.604193164653728854e+00
3.166347058807561954e+00
3.544920229514887389e+00
3.117765111655141919e+00
3.397702474246683924e+00
3.169414940833794159e+00
3.275410432534280325e+00
3.065188307190906958e+00
3.089481815809198118e+00
