6.035440658824169802e+00
1.461353802375921163e+00
2.447691980638742937e+00
6.237127186810843549e-01
3.773057885450672444e+00
3.041935578622562808e+00
3.763172157372990601e+00
3.184318776121184857e+00
5.105038490148405828e+00
5.407466799123369583e+00
5.114537851768470311e+00
5.937436910077317442e+00
5.646281229322898554e+00
6.173577635795387542e-01
2.908868231373433200e-01
1.598589474584236614e-01
1.429169284718634914e-01
5.711143040004846849e-01
3.681654672802130990e-01
1.305942539766013488e-01
7.472942878101124231e-01
1.231578090403834258e+00
2.204434916718770232e+00
2.834895288609818209e+00
2.720928833590579909e+00
2.810365626271532413e+00
