6.226632651584523614e+00
6.283185307179587120e+00
6.283185307179585344e+00
5.303910516135873721e+00
2.489367540289270764e+00
5.635267939244310575e+00
5.323686865411970004e+00
2.548310088741923440e+00
5.460631381934591744e+00
5.311572371067754261e+00
4.857915144663365936e+00
5.101878190700608329e+00
5.971552610023899810e+00
4.936439281521166400e+00
4.963611418722793545e+00
5.084068779072826949e+00
3.142433867186318786e+00
2.622972766156841384e+00
6.280522258413742342e+00
4.328990793520643088e+00
3.698259776082861272e+00
5.257391747017416961e+00
4.862918274765382520e+00
4.634839282873209676e+00
4.656855349674871469e+00
4.677537678528743470e+00
4.692067635857188890e+00
4.699630773766538816e+00
4.711967797039281258e+00
4.727260125444839645e+00
