6.104198011585884487e+00
1.743208799824438771e+00
3.864281499697136413e-01
7.882745084845981243e-01
2.661128084559874374e+00
1.725121451382086946e+00
4.280085543304675610e+00
5.911598738667482422e+00
5.624439395859469393e+00
6.279753932666533700e+00
6.275039050858143064e+00
6.282344413616460344e+00
3.409176887493671870e+00
1.212147757142687743e+00
5.931556310801650717e-02
1.366187399750875331e+00
8.978052617430677396e-01
4.296544515413303622e-01
6.069119550140654740e-01
8.508504382347753525e-01
8.526073979477103437e-01
8.299550522906999905e-01
7.441171002511176580e-01
7.368806059851034096e-01
