5.738168197286128702e+00
3.650324340320778571e+00
4.375656730721412480e+00
4.679892700622794166e+00
6.163382909972073165e+00
3.656691505084607385e+00
3.777655698063294487e+00
3.924157918634526787e+00
3.878068234112349355e+00
5.131989767505677591e+00
-2.061874527480520055e-16
-2.061892857188934634e-16
-2.061838797274257258e-16
9.999999999979202771e-05
-2.061893467225468842e-16
-2.061913382758380044e-16
-2.061771700757728966e-16
-2.061988346000299350e-16
1.665334535360012553e-20
0.000000000000000000e+00
