6.094081322966037995e+00
1.660123853177305930e+00
2.889641182939201580e-01
7.985634962070201626e-01
2.650025673821196026e+00
1.662421338376407709e+00
4.265157962899052357e+00
5.921282614320856119e+00
5.774312615567259499e+00
6.269451266900668784e+00
6.282434777412134075e+00
6.278754045519626459e+00
5.875221698564090822e+00
6.257315243758469592e+00
3.421786996529378566e+00
1.222775239686234583e+00
8.373244466241258621e-02
1.345652174811638568e+00
8.987993139684242738e-01
4.053385476629665640e-01
6.124456888012009825e-01
8.283474211426569145e-01
8.599059940300769478e-01
8.142354321214597679e-01
7.597055074064894553e-01
7.753758831045338695e-01
7.460598243551521680e-01
7.625720863688901785e-01
