5.936745266536193277e+00
5.947027748801341218e+00
6.195515459361508270e+00
6.131359271971500213e+00
5.290023947488275091e+00
5.789527252168436888e+00
5.824662383648676389e+00
6.283185307179585344e+00
6.068238661392425293e+00
6.023188764824128683e+00
6.259999553877603873e+00
6.251174852923178094e+00
1.241875404475891731e+00
1.912158183782770138e+00
4.962251166297453331e+00
4.575161745484453313e+00
4.643077951565143024e+00
7.932122709702188468e-01
7.624058172674499367e-01
6.268229828596419070e-03
-2.815016870655632148e-19
-4.053217825316022623e-20
1.724353792629799057e-19
2.272698864417839369e-19
