6.144632347987137422e+00
5.861519297553369867e+00
6.264794492825430439e+00
5.166667519911158912e+00
2.285600296841300061e+00
4.408754259236087769e+00
5.456398868265002200e+00
3.025700221306601101e+00
5.316027833562504412e+00
5.269969648370892656e+00
5.092123055680752408e+00
3.134247198292536840e+00
2.642397552808538386e+00
6.277535374985713013e+00
4.353415978118944096e+00
3.691888915286538619e+00
5.265480020835503261e+00
4.875799831529831430e+00
4.638470985302607374e+00
4.674071340570397304e+00
