6.223688347563042456e+00
6.159230263698378671e+00
6.275422316229394504e+00
6.277864039639093008e+00
5.969574888203109886e+00
5.629196767228471288e+00
5.382552327958835647e+00
5.819786509769993010e+00
6.094377229906908333e+00
5.593820359396348252e+00
5.407232229045532357e+00
5.224053959669212155e+00
-9.177282009767333015e-20
2.002858953008346266e-01
2.027361631534185457e-02
2.125334377150925325e-02
2.469709591488370229e-02
9.723986993922106858e-02
1.183521093323466056e-01
-7.955812206379742940e-20
-9.392995094828300736e-20
6.673807382661446630e-02
2.871045084300947320e-02
5.828204472864205454e-02
