5.848120158170338811e+00
6.270463980452946728e+00
6.283185307179586232e+00
6.283185307179586232e+00
5.410243768955766086e+00
6.109750025804176587e+00
4.491167781614026744e+00
6.283185307179585344e+00
6.050869247126198225e+00
6.108056114176595663e+00
6.192647850589019676e+00
3.431955402089763574e+00
1.207855132532947851e-02
1.255592809687115785e-02
6.020002078228160469e-01
-2.160061178966096929e-21
4.815942989214603287e-01
1.174579254206840478e-01
1.499353444520454381e+00
1.558455477324828697e+00
1.584730212304088948e+00
1.643680473040025403e+00
