6.283185307179586232e+00
4.856065132164419040e+00
5.793023797579689216e+00
3.961121796888183777e+00
5.333850952618519159e+00
3.461232159556300925e+00
4.848970625404568580e+00
3.562160639489769132e+00
3.696151942848257654e+00
5.461053596385586850e+00
5.095166478388480691e+00
4.075616986932006469e+00
4.908118963189305441e-07
3.273915959163163274e-21
-1.224944497731165902e-19
-2.083097453290658554e-16
2.551011414662782356e-05
-2.078551277143096734e-16
-2.077161185659783339e-16
-2.076306956333912431e-16
-2.070867302575031328e-16
2.842933989997533203e-06
5.321176266378780496e-05
-2.088969714732459598e-19
