6.283182824483128037e+00
6.280342272234900491e+00
5.462671545641604176e+00
4.361523457603000864e+00
4.610068831808002976e+00
5.718927380717643061e+00
5.883852130376597600e+00
3.018078273145052837e+00
3.932663315233230428e+00
4.072672749097379530e+00
4.284070935021669690e+00
4.528679209941106620e+00
5.945195688890638763e+00
6.283185307179586232e+00
6.283162271992018155e+00
-1.791395799969885133e-16
2.429769471332158292e-05
5.467350843429174862e-05
-5.543992336973372589e-21
1.924363662063188643e-16
9.235931808893237763e-17
-1.980235243883807747e-16
-2.775557561802941725e-21
-6.949748184823187137e-17
-2.702100032907244043e-17
3.629262604140576557e-05
1.671160648265864369e-17
-4.669280031880801225e-18
4.320841997226126381e-17
1.508064968518098871e-05
