6.202802474997396232e+00
5.967714053520931650e+00
5.362433603905774504e+00
5.920725101179993288e+00
6.250858129716863942e+00
4.267300936830199731e+00
5.103050059850769316e+00
4.666762797058004786e+00
5.213481678255067919e+00
5.884154932959742013e+00
5.715618064679527599e+00
6.283160099275503896e+00
1.464710951723605659e+00
6.292539426247607814e-02
1.276451153253113091e-01
7.795639677671657441e-01
-8.017084351656354061e-20
1.371849235555562020e-02
1.008166774593384496e-02
-8.602235867404116572e-20
-7.151351419941128428e-20
-9.640266519519845194e-20
9.406123821668844684e-03
9.466138904822212624e-03
