6.202904022357773606e+00
1.785123176534906708e+00
3.737490071913076584e-01
7.856012682780868506e-01
2.654859883423587696e+00
1.727838558658198576e+00
4.266088636085500596e+00
5.906349131005177000e+00
5.635234736584886939e+00
6.273605703300100700e+00
6.255509383136011792e+00
3.423167549966772416e+00
1.222056765529670130e+00
6.860440135565634701e-02
1.343390341187448378e+00
8.859030746862035510e-01
4.322386484516889671e-01
6.072679203927857650e-01
8.179175845084336594e-01
8.857379201127013602e-01
8.086096644789966259e-01
7.303546414597449354e-01
