6.143517878512437136e+00
6.278254919218256624e+00
5.461562144543559150e+00
3.378892461610766951e+00
4.901974158383774594e+00
5.017279138149890017e+00
6.263420540351108734e+00
3.577606792589645313e+00
3.938855669566567741e+00
4.729764656650389476e+00
4.780996287439768011e+00
4.563862346370373579e+00
4.958074295362036032e+00
-1.712151231808608817e-21
-2.168371536461111657e-19
-1.315939900559837219e-19
2.970101894176719326e-01
2.030303488472993689e-01
-1.022385612474666564e-19
9.482689686748076163e-02
3.727088729060627076e-02
1.551432959710839499e-01
1.349047224318302152e-01
1.304972876070847054e-01
5.546796394717488921e-02
2.514519557878943865e-02
