6.241535219693548520e+00
5.974050684681399659e+00
5.356084501396494169e+00
5.524230886827065312e+00
6.283162622493726701e+00
4.293830819805844357e+00
5.090043750500079511e+00
4.681595248924830699e+00
5.445628126309944861e+00
5.686168166460070950e+00
5.724976507910345624e+00
6.282715503117923816e+00
6.270434708953738223e+00
6.027129312402387917e+00
6.276263996028835557e+00
1.464728643610087033e+00
6.264013667611709191e-02
1.280789615100354495e-01
7.796087025881733856e-01
-6.262584417638971022e-21
1.847451712621525632e-02
1.345706326928965482e-02
3.636902097809893881e-03
-6.301028066809124837e-21
-9.353186427756778859e-21
5.408668073009963682e-03
5.382050468947542458e-03
5.563985013477808737e-03
4.856216543235336060e-03
4.544656823699046687e-03
