6.189270584988714852e+00
6.167930996359134888e+00
6.283185307179584456e+00
6.283185307179586232e+00
6.004915030925330299e+00
5.587140913353984217e+00
5.330753465980937911e+00
5.833310803519687227e+00
6.207304688492751410e+00
5.718576759606663451e+00
5.367255901537599350e+00
-4.865463319295277265e-20
1.967419082925242757e-01
2.382024650091454226e-02
2.643432339075380694e-02
3.183919844976251107e-02
8.431132404990979157e-02
9.460446346648081206e-02
-2.147348871463028272e-20
-2.714800125702129445e-20
4.085568744997756380e-02
2.486246758255854228e-02
