6.283185307179586232e+00
4.859278376920239673e+00
5.767411704025260377e+00
4.209746118256188829e+00
5.556435240624773897e+00
3.460439918433659390e+00
4.847720256281897733e+00
3.563519603725859408e+00
3.712647121558594776e+00
5.381989767507139533e+00
5.081387138720264929e+00
-2.061960591026148564e-16
-2.061955469621153307e-16
-2.061949385123958123e-16
2.465190328815661892e-32
-2.061883727656027624e-16
-2.061958395940732185e-16
-2.062006861995347956e-16
-2.062139010533669183e-16
-2.061935765693165232e-16
-2.061960591038088960e-16
9.999999999979227166e-05
