6.282279199763714850e+00
6.283185307179585344e+00
6.283185307179586232e+00
5.223969723689345201e+00
2.492348834400272217e+00
5.525873862645766188e+00
5.285242693799703240e+00
2.741600902454262467e+00
5.335934648452538731e+00
5.240684887638114908e+00
4.844336267902943582e+00
5.082538648566969464e+00
3.141723478251201129e+00
2.628060237513849096e+00
6.279438140194569584e+00
4.329263691222236865e+00
3.697040057743516073e+00
5.256235609952542909e+00
4.860665759610502512e+00
4.639138948125835604e+00
4.667709202754882547e+00
4.688223157415452036e+00
