5.937390257948409911e+00
5.687485667189800864e+00
5.617694626872426156e+00
6.181802667864138456e+00
6.148309514103431184e+00
6.283185307179586232e+00
5.651921391544699524e+00
5.355819400084472548e+00
4.991050599373337171e+00
4.905358942984777038e+00
5.692145708488330236e+00
7.028243261247028029e-01
6.283185307179586232e+00
4.078197793381609593e+00
1.358996765187543643e+00
1.431057219909913636e+00
1.480575609775778512e+00
1.510923132593674723e+00
1.527651005309269117e+00
1.547152444901507051e+00
