6.228735816039458584e+00
6.283185307179584456e+00
6.283185307179588008e+00
5.302709276075118439e+00
2.502220355502936755e+00
5.618141693192303165e+00
5.325567267931642590e+00
2.586981019729346354e+00
5.467672676868568615e+00
5.326313239814242984e+00
4.838583651524398732e+00
5.016416089371066533e+00
4.944040320888380968e+00
4.917455345611181805e+00
5.083687564113476220e+00
3.142227357754963979e+00
2.622810401264527247e+00
6.280389346786928506e+00
4.329629840459536361e+00
3.697308550164102758e+00
5.257166343119425100e+00
4.863097740187440010e+00
4.634940080689729847e+00
4.660457643147074336e+00
4.680574335904378991e+00
4.687140309430557039e+00
4.720175438018533676e+00
4.734752951933826282e+00
