6.059666003987361549e+00
6.151939146275732462e+00
6.283185307179587120e+00
6.265387383852759839e+00
5.979448186575042179e+00
5.528988021754808635e+00
5.414775529774263241e+00
5.918769255373898197e+00
6.112383887407670358e+00
5.649751678668257782e+00
5.382998003076495230e+00
5.263294024295005258e+00
5.226465326656078325e+00
1.330567191956420870e-21
2.026266475193640448e-01
2.218808922464534858e-02
2.363690348542440631e-02
2.480256933287964052e-02
1.003530129106444679e-01
1.343903245765115106e-01
-1.634689372722736226e-20
3.955177571199411388e-21
6.061446620965135756e-02
3.294119318028374682e-02
6.671340238635707631e-02
5.207979630540392202e-02
