6.083146912310602339e+00
1.692132938364395045e+00
3.168069515042839512e-01
8.038243969430484137e-01
2.644416684427674635e+00
1.716809589083607479e+00
4.277082621921064032e+00
5.929549974902245779e+00
5.775951231553776211e+00
6.264775513335306023e+00
6.277163015591527007e+00
6.282994768227453619e+00
6.048071481076728872e+00
3.418951257828045875e+00
1.224693543854625366e+00
7.629823327538552691e-02
1.346382984981992825e+00
8.950630764685975072e-01
4.107078869557940770e-01
6.142352509636471725e-01
8.273394196725026850e-01
8.683114229318834587e-01
8.327683710698492447e-01
7.751238051207026691e-01
7.523022723152772429e-01
7.429884969874273049e-01
