6.232452015411220181e+00
5.970916722285600997e+00
5.357573120477482576e+00
5.660765319704704979e+00
6.085819392359890223e+00
4.304111713436372888e+00
5.104240535808130197e+00
4.700734397163438771e+00
5.279235598163544374e+00
5.869311670004567105e+00
5.730664826571215897e+00
6.266376071703887440e+00
6.282048147403506810e+00
6.283185307179587120e+00
1.464781217199769836e+00
6.292323865118520931e-02
1.279948186456562886e-01
7.794630194203704399e-01
8.833890667022683239e-05
1.649909994102345678e-02
9.162798988080003010e-03
5.153452110437056299e-06
-5.806694464125250496e-20
-6.220965702210705903e-20
5.839140311469268388e-03
5.722797681809109992e-03
5.273736974713495035e-03
4.939413813396466638e-03
