5.870570435139073950e+00
6.283185307179587120e+00
6.283185307179586232e+00
6.283185307179586232e+00
5.467352841406788677e+00
6.142046934724157303e+00
4.620404409843387405e+00
6.283185307179586232e+00
6.283185307179585344e+00
6.283185307179585344e+00
3.433682588083232901e+00
4.127678596996852203e-03
4.085191672820134845e-03
6.098521914132205568e-01
-5.892046372551891430e-20
4.749161462780235321e-01
1.224724263448055961e-01
1.567985933281446087e+00
1.568658778853416758e+00
1.565388956723685832e+00
