6.271946028817887431e+00
6.264515371899611829e+00
6.283185307179586232e+00
5.603578835473162378e+00
6.054288187100565821e+00
6.054281041673779562e+00
5.677834229414967737e+00
5.899623625313002329e+00
6.156813838221400381e+00
5.655389476896973910e+00
-7.334221413403640808e-20
2.016780608947727482e-01
4.955850226001174558e-02
4.026895995940848322e-02
2.271244266113760582e-02
3.152560745462742314e-02
7.706851951882953689e-02
-7.324632642420939965e-20
-8.560813847658512283e-20
5.430230880284341727e-02
