5.942382888731801316e+00
5.730318799223585557e+00
5.484135966783045824e+00
6.170971894983303230e+00
6.088962265905101034e+00
6.283185307179593337e+00
5.861698753508818527e+00
5.531649251810308421e+00
5.106331256956665676e+00
5.030297716088935722e+00
4.869299540471891063e+00
5.701689650577125512e+00
6.983631326590330479e-01
6.283185307179588897e+00
4.086682308380327200e+00
1.358314350177717955e+00
1.427139008802851494e+00
1.476935218482443135e+00
1.507356484354885895e+00
1.520588813681013729e+00
1.534852544827748133e+00
1.546072638028890278e+00
