5.863198282328783151e+00
6.282665284115338977e+00
6.283185307179586232e+00
6.283185307179585344e+00
5.487639805175722252e+00
5.988235136632514610e+00
4.486540529520782528e+00
6.283185307179587120e+00
6.283185307179585344e+00
6.199721976977073723e+00
6.136636068350846074e+00
6.013975020025214668e+00
3.431857217336582444e+00
1.199393508122008518e-02
1.304020225341960895e-02
5.991680113993215206e-01
2.967857079596723638e-21
4.819225864097458900e-01
1.168719629441861557e-01
1.517058633614675411e+00
1.540112054507197348e+00
1.561141700903701857e+00
1.584569921345559074e+00
1.649460163184178541e+00
