5.762421922521287598e+00
5.856483107135419530e+00
4.790740139582595702e+00
5.646985220571949071e+00
6.025248158147247679e+00
6.260397695316347821e+00
5.905706939680603895e+00
5.719011098045097441e+00
5.288946772685375386e+00
5.213375525294155821e+00
4.924474732065037941e+00
5.740860593165946213e+00
5.915321020608710789e+00
5.825836999134159200e+00
5.738811235971874147e+00
7.031208084518381085e-01
6.276326913350151138e+00
5.155670826379385119e+00
1.378264206186796681e+00
1.435980333180620683e+00
1.477859774191611297e+00
1.512421947758069374e+00
1.521297809645726140e+00
1.525908482580178971e+00
1.538852600647221625e+00
1.569050364965826061e+00
1.561965533635518044e+00
1.552673360889807785e+00
