6.025594628122123986e+00
6.279242123110514662e+00
6.201433219576297340e+00
6.265152254201402648e+00
6.283185307179587120e+00
5.848568069680488257e+00
6.092216664218446986e+00
6.283185307179586232e+00
6.283185307179585344e+00
6.283185307179586232e+00
1.439003859320406864e+00
1.970630300323740647e+00
4.817755893477530194e+00
4.626700131831451124e+00
4.533069255509688311e+00
9.882933798547678395e-01
9.891404644853712957e-01
8.291931563582547599e-03
1.382647127800288450e-02
7.881904815060746666e-03
