5.931183044654258829e+00
5.917942372264613837e+00
6.147272683426699302e+00
6.152569862559190028e+00
5.297097237276735093e+00
5.740732642645217432e+00
5.737419084853888407e+00
6.283184449986342734e+00
5.792480862653316187e+00
5.997232719000027856e+00
5.983823621084758848e+00
6.226331428332753326e+00
6.226667210789798901e+00
1.243749882775993187e+00
1.912014623448004214e+00
4.962799281012832964e+00
4.575118511172004077e+00
4.643527690884904580e+00
7.931293487242907503e-01
7.611541369397827328e-01
8.188749787881829598e-03
-9.999246529593515431e-20
-9.268822268924274257e-20
-2.688611380739091830e-20
-4.624753337174791671e-20
8.297562789910270520e-03
