6.040431867562987556e+00
5.885469376606023317e+00
6.283185307179587120e+00
6.283185307179588897e+00
5.963531952934736147e+00
5.516515668379498472e+00
5.362083161425249322e+00
5.964693299189399056e+00
6.135760964211913304e+00
5.687112666947736095e+00
5.351577304326826656e+00
5.268554024044696860e+00
5.183445625325206585e+00
5.124218328695396174e+00
-8.266226545586602376e-21
2.008001763828085873e-01
2.378880607238306744e-02
2.688345387640498144e-02
2.505454031748024710e-02
9.864997987092101461e-02
1.418457101091982198e-01
-5.278015638095504412e-20
-5.116330393288755149e-20
6.827222359600047807e-02
3.081541937254164698e-02
7.135434814755396704e-02
7.550710190675473388e-02
3.281840431909279626e-02
