6.084541503310282096e+00
5.959919251853699862e+00
6.128860245559334174e+00
6.149339658226073091e+00
5.305670379254743274e+00
5.713925380655593855e+00
5.666206200742012200e+00
6.283185307179586232e+00
5.537449558769419689e+00
5.989909925882762387e+00
6.034266778650803076e+00
6.200133955102073102e+00
6.209147800154570795e+00
6.257547883603957750e+00
6.261474983070744571e+00
1.244603536882118888e+00
1.913466902682738890e+00
4.959810389119276408e+00
4.575540217120897424e+00
4.644768753435825737e+00
7.932938657003291150e-01
7.618295075477734546e-01
1.005418079591885970e-02
6.376407181906651391e-17
2.177236914838574806e-17
4.702143841900097223e-18
-1.522762834687045616e-16
2.594426471735805103e-17
1.268041425646872743e-02
-7.832811116218849328e-17
