6.281896025810846496e+00
1.772640741082174731e+00
7.439167636012080642e-01
7.364742635338544785e-01
2.877045498619303032e+00
1.772421870468715355e+00
3.303503647556572886e+00
5.816945841236329073e+00
5.678884294973095770e+00
6.200358969605364479e+00
3.483983313866475306e+00
1.207489305185566630e+00
1.111264214670607160e-02
1.301364327563703682e+00
8.502329376741615263e-01
3.922944958988126563e-01
6.088616584582189351e-01
7.708683596175334163e-01
8.766603816373417235e-01
6.586528789329446631e-01
