6.280289667340822390e+00
6.283185307179585344e+00
6.283185307179586232e+00
5.255290960686751056e+00
2.501326730411235655e+00
5.563241803034016719e+00
5.300834395331503579e+00
2.698359929721074302e+00
5.412250840770990834e+00
5.253763261969705667e+00
4.836715612194637082e+00
4.930230415467939942e+00
5.083818794135750885e+00
3.141945099372868810e+00
2.624642032396232505e+00
6.280435843815825869e+00
4.330553871411212619e+00
3.698028475628178491e+00
5.256791460138629191e+00
4.862554565115065230e+00
4.634838962989518585e+00
4.656569563990142768e+00
4.672972061406875710e+00
4.679602559622348501e+00
