6.278609104025008492e+00
6.280519719494378705e+00
2.697913788119067754e-05
9.566017450001843558e-01
2.974032994701815813e+00
2.362733746254019440e+00
3.333338366963475519e+00
2.568758173938630929e+00
5.726123816400214395e+00
5.594773230156725674e+00
5.636557752729607351e+00
5.705094897423910183e+00
5.728346217660552853e+00
5.234639079554665564e+00
4.969579922831831809e+00
4.776399842030336629e-01
4.019931419676360029e+00
1.435617205818468189e+00
1.533151305481029070e+00
5.613032332458689488e-03
6.247363102489987829e-01
-5.252967225219902659e-21
3.199888974475048609e-01
2.785840376921178696e-01
2.160214008020281962e-01
1.819547148435881334e-01
1.082936294733520405e-01
1.753678851245170367e-01
1.792018094557096541e-01
9.400239351794310860e-02
