6.217963795453723463e+00
6.256133616279671905e+00
8.391650896321606323e-02
9.448747518336459983e-01
2.464199791212211110e+00
2.815317660813662304e+00
3.129997199327250623e+00
2.718314966839880498e+00
5.615063117238459078e+00
5.518191528892262276e+00
5.725211888096266577e+00
5.080569121709579861e+00
4.874318139690707041e-01
4.027322301739600263e+00
1.404877149448762852e+00
1.538432556736843981e+00
1.120940443448308413e-03
6.248759675185029394e-01
1.186375521748054412e-19
3.198597795413591349e-01
2.669791047334510448e-01
1.442669268788638881e-01
1.533230214660160073e-01
1.083222955850552255e-01
