1.141466526723332819e+00
2.986648384292648561e+00
2.252398215840692330e+00
4.079574222057459565e+00
3.500044875608480766e+00
3.598760007747286327e+00
4.109045866333663533e+00
6.044179426234797425e+00
6.164947788293538622e+00
5.965751305367732904e+00
6.283466318616437007e+00
6.045754681274120301e+00
6.282609030357650504e+00
6.283165586181286955e+00
6.282165304042353071e+00
2.788229189724390267e+00
1.740952576242345673e+00
1.531009011051872815e+00
1.494794806223833650e+00
1.527379019856977438e+00
1.504795847305954171e+00
1.577112405352957047e+00
1.558856671557943940e+00
1.560672737505603314e+00
1.356690273023494875e+00
1.455944420402435879e+00
1.666428675302139562e+00
1.645820397165576932e+00
1.684219419983382870e+00
1.690528335691791950e+00
