4.056747569594809200e+00
2.622336807295950756e+00
5.688356342510223485e+00
6.135089916988701653e+00
5.967435063591871369e+00
5.754027016572377029e+00
5.720437394907570194e+00
5.655901250990132745e+00
5.647089691192523020e+00
5.647452512351063270e+00
5.541293562846560938e+00
5.404784776838825522e+00
5.277602112161065229e+00
6.048768864963121494e+00
5.414016219208950709e+00
5.910649277125860301e+00
5.372894089736366396e+00
5.018476805380929662e+00
5.964375889744188974e+00
5.020463286256725333e+00
-7.978998859576703051e-20
1.570228892027180967e+00
2.121323386390313592e-01
1.594980315213075650e-01
2.470254759519036891e-01
2.555077249171129883e-01
2.527277226674849442e-01
2.379370910852908472e-01
2.090496273111555336e-01
1.889361102718149499e-01
1.934282194183814252e-01
1.934346819331653755e-01
1.819802186046907966e-01
-1.527417980558809839e-19
1.522238445558913578e-01
2.117582368134787883e-22
1.088053584110680871e-01
4.308399390369846427e-02
2.887117539609454150e-02
2.971777975137827529e-02
