2.168404344971009349e-19
7.419539626204409988e-01
2.343690808282122562e-01
1.222330571169688795e+00
2.738166572749007877e+00
2.418593451077323486e+00
2.467801837459098202e+00
2.852661811105610123e+00
5.372652959028689779e+00
5.476435483114608260e+00
5.863615186465606754e+00
5.637002863217935200e+00
6.244970384660414098e+00
6.170366295241217713e+00
5.957060238598089974e+00
5.178136402180698816e+00
4.976044063302131448e+00
2.814389191343329988e-01
2.963305376186855966e+00
1.709253932494054107e+00
1.632970039768204096e+00
1.590904970977313759e+00
1.439065783319006586e+00
1.552796689298596267e+00
1.400528645612291179e+00
1.391129789869069988e+00
1.443855574245330953e+00
1.478270869962162726e+00
1.541873898167942292e+00
1.637566042237978081e+00
1.459022369814424236e+00
1.499521824613911480e+00
1.466739661829093988e+00
1.518361960480476114e+00
