2.875794786423484517e+00
1.325705033910469011e+00
1.690179335442206110e+00
2.320498112884204822e+00
1.418621332115327593e+00
2.037090472949229625e+00
2.346637274523340366e+00
3.198618701243955087e+00
5.574491377195771591e+00
6.222672770060974301e+00
5.378638317759349974e+00
6.201325562368787736e+00
5.370360139542589728e+00
6.084409973234928160e+00
5.234787300842550728e+00
5.873648042547985511e-03
1.573988673215328093e+00
3.141027805862344757e-01
7.499829689157667752e-07
-5.170724311827255882e-07
3.387560713603883777e-01
-6.011664191525586897e-08
3.470038135338402996e-01
2.349307140521365161e-02
2.970322527754966635e-01
2.118995060693140975e-01
1.198226318895747461e-01
2.145733075394075651e-01
5.407187138776332891e-02
1.465813464817803391e-01
