-1.546242778107212113e-18
7.161175836622066804e-01
1.118463940358396247e-01
1.186789746751315322e+00
2.766195130826759385e+00
2.580519356311227863e+00
2.475688405535588110e+00
2.989663058121527772e+00
5.355878142726054669e+00
5.540474987172878230e+00
5.945094527117207761e+00
5.803016937112057683e+00
6.271999372325856470e+00
6.002466984363093339e+00
5.986241047374808666e+00
5.256487669415927044e+00
5.951033300280572647e+00
5.947294378024235328e+00
5.963327814282544104e+00
5.019667742593379778e+00
2.786413243282344632e-01
2.967979893240032752e+00
1.725263943902432873e+00
1.638972372480017148e+00
1.585134544738006745e+00
1.445772968488750587e+00
1.550888990730452610e+00
1.382444048841677819e+00
1.381317506610260981e+00
1.457802297034341832e+00
1.469235565078251593e+00
1.581026826990983070e+00
1.519335446596312700e+00
1.545088124768563942e+00
1.454606318695250033e+00
1.455639412796861043e+00
1.589728003575132886e+00
1.559372270282279871e+00
1.490918816772670796e+00
1.527089621548866516e+00
