2.210134749899214768e+00
4.021929674346671924e+00
6.196906242898214678e+00
6.048003827427974599e+00
6.142210493811110616e+00
5.807676676977534314e+00
5.555432118945639708e+00
5.428219345078989733e+00
5.318493095250869551e+00
5.232806531852355114e+00
5.156625589387676456e+00
4.998662854767721875e+00
4.766422387453192577e+00
5.543009976663105576e+00
5.426778342457360793e+00
5.420921280636748635e-03
2.362887248767533421e+00
1.373804564495348490e+00
1.429267226461211404e+00
1.407205267226199652e+00
1.278168440682090790e+00
1.276211045757189133e+00
1.274848322538387313e+00
1.317625157482639642e+00
1.336467925020843772e+00
1.348670639295761919e+00
1.391795003712096079e+00
1.448805657724172136e+00
1.583750784725269645e+00
1.513894679844910662e+00
