-5.971447468508859458e-20
7.854554257407135864e-01
2.974311311748509268e-01
1.385957641140300289e+00
2.299090159918311560e+00
2.261941404764202357e+00
1.912297159117346323e+00
2.957644915637270167e+00
4.862697653828071509e+00
4.625186455328666568e+00
5.097236155220370435e+00
3.031480747292545908e-01
2.974199763064330426e+00
1.720260377349016823e+00
1.650534261027700733e+00
1.602466904751381760e+00
1.420683773983345111e+00
1.562056774301190831e+00
1.393515502317154819e+00
1.411170579216540322e+00
1.485634981087131878e+00
1.537332754179452809e+00
