3.846821403696143449e+00
2.831885158057241281e+00
5.678745153844071858e+00
6.029635981316220139e+00
5.858693910256106641e+00
5.672314008640607419e+00
5.606506499206094674e+00
5.565040504026104173e+00
5.521629580297641837e+00
5.403121547448298756e+00
5.287188307268392506e+00
5.146873237884639352e+00
4.974949544948009894e+00
4.832642577831035346e+00
4.817840785422230709e+00
-7.033579069958384189e-08
1.570390499780003113e+00
2.346210770581816929e-01
2.175988121363103545e-01
2.572443841070294335e-01
2.796986929188422510e-01
2.578644684647872776e-01
2.389559620498334647e-01
2.196087836724707754e-01
2.055267136153420271e-01
1.973966982853453123e-01
1.735661461498833325e-01
1.204733831222457308e-01
7.359526726484494352e-02
3.371181022213981526e-02
