3.715522439447457970e+00
2.859963000948943623e+00
5.747654156723910113e+00
5.922734345927894495e+00
5.742074689194222259e+00
5.634997878332798749e+00
5.519534760263354656e+00
5.470248692753722608e+00
5.353373904872583466e+00
5.182263024733670065e+00
5.025896973154776681e+00
4.867543834195832808e+00
-2.009061783222163867e-20
1.566505502303710662e+00
2.625404376142861373e-01
2.574575246515915516e-01
2.639056559826773452e-01
2.711791478322448934e-01
2.481251454379936050e-01
2.286556116978591680e-01
2.009113717377540298e-01
1.653575478827362943e-01
1.147164082632866344e-01
4.973883411669709209e-02
