2.234467316244018065e+00
3.984680723819642889e+00
6.144380456054530981e+00
6.045990546199266902e+00
5.934502705929333821e+00
5.610631855757388209e+00
5.445559126167647257e+00
5.372502073348118579e+00
5.224071788955599871e+00
5.124257299701981516e+00
5.045213404521509126e+00
4.838721838193630553e+00
4.606945297440581122e+00
3.178867348996766533e-03
2.363812180275053798e+00
1.342234656545062466e+00
1.407147688371050087e+00
1.293732013530528802e+00
1.260817621591720172e+00
1.269686020185302189e+00
1.301643707862519594e+00
1.319074568025134564e+00
1.338505106408711454e+00
1.384921849353845769e+00
1.440674088356300064e+00
1.513065113998506295e+00
