4.556756462595431323e+00
5.018646578970473726e+00
6.283185307179589785e+00
3.754852403172672659e+00
5.734571307391270523e+00
5.039213691221380742e+00
4.744760310385705004e+00
5.459292668109063662e+00
4.631645484762739073e+00
5.606898367436886410e+00
6.258270597936030910e+00
4.429940327657539534e+00
5.361002703287713445e+00
5.406726362006555320e+00
4.887824642962979915e+00
6.210216704547937283e+00
5.988121501160208915e+00
5.822311526751192012e+00
1.031904510389994867e+00
5.310974489467421567e-01
6.798570970476576214e-01
5.232762325579701779e-01
2.616444225134172963e-01
3.328796499388663177e-01
2.983066543289116116e-20
3.209920100565213930e-01
1.541321977526166342e-01
1.506158522312849579e-01
-1.110460196372877956e-18
5.778569522142249643e-02
7.480925839262488053e-02
7.242374939746407114e-02
2.797547579812991944e-02
5.239209310025016303e-02
3.200960299103430828e-02
3.609040433543051624e-02
