4.516884740781357266e+00
4.209716944085002410e+00
6.283185845541619408e+00
3.834763354290448234e+00
5.482432282284422698e+00
4.981407603658885463e+00
4.852538413229902758e+00
5.821539196582437903e+00
4.601834228036620011e+00
5.575355590790104898e+00
4.437288951771871659e+00
1.013066903605104097e+00
5.211884437663846237e-01
7.001131695490739881e-01
5.384884985807589786e-01
2.478040007044564064e-01
2.613359848992880541e-01
-1.614173976030586655e-07
2.467068993716905467e-01
6.102427211558253406e-02
2.218950369627896088e-02
4.523969273895735688e-06
