6.281552216300427816e+00
6.279073397760935649e+00
2.117257890496562010e-20
6.353002215656056162e-01
3.887520930052244861e+00
1.769947901378174038e+00
3.231439365450435641e+00
2.667446650861453161e+00
5.737962098105192865e+00
5.567164737579570755e+00
5.608300498459673378e+00
5.820067049539761506e+00
5.504320770661831119e+00
5.237358249443815339e+00
6.045120903274484370e+00
5.539643357583117655e+00
5.572031870776895879e+00
5.563904113452362132e+00
5.379247682508614403e+00
4.851172567815947856e-01
4.017911303375876209e+00
1.446295321926531097e+00
1.521978018339707139e+00
1.480600279985531779e-02
6.272035368699626634e-01
-2.160045643101658184e-19
3.201502198575630898e-01
2.771770598137418551e-01
2.349926948185887821e-01
1.599289684788392230e-01
1.367780049829523115e-01
2.002363746363613750e-01
1.721133462398960479e-01
-2.936917038010616019e-19
7.145602181310950485e-02
7.300181676494815752e-02
3.456319749562010782e-03
3.090139679164807460e-02
