3.455299063823674861e-03
1.596014766721350897e-01
2.902776374545539273e-01
4.761445133760103809e-01
6.155788224254862273e-01
6.611357740346749390e-01
7.530219275591251149e-01
8.859872972391502621e-01
9.703993147304801337e-01
1.135954428868940935e+00
1.323666498286850013e+00
1.542953367906490181e+00
-1.296297666123434923e-18
2.853258995261080511e+00
2.842488810749036698e+00
2.806153310613236584e+00
2.813475144514651305e+00
2.806149422993363007e+00
2.832989876110325156e+00
2.848157572875943622e+00
2.879953567719854224e+00
2.933365993350283141e+00
2.997148173088079570e+00
3.071646010831610596e+00
