2.214091264047284735e+00
4.013400246468373567e+00
6.167015870730886640e+00
6.051832819842890565e+00
5.977130267635932803e+00
5.647352287228676992e+00
5.471583196286814221e+00
5.398453813096335985e+00
5.242441050674533365e+00
5.159657647537481573e+00
5.116199687983777444e+00
4.886826899508317723e+00
4.664214103623735674e+00
5.537455299902187988e+00
3.454587769556095780e-03
2.363923044431995191e+00
1.349035305449936661e+00
1.417293611958472255e+00
1.312622153754765097e+00
1.265807925279605950e+00
1.276581998644489513e+00
1.298159021816754466e+00
1.320408226295971321e+00
1.343509196436964759e+00
1.383365385781884394e+00
1.430320446663165823e+00
1.514066913178237606e+00
1.557765812875196332e+00
