2.957774802043687590e+00
1.173767825766261597e+00
1.686596186684482523e+00
2.370024949489244470e+00
1.211137418712670222e+00
2.221337482292426113e+00
2.388784963400108374e+00
3.200597595433303244e+00
5.501465276842548491e+00
6.255356082973202447e+00
5.287868488017562818e+00
6.124532621871315641e+00
5.199387442870351705e+00
3.143320868816659279e-19
1.567043696407865561e+00
2.794223436369402402e-01
-1.254901217703722374e-19
-1.626303258728264355e-19
3.131127930144925742e-01
2.605772138238104246e-03
2.911778166839166238e-01
2.969532591537869803e-02
2.547293328823575509e-01
1.464807146009288186e-01
1.154110158162416772e-01
1.367889842460044136e-01
