2.506199351632463004e-02
1.118807771347996444e-01
9.617623250467735585e-02
2.684010633611600416e-01
4.538161038642565259e-01
5.770520065449890046e-01
6.125399395349354625e-01
6.954616202809243974e-01
8.048484776014660502e-01
8.661378987441225030e-01
9.886814103579274482e-01
1.139410316785075983e+00
1.256743595515982248e+00
1.135402996950957366e+00
7.851556145614776439e-01
9.510898300321252163e-01
2.300965601659474835e+00
3.290438267349041102e+00
7.029745186426024361e-02
2.902525296396563093e+00
2.949572115067222278e+00
2.841225749165947168e+00
2.804962108374012608e+00
2.821566705636681771e+00
2.824151126781889065e+00
2.847636274144008439e+00
2.862400851558983383e+00
2.887652095633797877e+00
2.908210469589920688e+00
2.941346422302321795e+00
3.022806565299957171e+00
3.127033844592066902e+00
3.088219377967933887e+00
3.153551693325949756e+00
3.192119910290593054e+00
3.160288735434766849e+00
