3.746081415036797146e+00
2.847160297389231598e+00
5.748645284543542289e+00
5.943241433112151029e+00
5.747878652903974483e+00
5.643986304217247785e+00
5.545541744853372812e+00
5.496945411161151540e+00
5.415456274171019047e+00
5.281150924256588830e+00
5.120657918927113528e+00
4.953679529025507122e+00
4.739817482972399354e+00
8.131495614125969429e-20
1.568813150709318149e+00
2.612231222288857735e-01
2.584573553833286463e-01
2.648946978796418161e-01
2.769900352640549679e-01
2.524675268930525185e-01
2.330025818151789940e-01
2.108993088417156769e-01
1.907855278028774970e-01
1.521519254931125720e-01
9.627105438125191372e-02
3.954486249133849773e-02
