9.385611827556507997e-03
1.290186696704085645e-01
1.625770732048285316e-01
3.565554616696087753e-01
5.045407331653234406e-01
6.315420024203266536e-01
6.351242685646714126e-01
7.501062610044233470e-01
8.394841912983952437e-01
9.575508573031860093e-01
1.067449223070594311e+00
1.207235723351425705e+00
1.282161912191625008e+00
9.780508852405643827e-01
1.000223923440731522e+00
1.023617548429698099e+00
8.686051290943416032e-04
2.892329200520584731e+00
2.902530274279429445e+00
2.830697699912952725e+00
2.813462347390894180e+00
2.814954013352748419e+00
2.832543726500879266e+00
2.852954747135982849e+00
2.862689891510643569e+00
2.891808925134695230e+00
2.927491423590728559e+00
2.977283902436381080e+00
3.040705855505147159e+00
3.099599553098363991e+00
3.113155230630197945e+00
3.117198198996962599e+00
