4.400600858782107230e-22
3.366578968918083059e-01
2.640315774489470643e-05
5.000159053596922032e-01
6.525050933697490452e-01
7.165165002793942861e-01
8.133830432421526035e-01
9.870200452896824572e-01
1.180102214342121369e+00
1.261748638358137553e+00
1.580507881634112544e-01
1.905824131322175763e-20
2.879798866854315520e+00
2.872915795807974515e+00
2.881187837038095445e+00
2.891194005041749726e+00
2.928026322238438617e+00
2.975603007963051105e+00
3.024992670063856526e+00
3.088293869758888643e+00
