-1.809039842612229552e-06
7.683361269217747758e-01
3.059085144023272473e-01
1.411183804991150037e+00
2.328798861051971425e+00
2.270442671754982822e+00
1.971476031283430075e+00
3.036765138781587936e+00
5.047378537761231243e+00
4.901473196699345003e+00
4.976036814325038193e+00
5.143721113130978573e+00
2.939135549627540089e-01
2.967411114211062184e+00
1.717322985995501039e+00
1.641601132508898830e+00
1.600509933158038134e+00
1.416959244317352429e+00
1.561744584900758515e+00
1.387471887044587460e+00
1.378285591368312524e+00
1.435288920998230466e+00
1.492745215628676458e+00
1.538266141276108723e+00
