2.915988857916989918e+00
1.144369097441745531e+00
1.966971828814025214e+00
2.218073411447959664e+00
1.639504455646195513e+00
2.058388134627117338e+00
2.146001380662392766e+00
3.638854920020281547e+00
5.746854718656993377e+00
5.640456023661833740e+00
5.549213037785219349e+00
6.225697255447970591e+00
5.475752854955605819e+00
6.093585552764797519e+00
5.453607707258651516e+00
5.074444505647931258e+00
9.412792163752700322e-03
1.571768173448952588e+00
2.525973521605962557e-01
8.358542121059044788e-03
8.653737842243333059e-18
2.910655873024839413e-01
1.813765020308184892e-19
2.727246417219568175e-01
3.102267263225903515e-01
2.972935906729015088e-01
2.481667338257253497e-01
7.904075349879238765e-02
2.305353358547353737e-01
7.417481948567049288e-02
2.408776486541100714e-01
1.293224754941477150e-01
