1.158198876752599915e+00
2.979150223042331902e+00
2.249105704811751316e+00
4.010850925777115883e+00
3.481276278496051368e+00
3.751866608871982756e+00
4.168287816177558724e+00
6.050273187618766535e+00
6.074534797291215149e+00
6.005293937227078160e+00
6.140132918482553492e+00
2.779489114188347987e+00
1.746670278450904279e+00
1.524815300561309206e+00
1.495134662033850814e+00
1.527321889928143328e+00
1.486188116341839560e+00
1.581377797256624307e+00
1.571574753907884814e+00
1.538284747582975731e+00
1.427077225306778718e+00
1.785162398324754873e+00
