5.714949039883850723e+00
6.283185307179586232e+00
6.608635181082511689e-01
4.749503346002372783e-01
2.015865338284921204e+00
2.719966870676894910e+00
2.822076352354597972e+00
2.475954642194750033e+00
3.792162543196953894e+00
4.782404443001515126e+00
5.089979219734438454e-01
4.004204390709681149e+00
1.371021944197030384e+00
1.515895842342070310e+00
5.572246158300556140e-02
7.308874841146870693e-01
7.450210266986309442e-04
2.504574650253883483e-01
-8.441814371500440979e-20
2.778021208071453432e-02
