5.980646578861056994e+00
6.276604457678409688e+00
3.479582272309769131e-01
7.739874968805888766e-01
2.276117741736969791e+00
2.750798311162639287e+00
2.991539824476119325e+00
2.605008797516502383e+00
5.332466957830048315e+00
5.559558870621866156e+00
4.788803913526682443e+00
4.868612155038369305e-01
4.053799805283584412e+00
1.312313608681968891e+00
1.514915893776821676e+00
3.425983994862185494e-02
6.996577438623824419e-01
-2.167045970429150184e-11
3.040201921001589591e-01
1.617499142479007779e-01
9.009689523931910249e-02
4.204801661361190490e-02
