-1.704554623788745210e-06
1.685519341460424703e-01
3.936507119523192239e-02
1.537150776850603473e-01
3.606712268217965311e-01
5.153826131670506960e-01
5.450650124187595980e-01
6.503423428044576848e-01
8.043783450793852152e-01
8.784194691531532762e-01
9.403314870103731682e-01
9.838126109588357648e-01
1.013410149261060766e+00
9.786020938886920151e-01
1.002761635859084066e+00
1.031521464896774098e+00
1.042991006358968242e+00
1.009106949429134925e+00
8.440238753994308007e-01
8.786655951833489686e-01
1.017041671437731026e-01
1.274380273206336317e-06
2.933377741897608804e+00
2.956619155519557118e+00
2.864418945524041415e+00
2.880827844018400530e+00
2.914318270409912426e+00
2.920592647920929874e+00
2.939612961582081407e+00
2.944423572383857657e+00
2.960627179236094531e+00
2.977883040378475954e+00
2.982690716704710088e+00
2.981459248542126517e+00
2.986833456911387241e+00
3.004189081974347975e+00
3.032367853065060626e+00
3.064919664109922337e+00
3.096723371575872186e+00
3.115817493450747211e+00
