-3.681470862707703100e-05
7.639505214732097427e-01
2.778260771479915681e-01
1.361455792571825585e+00
2.454429961594831511e+00
2.374480890228363172e+00
2.110634712890890441e+00
3.108747683738278145e+00
5.294782275538958416e+00
5.303171190689945469e+00
5.048636865356635361e+00
6.047117236158928932e+00
6.191912390906558983e+00
5.158948130573762114e+00
2.921215206780374829e-01
2.968033823525702442e+00
1.711833756015904484e+00
1.642829515267784757e+00
1.596925947547711555e+00
1.436047184078948602e+00
1.557539048078970589e+00
1.411733794468010394e+00
1.399633538015649270e+00
1.420409557996436645e+00
1.427696544301256587e+00
1.636388027880816942e+00
1.526000936086318704e+00
1.501657743706012127e+00
