2.970056083270090408e+00
1.333843719973334396e+00
1.567391551883005940e+00
2.397705772739286090e+00
1.169549869619976867e+00
2.203086610229346487e+00
2.352810875481104347e+00
3.214380191986060176e+00
5.611273139070222626e+00
6.202384047952968160e+00
5.430259263164666450e+00
6.082638674448666016e+00
5.401289337119711043e+00
5.111728976691522597e+00
5.314666981705366312e-03
1.575062085336738749e+00
3.047571850341018185e-01
-5.013764011688031356e-19
-2.710505431213761567e-19
3.370351129725454031e-01
-2.448270850942269951e-19
3.414886012579046448e-01
1.668065117742167924e-02
2.953263349557186390e-01
1.921930135253811234e-01
1.601125453009342725e-01
2.480251630149024611e-01
1.466932336520860025e-01
