3.591016205839843600e+00
2.908374747702688001e+00
5.788944902888263577e+00
5.828051163651684519e+00
5.596893521568093277e+00
5.524037427918766063e+00
5.380820506403419579e+00
5.271410489826527268e+00
5.071788537251697093e+00
4.882800181130447115e+00
-1.839495645221181991e-20
1.569622004315057051e+00
2.970983457414414497e-01
2.913667308201926542e-01
2.813476365786283240e-01
2.589311192972518216e-01
2.354174374644409096e-01
1.870954211361623154e-01
1.315622000152550375e-01
6.298172432520512953e-02
