2.764156054008696461e+00
1.342161585866852302e+00
1.651335805302791115e+00
2.330066405356370218e+00
1.025070518061754310e+00
2.384783837038253473e+00
2.358828509974783216e+00
3.117431044017394459e+00
5.478648863578769124e+00
6.189662063131426528e+00
5.263793687283463640e+00
5.140520926608837193e+00
-1.163508940894638515e-18
1.565817443905097583e+00
3.212604284437531321e-01
-4.337040300513532584e-19
3.232567352846380578e-03
3.497487649356251782e-01
1.055487242936313519e-02
3.288214441136541599e-01
2.881578492538016539e-02
2.592729800944605922e-01
2.582267653227027226e-01
1.370926296712416392e-01
