6.279549297053554469e+00
6.282719046064232593e+00
7.033585431523751378e-05
6.214336794217713011e-01
3.810468922493659427e+00
1.881780878104272414e+00
3.201607262435687939e+00
2.686751382078542250e+00
5.728770936933770486e+00
5.571749198216203069e+00
5.602764336437755510e+00
5.812713853425109711e+00
5.542455228976972847e+00
5.256922761312625703e+00
6.084472161987669381e+00
5.614135859111572202e+00
5.554261843297231493e+00
5.529113596302809519e+00
4.753182530080342638e-01
4.012556807738684839e+00
1.452640345356729368e+00
1.521069456961833710e+00
1.218341435299656952e-02
6.285567610385591752e-01
2.710505431213761085e-19
3.168702682781968649e-01
2.724132346518187142e-01
2.247572566099024227e-01
1.633490956988337406e-01
1.248614214187317856e-01
1.921527360005129137e-01
1.638603315236637770e-01
7.404920843574703745e-21
6.906129358328864931e-02
5.873666975846925792e-02
1.252262667805159775e-02
