3.818630078412116102e+00
2.840240681854922844e+00
5.692566543182255856e+00
5.983150913890190381e+00
5.812411491973641375e+00
5.663902747894597134e+00
5.586643359789276175e+00
5.536697685555570736e+00
5.463673787675662474e+00
5.343634080010543741e+00
5.228452032670388938e+00
5.043815277420519827e+00
4.872620269334625220e+00
4.782419177336580951e+00
-1.084169085261002313e-19
1.570516643271071766e+00
2.452142681637864141e-01
2.367017777054959693e-01
2.553543521954778628e-01
2.742873384002947890e-01
2.536532051579615810e-01
2.373156034929851388e-01
2.170122119834560770e-01
2.010795117067990523e-01
1.829317981330106369e-01
1.378251529895109795e-01
7.923026860832188545e-02
3.712897725770312324e-02
