1.015029225862650389e-02
1.251666033879874351e-01
1.372399243538046099e-01
3.226384399156747573e-01
4.856173517008915419e-01
6.195448154365070792e-01
6.211868113641418887e-01
7.231167063019308117e-01
8.102642841083694814e-01
8.804520284362896687e-01
9.872338251682747368e-01
1.144962682255215913e+00
1.262245169022504276e+00
9.755738751680153031e-01
8.310340783334564385e-01
1.169747005091041014e+00
2.182647525774692454e+00
2.781140352276842420e-02
2.898684677138929189e+00
2.919205392807592503e+00
2.837705920802242598e+00
2.807979035447782934e+00
2.819203081392781307e+00
2.830382686583146068e+00
2.853577356196119741e+00
2.866395017746031115e+00
2.897237132086592393e+00
2.917787524992225823e+00
2.955969854853164769e+00
3.028084754601063189e+00
3.114127856426086360e+00
3.106935102280496519e+00
3.133836007318954398e+00
3.171380463992843790e+00
