6.282991982439157574e+00
6.283185307179586232e+00
2.804327188305490148e-19
9.394051471139552856e-01
2.862116967810697243e+00
2.467456089058599034e+00
3.323694333789021460e+00
2.664919956233733789e+00
5.782843232689304003e+00
5.608276981167619191e+00
5.682973204079152296e+00
5.691651242786251785e+00
5.942535354616931720e+00
5.172928116631298145e+00
4.691091726277073493e-01
4.001537002743830840e+00
1.476231665620444611e+00
1.528499228335318927e+00
6.822311194140076585e-03
6.016009572523304261e-01
-1.507718643683940425e-19
3.087445231359975395e-01
2.804502172758895351e-01
1.978976138432474441e-01
1.619048166510221043e-01
7.288338457978481288e-02
1.315509003559987011e-01
1.039273396144200085e-01
