4.067325502397407533e+00
2.614495068997056304e+00
5.684523899042705608e+00
6.109239469224347907e+00
5.932615775156189208e+00
5.723294082036598951e+00
5.705237285977805328e+00
5.666070639034058942e+00
5.645488149392632771e+00
5.591002745527028139e+00
5.461081931747194140e+00
5.339519572909330769e+00
5.213022149745048850e+00
5.920802477722684642e+00
5.418878827438618373e+00
4.988767408226318700e+00
5.948343877370341204e+00
5.009758895940099599e+00
4.871137041110117507e-06
1.569811853528664702e+00
2.171992703693295668e-01
1.798972956111347943e-01
2.529108850960359867e-01
2.652326198956668768e-01
2.458658984807056136e-01
2.288231735768235520e-01
2.111813203659212157e-01
1.981620929793724284e-01
1.979721152005428364e-01
1.917201708368229673e-01
1.711363938953873731e-01
-2.364059087549116085e-06
1.215668775609266145e-01
5.643594374833202365e-02
2.516216931277446764e-02
3.537084603962176166e-02
