2.871924661599730033e+00
1.175295703039985318e+00
1.980729690486420225e+00
2.248997188985182749e+00
1.592218720147125399e+00
2.128294658703529407e+00
2.203921596675289418e+00
3.648257734530151009e+00
5.677886861632920557e+00
5.576147043444424689e+00
5.539407874830566847e+00
6.240969463940541750e+00
5.438964162434523075e+00
6.280140982024634333e+00
5.371572640243631902e+00
5.979812250384711092e+00
5.212806643187144040e+00
5.955394374094960010e-03
1.572947955399875974e+00
2.302139532985391368e-01
9.345902768105531985e-03
3.189020378013696052e-19
2.730322441447097237e-01
-2.531078128752274286e-20
2.966491114327944323e-01
3.362463165812760724e-01
3.146964821599243511e-01
2.700244744080400605e-01
6.312619995954700525e-02
2.269507310390209420e-01
6.084197681859531553e-02
1.775452295858898910e-01
9.606917253400930334e-02
1.239240913867225014e-01
