1.189038114813660396e+00
2.965480358899235558e+00
2.261472293572837966e+00
3.952058692022298647e+00
3.531211364398121777e+00
3.770630533757733716e+00
4.146609780141242041e+00
4.987139458395651204e+00
6.057384509117362370e+00
6.074798854452268415e+00
2.779579422376788678e+00
1.769766401440238557e+00
1.516558207739215458e+00
1.470840696209861465e+00
1.530675628305347979e+00
1.464670377852219429e+00
1.560784468381387624e+00
1.659680739060616750e+00
1.536806030220238206e+00
1.539444560780064641e+00
