4.509121233495164027e+00
5.061354902738678163e+00
6.283185307179579127e+00
3.799062508379232206e+00
5.582840032041449518e+00
5.075284775451788910e+00
4.756128687451651516e+00
5.669026566766561359e+00
4.613202117386098422e+00
5.597533476065848390e+00
6.213674967816193551e+00
4.215965574962086571e+00
4.365938492575352825e+00
5.300201317678505220e+00
4.983573613470952068e+00
9.954442857991186999e-01
5.475162484434776822e-01
6.743661321394825992e-01
5.239825243458806625e-01
3.196018179838612805e-01
2.866250486382846963e-01
9.501299512621599517e-19
3.047395298020632581e-01
7.925941832157301636e-02
1.048991840525992786e-01
-7.180687124785378582e-19
6.291582143509918956e-02
2.656732016587992629e-02
-5.608840592364420064e-20
1.756409916467990481e-02
