4.430612203614598066e+00
5.044406928118799982e+00
6.282842549810719213e+00
3.697736570189992467e+00
5.871662489941404495e+00
5.018101838748249222e+00
4.736060456058210910e+00
5.472611583481689301e+00
4.617763767982721923e+00
5.594533240072040670e+00
6.277071903125913899e+00
4.426686693605417666e+00
5.495083929968521019e+00
5.421671550811010931e+00
4.876432274534814759e+00
6.222894062441537422e+00
6.005941260977898821e+00
5.816519734823097920e+00
5.758377334289593641e+00
1.041090765944797880e+00
5.217855199047617409e-01
6.980601808469654168e-01
5.230918613690858088e-01
2.518333585746663217e-01
3.231313188125049529e-01
-7.171789707386553036e-19
3.219195188846227795e-01
1.649258175736548204e-01
1.858513080383686622e-01
-1.084202172485504434e-18
2.031201142141849172e-02
8.710143914887577554e-02
8.213362149756944786e-02
2.835099821107994050e-02
6.177036915799985484e-02
3.248602467055412835e-02
3.305683842600684597e-02
7.431850398641108579e-02
