4.531259066207248054e+00
4.225624929759610460e+00
6.283012266043370708e+00
3.866832019092345529e+00
5.439478582575505428e+00
4.965474410639818537e+00
4.850459023417942994e+00
5.831382899981157664e+00
4.606519660900554314e+00
4.591971625714622363e+00
1.020208792025118605e+00
5.161060832446735525e-01
6.888272953697266443e-01
5.405626956083726675e-01
2.503288698284664160e-01
2.559991111979125766e-01
1.292734006045160970e-02
2.299794773554123539e-01
8.214116848613164934e-02
1.505294321367780901e-02
