2.739551470665138488e+00
1.079010897105706634e+00
2.241882890263975359e+00
2.450880094236370432e+00
1.296500682090027334e+00
2.257367457192945182e+00
2.199067868321773478e+00
3.687214417197465899e+00
5.689545191506806709e+00
5.614186957756501783e+00
5.567399505508858759e+00
6.160294690341478585e+00
5.572991627432063666e+00
6.283002046469913005e+00
5.505625177376104240e+00
5.836231808002092514e+00
5.596242368074017648e+00
5.769541318638633065e+00
6.164169040756364737e+00
5.083065879838312817e+00
3.092588206817238096e-03
1.572156184345618213e+00
2.277498026686199661e-01
5.095961253645316970e-03
-1.528319778053105175e-18
2.535374404329247544e-01
-3.717737197964282386e-18
2.966831839274702842e-01
3.479510438881229795e-01
3.214986128944472554e-01
2.791907515241391358e-01
6.566993697270583075e-02
2.229459917846161321e-01
6.094602034031966487e-02
1.863040974624436685e-01
1.381051576482211773e-01
1.229302131190539299e-01
4.129172442912699276e-02
8.697773343365766685e-02
7.416775689957591511e-02
