8.952502586576037702e-01
2.987920965987066690e+00
2.174757156807240577e+00
4.241581471008861293e+00
3.387585687154967218e+00
3.731489573955733885e+00
3.912954281891660724e+00
6.216139555263949568e+00
6.169698991372600361e+00
6.067160116530518899e+00
6.146912572852541778e+00
5.814986292845957472e+00
6.198026776247281155e+00
6.282550577701779382e+00
6.274671758716512393e+00
6.160541004492452011e+00
6.282993281917931050e+00
6.282854699754395256e+00
6.283086014969638811e+00
2.815564063962679775e+00
1.758349956385790058e+00
1.592560373929370554e+00
1.409173565019626873e+00
1.530172994851896506e+00
1.572349618855067854e+00
1.615917577887551193e+00
1.588392665797833114e+00
1.577610313003516618e+00
1.127963605967535532e+00
1.531303334491116441e+00
1.613133358452450983e+00
1.631563647081748503e+00
1.628444249180999615e+00
1.619750621396654822e+00
1.639213365718426907e+00
1.655761374153763565e+00
1.653998797906069962e+00
1.663693419510940519e+00
