2.059355316694051135e-09
7.318441258314350994e-01
3.448744137520097230e-01
1.283553704023261410e+00
2.578212375730502881e+00
2.389221843859759886e+00
2.205385308709848058e+00
3.000863096175998557e+00
5.387710465357907985e+00
5.498135271776734001e+00
5.897444546973764190e+00
5.754358164635212880e+00
6.218434696503519099e+00
5.214725832058659805e+00
6.046540160176703260e+00
5.028245255578627670e+00
2.879044460400165262e-01
2.962368739854977395e+00
1.702173950457495533e+00
1.632531198615578827e+00
1.595177383096986645e+00
1.435988729426079580e+00
1.550694833875325029e+00
1.402461680791894150e+00
1.399943484753914724e+00
1.438968363582089349e+00
1.545994779638155903e+00
1.436208522948098976e+00
1.586337694478286320e+00
1.479525703395856429e+00
1.540781849767618672e+00
1.510057964402983233e+00
