4.526138724406885139e+00
5.043044175771192350e+00
6.283167173228557445e+00
3.775180784611926299e+00
5.618525531164161535e+00
5.095511251624798454e+00
4.726376851884938723e+00
5.592052164165853156e+00
4.646190043002539127e+00
5.593559514294487833e+00
6.225701944434478996e+00
4.216092369829532061e+00
5.373300134873376876e+00
5.300982869396581698e+00
4.981462184916707336e+00
5.982531961472178139e+00
1.004308705688830239e+00
5.420189395308758762e-01
6.809166717366956778e-01
5.226125022332381853e-01
3.026659535874479667e-01
3.088731913431868037e-01
1.652719684402852713e-05
3.265037110846379376e-01
8.906274977848598062e-02
1.552456681704706687e-01
-2.484629079687110826e-07
9.104074917607336837e-02
5.324260991420282085e-02
3.213408055847184752e-02
3.392530426496696144e-02
4.136689914587730194e-02
