2.625527923461071830e-03
1.400854968157089486e-01
2.268968595045748049e-01
4.109169933927419582e-01
5.491031274459504674e-01
6.516944849399246564e-01
6.854721884986124669e-01
8.170740948832044825e-01
8.813693331904979278e-01
1.018600472989329209e+00
1.187081001317989992e+00
1.381707651335597697e+00
1.241338298793059902e+00
1.257669472568025082e+00
-3.999466811412180193e-06
2.874631342733290573e+00
2.872451119401100872e+00
2.821799669130827581e+00
2.816101756016318625e+00
2.805654836546908282e+00
2.830373986555704047e+00
2.852012993671235286e+00
2.871363146365362162e+00
2.907448453541207734e+00
2.963785643423368921e+00
3.035874172924508230e+00
3.096926624806556116e+00
3.133666967338122777e+00
