1.032899911594059026e-05
1.500237084155223166e-01
6.357317628457294367e-02
1.401037877694361611e-01
3.721500666988751815e-01
5.423258202993054278e-01
5.763373395360361640e-01
6.818239298466863829e-01
8.245486682574256765e-01
8.835831834191794076e-01
9.577921829575494206e-01
1.025364467624194198e+00
1.033166092543749359e+00
1.026453350447873225e+00
1.093518560376776749e+00
1.053638342353226731e+00
1.012641056074453649e+00
1.081717925604260611e+00
9.448003920297345926e-02
-8.131516293641286866e-20
2.935613659061706571e+00
2.956045009603704976e+00
2.859926871389517622e+00
2.877350101485632639e+00
2.911134197719978722e+00
2.920541236817383091e+00
2.936378190412283207e+00
2.942881144944277771e+00
2.963558475723170105e+00
2.983594960945744834e+00
2.980368180406677059e+00
2.983655719185899002e+00
3.012207307115213784e+00
3.053213140751891430e+00
3.066960034825156445e+00
3.093734225729683818e+00
