2.826008750135233782e+00
1.105572794712090801e+00
2.129067572372787875e+00
2.277632818260307612e+00
1.716572246079539399e+00
1.979988611371980234e+00
2.174999516219163986e+00
3.677979202419330296e+00
5.706576662597760752e+00
5.617572554937851237e+00
5.588993935276134195e+00
6.195179027062699184e+00
5.540936588185537026e+00
6.230748306935860015e+00
5.466777406175860499e+00
6.020637091795396856e+00
5.399413907062477591e+00
5.055799453018888556e+00
4.024558328529162336e-03
1.572998630135655107e+00
2.366408511482327448e-01
8.687521430386917209e-03
2.049819732355406821e-18
2.685638286239929173e-01
-2.358139725155972144e-18
2.869933273625710490e-01
3.247143352105864023e-01
3.035234210380990949e-01
2.551822586076599730e-01
7.865381306219798585e-02
2.128532531207606993e-01
7.515284956172482711e-02
1.944851439798237214e-01
9.579766070564686709e-02
1.938193487156458505e-01
8.704045523308713561e-02
