9.718660333905105864e-01
2.961076697638650668e+00
2.282286965585874849e+00
4.158394077730502403e+00
3.342105775932478817e+00
3.709519851817717484e+00
3.904065989706825501e+00
6.189434082949345495e+00
6.283201214330778939e+00
5.986321080384347404e+00
6.240023951400220703e+00
5.801301810449735363e+00
6.188535400500861705e+00
6.270122171327872529e+00
6.277287783961774004e+00
6.202543265393100747e+00
6.280426402516970263e+00
6.283187709165682477e+00
2.812671045452632690e+00
1.743469270311976738e+00
1.575386991744961884e+00
1.431961323911744133e+00
1.521833650343662026e+00
1.568294214976995171e+00
1.593417806820977445e+00
1.578375763886745053e+00
1.591045467384262668e+00
1.151749006591371138e+00
1.518879484600695440e+00
1.620966309849823039e+00
1.636998837688045327e+00
1.640700900802209095e+00
1.646512895718456493e+00
1.648593666558644699e+00
1.662454226150803960e+00
1.665393769840418869e+00
