2.799088743086853626e+00
1.045479981598775199e+00
2.226114055404401437e+00
2.345250167902843241e+00
1.664393447877137167e+00
1.975912241777006306e+00
2.187939469771821521e+00
3.672633316729827957e+00
5.705879751834795677e+00
5.606205993166211599e+00
5.581549585449197437e+00
6.149697102340941690e+00
5.570901239041392117e+00
6.283119300080506342e+00
5.476957263868722947e+00
5.888865274501146274e+00
5.566544067910037974e+00
5.836350517991168552e+00
5.119561840300674405e+00
2.797227868349302406e-03
1.572524879304227685e+00
2.322154860439782087e-01
6.603502106486119211e-03
-2.084665190258182164e-18
2.661223657352285166e-01
-8.173453192907294171e-19
2.954705531818664910e-01
3.429719246947962596e-01
3.160648265655949252e-01
2.694480903958397233e-01
7.507437057275094527e-02
2.161624754732492659e-01
6.684912199212024453e-02
1.893638995238869083e-01
1.230735810021045956e-01
1.194062496319796274e-01
1.074604328335307807e-01
7.827629468491933973e-02
