2.086900407263446056e+00
4.161437536820727701e+00
6.212203479431983588e+00
6.041909418794906728e+00
6.247313156839363835e+00
5.853395259553196617e+00
5.632498277475541215e+00
5.499700376240252098e+00
5.432576522429554799e+00
5.320490678198430246e+00
5.249550175149173548e+00
5.192093861728714010e+00
5.027958634738886268e+00
5.623908584209922346e+00
5.746113956605086059e+00
6.257660659433841310e+00
5.369909955399292834e+00
5.291610671577210212e+00
3.303986715431626343e-03
2.365693658426050394e+00
1.371380900420919868e+00
1.441147933646150792e+00
1.439738441633149346e+00
1.286646155305099626e+00
1.274447878403171863e+00
1.275367589027633475e+00
1.311539363068350506e+00
1.325936741272246921e+00
1.338945756368467022e+00
1.368274134192878355e+00
1.366071159050392891e+00
1.664325156531534011e+00
1.461174512299275419e+00
1.526872597229805839e+00
1.547104229356875305e+00
1.529144134766434071e+00
