-2.269905076513218381e-06
7.510962098345861371e-01
4.326622019622382576e-01
1.415139732227367331e+00
2.275808703084695406e+00
2.175427593185786268e+00
1.886437153431394620e+00
2.918573099145003180e+00
4.661212842464467876e+00
4.329122846701582539e+00
3.127382418559593313e-01
2.962036167972255551e+00
1.726566765568023687e+00
1.651692541008349391e+00
1.612052991707031202e+00
1.432493682588634076e+00
1.563135460097728524e+00
1.399743707982313623e+00
1.435889539625051059e+00
1.507439623561895425e+00
