2.846386245048907693e+00
1.446013858841816768e+00
1.349279009366004978e+00
2.171247001632559126e+00
9.078846859618644460e-01
2.316096978444204701e+00
2.304516226631817766e+00
2.657924642653729741e+00
4.438708124347627404e+00
6.206843481523712569e+00
5.187839689767625551e+00
-7.610035726405102749e-19
1.581186050847174229e+00
2.764677466979901244e-01
-7.507986589957204318e-19
-7.736261553861712692e-19
2.752165932702523299e-01
-7.483704594073160757e-19
1.749634372616768185e-01
7.784445016560967434e-02
-7.467507643038021690e-19
3.702738427251872633e-02
