4.068866701144196796e+00
2.595687901149041021e+00
5.698429043267433158e+00
6.087849231708563735e+00
5.907535480361582714e+00
5.702726637677865362e+00
5.670859809480691460e+00
5.618606795171229962e+00
5.593859993919952700e+00
5.529075324352457521e+00
5.408417616070666512e+00
5.276530175629275732e+00
5.165754856171528964e+00
5.930713503837575118e+00
5.380685838195163662e+00
5.001884560667434698e+00
5.004006540965760585e+00
-5.329940303184686608e-19
1.569693493198815570e+00
2.197827243448903511e-01
1.917633399226787716e-01
2.553905675903904715e-01
2.717467128479558180e-01
2.540788219302178019e-01
2.386665386331519034e-01
2.172145285438296658e-01
2.006705697477862427e-01
2.008678269799032690e-01
1.898348795856501237e-01
1.569807718351811932e-01
-5.319962404021945103e-19
1.050546734705843643e-01
6.370918013414848813e-02
3.166245832727710569e-02
