-1.430969203896692642e-04
7.326596657557818970e-01
1.590989105876164100e-01
1.225055516264556221e+00
2.773821250497817470e+00
2.472629696420505230e+00
2.458307475155885324e+00
2.927027292560640426e+00
5.360321710423744612e+00
5.516650039286910001e+00
5.929660957434606416e+00
5.583973534954901119e+00
6.282583573763212748e+00
6.197664748743126673e+00
5.966103042242428600e+00
5.231666499649443303e+00
5.995075068253161277e+00
6.015196178721966547e+00
5.015668710578965239e+00
2.808499722968001433e-01
2.965207629634581288e+00
1.714539564067007582e+00
1.636848886159468330e+00
1.588837408626942782e+00
1.442450854038591412e+00
1.551451296674572822e+00
1.391540862591343686e+00
1.386495524974526994e+00
1.460879319169464008e+00
1.461584121842663730e+00
1.614706385644414377e+00
1.538762150311422605e+00
1.501555214749903389e+00
1.469039647547539573e+00
1.492910086610647280e+00
1.580662889175563190e+00
1.501476463856333821e+00
1.521073325138186272e+00
