4.057221926031267856e+00
2.618560354620055097e+00
5.693644218458147499e+00
6.132040688419750474e+00
5.968715330938058727e+00
5.743721327450509229e+00
5.708637874589976846e+00
5.654706639239672761e+00
5.644910346928805112e+00
5.584341441536430750e+00
5.462324142033031293e+00
5.346908961358520784e+00
5.242449061326868609e+00
6.073055206140689499e+00
5.372116894829733980e+00
5.904598841223476668e+00
5.426737919098704843e+00
5.037003245074156865e+00
4.993844841755096908e+00
-1.349958759686541165e-21
1.568584974343775418e+00
2.155502358922236628e-01
1.608063088661004503e-01
2.497110156023253369e-01
2.621348847197165766e-01
2.517807437814753579e-01
2.332756317812830493e-01
2.145647866440787699e-01
2.044971218387993672e-01
2.024345530281440320e-01
1.967024113672553309e-01
1.804620653495574711e-01
-3.349816783043745114e-19
1.386359622922673229e-01
7.034608626946964316e-19
9.703204227416852012e-02
6.221497348869198946e-02
3.094038091765035844e-02
