4.072132256101684611e+00
2.603740737879915557e+00
5.693333400986399617e+00
6.076535030257069536e+00
5.895901819020684442e+00
5.692764992351190934e+00
5.645490956291807194e+00
5.596758769344787332e+00
5.565738456750784380e+00
5.475932567157395070e+00
5.376182692365891747e+00
5.235505501734296629e+00
5.062747996650609927e+00
4.940563242599501415e+00
5.867391297297110064e+00
5.019570139429845312e+00
2.051407919131508634e-22
1.568950741539654192e+00
2.252635145038705544e-01
2.001236083237886709e-01
2.584972758337272802e-01
2.788755193912433317e-01
2.592887535065880877e-01
2.413343771851324537e-01
2.200205052591329147e-01
2.018190209430260618e-01
1.955627264680119271e-01
1.794670754021277792e-01
1.343326126657816699e-01
6.298670741176298771e-02
2.391957385816807086e-02
3.589822822702602723e-02
