2.038173029330660191e-21
2.221823684528197729e-01
2.720662450909838367e-02
3.818414244450870076e-01
5.395371733758571597e-01
6.404782910563646681e-01
7.395475708778029844e-01
8.752189185502110558e-01
9.620328970922290557e-01
1.042928226298239780e+00
1.228817020153744721e+00
1.291442749419809743e+00
1.278346582937713194e+00
9.903325805532406378e-02
1.058791184067875424e-21
2.887357630041819778e+00
2.874987880250307715e+00
2.871167661636970347e+00
2.876111409332974045e+00
2.902667307698262089e+00
2.928198971653651839e+00
2.940663703263170170e+00
2.981919588655464803e+00
3.030745517985210302e+00
3.063585990128853354e+00
3.113919419347949802e+00
