2.042847576781329014e-02
1.083361434582968824e-01
1.033129292440135155e-01
2.723672027118751449e-01
4.445445271216065808e-01
5.560949518349554976e-01
5.829506136477491385e-01
6.721359653741648676e-01
7.824383221019599599e-01
8.492417014545105003e-01
9.744942483075957895e-01
1.107890205860441180e+00
1.242919015707402819e+00
8.840810020082809917e-01
9.496669222492719609e-01
1.016702455299542285e+00
2.213679967972649543e+00
4.192491924376565926e+00
4.497880550688847734e+00
4.676318845852339479e+00
7.050213720800378725e-02
2.903997835730267152e+00
2.931519100336142714e+00
2.838912840175050523e+00
2.802178957045851071e+00
2.819071819728478978e+00
2.825179028909728718e+00
2.847192708360244850e+00
2.861993395383789274e+00
2.888742103802981465e+00
2.907445297789111649e+00
2.940513499795602392e+00
2.997843078100057124e+00
3.129517072476223571e+00
3.073355738431354567e+00
3.177711951699823345e+00
3.208206419566374201e+00
3.158597213044101792e+00
3.190358950749311084e+00
3.180479053651132926e+00
