4.589957831275249589e+00
5.026755928723948941e+00
6.283185307179593337e+00
3.751499693338077979e+00
5.741173356364760672e+00
5.092790798433017407e+00
4.708330071065797817e+00
5.541655729280667408e+00
4.607214428903251502e+00
5.619541130433174381e+00
6.248143389417651683e+00
4.437085603902212405e+00
5.367046055722138220e+00
5.310587277282865948e+00
4.969519216234843384e+00
5.972430318887197664e+00
5.945752549404196508e+00
1.017569874458701618e+00
5.384540154254340294e-01
6.790548751790467241e-01
5.194779427206723810e-01
2.751087836255629027e-01
3.276885796817192165e-01
2.708087072116009534e-05
3.212672347720440524e-01
1.375751922278949380e-01
1.388204930027894524e-01
9.952637130238028984e-20
7.675378376455405105e-02
6.194583412691005014e-02
6.127970012090238477e-02
2.899821648378150471e-02
5.533188821658903411e-02
2.679068454763264620e-02
