1.077741233864993806e-02
1.460243735961898048e-01
2.703457704706553888e-01
4.619554557016402607e-01
5.999700682814839148e-01
6.795036271116980942e-01
7.399316746948227941e-01
8.743352817187539650e-01
9.325976225655693286e-01
1.066673896643822950e+00
1.243280856601452822e+00
1.450601917488252068e+00
1.386957153521135577e+00
5.421010862427520966e-20
2.863943687028521978e+00
2.856809587364823599e+00
2.816395028169259795e+00
2.818424458643559838e+00
2.805729702810897841e+00
2.830856214687705208e+00
2.850703769229481654e+00
2.876178384773760754e+00
2.917902451604224012e+00
2.979023665272885424e+00
3.046200502360438378e+00
3.113622200161305198e+00
