-7.400460922878700387e+00
-9.175392809900372981e+00
-1.058760920430652597e+01
-1.180999276431735900e+01
-1.245942373465364561e+01
-1.248566278951400221e+01
-1.060248985690993528e+01
-1.184835798366497528e+01
-9.994803101997451478e+00
-1.191006714055259330e+01
-1.124980474687520982e+01
-9.986679452657357459e+00
-1.167038975508039833e+01
-1.250205488848506619e+01
-1.255838026489981551e+01
-1.252214823556086642e+01
-1.256637083427374080e+01
-1.256637063487914929e+01
-1.185994282477917316e+01
-1.176421310714795787e+01
-1.180059845168101695e+01
-1.179536924153276267e+01
-1.021364856366693807e+01
-1.175915145761183744e+01
-1.186889460694292531e+01
-1.175881272127980814e+01
