-9.788561382044658643e+00
-9.809820147765558218e+00
-9.337932795659531493e+00
-7.236629347641887477e+00
-7.875296842666370978e+00
-7.555916609738342338e+00
-5.218843555466869510e+00
-7.898751820414436686e+00
-7.845241225951665953e+00
-6.869597204356546527e+00
-5.741004216620089196e+00
-8.023464544814517652e+00
-7.884680067122999958e+00
-7.880485271970490757e+00
-1.250454892972200405e+01
-1.252815526522746481e+01
-1.248658700371561636e+01
-1.246747045909199691e+01
-1.248905012269869275e+01
-1.250985885009985843e+01
-1.256637046554244996e+01
-1.250804960337392480e+01
-1.253300777244886355e+01
-1.255528944592932916e+01
-1.256637110347058517e+01
-1.254573368597861460e+01
-1.253237520355978063e+01
-1.252094566201907888e+01
