-1.247550265644735390e+01
-1.099166933440096727e+01
-1.230770649050360888e+01
-1.104623409322220340e+01
-1.227295502497993418e+01
-1.142755083107856073e+01
-1.026795949027887289e+01
-1.125253807282427410e+01
-1.160463665384397025e+01
-1.256604061220911284e+01
-1.156408437956188706e+01
-1.255744211197841764e+01
-1.255953640415210693e+01
-1.253287036285195732e+01
-1.254314506724385936e+01
-1.144429307135199103e+01
-1.256637061435917602e+01
-1.256637061435917779e+01
-1.254176908353980302e+01
-1.152444287242957621e+01
-1.163369476996012075e+01
-1.256637061435916713e+01
-1.256003707651622925e+01
-1.255897548130878860e+01
-1.256057353168690049e+01
-1.256550928670647949e+01
-1.255175220874025577e+01
-1.255267019934021810e+01
-1.256632990549746154e+01
-1.256316662983684651e+01
