-8.622258029959182224e+00
-1.060312627331692958e+01
-1.122315801052204343e+01
-1.247924387681293901e+01
-1.171464442640631098e+01
-1.177967363281661584e+01
-1.013242399601541699e+01
-1.093228561662829890e+01
-9.981024975955248735e+00
-9.842344504068835320e+00
-1.080853545116655745e+01
-1.098550848326432572e+01
-1.250547215311496352e+01
-1.250750076473555694e+01
-1.249674758105852668e+01
-1.250264185215846524e+01
-1.245226044447709945e+01
-1.255023143989012979e+01
-1.244198944650275251e+01
-1.245394218333461467e+01
-1.255368591580233328e+01
-1.250523410618166409e+01
