-1.256637061435917246e+01
-1.256637061435917246e+01
-1.256637061435917246e+01
-1.256637061435917246e+01
-1.256358004442078524e+01
-1.166951465918960906e+01
-1.243898486555656113e+01
-1.242374888359493390e+01
-1.154713653219616276e+01
-1.144096476110386185e+01
-1.129467971757729217e+01
-1.173375928268032098e+01
-1.173482292553011597e+01
-1.171935261455125143e+01
-1.256416517199915539e+01
-1.256492698611176806e+01
-1.256199402698878309e+01
-1.246481490383273893e+01
-1.256637061435917246e+01
-1.256637061435917246e+01
-1.256637061435917246e+01
-1.256637061435917246e+01
-1.148906881343045860e+01
-1.256637061435917246e+01
-1.161613195133062781e+01
-1.256637061435917246e+01
-1.256637061435917246e+01
-1.256637061435917246e+01
