-9.803849007384224379e+00
-9.805123445949819327e+00
-9.300833417754086341e+00
-7.215327872990533464e+00
-7.886281202275491786e+00
-7.565808093700851167e+00
-5.207600722198486132e+00
-7.864097619173852749e+00
-7.856548747910089503e+00
-6.854898541244122789e+00
-6.739577400168037968e+00
-8.009647005464639591e+00
-7.881762020070444130e+00
-1.250454186256774136e+01
-1.252772478528754796e+01
-1.248494798580593823e+01
-1.246856514311189557e+01
-1.248730367772055949e+01
-1.250923709670986916e+01
-1.256604478794627333e+01
-1.251387840692296116e+01
-1.252993056996549548e+01
-1.255439604714397994e+01
-1.256254290184994815e+01
-1.255704125818244421e+01
-1.254712391971818874e+01
