-1.256637061435917246e+01
-1.256637061435916713e+01
-1.256637061435917069e+01
-1.256637061435916891e+01
-1.256387595296774151e+01
-1.166947779140546437e+01
-1.243912710156285861e+01
-1.242382654458107538e+01
-1.154704818296421109e+01
-1.144090908450108834e+01
-1.129420734414489758e+01
-1.160877861257761978e+01
-1.173503047684547695e+01
-1.256432524366485559e+01
-1.256305524265319740e+01
-1.256212618632086730e+01
-1.246488859734356680e+01
-1.256637061435917246e+01
-1.256637061435917246e+01
-1.256637061435917424e+01
-1.256637061435917779e+01
-1.148919346659151941e+01
-1.256637061435917069e+01
-1.161612883590566803e+01
-1.256637061435916713e+01
-1.256637061435917602e+01
