-1.231451134541244130e+01
-1.097867069575642240e+01
-1.232545591911585525e+01
-1.105049695883732142e+01
-1.223408119379302228e+01
-1.147129687316491164e+01
-1.029486732986515740e+01
-1.115382837200219868e+01
-1.170136018773763276e+01
-1.256595915231629412e+01
-1.155737612597032005e+01
-1.256020707723848950e+01
-1.256395869430957823e+01
-1.252951541757023080e+01
-1.256459184036357790e+01
-1.254704997349375795e+01
-1.143289365122926959e+01
-1.256637061435917957e+01
-1.256637061435917602e+01
-1.253951255704274814e+01
-1.152551810073849126e+01
-1.164011025171643965e+01
-1.256020951700667609e+01
-1.255259272830229378e+01
-1.255648661892308482e+01
-1.255919494620143695e+01
-1.256419050056915232e+01
-1.254932100451260446e+01
-1.254945187614978330e+01
-1.256637061435917246e+01
-1.256637061435917424e+01
-1.256637061435917246e+01
