-9.686927878755703603e+00
-1.002689162271420464e+01
-9.355153030548919446e+00
-7.234703664767216047e+00
-7.876553809863481526e+00
-7.367898368303072765e+00
-5.613373826553512025e+00
-7.743571386674667600e+00
-8.018417864104785409e+00
-4.597051465928204017e+00
-5.733260573997044141e+00
-8.262630599652945662e+00
-7.850202744434155555e+00
-7.898906040542526874e+00
-7.768043381509562195e+00
-7.856871868121548808e+00
-1.250538440231684234e+01
-1.252663247994990670e+01
-1.248699208327157528e+01
-1.246895483217335787e+01
-1.249180936511507412e+01
-1.251905689068309968e+01
-1.256637061435916713e+01
-1.250532675703556329e+01
-1.253640903709685617e+01
-1.255066621808767380e+01
-1.255093950756981691e+01
-1.253525109712157537e+01
-1.253468267786763590e+01
-1.252877397721102071e+01
-1.251758221302425333e+01
-1.252214243342169375e+01
