-3.159564772194755289e+00
-6.421894808031925805e+00
-9.707584054263611151e+00
-7.976972541845999132e+00
-9.754734098030294120e+00
-1.102960164002621291e+01
-8.792899763245651812e+00
-8.521896105513242503e+00
-9.782630637058700174e+00
-1.002217435262482326e+01
-1.004332224131917961e+01
-8.515764704120440953e+00
-1.101748866972734930e+01
-1.057297068768684767e+01
-9.750813921194303902e+00
-8.720324557197567827e+00
-1.131059022607591835e+01
-1.153266081607489291e+01
-1.169333514579806099e+01
-1.253952504012970692e+01
-1.256637061435916536e+01
-1.196242129596825343e+01
-1.196545964889362601e+01
-1.189634823511206818e+01
-1.184601258424711467e+01
-1.045079143145696854e+01
-1.205924332752431205e+01
-1.182535347234612644e+01
-1.187684459062120901e+01
-1.181081013915079581e+01
-1.185902835238025688e+01
-1.179847000803436430e+01
