-9.793047129946524265e+00
-9.813532325063913930e+00
-9.340555730427869463e+00
-7.237280710094143643e+00
-7.873616277622670800e+00
-7.459307853836913083e+00
-5.447804423756678283e+00
-7.732230592158397364e+00
-8.034237925594865715e+00
-5.838073491620868971e+00
-5.739492008417584223e+00
-8.038019920279642960e+00
-7.851393101070445191e+00
-7.904274196817343778e+00
-7.858313767758095203e+00
-1.250476656392131325e+01
-1.252806669126247030e+01
-1.248804597049355181e+01
-1.246617819331155452e+01
-1.249021913108627047e+01
-1.251649361508314584e+01
-1.256637061435915825e+01
-1.250569608733336580e+01
-1.253737354133293636e+01
-1.256200326053771654e+01
-1.255131294305684975e+01
-1.254176176907663454e+01
-1.253617821585616454e+01
-1.251741132838552062e+01
-1.252033486948299235e+01
