-1.256637061435917246e+01
-1.256637061435917069e+01
-1.256503963105004296e+01
-1.256637061435917246e+01
-1.250616889940444310e+01
-1.168562038295141114e+01
-1.250238578579443427e+01
-1.243863443657600953e+01
-1.163078468426055956e+01
-1.151381510354571702e+01
-1.134069228505249605e+01
-1.095913644789473373e+01
-1.082371375943827374e+01
-1.086037127895547627e+01
-1.172829014887825316e+01
-1.245599964909937896e+01
-1.256637061435917246e+01
-1.256637061435917246e+01
-1.256637061435917424e+01
-1.256637061435917246e+01
-1.256637061435916891e+01
-1.256637061435916891e+01
-1.256637061435917424e+01
-1.157962690413821250e+01
-1.252396072612819999e+01
-1.170564173937742858e+01
-1.256637061435917424e+01
-1.256637061435916891e+01
-1.237255031171218000e+01
-1.256637061435917069e+01
