-1.250636081453170867e+01
-1.102092799716380789e+01
-1.227827005141119265e+01
-1.131481392033119882e+01
-1.203641665491810642e+01
-1.138035637138977307e+01
-1.151231923419943648e+01
-1.249031604328588330e+01
-1.255979024995797921e+01
-1.256581003811287545e+01
-1.155938050593642785e+01
-1.255628808386460804e+01
-1.255545240698881493e+01
-1.146404229276792108e+01
-1.256637061435917069e+01
-1.256637061435915292e+01
-1.254633721701756066e+01
-1.152663134574549630e+01
-1.163061158834923425e+01
-1.256637061435919556e+01
-1.256637061435918135e+01
-1.256637061435917602e+01
-1.256637061435917424e+01
-1.256637061435916891e+01
-1.256637061435917246e+01
-1.256637061435916181e+01
