-8.479781803170077126e+00
-1.086031410390602225e+01
-1.124604835088205945e+01
-1.256471980791226883e+01
-1.163653403872413605e+01
-1.159632736861737179e+01
-1.033565486721698790e+01
-1.055737400832361494e+01
-1.023896988204294622e+01
-8.899904772731286329e+00
-1.073609095510235178e+01
-1.079575301951127919e+01
-9.789675786700094307e+00
-8.559272897715105799e+00
-1.099871012157101013e+01
-1.251209069483619452e+01
-1.251349150666156795e+01
-1.250571270013487002e+01
-1.247195676286806254e+01
-1.246092666955249051e+01
-1.253219028376352107e+01
-1.246091784672484870e+01
-1.243587539069478787e+01
-1.254788056082142411e+01
-1.253831556125404489e+01
-1.252557572963722698e+01
-1.246432392457084859e+01
-1.252745524634755192e+01
