-1.256630511367491287e+01
-1.255048301304143088e+01
-1.256620990703837570e+01
-1.251933548409541963e+01
-1.256212946159309674e+01
-1.137010733259432271e+01
-1.250904611412483725e+01
-1.246282712125696257e+01
-1.163755196792640234e+01
-1.143519974292795638e+01
-1.127210840514510082e+01
-1.079352099035728507e+01
-1.103382460257481945e+01
-1.089114128783870861e+01
-1.071646375521681804e+01
-1.070507886972927025e+01
-1.242065336651614516e+01
-1.256632670338924740e+01
-1.256256949399503675e+01
-1.256637061435917957e+01
-1.256636358224803196e+01
-1.256637061435916713e+01
-1.256635780455224705e+01
-1.256635928588160667e+01
-1.164663595533352414e+01
-1.255499813044689716e+01
-1.173237800627774341e+01
-1.256637061435917246e+01
-1.256160185623540038e+01
-1.229113287000078358e+01
-1.251619656357855526e+01
-1.240959811129445178e+01
