-1.045903221711816755e+01
-1.184293629582279372e+01
-1.254095679579302036e+01
-1.234973678116429241e+01
-1.167797246854654780e+01
-1.143330177914271495e+01
-1.048052684046559335e+01
-1.152361899701626591e+01
-1.184894241329570974e+01
-1.154405815390601120e+01
-1.255333831747876694e+01
-1.138709362198061292e+01
-1.244434927139686131e+01
-1.255795369331493383e+01
-1.254846327065517286e+01
-1.254747098428344820e+01
-1.099950308949696520e+01
-1.256637061435917246e+01
-1.256637061435916713e+01
-1.256637061435917246e+01
-1.255438825949453374e+01
-1.246767763397114237e+01
-1.256637061435917602e+01
-1.256637061435916891e+01
-1.250012352143371608e+01
-1.256637061435917069e+01
-1.248291550276324813e+01
-1.256637061435916891e+01
-1.256637061435917424e+01
-1.256637061435917069e+01
-1.256637061435917246e+01
-1.256637061435917424e+01
