-1.255871057339144592e+01
-1.102381885373708137e+01
-1.227250978930099734e+01
-1.169026630162678870e+01
-1.164914100491043492e+01
-1.131823185449190206e+01
-1.126572441990124851e+01
-1.249524408527384267e+01
-1.255902707167243371e+01
-1.256548178167023444e+01
-1.147378359363502653e+01
-1.256637059442421389e+01
-1.256637077021115090e+01
-1.254910191920677320e+01
-1.152728454034637906e+01
-1.162835119398350692e+01
-1.256637112899149145e+01
-1.256637193503919647e+01
-1.256637059768360665e+01
-1.256637087903991024e+01
