-9.739903096877963407e+00
-9.992906616868939551e+00
-9.105114115885644566e+00
-7.238891010442173091e+00
-7.898959588195086035e+00
-7.686614593066449785e+00
-4.889058645104332079e+00
-7.901892411196699051e+00
-7.834781086727873323e+00
-7.882418467223068603e+00
-1.250718463450328244e+01
-1.253147419613155833e+01
-1.248553070708334012e+01
-1.247071554814509575e+01
-1.248425588118548468e+01
-1.250746442031585737e+01
-1.256637061435917424e+01
-1.253257814625013999e+01
-1.251569368271788107e+01
-1.254497467324076077e+01
