-8.694993116215153250e+00
-1.064872521508946868e+01
-1.125326882534882067e+01
-1.251861390300457089e+01
-1.166019226537089892e+01
-1.177515525982871303e+01
-1.014953502041155708e+01
-1.069717311299369911e+01
-1.015557038036693882e+01
-8.843853922301793347e+00
-1.079192148095579284e+01
-1.081488379373295849e+01
-9.793650934499309457e+00
-1.100089293640838051e+01
-1.250945063399898949e+01
-1.251473310605271116e+01
-1.249836155755027001e+01
-1.247509819858582247e+01
-1.245751187003136096e+01
-1.253412911700217869e+01
-1.245748573505420254e+01
-1.243971061143817636e+01
-1.254328468746420455e+01
-1.253935279547600956e+01
-1.252732932889130169e+01
-1.249714683883023980e+01
