-8.799206337329804839e+00
-1.044242615116743700e+01
-1.121404369898002606e+01
-1.249336112763390538e+01
-1.174298476809965663e+01
-1.186294601566896034e+01
-1.021469009432781405e+01
-1.087661195342136367e+01
-9.895491145702704827e+00
-1.087155713797413448e+01
-1.097924774655875702e+01
-1.250242710943745728e+01
-1.249145046122320402e+01
-1.249998909213279319e+01
-1.250372756778793004e+01
-1.245279518235511240e+01
-1.255919480284957146e+01
-1.244674763671872597e+01
-1.246822144117240505e+01
-1.252833732758743146e+01
