-1.249304927204756410e+01
-1.102053578283903690e+01
-1.227969131778028000e+01
-1.121865816961167361e+01
-1.212068328336982503e+01
-1.139729540452546175e+01
-1.151267512269733295e+01
-1.248999457643550670e+01
-1.255904387619622931e+01
-1.256618402372710896e+01
-1.155947498183756927e+01
-1.255436210937377162e+01
-1.255616990559541613e+01
-1.255686090106526720e+01
-1.146255024790714039e+01
-1.256637061435917246e+01
-1.256637061435917424e+01
-1.254599821105630753e+01
-1.152569580774367886e+01
-1.163108080530536981e+01
-1.256637061435917424e+01
-1.256637061435916891e+01
-1.256637061435916713e+01
-1.256637061435917246e+01
-1.256637061435916358e+01
-1.256637061435918312e+01
-1.256637061435917069e+01
-1.256637061435916358e+01
