-1.093842513674302985e+01
-1.145396343888291035e+01
-1.254016737696944084e+01
-1.256634260732639596e+01
-1.154337714327580144e+01
-1.153216077144072038e+01
-1.110393846325935030e+01
-1.256277496429962959e+01
-1.256506934224981542e+01
-1.256516696689938328e+01
-1.256545903021372901e+01
-1.101849569608834045e+01
-1.256637061435916891e+01
-1.256623427654530900e+01
-1.255937396304372022e+01
-1.255044357865513049e+01
-1.246659980948446211e+01
-1.256637061435917246e+01
-1.256637061435917246e+01
-1.256637061435917246e+01
-1.256637061435917246e+01
-1.256637061435917246e+01
