-1.047077299176595666e+01
-1.184326726109468453e+01
-1.254044752874897739e+01
-1.232087093197038463e+01
-1.169498004831699056e+01
-1.142376061946366939e+01
-1.047504401779218597e+01
-1.149818581458151634e+01
-1.186328695166787384e+01
-1.154329696828294871e+01
-1.255874621571910588e+01
-1.238708379867798826e+01
-1.244177389444802451e+01
-1.255860269813323882e+01
-1.255055835423909727e+01
-1.099966231820076956e+01
-1.256637061435917069e+01
-1.256637061435917069e+01
-1.256637061435916358e+01
-1.255507131671428489e+01
-1.246781807485112381e+01
-1.256637061435917779e+01
-1.256637061435917602e+01
-1.249971863617452961e+01
-1.256637061435918135e+01
-1.248360406397240396e+01
-1.256637061435916181e+01
-1.256637061435917069e+01
-1.256637061435917246e+01
-1.256637061435918135e+01
