-1.046622133619941231e+01
-1.185277288869430024e+01
-1.250862266226617692e+01
-1.231466684217094887e+01
-1.169814018242883158e+01
-1.141438028502724578e+01
-1.046962708686423760e+01
-1.148840625471359367e+01
-1.186024061465694324e+01
-1.154606998993285494e+01
-1.256152702698492263e+01
-1.241748549772266763e+01
-1.243066527147451694e+01
-1.242606240224357350e+01
-1.100054948280946654e+01
-1.256637061435917246e+01
-1.256637061435917424e+01
-1.256637061435917069e+01
-1.255581041034174028e+01
-1.246926628393667791e+01
-1.256637061435917246e+01
-1.256637061435917602e+01
-1.249816508552338767e+01
-1.255489171334017762e+01
-1.249717475667934607e+01
-1.256637061435917246e+01
-1.256637061435916891e+01
-1.256637061435917069e+01
