-9.766476334245071556e+00
-9.823968731470740678e+00
-9.261073963773990059e+00
-7.215577126824224585e+00
-7.900823238324565345e+00
-7.610019281813881875e+00
-5.153706862992392779e+00
-7.872658423682163509e+00
-7.857841140174857131e+00
-6.906134506686560037e+00
-7.882943381606016153e+00
-1.250589051566052312e+01
-1.252884645374475348e+01
-1.248458666588227750e+01
-1.246850730338478286e+01
-1.248541536531323892e+01
-1.250752843869505604e+01
-1.256620364086143660e+01
-1.251984979123672304e+01
-1.253352191133177129e+01
-1.254583369301487750e+01
-1.256637215453144485e+01
