-4.998509036618103529e+00
-6.200808881674329420e+00
-9.585394885852121405e+00
-9.561200677027359873e+00
-1.039183149983383281e+01
-1.097569763401282827e+01
-9.858242501560050997e+00
-9.789377153008446797e+00
-9.972811250971133745e+00
-9.810604047527474947e+00
-1.009461597626160057e+01
-1.021090787803330890e+01
-1.201667153639789021e+01
-1.071899497664762002e+01
-9.695827369764595360e+00
-1.249998179609912974e+01
-1.256637061435917246e+01
-1.157126396352620112e+01
-1.256416346797267813e+01
-1.254983288598273283e+01
-1.176367496322784945e+01
-1.177374126056052361e+01
-1.177469457376175477e+01
-1.178096416402597058e+01
-1.032045080113086932e+01
-1.185879760443903663e+01
-1.178361139097093790e+01
-1.175759675389432779e+01
-1.177324570860134934e+01
-1.173928943503722877e+01
