-1.256637061435917246e+01
-1.256637061435917424e+01
-1.256637061435917069e+01
-1.256637061435916891e+01
-1.256562493701517802e+01
-1.167106441013023499e+01
-1.243965587762570735e+01
-1.242542328884599279e+01
-1.154688845767349115e+01
-1.142989436708838191e+01
-1.128485804904221546e+01
-1.160900415141757946e+01
-1.256233651762566339e+01
-1.256147972155025627e+01
-1.255740105972813048e+01
-1.246607666296876538e+01
-1.256637061435916358e+01
-1.256637061435917069e+01
-1.256637061435917069e+01
-1.256637061435917246e+01
-1.149033406226803322e+01
-1.256637061435917424e+01
-1.161577429542090378e+01
-1.256637061435917779e+01
