-9.801062606344441264e+00
-9.800730921384593231e+00
-9.268186865714989509e+00
-7.216680737408002422e+00
-7.896884291897745101e+00
-7.587971320413678278e+00
-5.173603547944365388e+00
-7.852014617153213472e+00
-7.871775508890864081e+00
-6.852412943147294655e+00
-6.734710304113239232e+00
-7.884285257856880058e+00
-1.250546257303679454e+01
-1.252896452750859346e+01
-1.248423470045432637e+01
-1.246824666564797646e+01
-1.248604228106657921e+01
-1.251081609845664921e+01
-1.256619707125109109e+01
-1.251595255614022761e+01
-1.253257943385327877e+01
-1.254856679662847618e+01
-1.256177402076282945e+01
-1.256637030925310583e+01
