6.165785936762192776e+00
6.283063659435990544e+00
5.810421677758740522e+00
5.642151765898492322e+00
4.459908927717011196e+00
3.993198881878687434e+00
3.105073772220218853e+00
5.278913170074216232e+00
4.042068241309085153e+00
3.662327431424662549e+00
3.936236825864498190e+00
3.627143861791185753e+00
3.593698674148053218e+00
4.277970797412091741e+00
8.840710722905444907e-01
1.351122927456423373e+00
2.144945106115439426e+00
2.569549261232634052e+00
3.266854567141354249e+00
1.336047347767167270e+00
1.980923247339770654e+00
1.891451028995431605e+00
3.492549334045961906e+00
1.381075655912298528e+00
1.615450790415914106e+00
1.441285465219227069e+00
