6.277912297271783792e+00
4.756398845252208574e+00
3.220210673635134579e+00
3.534058322736393531e+00
3.744488018654131611e+00
3.155120664687216081e+00
3.130131861680582439e+00
4.156306579474911445e+00
3.459280205116378237e+00
3.360502173215170085e+00
1.779786069986088792e+00
2.622385013126852460e+00
1.407285780428037869e+00
1.022223146856626297e+00
1.461666787236248100e+00
9.523272237297997211e-01
5.231731108178746537e-01
1.227833048200169141e+00
1.254373703596714185e+00
1.665103656650197328e+00
