6.261225662439239947e+00
6.275470493396385407e+00
6.241212414408784603e+00
5.343875156784308800e+00
4.606189991608127698e+00
4.315379324326942267e+00
3.428873741168853684e+00
3.678220918569629738e+00
4.075737322818368646e+00
3.991114609099871036e+00
4.028320673401430518e+00
4.048820201437203004e+00
3.883882135032436622e+00
1.324448813377589129e+00
1.566459514180663870e+00
2.320422216157544959e+00
2.723463077251888187e+00
2.176960362768944890e+00
2.074796777846663165e+00
2.159690304383083514e+00
2.108870629855736478e+00
2.138960860458626545e+00
2.151298892859604184e+00
1.947267388866383397e+00
