3.603348797923786151e+00
6.279175815340292566e+00
6.283164826776812539e+00
6.283185307179587120e+00
4.774620053939654163e+00
5.373666156389499626e+00
4.555205469729946444e+00
4.108699918105559235e+00
3.585886968065770120e+00
5.212788692056394169e+00
5.722271786936393489e+00
5.262338449806496676e+00
4.444555936219482639e+00
3.433364907650990450e+00
2.090474460682919311e+00
2.996222040186141911e+00
2.508990745877579531e+00
1.710494103695303414e+00
8.023868947467158175e-02
9.206798473639131453e-02
6.724096322970256612e-01
6.782909564988185425e-01
1.481930703411490358e+00
8.859372865805684727e-01
3.575473532028472512e-01
4.620492768305955456e-01
