5.471222635540056167e+00
2.825491836736586659e+00
5.992834422538509398e-02
1.218742743615314206e+00
2.013813383892862074e-01
2.649623986706381440e-01
1.322321508691751024e+00
1.551450836143972167e-01
1.355279556434566324e+00
1.355302871734124004e+00
1.355328300870065394e+00
5.720530154512819543e+00
2.374149164548510882e+00
1.478082218433717898e+00
5.665378151966606046e-02
1.063760568668122852e+00
1.075350320802401338e+00
1.083557067884875602e+00
1.077851495274665838e+00
1.088546761371106397e+00
1.088399828079070986e+00
1.088404674362231761e+00
