6.283185307179586232e+00
5.674933613506150998e+00
4.442922195945850028e+00
5.670758964908700683e+00
3.340835223754492489e+00
3.318326143022123365e+00
3.967655661242342813e+00
4.612943575303300570e+00
3.317574879607526395e+00
3.374255574898183507e+00
3.446513591078150363e+00
3.428814894681011971e+00
2.522073839911899429e-02
3.976690560182911227e+00
9.213166116620838952e-01
7.876849020280741742e-01
1.785086340964388230e+00
9.536804376307065345e-01
9.154080114614357444e-02
1.826292416695998178e+00
1.700155771074811861e+00
1.345881648757688342e+00
1.969086431986660113e+00
8.429085820540057616e-01
