5.471188685920548522e+00
3.825514097204888220e+00
5.993258840844999796e-02
1.218759225750497110e+00
2.013589554363607037e-01
2.649624581426448522e-01
1.322312268677016789e+00
1.155138621786888864e+00
1.355275758754545201e+00
1.355288392793540408e+00
1.355316343778938837e+00
1.355322988610183410e+00
5.720533284407053110e+00
2.374150125107883369e+00
2.478110823698189247e+00
5.663892175957991465e-02
1.063777138637949538e+00
1.075305471414610192e+00
1.083569824366860113e+00
1.077882612442243815e+00
1.088502415112516664e+00
1.088385556227411177e+00
1.088403643060397830e+00
1.088424690945997808e+00
