6.281355706375888914e+00
5.793440882049734952e+00
3.655686722940667099e+00
5.923821701476763124e+00
3.119204196166277754e+00
3.685594626216644798e+00
4.287179003731402815e+00
4.085778716408444922e+00
3.554676537718046259e+00
3.659576805628079299e+00
1.941370276304292819e-01
3.818554864506353841e+00
1.179753430812514159e+00
1.018701575646704161e+00
1.956018721086796086e+00
1.352197656994753139e+00
6.162605540812777782e-01
2.082893559817962981e+00
1.575418287439393827e+00
1.375263693186824288e+00
