6.283174719136096265e+00
6.283185307179588008e+00
5.909092901746049620e+00
5.606514302807972250e+00
4.588740321151480117e+00
3.819731802500352380e+00
3.049951003116352144e+00
5.137916181232787594e+00
4.106143107441043938e+00
3.531713599421275163e+00
3.951657950051718160e+00
3.247516863800870901e+00
3.463506798866518022e+00
3.423084387363402037e+00
4.263765723607083835e+00
4.029856673921959898e-01
1.244191054967076937e+00
1.969416187644738914e+00
2.510719913487287513e+00
3.520086347308304831e+00
1.388245365284064281e+00
1.936907709542583511e+00
1.885527985595405021e+00
4.589262147100949818e+00
1.054545532307188838e+00
1.518279119011902711e+00
1.091547520007717598e+00
1.284908324028592785e+00
