6.282936542138836344e+00
6.271047381998874570e+00
2.962103733375758718e+00
5.720556428503102531e+00
6.174095331022546596e+00
5.225392778389857718e+00
6.123184373185569740e+00
6.214759047551363658e+00
5.998768383177246477e+00
5.505453855831482279e+00
2.523093123765870249e+00
1.755847928226931476e+00
4.074614740999976448e+00
5.715217819218824324e+00
2.564310838548187643e+00
4.191804792914934907e+00
1.472153319741439814e+00
2.338004088259596713e+00
2.491010571607359392e+00
1.808830748238610564e+00
