6.059116186400632209e+00
3.836296215652595265e+00
4.883755434274070217e-02
1.021211277240441362e+00
1.000240042339231250e+00
2.398430618052396213e-01
2.098596617850457147e+00
1.341160619089486916e+00
1.096617011823893595e+00
1.164864124883625340e+00
1.187054430228578594e+00
1.140759474818905383e+00
2.206452964838889752e+00
1.206609492107795223e+00
5.490152582125146452e+00
2.375916067090624750e+00
2.453582925133639403e+00
2.723215594946716556e-02
1.060615968719693214e+00
9.357712710136126821e-01
7.665651749400947956e-01
8.802437789182471217e-01
8.507461817945144444e-01
1.942645400132962052e+00
1.902852964301963601e+00
9.851219438319758215e-01
1.939706217696183899e+00
9.401332483295753439e-01
