6.010897538486564606e+00
6.283158851200939310e+00
5.907707411641481166e+00
6.048313021716419158e+00
4.536731713829408541e+00
5.626155113573980238e+00
4.025234317437313969e+00
4.343480088023312646e+00
3.941317651054574434e+00
4.386152826918181091e+00
4.709982553036573094e+00
1.463310832456443888e+00
1.697723948325697618e+00
2.360022672077269235e+00
2.166003278419370126e+00
9.526903417837785382e-01
8.615195806185480532e-01
7.903239666275049258e-01
1.470269820429807694e+00
1.185760751136056834e+00
1.259611241309393392e+00
1.327618251862498600e+00
