4.600089280947411652e+00
6.283185307179585344e+00
6.283041282818856210e+00
6.239487404984727092e+00
4.273724761747606848e+00
5.531330901182035298e+00
4.641997432520764022e+00
4.306055956660532757e+00
3.757078608726053481e+00
4.170490452651800517e+00
4.617001158066900146e+00
4.540176213059909927e+00
2.461675050111820084e+00
2.433361487442346593e+00
1.910753957468654951e+00
2.817200799318249516e+00
2.192569227013119182e+00
5.099921375035344484e-01
4.633079880654075722e-01
9.373339797509117055e-01
9.315783445268484009e-01
1.874071035170556065e+00
1.206403569755105210e+00
7.683953245346802907e-01
