6.259373333999837641e+00
6.262662246103816166e+00
6.279412404784853408e+00
5.769171192846733298e+00
6.281484534451890589e+00
3.287672489547764698e+00
6.245551241591746461e+00
4.716805688838361377e+00
5.678447907851819743e+00
6.275463814714125732e+00
6.257527979976695853e+00
5.553245611566463680e+00
5.607690559737526392e+00
7.003794453285870913e-01
2.371692252312040949e-20
7.540589650983505754e-01
1.930151240697856263e+00
1.093665593064646474e-01
1.144058384896281977e+00
1.110791670964796918e+00
4.445679883723063219e-01
2.108979985880347297e+00
2.197487682675285825e+00
2.108454662040246230e+00
2.536135626146033495e+00
1.724611022817184036e+00
