4.471242016448363721e+00
2.825310435023099753e+00
5.987898567320506377e-02
1.218827921156996785e+00
2.013205535821417091e-01
2.649598271276906725e-01
1.322267456052300671e+00
1.551628538262747603e-01
1.355333240545387508e+00
1.355310156781243336e+00
5.720573088551309304e+00
2.374137446823634701e+00
1.478109411295213338e+00
5.658669192646662710e-02
1.063783297250771476e+00
1.075311562245357511e+00
1.083575482551436986e+00
1.077828634495987314e+00
1.088626988992762890e+00
1.088438217931239738e+00
