6.282972921206208206e+00
4.154386908341456852e+00
6.254909358680413867e+00
4.923913462933930063e+00
5.648958546954356841e+00
3.369703987470214823e+00
5.425302359741828617e+00
3.936438553657318540e+00
5.281705977474501879e+00
5.029453617579634717e+00
1.041109079013276206e+00
4.186014330784890310e-04
1.551134404947407397e+00
2.603059026383285346e+00
6.064192785194700841e-01
1.611662740434112395e+00
1.775825076566918570e+00
1.272618255925760167e+00
1.755617278964527017e+00
2.220282169807830552e+00
