6.066628944605784390e+00
6.283185307179586232e+00
6.283147358517733316e+00
3.807344436465188942e+00
3.583367487695054088e+00
3.595735409678610051e+00
5.030758161203716661e+00
2.968515965938621548e+00
1.942372889654663703e+00
2.859044554754047063e+00
2.409975159473407125e+00
2.550428797763016231e+00
3.020214273421886197e+00
2.923744214690913168e+00
2.910712839608398994e+00
1.970766303436566558e+00
6.872847188547938080e-01
3.478224637303973132e+00
9.239664454541464123e-01
2.169324146954302091e+00
2.322060573924118743e-02
9.625585824402613788e-01
1.203666487383146633e+00
4.551826363857136570e-01
4.011883384939211039e-01
6.530546070979029727e-01
6.354481997341195898e-01
4.848834527251455473e-01
4.663183051606303864e-01
5.225148114197644134e-01
