6.071218616130057200e+00
6.131863959629933802e+00
5.454498833743539166e+00
5.569749486184684351e+00
4.376282206071014258e+00
3.162877602103129959e+00
3.952159851845102434e+00
4.568342993742638747e+00
3.236766607601806012e+00
3.261442106525740847e+00
3.331934176593004171e+00
3.325202702833794266e+00
3.321258540996370190e+00
2.359552674609257869e-02
3.868317616478311294e+00
8.550801626964770197e-01
1.271499239971018103e+00
1.713738596024582783e+00
1.878418500258790980e+00
4.829696793484971468e-02
1.745429115456661018e+00
1.580405601805937366e+00
1.264736278112085666e+00
1.876513641752509898e+00
7.160925864613939540e-01
7.396543450438920475e-01
