5.916368520755839633e+00
6.283163567941213223e+00
6.283072608778353718e+00
3.949730581003929597e+00
3.798250362147253423e+00
3.686145442942344808e+00
5.239252597122779243e+00
3.177293848019383304e+00
2.203660721609548290e+00
3.016576929846090938e+00
2.549184148288353935e+00
2.553131097247653081e+00
3.168831559201784387e+00
3.168839935903839500e+00
2.438809604303376233e+00
6.759501403787718798e-01
3.522782753263303590e+00
8.928463666102878227e-01
2.314459855765658602e+00
2.794431432827929607e-01
1.169568114476943421e+00
1.470563189707566609e+00
7.258166124390331708e-01
6.252431864967384900e-01
8.511178158599346233e-01
9.663855842815815000e-01
6.081605485883598838e-01
6.082067587283627175e-01
