6.045811931450280952e+00
6.282893346583112937e+00
2.655024231148913838e+00
6.255457650824501670e+00
6.127189029948068466e+00
6.227399782916807958e+00
5.970863875945984667e+00
5.927745731805741158e+00
5.769137564890180592e+00
6.283185307179588008e+00
5.173227565880020862e+00
4.943807643001576935e+00
5.498186346697515603e+00
3.251473553864449695e+00
1.310786291311432761e+00
4.404210935807130411e+00
5.634917442430849910e+00
2.050372209270981738e+00
4.707960815471470717e+00
1.507325909363710359e+00
1.511361961710969259e+00
2.192165095081071158e+00
9.585728573734186853e-01
1.713293409334460282e+00
1.469693045290659139e+00
1.464247472138660022e+00
