6.077800461794645059e+00
5.451902612235216772e+00
6.277942574797493513e+00
4.992977897630401785e+00
6.283154543585467877e+00
3.304789111461762019e+00
5.122088385584310011e+00
4.886756071387136302e+00
5.718246855695574560e+00
5.297363666324176101e+00
6.035184923129222945e+00
5.971534439671669858e+00
1.054124664002006329e+00
3.943907403541378233e-03
1.532715514304396676e+00
2.379617585980494443e+00
5.431246159608746904e-01
1.472699693516701158e+00
1.528454784826116741e+00
8.203559559550226421e-01
2.776483874575865762e+00
2.595711384905775354e+00
2.124542150395587026e+00
2.111783463464432575e+00
