5.973058395354058803e+00
6.255803232259540714e+00
6.220953615830914885e+00
3.355273987983447892e+00
3.621357544359740555e+00
2.695838046794175824e+00
3.935036955212878329e+00
3.424695869663569869e+00
2.480647545831978107e+00
2.996091601392990356e+00
3.056912739784670929e+00
2.446965014433901686e+00
8.683003087097621586e-01
2.710406094005108901e+00
1.293560346881776901e+00
2.434758409649246946e+00
7.314782048419399274e-01
1.361992847146514363e+00
1.472616440775660340e+00
1.019811940530007011e+00
1.035693774450945570e+00
1.035836174314979319e+00
