6.283115810248129485e+00
6.281732772532722997e+00
2.645473415720909660e+00
6.281992737180425834e+00
6.096411568631078026e+00
6.205088909429613331e+00
6.012716758923239091e+00
6.282950837948512834e+00
5.721804934295007250e+00
6.198692174121267051e+00
6.094077467331214137e+00
6.036765686066937420e+00
6.282262704279514942e+00
5.571029643795796460e+00
5.452783582183234223e+00
3.046332256641506753e+00
1.095521424970065993e+00
4.108408829442849353e+00
5.526437354464583507e+00
1.968163091837798140e+00
4.665987985325662279e+00
1.456845274701647375e+00
1.377828550724005785e+00
2.041277349095137694e+00
9.408118052000497000e-01
1.705042798692439465e+00
1.442692769024217725e+00
1.441027087803793183e+00
1.317235829916663770e+00
2.465360055908532910e+00
