6.282852364417275126e+00
6.283181788222330866e+00
6.209014430920141159e+00
5.317283919210315624e+00
4.305583624156705369e+00
3.929283126345364252e+00
3.459852740226280865e+00
3.694731183596565938e+00
4.115715998092349004e+00
4.047521238367951746e+00
3.918020842929148095e+00
1.358923883280349854e+00
1.570368517742802839e+00
2.181509572868900459e+00
2.736315241392140329e+00
2.099241280786377839e+00
2.147412071222345897e+00
2.198288750929761282e+00
2.135437962169932646e+00
2.159401512543441815e+00
