6.258923804905844435e+00
6.283185307179585344e+00
6.127267166546004340e+00
5.109486081038641103e+00
3.921721272423258853e+00
2.956060228212274321e+00
3.340112043695286470e+00
4.387459351113579764e+00
2.959982649885717354e+00
2.880614275937522617e+00
3.299852589208767117e+00
3.136859728910907918e+00
2.996438631102468886e+00
2.658364916951447832e+00
3.121922134029679885e+00
1.097756699642517403e-01
3.551271972820686074e+00
2.256574754047488696e-01
6.882944602572035331e-01
1.585761208339455219e+00
1.384866743397435318e+00
1.240119312099299403e-01
1.303521953482162266e+00
1.260058396782748336e+00
4.732974228664339478e-01
1.531850469221348376e+00
2.499535365447703439e-01
2.951178322978837976e-01
1.732775664715958556e-05
3.143855443727143206e-01
