6.283185307179586232e+00
4.719995614619286073e+00
1.888264173142664053e-17
8.902622192716347360e-01
1.943181538232633176e+00
1.892153987786718283e-01
1.961158721430164675e+00
1.303736799061910645e+00
8.372988500631667330e-01
9.527225482088612640e-01
2.270094425175501307e+00
9.036398027936595190e-01
2.011761128659118825e+00
8.691360124342946136e-01
8.655766353097834598e-01
5.077015683449751293e+00
2.228996429095839282e+00
2.092085144175702016e+00
-7.606361194657130423e-17
6.831132944587712252e-01
6.832097190355618244e-01
5.184272579761290967e-01
6.957581391939889892e-01
6.450087086899620736e-01
1.839813786883443436e+00
1.551600040253833912e+00
8.711859436550877245e-01
1.566795629907344667e+00
9.501132380893018148e-01
5.741283320612744490e-01
