6.283170162508199041e+00
5.914962303870304972e+00
3.121991305096138980e+00
3.379592225583487597e+00
3.317272095985526636e+00
2.843978968993716272e+00
2.979927562065709967e+00
3.967576657353172553e+00
3.113811553028147383e+00
3.542149651892406048e+00
3.039931586045382605e+00
1.581597749200903680e+00
2.413157593308455251e+00
1.030247380783899214e+00
9.070035766036670388e-01
1.382211118244376591e+00
1.117055481169488829e+00
3.352170863508811549e-01
9.620706088887215346e-01
1.894996090923591225e+00
1.443315258742867702e+00
1.449065391951760207e+00
