6.215703449252604429e+00
6.128231644610308670e+00
2.582696924298660157e+00
4.298619743653253167e+00
2.549910032019620854e+00
2.718691344839563317e+00
3.197014620995318079e+00
4.023124306114324256e+00
4.220112743171825720e+00
3.227715233321973187e+00
2.749067482406381213e+00
3.234978703424873370e+00
2.576901584258713740e+00
3.953830555124002277e+00
7.424039539076069394e-01
3.051432525363132697e+00
6.607883890406057725e-02
2.347403837487248290e-01
4.596604543847579993e-01
7.882767474099590110e-01
1.939578422118077849e-01
3.433799477740595574e-01
1.380929826717403719e+00
1.665311852704707940e+00
2.589180652911771574e+00
1.666070564960322464e+00
5.854928037608772007e-01
7.814241327869347886e-01
