5.923611917507360936e+00
6.148090580531054172e+00
6.265273935843842068e+00
3.154117633856458269e+00
4.250614583431073790e+00
2.697777823392912389e+00
4.211632596928843952e+00
3.327490487148970555e+00
2.303199703946988031e+00
2.823029416988042328e+00
2.709614655885547840e+00
3.009697541737959448e+00
2.601268381883663494e+00
7.302348735211416919e-01
2.571756014056691519e+00
1.019116602929665882e+00
2.337499338857988995e+00
4.642921746032245278e-01
1.300405074428862662e+00
1.263482037245458267e+00
1.040442876379207959e+00
7.321747473410644691e-01
1.000354002783460317e+00
8.877645729348705439e-01
