6.282543297025494411e+00
5.674076176573000119e+00
3.466120861460869840e+00
5.731959989902020602e+00
2.858789491125855786e+00
3.393386555923340264e+00
4.004606278382113693e+00
3.633998672853570699e+00
3.360870074258683893e+00
3.411544044688894939e+00
3.450147063460897723e+00
7.147194266013574826e-03
3.828437648999068799e+00
9.175401389833768295e-01
7.588081902337758811e-01
1.805653466425225950e+00
9.888910059082068882e-01
2.632664393845570161e-01
1.830275392739303841e+00
1.697115705080998627e+00
1.387651218784247797e+00
9.319795951902467568e-01
