6.282361614663448890e+00
6.283185307179586232e+00
6.133025812677576738e+00
5.435294151880320612e+00
5.575579560119058087e+00
3.807363747265416265e+00
3.111186439780995627e+00
4.802024736937976712e+00
3.882480410415252159e+00
3.486468687481720341e+00
3.865477467392859801e+00
2.971742486511759207e+00
4.647800205295180120e+00
3.365704353094981283e+00
3.240574910574384848e+00
4.255005525830563684e+00
2.852176753712260537e-01
1.097504159307645777e+00
1.847506469834580889e+00
2.440065374428284528e+00
3.340327718611985741e+00
1.333193740996652776e+00
1.720159959009018635e+00
1.764908529856770381e+00
4.586715349746604886e+00
8.871535180520274677e-01
1.292652791074574203e+00
6.981760813450710312e-01
1.139467112943495453e+00
1.215942252779886212e+00
