3.502096062312079816e+00
6.282078821688421577e+00
6.283073726505627121e+00
6.021218790365911566e+00
4.514616272292456323e+00
5.302832344034004386e+00
4.407909078239641509e+00
3.883026536619635483e+00
3.388343339188196079e+00
4.770048299088673893e+00
5.613513714295859103e+00
5.114606291091610579e+00
4.563772732895931661e+00
3.871769740097121382e+00
3.142105744731377825e+00
2.000349909379282920e+00
2.865200607654832865e+00
2.311188667379101780e+00
1.559850484493512379e+00
4.544214207000634447e-06
2.264233274596267210e-03
3.901325647224157533e-01
5.401535797211335366e-01
1.260148177296221972e+00
6.932441674896101524e-01
2.027220327237891639e-01
2.869832115195560807e-01
4.233388301110219132e-01
