6.283154297936304644e+00
6.279777882093748431e+00
6.276967797097369406e+00
5.298664584495700325e+00
4.096143186642605905e+00
2.972831167107764738e+00
3.736092909567120035e+00
4.406038743742846542e+00
3.084451298317394841e+00
3.017196907112441817e+00
3.143113530955548018e+00
3.141188278766796849e+00
3.156855050496987225e+00
3.035937148508989658e+00
1.964509296003804500e-02
3.734904814179436539e+00
5.940852892626453663e-01
1.133545105294395228e+00
1.595670721488368082e+00
1.654580148977488063e+00
2.074788100121663717e-02
1.514399930376082670e+00
1.399958272741137044e+00
7.895200990950380637e-01
1.722723814171409851e+00
6.380283698880286902e-01
4.813831408729375427e-01
6.270905658408144623e-01
