5.575939020116089218e+00
6.283185307179585344e+00
3.010107995355892019e+00
4.428729271008373658e+00
3.033639739114793787e+00
2.733750746815045929e+00
3.557853388078135559e+00
3.886427244195376218e+00
3.039259242967981223e+00
3.335382242967014133e+00
3.011824885994473622e+00
3.211237351998806222e+00
2.734281739661969191e+00
1.321920854596964956e+00
3.472383382158370058e+00
9.376093668049788610e-01
7.938502006820818968e-01
8.989302745897084224e-01
1.270125862917953485e+00
5.375109222086890126e-01
7.956825500815407626e-01
1.695462812166227184e+00
1.623196357999518336e+00
2.408042634587875597e+00
1.942903978335565052e+00
9.251697688538824682e-01
