6.283157353567274228e+00
6.283185307179585344e+00
3.132501860473106969e+00
4.408746509369297684e+00
3.280673978015469228e+00
2.850010351317861623e+00
4.030428987257238305e+00
3.953456204886456771e+00
3.050137639070800599e+00
3.570659946689020536e+00
3.083669854029302382e+00
3.001553055685264759e+00
1.563021337122422194e+00
3.509829187227592406e+00
9.937976196495844627e-01
7.952158265226085820e-01
1.369948501087598691e+00
9.979300915182606202e-01
2.984047815747772336e-01
8.658364214094450562e-01
1.840792284387221311e+00
1.727827774833203600e+00
1.710250020209290733e+00
1.423727921218295167e+00
