6.283182538578468979e+00
5.690037415698825818e+00
3.839136364737142593e+00
6.283185307179586232e+00
2.633725727944337347e+00
3.122435754795573448e+00
4.430551035784367819e+00
4.961128194004198910e+00
3.865677600028471161e+00
4.105170208452794789e+00
2.597929002992030334e+00
4.640958717747893481e+00
2.990688738851402295e+00
2.986002835810902312e+00
1.217848240247346690e-02
4.980042598218097916e-01
4.926717065285909358e-01
1.068696092321206464e-01
1.673527050882360478e-02
1.115713752886172278e-01
1.773592706676979311e-02
1.711072987767881665e-02
2.172942854636068596e-06
1.185420102626817239e-05
1.521857251628736668e-02
1.803102090925769521e-02
3.176373552203626272e-20
4.487172452766422789e-05
