4.298903706008690762e+00
2.910448794032429731e+00
1.009819151053347852e+00
1.359398143231779432e+00
1.830847130455498961e+00
2.321229823524424973e-01
2.340727396716673958e+00
1.475658139065415320e+00
2.006906043319343969e+00
9.641198539669770806e-01
7.666675107879656996e-03
2.738192898455287308e-02
4.782376240259021520e-03
1.130714871165042545e+00
9.350149983819118493e-02
4.410632011335906266e-02
1.016439536705160407e-20
4.067821683586353432e-02
7.041014210091129343e-03
2.620586807793440220e-01
