3.809859933039149826e+00
6.225315720510904427e+00
6.255692402164747534e+00
2.936364417082092615e+00
4.105558987991100750e+00
3.568210557801765770e+00
3.836751878279338612e+00
3.292668591923648691e+00
3.669742949394385612e+00
4.060951888504976459e+00
2.734276684055322537e+00
2.979383428727929495e+00
3.053257091164541137e+00
2.755929989346668663e+00
1.324694859599431784e-02
7.841147040590135120e-02
2.175463624079255198e-01
1.988365364943686306e-02
7.152439838531346808e-03
3.820145164770390959e-03
1.575016128447912292e-02
1.708057667730986939e-01
-1.609362599783170644e-20
1.923760948673061688e-02
2.315327070010232691e-02
1.877624172413490944e-01
1.632673935103315377e-02
8.361078188536257005e-03
