1.040657035019858095e-01
4.310815881673729422e+00
3.106041740631886761e+00
2.103457511795151280e+00
8.681383756786091865e-01
2.079723103727698863e+00
1.191025008444563715e+00
3.923202353670715237e+00
8.191016834502881094e-01
1.815695250691992335e+00
1.884150128653481637e+00
8.564488449126758107e-01
1.855834622491675967e+00
8.602738274697055987e-01
8.521473680612833279e-01
1.092479353499693939e+00
2.363431162628778504e-01
3.683158439114997962e-01
1.950502352665528960e+00
9.985169266959220691e-01
1.022589930290556115e+00
1.346282191379227257e-02
1.507881255456368060e-03
2.811778721323709984e-03
5.537145764052241875e-02
9.785566129852465989e-02
4.517758110602042299e-02
4.419397591702436956e-02
4.234225572243591890e-02
4.386981700633984377e-02
