4.211837149108482059e+00
6.283185307179587120e+00
6.283185307179586232e+00
3.624982882275392448e+00
2.713105153696853122e+00
4.217572703070445961e+00
3.865368676740186693e+00
3.962884215012062228e+00
2.546661286242435818e+00
2.676135018146496236e+00
2.647905482399541821e+00
2.657793994178770269e+00
2.648687565694955559e+00
2.654000978650948639e+00
3.001272387087977056e-01
2.064052649704359310e-02
2.394408619978637479e-02
5.018290830588934340e-03
2.678149714580459473e-01
3.074183795214694565e-02
2.790032476197752409e-01
2.620405946149585719e-02
2.921962208226108835e-03
2.511535796817175245e-02
3.106533038802637009e-02
2.973517714756773733e-02
2.740973364315719280e-02
2.689762636488560871e-02
