6.283185307179586232e+00
4.015348120098902740e+00
4.405900578159894998e+00
5.805967221348096174e+00
4.550411789811344754e+00
5.068674366931039010e+00
5.040433992319058198e+00
5.360235339147503275e+00
4.292716790795930493e+00
4.620971384558705708e+00
4.328534159457037234e+00
1.705910759892133033e+00
-7.775477815402491311e-20
-6.958775844395005664e-17
2.025162720046996601e+00
1.035043244634781566e-05
-1.400131797753662187e-17
-2.466075521596882833e-17
5.169709876972697552e-06
-5.623125142027237248e-17
3.439176862567625920e-05
-3.389907461395065219e-17
