3.052491697302429419e+00
5.355114186884134320e+00
6.280744609806161449e+00
3.301234257177241282e+00
2.795496293620516770e+00
2.959557814120660435e+00
4.005622219637291259e+00
3.295302501697479070e+00
4.023355808585926674e+00
3.883935712366735515e+00
2.892365666632770171e+00
2.889764613887606526e+00
2.728201879650286599e-01
5.795421942047889168e-05
7.033897325456405641e-03
1.365085171405050010e-05
3.583963678209067111e-02
4.290231874638392536e-05
2.261353950897904488e-03
5.793687291637736152e-03
1.370547315907649256e-02
1.936388582584598172e-05
1.979716916759823725e-03
3.853376874682255490e-04
