4.805064979072247944e+00
6.228485195074453529e+00
6.257782576115951123e+00
2.933001129382749816e+00
4.107239406076064192e+00
3.570381204411011922e+00
3.837462021089885766e+00
4.292255434062917985e+00
3.671307594537551733e+00
5.060311160456635093e+00
2.735592531988798815e+00
2.978789842122515630e+00
3.044450501143947552e+00
2.756578323546228670e+00
2.747647259154855970e+00
1.232829539064274164e-02
7.827308377862458866e-02
2.162314804553114866e-01
2.343464857265296908e-02
1.085564993210234863e-02
1.318528345379707360e-02
4.151524196152202306e-02
1.693864257731598211e-01
1.390896288414526609e-03
5.677652902531150902e-02
6.192443064123296509e-02
1.878951324229268249e-01
1.730317539705869198e-02
6.690238784078554948e-03
8.234616327009872463e-03
