6.283185307179586232e+00
5.589677747977194855e+00
3.088225237886224495e+00
6.283185307179584456e+00
4.226940874013668470e+00
3.472830567795258450e+00
3.522120473760585568e+00
4.953639745259986071e+00
4.285841554781076645e+00
3.829626403622915287e+00
2.030135016375038637e-05
1.524659305057740610e-20
1.865000216307692027e-01
2.500422964694800632e-01
4.439439687778212577e-05
1.863472483959460746e-20
9.825569938787858115e-01
-3.388131789017201356e-21
4.235164736271501695e-20
2.528356558963970645e-05
