3.490992235112309050e+00
2.441502102759560699e+00
2.611789672123919104e+00
3.304661964143980502e+00
3.133215173520466301e+00
3.832718660228837226e+00
3.344835135512200797e+00
6.283185307179587120e+00
6.254247187462217639e+00
6.278665010007764558e+00
6.278783976051097504e+00
6.281845551156874485e+00
5.255418946084586818e-01
8.028492416481826099e-01
2.296964165836151966e-03
9.046052569065825277e-02
2.704088654183856577e-01
4.590511886699259888e-05
1.123282516530368813e+00
2.697908652935189847e-02
8.589274112131325080e-21
2.496874069976369237e-05
2.228969032732185107e-02
6.416234254372008526e-03
