1.042442685434925159e-01
4.309446164347311203e+00
2.108729122488039120e+00
2.102027072230161053e+00
8.712565202578492762e-01
2.078968012531848153e+00
1.189674847797407287e+00
2.925320629681143814e+00
8.221938950635390153e-01
8.718925989478367722e-01
8.613860460066005142e-01
8.568109345789490794e-01
1.093073188521530126e+00
1.332588185266961323e-01
3.694994332865483844e-01
2.028813901526536956e+00
2.024288149270508561e-04
1.023611651537417178e+00
2.883206034177215535e-02
1.221675899177063294e-04
1.321404761841433453e-03
5.469769073646176677e-02
9.784705609487624745e-02
4.291633791116304664e-02
