6.281865675733044441e+00
6.103505753036547077e+00
3.185565933421006246e+00
2.446004109423826289e+00
2.415624196565559156e+00
4.215673226689617969e+00
3.392732993916101947e+00
6.283151679216816277e+00
5.585837269015691220e+00
4.144335960617183012e+00
4.143527986413556796e+00
2.047603069804643905e+00
4.311001878629015793e-02
-2.168620610743939124e-20
2.404212778576373104e-04
4.980083714684321317e-01
1.838814751194609576e-01
5.780714912482164403e-01
4.142262750628249446e-01
9.961627606940244573e-02
4.623666748180711022e-02
4.630112741438573848e-02
