6.272229029593698435e+00
6.276561325338327002e+00
2.932318308794062300e+00
3.226118558103761469e+00
1.814264108337800385e+00
4.467489011882779693e+00
3.084679231474007022e+00
6.133149958756765940e+00
6.107778020659351270e+00
3.755413067722213505e+00
4.015535282656131244e+00
3.990625989051758804e+00
3.984152237694675414e+00
3.975403542793726430e+00
1.573526371477527164e+00
1.082552171809193942e+00
6.349059306350154008e-04
2.527470211998765204e-01
4.040052940275489779e-01
5.247275888041264685e-02
1.753746656415942906e-01
3.282910813506714209e-01
1.563759095182371927e-04
2.245042038645481391e-03
-6.813212102903709965e-20
8.014469433772470827e-03
9.296115579952189331e-03
2.213740691907049168e-02
