2.998365225171535364e+00
5.263987256191284381e+00
6.041128790572454221e+00
2.792349167977080437e+00
3.091433175501947517e+00
3.179098767798017811e+00
4.125070725990813258e+00
3.578473620459906357e+00
4.075134712138059001e+00
4.131881290255036809e+00
3.101254474243873460e+00
3.017440608589246231e+00
3.203115529366269865e+00
2.731302992103868399e-01
1.278342634266848021e-01
2.534165131888064248e-01
5.407412414819022517e-02
1.880632572382337775e-01
9.089331044902495757e-04
3.178458762992375091e-05
1.385025189182746974e-01
7.179093155765979214e-04
1.227421125990795225e-01
9.571159315356529695e-02
2.646796132369715338e-01
7.678247184031800066e-02
