4.465673715825084322e+00
4.439327079301826906e+00
3.860981754663496357e+00
4.304754484775354939e+00
4.135363158783933457e+00
3.841589684916230762e+00
3.343407092255125779e+00
6.268487491394418853e+00
6.257093279970441735e+00
6.272021223313096527e+00
6.278322604650259819e+00
6.280096701370772472e+00
6.276757882661747168e+00
6.270237116666851129e+00
5.207883594575185571e-01
8.181312733815786498e-01
4.757087681451490843e-03
1.078677245889480690e-01
2.659028256040302240e-01
7.753858797949182507e-05
1.121709033226307772e+00
2.142929299404717700e-02
1.431184137130533347e-19
6.824982490633986184e-04
2.415817241419473613e-02
-1.198593570867484296e-19
4.520631583449624333e-03
4.945496482750381083e-03
