1.069826726244856724e-01
3.303261376411235517e+00
2.107823135256857494e+00
1.009610976508547031e-01
8.681094201212018469e-01
2.075501685562010312e+00
1.199979534671489656e+00
1.926452152960737463e+00
8.112802514346644234e-01
8.694226101021533815e-01
1.087501729481728630e+00
1.365403003906759394e-01
3.506208148346607878e-01
1.018813059744994254e+00
1.918534588602235913e-02
5.255272251369181567e-06
3.902754720350399414e-02
5.318097564835258355e-06
4.740846091910063538e-17
5.668257173615545708e-02
