6.272423290166083909e+00
5.895786815634629363e+00
2.059651378830111401e+00
3.474566030473677181e+00
1.859819563972541223e+00
1.252075957006484774e+00
3.260264828255864611e+00
4.517087580099444999e+00
2.142584002813473276e+00
9.804058099048537089e-01
9.546261388126094927e-01
9.251875067019434962e-01
9.598100434105043544e-01
8.401796156312315578e-01
1.591213909006620753e-20
1.607631875628846505e-02
3.711002771534398226e-02
1.608160892609110215e+00
1.316299507260431934e-01
4.839184451603427417e-02
1.665314135954580957e-02
8.872469115642493687e-02
7.221438620697599384e-03
2.818449743592723045e-01
2.441750925597325483e-01
2.537914814347048686e-01
2.568283526921810167e-01
2.720044905484735320e-01
