4.216038490576266895e+00
6.283185307179585344e+00
6.261557397207750952e+00
3.618785493294898625e+00
2.710593491544503131e+00
4.223646730544288630e+00
3.850743889154273791e+00
3.937942393422929399e+00
2.519149193147302679e+00
2.663491171856502415e+00
2.653337269519834507e+00
2.617065090119881088e+00
2.654268983948351757e+00
2.646314058681051851e+00
2.644867476884717572e+00
2.758917175809420530e-01
1.664613654298221362e-02
7.659219951466324228e-03
6.347412001393206923e-03
2.538537821797879901e-01
2.316766787182176005e-02
4.805154791707450523e-01
1.549837710574899496e-01
2.459959337517242731e-03
2.455100655564635206e-02
3.079685378229327780e-02
2.853715362569669844e-02
2.652510903536246453e-02
2.588902834703453795e-02
2.594818779381554558e-02
