6.283185307179585344e+00
4.899690626292614759e+00
2.018767152662198860e+00
3.462653088471761009e+00
1.879000680320055627e+00
1.230658492970533313e+00
3.314155532604059040e+00
3.467204541954990393e+00
2.151801256011309338e+00
9.722344830784801495e-01
9.558261964779861675e-01
9.619942650889943270e-01
9.584119779241092596e-01
6.153424746535499437e-03
2.005204958550096950e-02
5.406819719171779628e-03
1.132728594214233775e+00
9.001249609942860164e-02
4.381199384446678863e-02
-1.081798673726105392e-20
3.973792070157393386e-02
4.200854205162148081e-03
2.623152822212321822e-01
2.616586912522266828e-01
2.590947306882012691e-01
2.623802935489671917e-01
