1.045295909707220777e-01
4.309168237435659243e+00
2.107472877397847721e+00
2.101672889717937309e+00
8.699086714779625806e-01
2.079214057775604196e+00
1.188640147469555375e+00
2.923142233870912765e+00
8.225497020836590734e-01
1.872263674129186706e+00
8.617590985547584070e-01
8.582282347106304776e-01
8.552275478800941411e-01
1.092498441320801206e+00
2.363182955183202316e-01
3.696236643477083250e-01
1.954621127165181660e+00
2.709749941634314466e-05
1.023056394833313565e+00
3.962339673451032405e-03
-9.063252535621013628e-20
9.901089965259667405e-04
5.446834956872769612e-02
9.844051006272981630e-02
4.472669180516024995e-02
4.258210728387049754e-02
