6.166189974082859848e+00
6.283185307179586232e+00
3.104883866959750272e+00
3.341998088693090896e+00
1.357876465175515968e+00
1.313548755207989416e+00
2.795342157924617155e+00
4.446453646121367065e+00
2.268744338705285912e+00
1.158424212256961239e+00
9.579722920597807390e-01
4.376835258517194904e-01
1.044059954633648868e+00
9.347234028347025658e-01
1.044332713023207404e+00
2.901001355316490740e-02
1.046862863434054602e-02
3.303460187611885235e-05
1.537082178276545807e+00
1.352666767283823956e+00
1.030967084039728469e-02
2.379595160100167819e-02
2.851903253435657259e-05
-2.579563207499036706e-17
2.123768948212745531e-05
4.411447006728548567e-06
6.185558361621334295e-02
6.140847524187663820e-04
5.733018887519028550e-02
1.399166411272667297e-16
