4.196858289951345355e+00
6.207627770854568183e+00
6.283144873981846956e+00
3.624705828077141589e+00
2.892333909035818440e+00
4.179634186112586747e+00
2.822411944560818675e+00
2.806084691001657028e+00
2.532599089860025021e+00
2.666701296329703208e+00
2.627295978299489576e+00
2.715125013027391843e-01
2.418223062331375722e-05
-1.136792512165613863e-16
1.981950144086549643e-06
2.376616584608666760e-01
1.025197539767914545e-04
2.497660368046573098e-01
-6.462362213626849249e-17
1.963567162231258934e-17
-1.864115090595716303e-16
7.294819925878968139e-17
