4.309821030817796661e+00
5.346472158768229122e+00
3.768812216849431795e+00
4.132649712432599820e+00
5.159215099999650889e+00
3.788798907689026052e+00
3.422054280929419434e+00
6.253017670553561835e+00
6.283143964795671721e+00
6.131126444336475245e+00
6.186737966834216174e+00
6.283185307179588008e+00
6.068724447064860250e+00
6.283185307179586232e+00
5.829271126985172913e+00
5.560588135988451253e-01
9.130175108562063047e-01
4.658993037088003837e-03
2.074381400225380410e-16
6.085653256246924964e-02
3.881206823721273375e-02
1.196866225329373812e+00
1.824259119572461052e-20
5.751895341391582463e-03
2.675249212494894280e-02
1.271379210594947018e-01
9.768905327175086972e-03
3.070058625356804176e-03
3.916435196535595492e-02
1.956510686509069924e-03
