4.490983303036694352e+00
3.441465205429312224e+00
3.861094070327402594e+00
4.304664092859214364e+00
3.133183552472695865e+00
3.832732504526076056e+00
3.344829030978414774e+00
6.283185307179586232e+00
6.254236544917295859e+00
6.278669214424281719e+00
6.278831195268440801e+00
6.281856696645075289e+00
6.281873667379779036e+00
5.255210719527009244e-01
8.214478743474625810e-01
2.282733507975765949e-03
9.047358902287450100e-02
2.703855976219837198e-01
3.894533792525530408e-05
1.123248231473239711e+00
2.699693665933105419e-02
6.318964533799531304e-07
1.503446593248666139e-05
2.231403636682463207e-02
6.415814607965553487e-03
6.394808511913355545e-03
