5.980308304159971833e+00
4.030180711658872816e+00
4.213281558715707753e+00
6.013309680593021511e+00
4.659651265614888516e+00
5.422298174873877663e+00
5.375342590445269408e+00
6.212394362430766925e+00
4.391840397917786909e+00
5.621197987548491426e+00
4.289531172298425510e+00
4.334827816033967274e+00
1.546528818213545264e+00
1.818768426653745223e-03
1.174894609929220263e-02
1.882809853799351396e+00
2.184917701311046845e-02
1.955046698163186505e-02
-9.108049552047622824e-17
1.001574020275160848e+00
3.581745308091338078e-06
1.191544105502477131e-05
4.628089152661611948e-21
9.767313783314493362e-06
