2.046924482267389767e+00
4.357922995777228081e+00
6.283109282118891414e+00
2.052135948077632221e+00
2.819163046258973626e+00
2.966285831825506758e+00
3.003727296975919003e+00
3.277250228126972420e+00
4.048035052013261748e+00
2.876882758902687076e+00
2.765236070676772573e-01
3.654591032677443436e-04
1.778211661619553469e-05
9.611897197391077114e-05
8.068178083574740133e-08
2.386438364585021315e-05
2.745285093477773351e-03
7.699093442037569044e-05
1.484598455617458751e-04
1.404400182153149211e-03
