5.623671523041266163e+00
5.348876688028481929e+00
3.976050520222912610e+00
6.283185307179587120e+00
2.844695808912516721e+00
3.172162029068486877e+00
4.731545716898150289e+00
5.330927671828808556e+00
3.565907856107445095e+00
4.085455699840607302e+00
2.968096526098990662e+00
4.328240504064970295e+00
1.666829383546030996e-01
8.555032767268433425e-20
7.802866102580485741e-01
4.232520480203200153e-02
6.196830576253818928e-04
1.642132973388837347e-01
3.406533548662222799e-01
1.143371993094571132e-02
4.155193477061489926e-06
3.345536340346712267e-02
1.285713586708408569e-05
1.072222568305722354e-06
