6.136907362959658663e+00
4.096420605761872835e+00
3.418457640801403130e+00
6.196203624011370259e+00
5.101373804169405446e+00
4.660888830059025878e+00
5.039415406097238481e+00
5.719453490436640308e+00
5.402827882853324049e+00
5.594619662381630221e+00
3.914759143907249328e+00
4.657680098571128191e+00
3.967576272918089231e+00
3.995083103234088995e+00
4.284319087161841288e+00
1.039272779208399555e+00
9.860996788194313981e-03
2.642104247670449672e-20
9.482265963137537224e-01
-6.914937123878463071e-21
2.083948857377878099e-20
1.891592880280832112e-01
1.542675688833799574e+00
1.309612540620965750e-05
-2.653153615372778854e-20
-1.514913184085782211e-20
1.532052424314541035e-02
6.470831233863860721e-02
4.289196095848177293e-02
4.825233881554660265e-01
