6.104867003000086001e+00
4.808556817919431126e+00
4.741487743128211640e+00
6.283138263682630509e+00
4.739925644248624614e+00
5.127438052227963894e+00
5.043288700763584487e+00
5.797810490006491513e+00
4.797815528391057960e+00
4.797792281212402976e+00
1.591363498514663632e+00
7.144550564285961913e-01
4.362440069525774788e-02
1.000052824662815754e+00
2.014812193488605991e-04
1.291124055043717765e-02
5.192896241846257227e-03
1.134266605266460830e-02
1.137990711136461532e-02
1.140224024876058603e-02
