6.281869617526004923e+00
5.691179488007699128e+00
4.728200608984437281e+00
6.249294638656197165e+00
2.631926402529116693e+00
3.125209366696185320e+00
4.424225861885248356e+00
4.997850344757035934e+00
3.861804964178998212e+00
4.007022840124480290e+00
2.599504380637945644e+00
4.610124846747313043e+00
2.995400162893699925e+00
3.914529851252879666e+00
3.004348213302519000e+00
5.148777855788520342e-04
4.693376263311362373e-01
4.837743780251361758e-01
9.835705880657445721e-02
1.305380162974263507e-02
1.098954910025204540e-01
2.102111094977361649e-02
1.979757749970556188e-02
5.588131427571884670e-03
6.416838870724606361e-03
1.812485459239589550e-02
1.806419548976900477e-02
1.158083647063304703e-02
2.373658994687366172e-03
5.690310292096148991e-03
