6.283185307179586232e+00
6.104878021125141885e+00
3.185243320926180122e+00
2.446204722528527498e+00
2.415006678326971024e+00
4.215145860254722265e+00
3.391479245102861029e+00
6.283147797144363444e+00
4.587175014549779384e+00
4.142652502450890672e+00
2.047771205774019165e+00
4.314056108795431832e-02
7.524960804465567917e-06
1.846912976764638582e-19
4.975269259262455890e-01
1.843690874499673282e-01
5.771614466671455279e-01
4.135658958646349359e-01
9.947503304319141315e-02
4.524807201041369104e-02
