6.282973511260888877e+00
6.282010680677447390e+00
2.932073131068086980e+00
3.221950480533384731e+00
1.812234741781346914e+00
4.473942148703467403e+00
3.036794534354267050e+00
6.094805839867329489e+00
6.108532060827494448e+00
3.756233861087984405e+00
4.011801473761537729e+00
3.991369544077220777e+00
3.980904097343255010e+00
1.572976751872597445e+00
1.079632586950427076e+00
5.361467210736929693e-05
2.500263949835875299e-01
4.058446136384299407e-01
5.081062976408897564e-02
1.738718294837466039e-01
3.339592091181863287e-01
4.896161090839602987e-04
6.104744945038758676e-03
1.656881414200058497e-04
6.392563645189021544e-03
1.114146626619141878e-02
