2.436904159462994102e+00
2.435397737986102484e+00
2.572805038508804820e+00
3.252637329780150299e+00
3.110481610298020616e+00
3.820104932768690897e+00
3.333173967643626057e+00
6.283185307179586232e+00
6.278592983421954266e+00
6.240941566525953554e+00
6.241060236193489708e+00
8.909490604513221890e-02
8.338063620713834778e-01
6.628283194378582766e-02
1.819578115556050313e-01
3.609055819513771191e-01
2.430778661366848632e-03
1.193900907863162830e+00
9.473252514325747331e-02
1.639894832541811606e-02
4.049055547779144976e-02
3.325401815444744419e-02
