5.285923453809227013e+00
3.910704687509812150e+00
2.005700079923555368e+00
2.357967105849203548e+00
1.829178369047982589e+00
1.231639067412813260e+00
2.339848183469634524e+00
2.561162062734732014e+00
1.917704615048893002e+00
9.643309483054092190e-01
9.642425129937935990e-01
9.642367908559575929e-01
6.562941125078613352e-03
2.509544423923941101e-02
4.609732404272877393e-03
1.130580635302241177e+00
9.301426209619398366e-02
4.632105348149311019e-02
5.805546533777302710e-03
4.093887001206623216e-02
7.900097858131709810e-03
2.618079126117391353e-01
2.624494083439595782e-01
2.622509710940656991e-01
